137939
137939
947471
983658
983658
947471
943191
51948
934630
103334
103334
103334
889314
103334
843643
114292
137238
923360
131093
137238
859490
859490
859490
59502
79121
843643
126979
137238
137238
141559
843643
181749
110528
182008
79831
182008
912756
843643
843643
843022
841165
841165
841165
36305
841165
841165
998000
36305
998000
36305
36305
36305
998000
995387
989396
989396
989396
896005
860792
92174
843014
97255
841165
155727
840111
828642
843823
843823
182008
182008
843823
987648
182008
828642
206975
828642
820109
30629
96239
96239
968752
968752
893133
52901
875463
988542
988542
52901
52901
75158
907166
76004
907166
907166
96239
96239
96239
907166
96239
907166
907166
919078
41757
907166
907166
26925
41757
849623
837438
837438
41757
859518
837438
48427
70613
70613
3175
99069
837183
99069
115597
837183
971204
143274
148849
927771
31627
887736
75581
75581
46382
887736
951640
46382
951640
7574
837183
837183
36969
36969
46382
958963
41392
834833
41392
834833
915582
825779
41392
824092
41392
46382
973761
30128
46382
925030
912981
51356
967104
51356
912981
51356
70160
968234
968234
968234
968234
79625
968234
94360
946337
938827
63399
964436
63399
63399
938827
78271
938827
938827
50568
78271
78271
78271
981780
15134
950806
950806
933107
34188
975802
933107
933107
42807
962155
962155
42807
21356
86273
98556
98556
962083
103580
103580
89730
933107
89730
89730
89730
967832
967832
933107
953527
6072
953527
78450
89730
932140
103580
103580
111216
111216
11302
978677
111216
967754
959104
44412
959104
959104
958411
958411
958411
932140
927193
3338
905815
3338
898774
3338
982124
3338
3338
982124
3338
972146
964599
4847
994109
4847
11407
999035
11407
994109
19900
43683
43683
54835
994109
994109
54835
997162
969859
964599
955801
54835
54835
61349
955801
61349
61349
955801
955801
949482
993309
27641
987750
956775
27641
27641
61349
956775
62051
90024
90024
91082
951752
94653
951752
951752
94653
951752
981629
6521
981629
981629
101819
104460
981629
64339
85368
993082
85368
949482
25661
57703
4476
942155
940757
4476
932853
932853
33090
919188
57703
909083
57703
904727
904727
57703
904727
63607
63607
81510
928049
100140
957626
957626
104460
904727
904727
904453
902918
901892
901892
32259
904280
28475
28475
16039
901892
958223
901892
900900
898774
16039
16039
32259
32259
970188
970188
919701
46096
991773
49682
54019
41533
941086
928595
9369
909313
898774
898774
898774
896109
917401
9369
917401
917401
917401
17075
17075
917401
17075
985765
41533
61091
960747
64197
68413
68413
960747
68413
68413
960747
917401
7406
896109
7406
15991
68413
72409
72409
912170
74798
894383
74798
74798
34076
34076
34076
74798
75433
75433
975217
75433
971726
75433
971726
970389
82119
82119
969399
977917
977917
3597
977917
3597
969399
29160
29160
29160
969399
969399
951786
83690
83690
88184
88184
88762
88762
938124
89885
89885
974961
974961
933754
933754
47831
47831
933754
897996
897996
49218
67696
89885
897996
91394
897244
894383
62643
41373
41373
923881
92077
98645
98645
102364
102364
923881
98561
98561
922062
894383
98561
894383
893375
892404
892404
892404
102364
104460
50581
50581
892404
892404
892404
957676
46881
981817
957676
50581
52735
52735
58573
947992
947992
947992
937943
18629
58573
990193
59314
9627
990193
990193
990193
69147
990193
967624
10693
967624
966207
10693
61250
937943
937943
71790
71790
955400
72254
72254
72254
74210
994175
75774
994175
994175
75774
82544
994175
98546
98546
98546
103423
993109
25367
993109
104460
995996
995996
32674
32674
75850
993109
993109
75850
75850
993109
993109
973724
973724
973724
970335
9942
970335
955400
955400
75850
80724
99112
964307
69853
104460
107693
109002
964307
109002
34566
964307
34566
34566
955400
28907
28907
41980
72203
15025
15025
80014
82327
955400
937605
41346
41346
933711
931127
27320
27320
931127
926403
926403
993322
936553
6003
6003
19946
19946
926403
990949
8702
990949
27320
27661
27661
990949
45584
50059
955027
41478
926403
41478
41478
926403
52896
997794
9938
995126
995126
923590
44470
919813
919813
919813
919813
919813
44470
919813
917111
917111
915302
18473
968349
20797
20797
914126
58223
914126
59075
59075
938960
967575
11845
938960
11845
938960
933500
914126
11845
11845
913144
908832
11845
63925
893469
893469
893469
893469
29568
67229
961297
893469
997653
51125
68893
997653
44322
68893
68893
997653
997653
970294
970294
21712
970294
27460
27460
970294
46777
46777
51651
997838
3367
61357
997838
997838
39014
65236
68893
997838
976759
976759
38154
38154
970294
969966
969966
967010
967010
967010
38154
958915
956376
956376
947502
38154
38154
15258
995850
985024
985024
934892
38154
934892
944382
995662
38154
995662
974819
973914
59518
973914
19191
973914
955615
19191
19191
19191
14831
59518
7529
938443
955100
19171
59518
938443
938443
59518
934892
934892
59518
59518
934892
39189
59518
934892
918544
918192
63692
918192
63692
974836
13880
68893
971932
34749
976122
976122
971932
971932
34749
971932
966119
966119
61282
68893
68893
961444
68893
68893
961444
961400
68893
68893
953663
68893
950756
950756
68893
918168
918168
908973
68893
908973
70305
908526
908526
1388
906381
905636
9759
9759
9759
965071
9759
10478
965071
932803
955633
31331
32139
955633
955633
41033
943385
44801
48318
53047
943385
53047
943385
53047
64212
940057
64212
64212
932803
70305
72540
27959
72540
928240
72674
72797
72797
72797
72797
72797
72867
954442
943850
928328
72867
928328
72867
928328
928328
931196
928240
938270
4939
938270
4939
11554
978069
978069
938270
9581
9581
938270
11554
11554
938270
11554
11848
938059
938059
2708
993118
2708
2708
990728
56672
56672
33494
966604
955674
43509
938059
53542
938059
56672
70542
70542
70542
70542
15615
993649
15615
938059
937393
928240
928240
5479
5479
918169
15615
985075
15615
15615
8948
990302
990302
8948
961246
944004
917735
917735
917310
917310
917310
917310
15615
22958
31103
917310
917310
917310
917261
915952
31103
915952
915952
32917
991553
915952
5077
934202
3637
3637
948762
3637
3637
3637
32917
32917
48091
919876
919876
919876
919876
996418
48091
965472
965472
991791
965472
965472
52672
67521
70542
959497
72811
74277
992166
74277
75349
992166
75349
992166
68323
68323
959497
959497
956866
30765
956866
956866
68323
956866
68323
937761
937761
919876
915952
75349
75349
75349
75582
55844
55844
76333
76333
981186
981186
965065
965065
965065
965065
21788
965065
965065
21788
21788
71528
963580
917152
78482
78482
941796
970551
970551
941796
941796
962048
78482
914464
78735
76599
945973
913591
81502
82294
913591
82962
84885
85172
913138
910947
63230
85172
910947
85172
910947
85178
86846
968910
86846
86904
86904
87739
908072
903164
903051
949886
16327
63748
949886
48856
48856
48856
902846
88930
88930
90794
90794
902846
902846
93174
93174
901401
90887
90887
90887
90887
90887
93895
94431
94431
964033
94431
964033
94431
94431
96851
948929
942161
96851
942161
903693
901401
895624
8075
75860
96851
97361
958792
97361
958792
958792
956658
88878
97865
97865
938029
97865
97865
975847
975847
97865
97865
975847
15978
975847
973181
15978
15978
945295
15978
15978
945295
930202
42055
958156
958156
958156
82260
82260
984555
73100
930202
930202
73100
930202
927203
73100
927203
927203
924762
27647
29549
899696
29549
82260
83237
83237
928597
86295
899696
87433
90015
1185
90015
90015
90015
971433
966484
944990
926410
40101
966324
32697
966324
32697
32697
978452
32697
978452
945457
32697
940668
987205
32697
975691
940668
913864
904311
904311
899022
941725
32697
32697
32697
979565
32697
999023
999023
982259
20016
59743
989077
989077
979565
979565
27368
988451
27368
979565
979286
39702
39702
979286
965774
965309
39702
44234
947304
947304
940820
44234
923746
57519
61572
999697
961504
944882
936260
11377
936260
22138
925772
925772
22138
22138
925772
24617
916264
916264
22262
22262
24617
908985
25049
25049
25049
25049
40928
19226
899022
19226
19226
19226
19226
19226
19226
19226
49632
52353
52353
933335
931301
931301
895624
52353
52353
894133
60584
60584
893469
66529
893469
67499
21544
21544
21544
2379
916332
893143
893143
2379
893143
893143
21544
893143
893143
892981
22989
892979
29107
66302
68575
996796
24760
24760
930124
894871
892950
892950
6232
892950
892740
12559
892740
986925
892740
892740
12559
12559
63419
63419
892404
892404
892187
892187
29765
26884
63419
68575
69766
934061
69766
998686
72473
998686
72955
75388
977960
75388
75388
977960
64200
977960
27282
977960
973442
27282
973442
42554
56440
64200
943964
943964
64200
64200
929226
45658
45658
52041
929226
66382
66880
981218
77206
77206
945031
944518
923162
60835
60835
982211
923162
923162
60835
922384
77206
997653
997653
77206
80401
915523
65242
80401
81528
81528
81528
82546
968146
35182
12927
966675
966675
966675
959865
951052
951052
37378
82546
951052
84110
951052
951052
951052
926100
84110
915523
915523
84816
910950
910950
56112
910950
56112
906078
906078
906078
903253
8359
966676
942359
54701
930527
2516
930527
54701
54701
56112
84816
1774
935313
1774
1774
935313
11360
935313
41214
935313
51976
58165
935313
87542
87542
23837
87542
90015
945847
945847
73569
945847
930527
930527
930527
930527
930527
73569
930527
925248
23146
925248
925248
924000
23146
924000
924000
924000
923517
921889
10505
992788
19024
19024
19024
23146
963551
51182
72722
41800
921889
41800
72722
921889
911949
932304
12891
12891
932304
14648
27155
944012
932304
908478
915866
47198
901678
900544
25665
47198
47198
924244
924244
47198
911955
52340
52340
941996
52340
966330
73326
911955
937913
65711
911955
911955
20652
65711
986367
73326
73326
927489
919379
914171
73569
914171
81965
914171
89385
89385
959437
911955
90486
95215
900544
95215
900544
96556
900544
97865
900469
899791
98010
98150
899791
20772
98810
983764
99756
99756
99756
99756
99756
899791
99756
898560
898560
99787
897563
99787
954885
281
281
897563
100244
897563
100244
897563
13709
13709
958892
897563
897422
45757
895475
45757
892342
891569
891409
891409
42787
959523
42787
959523
45757
33782
999986
995569
34724
34724
978059
34724
34724
55327
959523
891409
83334
978055
83334
891339
90884
891339
90884
942347
90884
39311
970988
94645
100447
970988
970988
970988
91782
91782
91782
91782
970988
91782
91782
970988
970988
16158
100447
966912
942347
926168
926168
100640
100640
100890
100890
956255
21802
992704
21802
101720
98079
101720
987817
102372
987817
102372
994718
102626
994718
103024
103024
987817
103024
966561
103337
103337
966561
103464
966561
54277
54277
969732
54277
966561
966561
994140
994140
994140
983101
956255
991967
991967
54277
86293
956255
86293
20859
42455
86293
86293
96750
96750
956255
956255
101877
955963
955963
103464
945217
945217
943856
71604
29278
71604
943856
53157
943856
53157
53157
943856
81915
939422
939422
15020
19524
19524
939422
939422
19524
939112
935827
32944
935827
935827
935827
935827
32944
32944
935827
32944
935827
930094
82087
926168
937820
85254
937820
85254
937820
7478
8332
37548
58618
58618
948206
103646
948206
935664
103760
935664
70434
100546
103760
935664
929584
929584
929126
927786
104689
105016
105016
105016
927786
105256
936651
936651
936651
7679
7679
936651
7679
927786
105256
105256
926168
105987
105987
928939
107173
928939
924478
915049
915049
16720
909948
930220
16720
930220
930220
907776
41847
41847
41847
994645
993576
41847
993576
13921
993576
13921
912973
912973
41847
41847
41847
912973
54638
107173
107173
942396
107634
108048
909209
909209
108048
983689
49302
999496
108491
999496
983689
904331
59144
59144
59144
975647
975647
38311
38311
993584
993584
993584
903177
33505
902023
902023
902023
913022
33505
33505
901585
964485
21166
964485
21166
21166
33505
33505
899652
58260
899592
976634
899592
899592
58260
987153
898417
58260
896771
58260
895916
957235
58260
68339
895916
71206
907081
74081
895916
74081
77475
77475
6554
68718
68718
984954
77475
1613
1613
81409
81409
89784
89784
984954
10513
942156
48996
942156
48996
48996
941554
941554
941554
30042
80791
88782
997705
997705
997705
975111
89784
941554
927369
917802
108491
108491
108491
85802
68849
85802
917802
85802
45531
45531
50784
50784
917802
50784
982633
50784
50784
50784
50784
50784
982633
951167
37077
37077
951167
50784
58099
982813
935309
78819
85802
85802
971613
85802
108621
108621
21636
19804
971198
19804
21636
972412
17156
17156
21636
20027
970366
20027
970366
970366
970366
20027
21636
970366
967464
957684
21636
28930
33067
33067
954869
57527
57527
953561
57527
940494
940494
60879
73851
998766
998766
73990
936505
58139
73317
984766
50639
990417
46620
990417
990417
77003
77003
990417
935309
17993
17993
935309
935309
77003
943084
943084
7814
7814
943084
943084
79043
932686
80582
80582
945947
65469
88360
88360
994374
994374
88360
945947
91012
20431
20431
945947
98542
969158
945947
95637
95637
108621
36743
945947
108621
945947
108621
945947
109002
109002
109397
944434
61160
27707
975282
976733
27707
942793
937216
937216
932686
27707
932686
40390
932621
932621
932621
995992
43136
44182
45003
995992
57679
983873
983873
61160
63508
957782
932621
931799
63508
924856
934049
999218
999218
76468
923141
921655
92396
921655
92396
920293
101131
101131
34425
920293
34425
101131
101154
40398
945817
945817
945817
920293
40398
40398
107770
960897
960897
107770
960897
109606
8677
960897
920293
920293
20092
20092
921732
921732
920293
78581
78581
920293
918595
918595
917802
917802
917265
78581
917265
19417
915914
19417
38687
980946
913362
913362
913206
976088
38687
976088
60985
60985
87665
93489
12811
912167
93489
100450
100450
912167
912167
912167
9896
912167
17815
17815
73103
912167
73103
912167
912000
911094
971668
981427
972938
972938
73103
972938
103643
972938
109953
972938
99014
913477
77138
77138
5850
5850
5850
913477
913477
913477
5850
913477
5850
51113
915257
910155
906533
51113
906533
906533
904226
903893
903893
903242
901113
91946
902620
902620
902620
901113
91946
108376
901113
901113
901113
108376
109977
109977
110230
110230
110301
110301
901113
111216
111321
111321
901113
111350
111350
901113
901113
11578
90377
901113
901103
90377
90377
23519
919921
23519
901103
900197
21164
897886
108986
23211
960391
897886
19048
23211
44971
943569
897886
914932
110400
914932
914932
914932
914932
111441
111648
920750
111964
914932
4245
914932
914932
914932
903196
4245
899887
9657
9657
9657
899887
81436
904270
81436
81436
67297
41095
995794
41095
995794
995794
960928
952220
952220
952220
952220
1636
952220
952220
41095
943057
943057
943057
67297
943057
67297
16257
938584
938584
935690
997172
997172
935690
16257
999060
999060
981417
16257
20609
984675
981417
20609
22057
981417
974637
40588
974637
974637
935690
40798
955002
934130
40798
67297
67297
86942
930983
45592
86942
86942
86942
86942
90603
90603
91282
74080
91282
92325
81790
930983
929322
926032
81790
81790
81790
93981
925877
986418
977343
5904
30664
35704
40433
40433
40569
60906
982143
60906
990095
990095
990095
990095
982143
22370
22370
982099
22370
972200
956779
22370
955647
22370
955647
2049
952528
2049
952528
20373
20373
944307
944307
934032
7787
7787
933512
20373
39894
61652
63202
4494
993015
36591
63202
993015
69171
993015
69171
77165
993015
969236
78892
933512
78914
78914
82405
944084
93981
86803
982803
42512
974580
60658
60658
60658
60658
86803
960783
86803
960783
960783
944084
985678
985678
7896
985678
963593
37688
944084
944084
97716
11105
966287
966287
97892
1229
1229
1229
979874
979874
22962
966287
960968
32554
32554
32554
58123
38142
65285
960968
960968
944084
943299
42782
943299
42782
943299
65285
65285
943299
940014
940014
65285
60791
60791
61538
982653
74366
77828
994585
959537
988076
986268
986268
36246
986268
986268
77828
950962
950962
950962
10371
950962
937150
936577
10371
991631
10371
949490
949490
936577
10371
28205
985638
985638
33287
969921
969921
951584
33287
951584
34582
936577
34312
936577
7983
934729
34582
34582
930278
34582
34939
924795
35758
40990
958443
44740
44740
950722
44740
47406
944664
47406
944664
944664
936222
38303
936222
47406
936222
936222
52664
55584
936222
936222
55584
964627
936222
57145
66254
66457
952212
30205
36819
975175
66457
957076
75115
75115
957076
952212
48694
950046
980979
48694
59628
987765
987765
75115
984044
78433
83766
83766
88418
984044
972115
972115
88418
88418
994030
976460
976460
17799
17799
967490
963632
17799
963632
86658
963632
950046
947708
947708
944216
938057
85581
937144
936805
88644
936805
88644
936805
936572
27860
27860
88644
89999
91207
955448
955448
924795
924795
93211
93211
924795
928695
93211
922286
922286
963921
21111
963921
21111
21111
93211
922286
922212
918182
260
917291
93211
93894
916132
93894
915685
93894
7886
77774
96351
97892
915355
915355
915203
913884
913884
48848
975302
20039
20039
48848
975302
51641
99472
99472
45173
975302
975302
913758
45173
937633
45173
912839
45173
100154
100154
100616
986658
18399
18399
911754
911754
911754
18399
956340
932019
991520
25419
968294
62524
931715
931715
931715
103465
103465
104354
104354
104354
104354
105765
937516
105765
934873
24493
24493
97844
106276
106276
106276
968241
968241
968241
106276
951923
109448
948862
947613
934873
934873
109936
957191
39929
71483
71483
957191
71483
974531
974531
957191
934873
934873
932633
34480
77066
931715
31002
931715
931715
913882
36135
955052
1526
999163
932431
16042
20049
20049
932431
932431
36135
66136
66136
911604
910544
910228
910228
32287
77066
958271
958271
910228
77066
77066
77066
910228
77066
9798
937276
47605
931281
47605
86079
986983
934068
910172
909441
86079
909441
86079
71458
989700
71458
86079
989700
989700
989700
950775
950775
90646
920840
995100
67830
944256
941896
937740
9293
7197
961661
7197
937740
937740
920840
918014
917280
7197
914032
7197
909441
908003
23249
25483
908003
908003
54681
907770
969023
969023
953349
907770
907406
55736
55736
907406
907406
57809
67904
75136
75136
79091
79091
907406
53656
53656
907355
53656
48501
53656
907355
907355
79091
907355
906802
82951
906802
82951
23403
999087
999087
999087
23403
23403
82951
999087
961781
961781
905923
60046
921756
905687
60046
71758
71758
905687
90906
905687
90906
905687
904613
90906
90988
904169
902821
902821
94986
98343
902821
998511
99828
86964
103481
998511
998511
105350
935375
107889
917765
108474
110097
110527
111294
923304
932029
16647
955455
16969
57199
57199
954241
954241
938503
938503
111997
112048
112290
938503
902084
936002
8657
936002
936002
932051
932051
931041
8657
8657
8657
38057
963631
906725
901783
901783
60149
946805
946805
28722
28722
946805
78517
78517
83307
946805
83676
8067
16892
16892
21269
946805
21269
21269
960575
21269
950525
21269
49959
952177
64850
952177
83980
973817
86995
86995
973817
956458
705
705
972256
956458
946805
705
5282
982745
5302
942722
941390
20568
991038
33490
69934
991038
991038
937912
69934
937912
78966
78966
979827
86995
26386
90698
937912
90698
937912
90698
937912
932410
97938
935662
932410
97938
97938
103280
930978
930978
927357
921144
921144
103280
952952
24195
973478
917204
901783
901384
112868
901384
901384
935461
935461
935461
935461
935461
19601
926127
19601
901203
900497
899906
24570
50193
898094
897534
897534
897363
74590
897363
83434
112868
112868
897363
4857
112895
953879
112895
975874
112895
112895
71530
951083
71530
946991
109014
8283
8283
988408
946991
8283
50834
946991
50834
933736
933736
993027
993027
59457
971868
59457
59457
980863
995544
995544
995544
980863
980863
975312
971868
9981
9981
959732
931406
9981
9981
9981
9981
30736
30736
956143
19225
980715
980715
941799
925759
19254
918515
918515
897076
897076
19254
19254
32548
904240
896985
896942
12416
944505
1690
944505
936179
11988
12416
936179
948009
948009
12416
961624
32548
36025
37608
47160
961624
953947
55120
66488
69351
953947
953947
76316
93488
99213
953947
100471
102915
971844
936179
85622
85622
994315
90142
994315
994315
90935
102915
928757
103315
928757
909166
976794
103315
1303
999336
14806
14806
14806
983031
983031
98933
976794
13887
988320
987309
976794
964826
964826
927245
16812
927245
16812
17072
979557
34819
62056
62056
19806
35799
35799
979557
926506
921491
13245
921491
35799
999962
2203
16547
7330
7330
999962
999962
999962
999962
7330
975859
975859
16547
966885
966885
961368
17441
41379
41379
980772
41379
967619
967619
43046
961368
14614
14614
953803
953803
953803
953803
953470
43046
991959
15683
15683
10628
963049
10628
10628
10628
951669
951133
39714
39714
43046
43046
43046
974792
960367
46458
48581
951133
48581
48581
950852
942181
53705
942181
942181
61790
61790
942181
942181
26418
26418
61790
61790
61790
62056
937565
989171
989171
25032
29715
53447
937565
62456
62456
47508
62456
997788
957300
63276
935563
934765
63276
922523
922523
918420
63276
916113
63276
65057
916113
65394
916113
67848
67848
67848
67848
913943
989098
989098
68899
989098
68899
913943
69762
913943
912868
69762
912868
73297
912868
73803
59914
909465
908356
902555
27840
73803
74498
902555
74498
902419
902419
76919
76919
902264
902264
76919
76919
896674
76919
896674
895985
895985
895916
17544
17544
37562
37562
37562
37562
908802
895916
54413
54413
895474
54413
894821
54413
76919
78700
78980
929208
894821
894821
79176
894096
894096
894096
919401
79195
79702
914784
79702
914784
914784
914784
82503
986956
82503
955423
82503
981105
981105
82503
955423
83753
955423
44130
83753
83753
85050
85092
917546
917546
917546
929684
22910
893735
893735
22910
85092
88611
960521
960521
960521
960521
59743
88611
895919
893735
920031
905541
893735
45053
893735
893735
893612
49283
893612
893612
893393
2920
918714
89415
991141
991141
918714
893289
893289
933750
933750
986659
894019
892792
29499
29499
74872
29809
908336
74872
74872
944191
944191
74872
921331
892789
891679
74872
74872
76676
891679
891679
76676
891474
891474
891158
76676
890965
890726
890726
76676
890726
992511
992511
932270
32117
932270
16582
932270
959359
32117
923551
32117
32117
32117
72991
901838
901838
890685
72991
72991
75304
76676
76676
988599
66010
66010
926716
926716
913391
76676
890685
79167
79167
79167
914680
55346
55346
947475
947475
55346
4066
55346
55346
55346
55346
997913
938717
81568
983408
983408
42191
983408
983408
47060
76570
76570
64791
20520
983408
983408
1938
983408
20520
977528
938717
938717
938717
896639
39380
895580
895580
39380
891927
890685
39380
39380
39380
39380
41093
890685
937210
937210
26022
937210
937210
927961
26022
41093
890685
890685
890685
890464
55469
55469
890363
55469
16699
890363
890316
983834
983834
983834
24688
890123
3047
24688
982823
982823
26742
979127
976811
976811
976811
32231
973319
43449
32202
973319
32202
973319
16406
16406
973319
964586
16406
964586
964586
964586
28769
938813
22655
28769
985561
985561
935580
15721
935580
19934
30809
43449
931717
48534
48534
981218
931717
48534
55469
57179
956248
956248
926591
926591
925534
925534
57179
903364
15710
892172
966953
952547
952547
969249
45498
45498
969782
45498
57179
969782
57179
952547
61235
62601
25291
952685
952685
22810
952685
952685
22810
952685
22810
25291
25291
895773
995295
895773
62601
20247
892172
20247
890604
17853
20247
56923
890499
56923
56923
56923
960430
56923
65996
66482
34480
960430
890499
34480
34480
890118
66482
889971
68578
68578
889967
74719
889924
889789
74719
76570
889789
80307
80307
989859
16872
16872
36580
1457
1457
16293
36580
40754
40754
995700
49529
995700
989859
68942
80307
81568
989859
969234
969234
82448
995431
54321
995431
969234
54321
991741
84334
84334
84334
31305
969234
50743
85283
85283
85977
86188
957547
86491
957547
994253
87181
87181
962847
954049
953919
9002
962515
925044
2921
925044
925044
919891
2362
2362
976706
2362
976706
936736
919891
2921
2921
2921
919650
2921
911453
909456
905452
2126
934879
2921
902111
902111
17642
32551
34448
16752
961013
34702
961013
913769
901368
901347
34702
37973
37973
37973
37973
52045
977950
68167
68167
977950
70027
901347
70027
70027
901347
73531
901347
73531
898159
73531
78428
957497
78428
895772
78932
78932
78932
893651
892089
79574
911895
75659
892089
892089
79574
58015
892089
77135
950755
950755
30059
30059
950755
950755
931381
892089
54913
892089
17795
889422
17795
22088
54913
889422
889258
956120
59009
59009
59009
77135
995232
995232
889258
889258
79574
87181
889258
889258
889188
74897
889087
87181
934992
87352
88221
997507
88221
888393
88221
78142
78142
78142
39846
39846
924436
39846
930465
54996
930465
78142
78142
930465
930465
78142
80172
930465
934742
930465
924436
924436
88518
88518
89415
89415
89522
8330
8330
952352
952352
952352
5482
5482
994726
37094
983965
41012
983094
45249
983094
45249
45249
45249
983094
45249
45249
52694
985307
982464
52694
966417
952352
933168
933168
52694
933168
57239
76531
76531
76531
83576
931865
43066
958703
958703
56866
958703
56866
958703
56866
958703
55657
968145
968145
930476
28931
930476
930476
48014
48014
989452
989452
989452
918848
48014
55657
43392
913665
43392
43392
55657
47898
938738
938738
56317
56317
56317
56317
952236
56317
61241
952236
22781
67363
978045
67363
952236
80613
83626
89522
89976
952236
89976
952236
948938
913665
6779
6779
89976
89976
90085
975672
68577
90085
913665
913271
913271
913271
913271
70850
90085
90881
912280
91027
91510
91510
911020
91510
91786
978299
92592
93438
978299
906361
904509
93652
93652
93652
72240
989397
984454
93982
94386
74009
74009
95513
993615
96465
97959
98165
98165
98777
98777
993615
98975
98976
99384
99384
997397
99384
984454
984454
984454
99384
99727
984454
99859
984454
980825
100330
100330
980825
980825
101202
101234
980825
3596
3596
2860
18089
18089
938539
938539
101234
101343
54197
101343
936544
25917
936544
936544
936544
931855
905280
905280
35483
101707
905280
905280
905280
18761
904509
18761
18761
18761
901825
995690
4121
995690
995690
943914
39972
938071
66376
77231
101938
102808
102808
998142
998142
102808
102867
938071
103167
921634
912915
901825
980453
980453
980453
39203
952921
6339
6339
952921
39203
81217
81217
55859
99757
103167
19844
103167
972808
103167
970510
57592
952921
103167
935910
26119
939332
939332
77892
939332
77892
939332
103167
103315
935910
103315
104781
935910
935910
935910
104781
104781
961183
104781
914184
901817
961011
961011
894737
19779
50427
50427
50427
920355
50427
52687
65889
65889
917140
65889
917140
82005
917140
917140
894737
79510
45926
893505
891171
18133
891171
890374
45926
889764
65250
889029
923849
972658
44290
49077
65250
909049
82005
82005
909049
71217
71217
82005
82005
958687
82005
914954
997195
997195
994493
933
933
994493
992470
951696
3506
3506
978516
973809
951696
945805
3506
920733
46921
920733
909182
46921
986399
12081
967751
12081
967751
967751
12081
967465
12081
954320
954320
972470
49865
972470
954320
906949
906949
906949
901090
901090
28288
28288
991972
901090
901090
964084
28288
991792
991792
991792
33913
45644
962098
951366
951366
947514
42552
971070
996692
996692
49359
49359
49359
30483
987096
968527
30483
953359
52662
938441
52662
938075
52662
52662
52662
991567
938075
935996
25333
52662
52662
935996
934727
913029
913029
905068
905068
963971
947546
27338
946049
897824
27338
55617
55617
55617
955321
55617
950163
55617
57332
912033
65252
65252
970720
72950
970720
970720
74403
78756
78756
970720
46711
50512
50512
970720
937878
937878
930153
78756
977343
977343
78756
78756
78777
78777
38726
930153
38726
38726
81061
82663
88958
92112
926610
899999
92699
92877
92877
157
157
980747
157
23965
23965
33815
92877
100832
104485
982298
104485
982298
107341
980747
16473
56952
980747
973547
963783
963783
56952
947658
107982
107982
108006
947658
108050
18736
18736
108050
968976
947658
108050
947658
108050
947658
907340
907340
907340
897824
908102
20122
20122
20122
20122
20122
20122
29733
908102
29733
896892
939678
19024
19024
917603
917603
29733
896892
10488
10488
84099
896892
896892
896061
85840
896061
895961
894952
894952
894347
921477
921477
894995
85840
893567
891474
890618
85840
85840
86244
87827
890618
88965
890618
937557
59310
937557
890618
890618
890618
11449
953440
11449
31553
890091
940492
47395
940492
35457
914216
914216
35457
914216
23773
889916
889302
35457
35457
923221
47395
932069
923221
923221
940121
940121
940121
30805
44054
913056
907702
888499
888499
888499
888365
950089
888353
41068
41068
55826
965166
979094
979094
14597
991510
59310
972233
65069
972233
972233
10378
965166
917444
914462
10378
914462
61677
73423
914462
73423
73423
73423
942108
942108
914462
912045
4272
907942
907942
4272
974815
974815
10427
33753
963418
43847
43847
45228
45228
957178
958216
80121
958216
958216
8088
949454
13434
82775
88460
972497
972497
89347
982955
89347
89347
982955
972497
25498
25498
52804
986714
67733
949454
942331
81392
82102
83954
999922
83954
999922
89347
89692
999922
8672
972261
58694
972261
85975
85975
85975
992178
85975
89692
992178
983736
54687
89969
92407
983736
78853
983736
56742
56742
78853
78853
959840
959840
947386
947386
939581
939581
24136
24136
32915
32915
46557
974652
46557
69402
974652
91016
973584
91016
973584
91016
973584
91016
91016
91016
973584
92407
960446
92407
11633
43447
960446
971773
971773
60874
92407
960446
978350
66866
66866
957674
66866
955001
66866
949724
59822
974119
949724
949724
62087
96469
956387
99077
956387
96774
949724
949724
949126
949126
949126
65124
938193
91180
938193
96774
41392
41392
99077
931666
929937
929937
929937
99077
929937
929937
975743
975743
975743
99933
926917
100239
100239
100911
952569
939705
102371
939705
16918
102371
939705
924891
960175
941991
94391
941991
27036
3134
3134
939555
939555
27036
27036
27036
994755
15205
939555
939555
15205
27036
27036
996729
996729
937420
937420
937420
975795
975795
12001
937420
12001
12001
924891
924891
924891
13428
13428
958097
13428
13428
13428
958097
958097
13428
13428
13851
27036
27036
27036
958097
27036
955793
33029
998221
998221
955793
955793
939402
2712
25186
33035
37615
50914
52147
936808
990393
58390
72683
93608
941363
936808
936808
94391
936808
2190
2190
942678
929875
2190
930449
929875
929875
929875
2987
2492
968013
949474
9222
924891
922332
922332
922332
9222
921536
50833
920008
920008
943039
943039
914335
62452
948794
62452
948794
73830
914016
73830
73830
73830
914016
914016
914016
913583
74074
74074
913158
94391
938254
912316
37765
912300
37765
94391
912300
912300
103984
105031
105562
975899
911318
6338
911318
906471
52791
906471
105562
946529
22698
905771
10139
10139
992342
959556
5182
5182
969306
959556
17402
959556
959556
22698
954518
22698
948426
931512
22698
22698
36266
972586
36266
39316
43270
931512
47691
47691
953984
47691
935716
928044
67265
68047
74154
928044
62038
73415
41475
74551
76739
80261
80261
941719
80261
941719
941719
967613
24858
24858
24858
966997
978036
24858
978036
966997
80261
932029
932029
84205
927631
84205
84405
84405
81938
81938
984314
81938
49422
984314
975094
975094
924600
924600
49422
53029
933259
966962
973468
53029
973468
8578
8578
8578
8578
56492
56492
64394
966962
966962
966962
966962
961131
64394
961131
64394
64394
67573
963095
961131
13897
943879
67864
943879
67864
67864
933259
67864
74326
78128
58436
993523
993523
932485
930453
58436
58436
954672
82721
7836
924600
7836
924600
22552
22552
22552
24291
24291
981852
82721
981852
89386
89386
89386
953470
89386
3605
953470
3605
924138
3605
914071
961936
961936
925549
22183
925549
93959
29805
905771
32276
32276
905771
32276
34603
905771
905771
34603
45673
903866
903866
45673
941807
45673
971790
971790
941807
44942
44942
941807
941807
45673
46677
46677
65051
924989
903866
960348
37690
960348
960348
37690
946685
946685
67
946685
943202
67
52114
52114
990931
962147
52114
962147
962147
948353
48089
948353
943202
48089
972850
966268
935774
48089
946620
938871
48089
938871
934258
947880
1590
947880
1590
1590
48089
52114
973195
947880
934258
934258
915106
915106
915106
912202
53039
912202
904158
73066
73066
980392
980392
62567
73066
980392
968194
81145
968194
929446
82991
904158
959473
44743
44743
904158
903866
90132
903525
903501
902713
902713
902713
902261
951656
91440
902261
93959
93959
93959
93959
58770
58770
58770
93959
960070
16514
990822
982206
974799
960070
960070
378
960070
960070
1864
1864
1864
1864
3252
975564
975564
975564
11008
11008
11008
11223
972237
11682
972237
16514
972237
16514
960070
960070
958721
22920
34364
36987
64696
944804
64696
944656
943610
64696
65351
68281
68281
943610
943610
943610
943581
938691
26135
26135
938691
998951
998951
998951
947795
978012
978012
978012
26135
26135
68561
978012
978012
951482
29084
951482
29084
29997
951482
29997
24084
951272
24084
973529
24084
24084
24084
961354
50571
961354
50571
951272
68561
951272
947795
947795
36944
947795
36944
938691
54091
936199
931697
931059
927096
54091
980829
68561
68561
10137
10137
980829
970624
947264
10137
975437
20938
975437
25675
9399
68561
975437
40186
980843
68561
961422
961422
68793
68793
961422
58034
961422
947264
69604
69604
67046
10937
10937
960719
936041
927096
10937
927096
10937
25104
962595
962595
927096
925610
925610
34709
40053
947662
947662
925610
1296
924081
1296
1296
39975
39975
998532
45068
981095
45068
974658
974658
949992
949992
46778
920317
10154
920111
917040
10154
10154
917040
914005
913561
913561
8158
975465
10154
975465
10154
46778
46778
46778
49940
913478
26898
908310
902261
56910
67046
67046
70991
70991
900873
900873
900873
900661
899588
899588
899588
899455
43622
957767
55726
65962
900064
899455
608
898974
898643
608
898497
1771
1771
995240
898497
940078
21689
65962
65962
918098
977289
65962
25491
991718
25491
25491
70991
72385
72385
991718
991718
944221
72385
911888
72385
72643
72643
72643
980379
980379
972879
959360
911888
911888
911888
469
469
469
909935
909935
73455
901116
73084
901116
73084
73084
997879
983827
25557
29640
983827
29640
947215
939591
19661
939591
939591
939591
11174
939591
19661
939591
934771
941523
19661
934771
934771
928477
77824
957684
26265
26265
957684
26265
77966
904709
900201
29080
995979
898497
898497
86162
898497
898032
86162
898032
897973
29333
897973
897341
897063
86204
988088
86204
897063
86204
86204
86204
945889
88335
88335
896926
8728
896926
8728
58057
88950
928056
39189
50890
81447
91045
972733
91045
5719
27249
62882
972733
928056
93954
896926
93954
93954
969561
969561
93959
93959
93959
907484
896926
93959
94104
95767
988046
95767
95767
95828
987374
896446
96212
896446
33263
895159
894978
37646
37646
930441
48273
930441
893932
48273
964177
893932
892863
96212
97543
97543
97543
995314
97543
97543
97621
97790
97790
7799
97790
97790
993131
993131
993131
27073
993131
970686
97790
98830
993827
99274
993827
970686
99274
970686
970686
970686
3240
965401
3240
965401
4960
44320
572
572
965401
572
572
44320
965401
963949
48992
963949
949723
99274
99531
926062
989381
101722
952521
101722
102571
952521
77229
952521
102571
102571
48837
102571
926062
926062
924461
72091
924461
924461
924461
921002
915817
899100
94404
102571
899100
892863
102619
102619
102619
102619
102619
32484
102619
102619
972986
102619
102619
971880
960892
65665
944101
28052
944101
897793
892616
892616
892616
28052
966947
966947
892119
892119
891235
28052
48296
891235
891235
102856
891235
889618
102856
103757
103959
888338
888338
888336
888304
736
999794
51224
999794
51224
103959
888267
104818
105472
105472
888241
888241
105472
888241
106633
888161
888066
888060
103247
103247
106757
924909
106870
106870
900730
900730
11683
106870
894203
12705
106871
894203
891197
78143
891197
78143
891197
891197
953781
78143
953781
84527
106952
106960
953781
106960
953781
107089
953781
891197
70058
70058
888017
928147
896870
15194
978321
70058
887987
887844
887776
70058
70058
887776
980749
8143
8143
980749
8143
8143
887769
8143
906050
8143
11994
50565
979877
50565
992136
992136
8738
992136
8738
19270
50565
50565
992136
50565
75655
979877
979877
75655
81617
950228
81617
950228
81617
81617
81617
81617
96671
96671
19103
995430
19103
949143
19103
25443
945469
944126
944126
96671
103827
988195
103827
988195
106933
97887
988195
97887
966249
965920
962608
27862
960704
108036
108036
108036
911448
915319
59722
44082
59722
108050
962621
108050
108191
914727
108191
108549
108549
947197
947197
39211
947197
108767
108767
947197
39950
39950
39950
911448
902850
901942
898601
898601
895085
39950
46720
46720
66379
23536
23536
23536
900479
23536
900479
22095
917090
22095
22095
977811
959748
22095
22095
22095
959748
43896
43896
43896
50320
77824
992663
77824
992663
992663
992401
77824
935026
77824
81768
108787
108840
927508
962920
108840
962920
108978
108978
962920
30873
962920
14632
962920
962920
934005
932898
927528
14632
19727
109014
991223
9816
9816
991223
45993
972764
972764
972764
21458
972764
971521
21458
971521
45993
971521
971521
8242
972822
972822
8242
971521
971521
16009
971521
16009
45993
45993
956331
949666
927528
971512
48789
75597
75597
80499
595
80499
971512
927508
927508
922656
922656
917521
95203
15355
100873
917090
917090
109022
109022
109064
109064
109064
109064
961869
50282
961869
50282
961869
106411
961869
916584
58022
106411
967679
967679
109421
977791
91038
977791
109421
987022
109421
109421
967679
20669
19208
968100
968100
19208
19208
19208
968100
8564
998914
968100
8564
967679
967679
967679
48805
947280
947280
921763
61970
99821
921763
5401
921763
5401
5401
62703
98146
99821
936328
106655
109421
109421
109480
921763
109480
916584
24998
40285
919067
40285
40285
40285
987475
40285
96812
96812
96812
916584
109498
109498
909572
909572
109586
993302
87023
958263
958263
958263
87023
109797
937334
937334
109797
109797
109797
936634
109820
81603
916826
81603
109820
110141
916826
916826
904082
904082
897732
11590
11590
11590
18117
916045
916045
916045
896170
24319
975041
56060
975041
914554
895939
895939
56060
895939
57231
57231
57231
57231
987316
8364
8364
8364
74999
987316
93505
964634
56526
964634
69841
964634
964634
93505
106652
106652
52635
52635
983062
52635
22450
22450
993363
982014
35098
979920
968352
35098
35098
964283
52635
83717
964283
964283
960772
960772
94145
960772
960772
69614
69614
948894
69614
69614
94798
948894
948894
106652
947314
38278
38278
947314
106652
947314
947314
941513
941513
932451
35100
35100
46115
976743
46115
53695
976743
951006
59173
59173
59173
11513
11513
951006
11513
59173
67250
932451
73316
73316
79021
22107
970607
22107
970607
970607
970607
970607
979491
43196
961254
961254
930361
43196
937037
930361
930361
967814
930361
927194
1964
926781
925854
925854
921442
26758
919890
26758
56458
56458
916975
916498
56458
58244
916498
79021
81594
916498
81594
91477
916498
914024
91477
91477
911459
23936
106652
959430
106652
106979
108863
959430
108863
911459
110141
110141
110332
911459
110618
110679
919167
934635
903650
903650
919188
1289
10181
919188
10181
903650
901251
992202
959704
74218
110679
970994
16212
16212
16212
913260
109074
13864
901251
110770
935475
110770
935475
966831
966831
935475
45336
935475
25269
25269
25269
927983
981035
32518
32518
52776
52776
933242
90567
110950
929799
927983
60707
992284
992284
959107
50918
959107
959107
959107
927983
50918
50918
920325
57818
920325
60707
60707
87280
920325
901132
901132
43038
87280
87280
87280
901132
87280
896930
944440
944440
87280
87280
934240
95373
5882
5882
87626
87626
996409
934240
96666
969452
6245
58135
58135
58135
58135
969452
11343
58135
934240
58135
58135
912642
64995
98663
98663
110950
999247
37008
6241
37008
986954
912642
912642
50428
912642
902880
902880
21015
21015
60755
896681
930882
60755
948849
49149
49149
60755
108032
959433
955206
110950
110950
999400
955206
8985
930882
111045
924214
924214
924214
111059
4027
912851
111059
111161
111294
111294
984264
988154
111294
988154
111428
984264
111862
984264
984264
945876
945876
945876
943369
951941
912851
907493
905261
903673
54491
932306
931758
44603
54491
903258
896681
70491
75233
94351
73902
98321
98321
939876
922493
896095
4531
950314
112021
112021
950314
112109
112109
950314
37423
86147
997543
997543
7826
45205
78137
976913
77465
988889
988889
974401
967478
967478
950314
32091
937169
937169
32091
32091
32091
937169
937169
926972
3274
926972
969805
926972
965025
926972
22555
22555
22725
926972
22725
992705
16258
992705
988864
16258
22725
926972
22725
926972
22725
32091
38085
920729
928990
912684
38085
38085
43745
912188
61088
64367
907868
11884
906511
11884
49584
906397
49584
899163
895939
69093
73808
895674
895215
895085
916976
940539
49834
942518
66893
66893
66893
73808
77465
942518
940539
916976
12451
34740
978251
978251
60442
60442
60442
978251
61880
61880
77465
916976
78720
916976
895131
895085
79471
895085
83558
895085
900409
90431
90431
893938
893762
893762
93412
980659
980659
93412
101798
968282
933334
984073
783
984073
4247
4247
984073
984073
4247
4247
4247
22033
983524
983524
983524
22033
42260
983524
2875
2875
2875
2875
2875
983524
41387
983524
41387
983524
983524
11410
983524
971855
969813
969813
945133
960934
751
958927
751
958927
751
945133
751
751
945133
938388
938388
938388
751
932101
935839
751
751
932101
751
930764
751
751
751
6759
6759
982319
6759
6759
930764
6807
6807
925972
925972
6807
11410
16395
16395
943746
16395
943746
965226
16395
956587
16395
16395
956587
16395
16395
943746
931313
9514
9514
11951
990177
21040
31588
940041
41387
940041
48076
48076
48076
55848
940041
940041
2514
940041
2514
2514
928233
2514
58117
925972
38719
42685
42685
940484
58117
58117
58117
58473
58665
63122
63356
63663
46354
954487
46354
954487
46354
946129
989925
27676
36053
63663
50007
63663
989925
954773
63663
63663
64809
64809
985425
15107
985425
64809
998266
68991
998266
68991
998266
998266
985425
70161
70161
978854
70161
70161
978854
70161
70161
978854
74995
78525
79191
978854
79191
79191
80651
940484
80651
83231
83231
940484
83231
940484
51090
51090
51090
51090
22332
83231
929284
929284
85301
928238
85301
921419
919041
919041
919041
26408
26408
57983
85623
936057
982318
27373
27373
982318
936057
27373
996614
996614
996614
22481
996614
27373
29886
996614
29886
950459
60758
66760
983563
85623
950459
88430
950459
937796
88430
89148
89700
89700
89700
91115
21879
21879
21879
12314
12314
996952
21879
996952
994332
994332
980984
980984
937796
985342
21879
66443
985342
970338
8556
66443
66443
970338
91115
944785
93745
944785
93745
93745
95659
944785
95669
95669
939838
95669
939838
70160
988638
7439
7439
7439
7439
88462
95971
95971
95971
97983
937796
936057
33278
33278
951642
33278
33278
936057
932680
98330
992576
17724
992576
992576
31446
31446
74017
992576
992576
101617
101617
978972
101617
101617
101617
969614
939865
939865
77918
939865
939865
77918
77918
930890
101798
926077
924526
102224
924526
103200
919041
909726
909726
11781
907676
998186
907676
15710
15710
15710
975697
62145
64175
975237
907676
907557
50734
907333
905151
50734
64175
64175
102455
981977
981977
981977
981977
958025
905151
103200
905102
905102
905102
904636
19150
903605
19150
103200
322
322
941436
87387
87387
903997
903997
93596
903997
103628
103628
903471
903471
103628
903471
979592
103628
899610
103628
90591
993180
90591
90591
90591
993180
90591
993180
993180
56144
41158
956422
956422
56144
909451
103628
994558
986036
77177
986036
79917
923723
79917
923723
103628
103628
36058
909451
36058
938869
103628
899517
103628
899517
103628
57065
13955
48375
46361
988511
988263
57065
103628
105930
988263
65421
65421
985788
985788
20517
985788
985788
985788
985788
985788
995455
995455
982797
27906
982797
64128
101017
101017
101017
968568
963129
958418
95871
101017
101017
101017
101017
106401
951591
985386
11029
44600
985386
44600
70991
106401
2271
2271
951591
945028
939469
2271
37163
934651
928681
899383
899375
26743
37163
37163
37240
37240
934585
954977
37240
925379
911084
42585
907020
55055
907020
55055
970026
22674
907020
907020
907020
55055
59780
983389
910378
899375
53463
899211
53463
899211
53463
53463
53463
80522
898793
898793
898793
44791
80522
80522
86784
984388
984388
898793
27176
75896
965898
78876
78876
971768
78876
81367
965898
76123
965898
53853
53853
76123
81367
965898
1071
47417
965898
47417
965898
988381
988381
53888
53888
53888
53888
81418
86784
86784
987446
86784
86784
89002
93229
95701
998437
987446
98843
5199
5199
987446
84765
13259
13259
978828
13259
64098
99479
978828
99834
978828
102642
972378
102642
14261
993832
993832
995396
995396
14261
995396
965898
14261
14261
31529
10667
10667
10667
31529
41610
4040
961003
961003
52371
960475
953506
946389
942790
52371
52371
69814
942790
942733
93096
952825
952825
94303
96013
935891
935891
97261
97261
97261
927897
99669
99669
99669
927897
99669
927897
99669
927897
102076
102076
102786
106492
927481
923598
919686
33659
996669
33659
996669
25563
33659
33659
33659
969111
33659
33659
63098
961285
924209
915246
912051
69654
69654
964695
986843
986843
964695
924128
46480
995926
85804
85804
995926
988434
35623
88528
95642
98851
43650
988434
19938
98851
34386
987929
101737
101737
106492
20614
987929
967701
106492
957087
106654
957087
110747
957087
957087
110747
111308
112134
957087
957087
112134
946915
946915
936824
112200
929704
929704
112200
925189
921715
112291
73828
929700
926432
926432
926432
926432
703
926432
703
4158
926432
925422
925422
4158
921715
11764
11764
921715
11764
912077
11764
912077
912077
11764
912077
912077
23861
30971
973509
929855
912077
912051
912051
34786
986196
39793
50315
50315
986196
994600
8099
52997
924655
924655
917239
917239
52997
52997
52997
52997
984997
9246
51952
52997
984997
53702
53702
984997
56368
60607
40757
60607
984997
60607
73828
83859
984997
13261
13261
87474
984997
984997
977860
89034
967658
985519
985519
29467
54101
956708
54101
68141
93032
99844
99844
105919
978608
106413
978608
18884
18884
18884
956708
956708
947075
947075
943058
64058
943058
8573
8573
8573
64058
64058
64935
77372
943058
943058
978500
77372
12185
986007
31521
48808
48808
986007
48808
986007
44055
1462
986007
13494
60006
92013
986589
108962
111221
111221
111749
112291
986589
986589
112291
986589
112291
112314
988962
986589
91276
980474
980474
95565
95565
980474
95565
980207
95565
980207
980207
980207
2698
5304
980207
979159
5304
5304
966667
4304
5304
989240
960922
950329
6630
6630
10310
952791
22809
22809
22809
49956
49956
49956
49956
49956
49956
990018
57061
61724
999429
999429
26226
26226
61511
64074
999429
87274
990018
87389
109706
110481
990018
84917
107915
990518
990518
990518
990518
28340
28340
990518
954424
43962
94877
94877
107915
950329
107340
945622
107340
971441
107340
971441
944890
107915
944890
24362
988679
24362
988679
24362
14815
983920
24569
982918
982918
993531
24569
36772
944890
19874
943554
39915
943554
943058
943058
942066
937149
934954
18018
25129
926196
25129
25129
34828
34828
993237
993237
3617
3617
3617
3617
34828
34828
34828
991823
34828
39915
991823
980541
980541
39915
990826
39915
39915
990826
42799
990826
980541
950146
925255
953473
953473
927790
964786
964786
11361
11361
11361
38685
50038
53075
964786
927790
927790
925255
925255
928429
1865
925255
1865
53075
53075
956900
10580
956900
32639
924685
32639
986925
32639
55930
924685
8329
921280
8329
991088
57266
59494
991088
59494
921280
19778
19778
960183
960183
17122
958300
958300
17122
20816
991873
975493
20816
930302
20816
936270
20816
930302
930302
20816
20816
930302
36856
930302
38197
39529
954028
973050
46717
46717
973050
46717
46717
973050
954028
936668
936668
9078
920850
918424
9078
916045
916045
9078
47449
999242
979830
979830
979830
6899
6899
979830
917838
15009
53063
936543
980937
53063
53063
980937
59494
942781
942781
995760
56308
995760
59494
61257
942781
932654
61257
61257
61257
61257
932654
932654
26362
932654
26362
61257
61257
955174
61257
61257
955174
955174
932654
38708
22754
931600
22754
931600
923893
997600
33043
33043
997600
33043
39356
997600
997600
997600
997600
40214
997600
40214
42417
997600
55573
55573
983491
70916
970839
70916
970839
68214
970839
68214
970839
29296
970839
970839
970839
969894
29296
29296
969894
969894
68214
966907
77608
956152
77608
77955
923893
81976
917855
917838
968338
917838
44594
984592
984592
42716
984592
44594
984592
51865
51865
51865
51865
75672
974853
947108
947108
916045
86286
916045
32601
86286
915276
76104
76104
86286
88107
913176
950326
971442
88408
971442
971442
967934
25846
88526
88526
990248
52371
11525
11525
78758
37742
996334
990248
37742
22583
22583
981386
981386
981386
976483
22583
967934
957308
22583
947388
22583
22583
22583
929343
22583
913176
913176
37742
919117
919117
17379
919117
919117
998885
17379
37742
998885
41513
88526
6204
88526
90853
90853
919117
911952
911952
911952
910724
910724
28794
991405
28794
80603
27607
27607
984349
79268
977289
80603
966237
32200
32200
953279
42434
928190
91642
91642
92074
92997
92997
95163
95322
956830
956830
95322
956830
928017
96239
928017
96239
96239
974445
974445
952128
940658
97656
940658
910651
87669
942994
87669
34826
34826
942994
34826
34826
34826
34826
942994
930840
910651
910509
85870
986972
87669
965429
88621
97656
97656
97656
97656
965429
961128
910256
909317
72404
908674
908342
97656
920923
39364
908342
908342
918552
39364
918552
39364
918552
97656
97656
100196
100196
100196
24955
999424
999424
983744
41173
41173
943818
17681
936027
907819
21713
921746
21713
21713
967349
915957
907342
906467
41173
906336
939772
906336
906239
46609
46609
906239
906184
42390
905527
19777
951843
8879
905527
997787
19777
19777
996390
46609
996390
996390
996390
905527
51900
61622
993517
952402
61622
952402
71625
75093
75093
905456
81705
904743
81705
960297
84288
904743
904743
84288
89628
89628
904743
89628
904504
89628
89628
89628
902773
77614
5278
9870
986739
9870
9870
923690
923690
923690
9870
9870
988802
990680
989851
4331
981045
4331
9870
923690
916563
77614
77614
916563
916563
77614
981872
902168
935881
77614
977976
89628
902168
902168
89628
902168
82689
997882
33852
33852
997882
33852
997882
997882
971655
89628
930921
930921
94033
94033
969062
987133
94033
987133
965071
94033
963236
96189
962079
962079
19330
960685
942234
927630
983368
950919
927630
16808
999272
983360
19330
98001
983360
56545
56545
983360
74260
74260
98001
969444
974563
98338
962368
98338
925017
100196
100196
101875
101875
924502
921429
35250
35250
921429
35250
35250
35250
102123
102123
102123
41655
41655
102123
102123
917602
58706
58706
917602
917602
74839
77159
993316
77159
994170
994170
994170
9056
24062
994170
1958
977450
935841
26448
935841
933572
933572
933572
937485
931641
26448
26448
931641
931641
931641
931641
931641
12431
12431
45265
922587
968251
922587
922587
917602
917602
916943
916666
916666
916666
915604
2978
902168
13679
902168
901223
13679
23421
23421
45265
45265
945613
945613
945613
901223
18633
966453
901223
900667
29569
900250
29569
900250
900250
40684
900163
900163
51663
942737
51663
31303
981036
981036
31303
31303
55583
55583
64359
66860
66860
981036
981036
981036
958976
26043
72268
76555
76555
958976
77159
77159
953246
953246
953246
70088
77159
80576
80576
941516
924006
993644
993644
993644
5289
9774
9774
80576
993644
993644
82620
993644
82620
993644
992480
992480
65823
956384
24244
993219
975659
24244
24244
999827
999827
975659
25607
975488
975488
972965
42685
50198
972965
47715
47715
47715
43030
43030
47715
956384
47715
50501
63988
63988
930052
63988
65823
927915
53159
65823
920849
944831
944831
975624
7577
969537
39310
953552
944831
998
944831
39310
58416
944831
58416
944831
920849
58584
919122
66749
918920
74096
82620
918920
911184
20291
909409
82620
82620
928170
82620
928170
84859
84859
85040
928170
928170
85040
85071
907334
907334
907045
85071
900626
900039
899643
85071
85422
86225
86225
955733
95376
899455
96889
96889
96889
931640
929401
929401
100852
101223
101223
101223
101223
101223
101832
998137
905400
101832
905400
905400
899455
102123
899455
899410
989999
899270
9108
9108
900614
23995
898569
960746
960746
28133
31805
94427
960746
102123
917888
898569
898276
898170
102174
898151
897962
102174
897799
73208
956876
897799
35310
897667
897667
35310
862
952837
947386
897487
897037
862
862
921126
862
896952
970204
233
896904
896904
896904
896736
896736
896709
38865
51278
896522
51278
51278
51278
896522
896522
56637
63268
63268
71520
915451
915451
73208
53572
915451
60507
979038
979038
979038
60507
979038
972302
970321
60507
970321
74566
970321
74958
915451
76212
82990
915451
82990
896124
900167
900167
900167
964316
964316
964316
61269
964316
4927
4927
990592
4927
4927
67334
67334
990592
990592
972736
972736
81562
972736
89004
972736
962924
962924
16795
16795
89004
89004
8702
974638
23220
23220
962924
34310
955283
41283
955283
55189
955283
55189
955283
955283
62041
62041
90074
991710
951147
100269
996970
996970
100269
15185
996970
3584
3584
3584
996970
980394
958360
958360
3584
15185
996537
31046
996537
47230
996537
996537
996537
50277
68606
68606
87391
87391
37016
954259
87391
954259
87391
100269
954259
100354
954259
950194
935445
34320
10909
34320
34320
998978
965139
42306
102777
950791
27629
27629
27629
950791
950791
950791
950791
946849
22200
22200
933167
899767
937687
22200
898453
898453
896069
22200
27629
27629
989948
27629
27629
985740
27629
943548
27629
16707
27629
44061
44061
943548
943548
943548
943548
16567
47661
943548
943548
51183
896069
895972
895972
29010
900854
57103
62523
62523
76038
935590
935590
895396
976716
43011
43011
976716
946135
76038
936842
936842
76038
76038
895396
76038
76038
83163
895396
895396
895396
895390
895390
895379
58681
58681
58681
997880
58681
58681
980056
69122
69122
69122
998689
961098
66912
66912
69122
957628
924770
84394
84998
984000
84998
92466
984000
93278
98124
98936
976291
976291
102777
103126
103696
956802
942350
103696
103769
940914
940914
67626
83732
85025
996957
996957
907744
907744
903897
3941
903897
903897
68657
898307
898307
895379
78875
895379
895057
78875
895057
895057
28922
894829
51239
894577
978258
978258
978258
51239
51239
85025
85025
978258
978258
103769
90108
978258
90108
104427
104457
62967
37189
74395
74395
98657
98657
98657
962256
104667
961935
935028
104773
924267
105292
105292
894525
56065
56065
931511
56065
894499
63825
894499
63825
105439
105576
948058
52024
948058
948058
909779
909779
894499
13566
894499
13566
894499
13566
13566
938821
894499
992935
19527
19527
965404
908603
894499
894323
19527
894323
894200
893924
19527
19527
19527
931950
27507
27507
931950
28015
33803
47834
931950
931950
919422
26653
43751
963875
893924
893924
43751
893752
49724
52904
67781
981119
67781
67781
105201
899112
106042
893728
106419
68373
986758
106419
986758
986758
986758
42116
972300
42116
980779
42116
42116
972300
106419
909379
909379
935112
106494
46979
960387
935112
893728
893728
44554
893703
996867
996867
46979
106494
996867
996867
981158
23149
23149
23149
99414
107251
108364
108368
108854
992859
41770
41770
41770
41770
59897
78029
78029
78029
78029
78029
78029
78029
992859
107175
978806
975970
44441
975970
44441
975970
948202
44441
942370
920411
920411
911491
911491
44441
44441
940990
47904
107175
18736
108194
940990
108854
109098
911491
908333
906539
47414
906539
47414
47414
62461
72549
69619
69619
912261
69619
903409
893648
893648
893619
893619
893619
75809
893619
893619
963898
20147
75809
75809
963898
84529
84529
84529
963898
84529
85985
955048
932560
932560
932560
28355
893619
893531
51397
51397
51397
109098
893531
893515
893492
109977
893419
110291
26680
110544
110544
110544
13150
941820
937111
36176
36176
94026
936774
922700
110544
110544
110675
922700
110730
110730
110969
918760
918760
110969
918760
17001
918760
918760
17001
895335
17001
895335
893318
65943
110969
944667
944667
111730
112314
893040
112314
892877
75691
892806
892608
43761
75691
892608
75691
933116
933116
892608
900797
892369
892237
892222
892111
891857
24222
24222
891820
8254
984117
39016
127
992253
980172
980172
127
980172
954552
951063
951063
127
910995
919651
919651
919651
919651
919651
910995
891556
127
948545
39016
41432
41432
991036
948545
938709
27005
27005
912160
32215
32215
894688
41432
45956
891401
45956
891401
45956
47419
15795
15795
988464
15795
966531
952839
50686
48769
56363
998964
978756
978756
56363
21508
978756
21508
33727
995586
952839
37824
952839
7385
23140
980667
19692
970720
957266
56363
56638
59914
59914
957266
957266
59914
954531
954531
954531
61576
954531
954531
61991
954531
61991
996417
61991
61991
954531
61991
67876
952839
23549
943575
72376
75691
956864
966855
3604
966855
966855
3604
968605
968605
3604
3604
966855
943575
32659
943575
32659
38082
38082
81277
992498
84128
992498
943575
24481
1286
18728
18728
976228
943575
932804
754
932804
754
754
988368
754
754
988368
754
754
970165
29536
970165
29536
32816
970165
32816
982435
962829
32816
962829
957426
957426
932144
42565
932144
932109
923856
923856
969831
14585
968303
930999
14585
993585
993585
993585
986261
14585
986261
16573
16573
983465
63922
983465
960817
923856
923856
923856
73823
950518
950518
923798
73823
73823
75695
923798
75695
998692
78651
998692
998692
998692
9832
65542
954834
984902
984902
152
994225
994225
2053
2053
46030
46030
988146
988146
988146
47864
957493
957493
950392
47864
950392
75046
75046
75046
14864
960747
14864
998647
998647
14864
14864
75046
998647
46467
991010
82589
974694
86597
974694
86597
86597
41046
974694
967938
960747
86742
88278
89233
91202
91907
91907
950392
983450
91950
91950
92385
950392
946939
92806
10397
969515
10397
969515
10397
969515
47944
4347
969515
4722
4722
4722
47944
967982
47944
47944
47944
47944
50726
89034
95821
967982
95821
95821
95821
967982
95821
57975
95821
960267
960267
96927
960267
989109
989109
9085
9085
9085
9085
9085
989109
9085
99256
100241
985287
967683
85401
18985
18985
71536
71536
100443
102036
967683
960267
102036
102036
960267
60736
60736
997415
10091
10091
997415
997415
2578
2578
997415
997415
997415
983798
2578
955154
2578
949811
949811
2578
994760
949811
2578
2578
949811
949811
949811
2578
10091
948997
948997
46861
948042
946939
56833
945716
56833
944722
44958
44958
942657
44958
33487
983496
33487
44958
942657
27797
967591
56833
967591
60736
60736
60736
66052
954631
3536
954631
940758
995205
3536
6128
6128
88377
940386
89803
948726
91750
948726
91750
975930
957657
43877
957657
948726
937280
937280
91750
91750
91750
937280
937194
935234
926855
926855
926855
12276
12276
980036
926165
2055
2055
101160
101160
923798
923721
101160
101160
82842
82842
25478
966117
966117
25478
966117
25478
966117
942345
82842
82842
934864
920859
918408
917153
37209
102948
102948
917153
916436
914078
913932
