9
1
1
1
1
152
151
104
100
95
95
1
1
1
7
7
25
54
57
482
507
507
57
645
67
67
67
92
92
94
997
983
981
981
1190
1190
165
176
176
1194
199
1303
1303
1360
1356
224
224
235
1442
1442
1500
254
1574
1641
261
1641
261
270
283
1720
1739
1739
1725
283
285
298
1833
298
323
1946
323
327
327
2164
327
2190
327
2200
352
379
2356
2394
379
422
444
2406
2406
2406
2461
444
2592
2592
2594
444
455
2594
461
468
469
2612
2791
469
2762
482
2844
489
2899
2873
489
2907
489
2981
489
489
494
507
507
511
3348
511
511
511
511
535
3411
3444
3499
549
549
3509
3509
3506
3506
3527
3618
3611
3676
3676
553
3704
3681
553
3724
553
3737
3889
3963
553
553
565
4039
580
580
580
580
593
601
601
4250
4298
4298
601
601
4387
4329
602
602
4410
4454
602
602
617
618
4570
4570
4581
4653
618
618
4674
643
643
4738
643
4738
643
648
648
655
4981
655
4965
668
4982
4949
5016
682
5194
706
721
725
744
745
5394
754
5505
774
822
5546
822
5682
5682
5736
5742
822
846
5874
6010
6017
846
6017
846
861
6217
6202
871
871
6227
6227
889
6227
889
889
6737
893
6860
893
7037
893
7037
7133
7128
893
958
7175
7168
958
966
7240
7227
7180
1004
7168
1008
7168
7287
1008
7320
7322
7310
1008
1010
7408
7428
1035
7411
7490
1075
7495
1090
7502
1090
7528
7519
1105
7613
1105
1170
1170
7613
1194
1194
1205
1205
1213
7715
1227
1227
7770
7850
7916
7907
1227
1227
8231
1244
1251
8327
8351
1251
8327
1256
1296
8518
1303
8544
1313
8586
8586
8513
8513
1315
1315
8601
1335
1356
8661
1369
8822
1375
1375
8839
8882
1377
8882
1396
1397
9000
1412
1413
9032
1413
9070
9070
9164
1413
1452
9170
9148
9237
9288
1452
9514
9603
1452
1452
9746
1452
1456
9846
1456
1456
9820
1456
9869
1456
9858
9858
9820
1456
9923
9923
9989
1467
1467
1467
10082
1488
1491
10293
10316
10293
1502
1535
10289
1535
1537
10450
10432
10432
10432
10490
1582
10498
10508
10532
1601
10594
10609
1606
1606
10791
10791
10787
10770
10770
1636
1644
1644
1644
1655
10932
10932
10912
10911
10983
1655
1655
11119
11119
11117
11093
1655
11122
11122
11122
1656
1658
1660
11174
11176
1660
1666
1666
11192
1682
11398
1685
11380
11456
11488
11476
1688
11476
11538
11520
1688
1688
11601
1688
1719
11784
11784
1719
11925
1719
11982
1719
1719
1719
12060
12157
1719
12157
1720
12172
12165
12148
12237
12223
12253
12263
1720
12315
1720
12453
1720
1720
1725
12498
12638
1725
12607
12701
12778
1751
1751
12783
12781
1789
12874
1789
1792
12886
12879
1800
1805
12948
12936
12936
1805
12907
1805
1817
12879
12957
1817
12970
12970
13026
1817
13026
13027
13052
1817
13053
1833
1833
1833
13108
13104
13104
1833
1848
1850
1862
13104
13098
1862
13098
13098
13212
1862
13188
1868
1868
1888
1892
13545
13571
13566
1892
1892
13566
1895
1895
13716
1895
1895
1896
1946
1946
13870
13866
1946
1956
1971
1971
13893
1982
13983
1982
13983
1987
13977
1987
14012
13985
14059
2025
2036
2036
2045
2055
2055
2055
2055
14719
14719
2055
14741
14730
14730
14842
14940
15000
2082
2084
2093
2093
2094
2094
2098
2132
15225
2141
2153
15467
15433
15420
2153
15766
15756
15908
15957
2153
2169
2173
16049
16057
16057
16057
2178
2190
16106
16110
16106
16217
2190
16245
16234
2190
16258
16234
16260
2195
2195
2195
16575
2195
16633
16727
2197
2197
17162
17162
2197
2197
17389
2201
2206
17595
17595
2206
17657
2225
2225
17725
2225
17757
2228
2228
2228
17757
2228
17804
2228
2228
17841
2228
2228
17895
17879
2228
17879
2242
17869
2255
17920
2255
17989
18122
2255
2266
2266
2266
18278
18275
18340
18474
18474
18502
18502
18513
2288
18557
18557
2305
2318
18686
2333
2346
2356
18878
18878
18892
2356
2358
19210
19236
2358
19223
19223
2370
2370
19318
2370
2374
2374
19344
2374
19393
19433
2374
19433
19430
19582
2374
19582
2374
19674
19674
2383
2397
2403
2429
19952
2431
19952
2431
2461
20035
2461
2461
2479
20106
20106
20106
20105
20108
20126
20136
2498
20182
20194
2504
20276
2504
20294
2504
20339
2524
20396
2524
2524
2542
20429
2546
20514
20547
2546
20597
20590
2576
20608
2592
20608
20608
2594
20611
2594
20611
2594
2597
2597
2601
20766
20765
2607
20903
2607
20921
2607
2607
2612
21076
21045
21080
21045
21045
2612
2612
21326
21416
21526
2629
21711
21730
2684
2688
2690
2690
2690
21731
21862
2704
22068
22068
2704
22071
22071
2704
22068
2704
22127
2704
22130
2733
2733
22150
2733
22210
2733
22253
22232
22307
22368
2734
2738
2738
2745
2796
2825
22387
22435
22585
22551
2825
2853
22523
22523
22513
2853
2873
22628
22687
22688
2873
22721
22721
22696
22795
2873
2904
22868
22886
2904
2911
2911
23056
2911
23097
2924
23104
23280
2924
23379
2924
2926
2926
2948
23545
23532
23532
23507
23507
2968
23558
2968
23744
2972
2993
2993
23777
3010
23777
23777
3038
23777
3054
23881
23862
3054
24011
24013
24040
3054
3066
3081
3081
24105
3081
24166
24166
24166
3116
3116
3116
24193
3139
24354
24355
3139
24680
24770
24702
24700
3139
24821
24903
24903
24903
3142
25078
25069
25179
3142
25342
25333
3165
3174
25370
3176
25419
3181
3221
25548
25548
25582
25582
3221
25579
25610
25752
3237
3250
3282
25869
25859
3299
3306
3306
26034
26160
3306
3349
3349
3349
3353
3353
3353
3355
26500
26500
26500
26500
3355
3355
26617
3355
26596
3355
26596
26565
3378
26565
3398
3404
26668
3406
3406
26806
26821
3406
26905
26968
3414
3414
3431
27065
3433
27079
3444
27236
3444
3444
27238
27352
27345
27345
3447
3447
3447
3447
27416
3447
27572
27611
3447
27667
3451
27717
3451
27744
3460
27793
3460
3460
27853
3460
27907
27880
3460
3485
27967
3502
3502
28063
3506
28063
3514
3527
3527
28129
3532
28137
28197
3555
3555
3555
3561
28197
3573
3589
3606
28272
3611
28249
28323
28341
28341
28341
28319
3643
3643
3643
3643
3643
3663
3668
28580
28640
28675
3668
3672
3676
28748
28756
3676
28798
28810
28777
28776
28766
3676
28886
28894
28886
28913
28913
28941
29035
29070
3676
3676
3681
29267
3681
3681
3681
3717
3717
29504
3717
3717
29565
29584
3717
3724
3731
29660
29673
3737
3788
29660
29687
3798
29897
29889
29994
3823
30085
30085
3823
3823
30117
30161
3824
30207
30207
3852
30261
3852
30344
3853
3861
3885
3891
3891
3891
30725
30725
30725
30721
30776
30824
3891
3926
30839
30839
3926
30871
3927
30906
3927
30914
3927
3929
31060
31061
31090
31185
31221
3937
3937
3946
3946
31513
31562
3963
31651
3963
3963
3963
3984
31749
31776
3984
31878
3990
31985
3999
3999
3999
32210
32261
4034
4034
4064
32264
4064
4073
4073
4074
4079
4088
4088
4088
4093
4093
4121
4121
4137
32623
32779
4137
4137
32878
4137
32877
32830
4160
4160
4183
4183
33001
4192
33018
4192
4208
4268
4298
4298
4298
4307
4313
4313
33579
4313
33561
33556
33556
33548
33548
33657
4313
4320
33855
4320
33887
34040
4320
34113
4329
34248
34370
34370
4402
34450
4402
34598
4431
4448
34634
4448
34710
34826
4448
4453
4472
34986
4472
35141
4492
4499
4500
4500
4500
35586
4500
35664
35663
35831
4500
35856
4500
4500
35864
4500
35864
4501
4512
4516
35865
35877
35869
35864
35856
35975
35973
35973
4516
35990
4516
36158
36144
36143
4516
36425
4516
4516
4530
36465
4544
36458
4562
36458
36468
36468
36458
4568
36526
4568
4570
36526
36534
4573
36607
4573
4583
36641
4583
36641
4583
36704
36704
4583
36802
4635
36802
36802
4635
4636
4636
36922
4646
37076
4649
4649
4649
4649
37265
37271
4649
37271
4649
37417
4649
37607
37688
37691
37739
4649
37818
37818
37861
37861
4653
37861
4653
37861
37861
4711
4711
4747
4755
37875
37861
4760
37918
4760
38154
4760
38204
38183
4767
38354
38354
38335
38283
4767
4767
4767
4797
38517
38607
38637
4800
4800
38681
38686
38686
38686
4800
4800
4800
38845
4801
4801
38916
38913
38913
38959
4803
39046
4857
39119
4863
39110
39137
39137
4878
4878
39184
4888
4888
39260
39354
4888
4888
4982
39475
4982
39475
39561
39552
4982
4982
39661
39687
4998
39683
5014
5014
39702
39711
39697
39697
5014
39697
5019
39727
39736
5019
39736
5019
5019
5019
39852
39933
39933
5019
39945
5026
5028
5038
40062
40059
40056
5038
5056
40154
5057
5057
5057
5095
40207
5095
5115
40297
5120
5120
40580
5120
40635
40687
5135
40825
40810
5135
5135
5135
40908
5135
40921
5150
40915
40952
40982
5189
41192
5189
41209
41251
5189
41271
41283
41317
5189
41317
41458
5189
41492
41492
5192
5204
5204
5207
41627
41627
41627
41658
5207
5207
41677
41700
41700
41687
41787
5207
41787
5207
5207
41885
41850
41900
5217
41976
5248
5248
42045
42055
5256
5256
42101
42101
42093
5256
5257
42251
5257
5276
42340
5276
42492
5298
5300
42619
42646
5319
5338
42762
5338
5338
43080
43102
5357
5378
5378
5378
43186
43240
43240
43243
43243
5409
5430
43236
43253
43253
5452
5459
43335
5459
43385
43385
43394
43389
43432
43415
43411
43380
43342
43444
5474
5474
43524
5474
5477
5477
43528
5477
43929
5492
5492
5505
44044
44031
44031
5505
5505
44045
44045
5507
44045
44045
5509
44045
5517
44045
44113
44142
5517
44219
5517
44272
5526
5544
5544
5546
44494
5551
44533
5551
44564
44562
44589
44661
5551
5562
5562
44668
44771
44855
5569
5574
5574
5595
45058
5630
5661
45074
5682
45113
45075
5720
5720
45207
5722
5736
45286
45330
5736
5736
5736
5742
5753
5753
45339
5762
45364
5762
45432
45453
45491
5762
5763
45689
5766
5766
5766
45723
5769
5790
45734
5790
5810
5835
5842
5849
5849
45928
46055
5854
46098
46130
5854
46160
5854
46243
5854
46301
5854
5854
46354
46394
5854
46421
5854
5854
46443
5854
46703
46703
46754
46754
46756
46755
46873
5854
46903
5862
5871
46932
5871
46932
46918
5871
5871
5874
46978
47047
47034
5882
47130
5882
47253
47287
5884
5884
5886
47357
5897
47357
5897
5916
5916
47379
47380
5939
47427
5961
5972
47656
6010
47878
47902
6010
47965
47984
47965
48061
6018
6018
6018
48054
48038
6018
6018
6018
6018
48138
48138
6018
6018
48258
6018
48252
48252
48333
6018
48333
6018
48330
48325
6018
6018
48473
6029
48472
48472
6034
6034
6035
48610
6035
6035
48694
48689
48826
6035
6053
48847
6053
6053
48817
48922
6053
48923
6078
48922
48922
49011
49130
6090
6092
6092
49129
49151
49186
49377
6107
49466
49466
49493
49493
49485
49503
6107
49503
6107
6107
6145
6145
6146
49523
49523
49529
6146
49549
49531
6146
49640
6146
49650
49650
6146
49765
49765
6152
49795
6172
6198
6198
6199
6202
6202
50015
6202
50049
50127
6234
50300
50310
50303
6234
50303
6234
6234
50365
50365
6242
6242
6242
50443
50443
50508
6242
50576
6264
6271
50699
6271
6271
6271
6284
6284
50807
6284
6312
6312
6312
6312
51131
6332
6336
6352
6352
51131
6352
6352
6360
51291
6360
51363
51363
6365
51363
51363
51363
51504
6377
6377
51639
51799
51830
51826
6419
6419
51863
6478
51898
6478
6500
6510
6510
52304
52304
52325
52336
6510
6523
6533
6542
52610
6542
6571
6571
52758
6571
52771
52771
52764
6606
6606
6611
6636
6636
53163
6637
6637
53312
6654
6654
6654
6678
53595
6683
6683
53632
6683
53632
6686
53632
6711
6711
6721
53725
6744
53725
6744
53754
53775
53789
53789
53818
6752
53798
53798
53988
53987
53987
54041
6757
54070
6758
6758
54064
54131
6760
6760
54273
6770
54273
6780
6786
6786
54464
6793
6793
6793
6793
54649
6793
54663
6831
54820
54820
6831
55056
6831
6831
6831
55155
6848
55159
55156
6860
55265
6860
6861
55349
55340
55366
6861
55362
55362
55340
55338
55513
55507
55504
6861
55504
55498
6861
55556
6861
55556
6882
6893
6932
6932
6932
6951
55713
6953
6953
6953
55778
55778
6953
55873
55905
55905
55978
6953
6977
6981
56016
6991
56101
56081
6991
6991
56179
56225
7033
56284
7033
7033
56293
56285
56333
7037
7053
56434
7053
7072
7110
7110
7118
7128
7135
56636
56619
7148
7159
56655
7159
56924
56897
7159
7159
7168
7168
7168
7240
7240
7240
57310
7240
7240
57335
57332
57375
7240
57441
57439
57463
57511
7263
7263
7284
57538
57538
7290
57593
57697
7290
7290
57749
7290
57765
7290
57799
7290
57830
7290
7290
7291
7303
7308
57837
57830
7326
7342
7348
7348
58132
58168
7348
7354
58352
58334
58410
58410
7357
7357
7359
7359
7359
58544
7359
58602
58602
7359
7367
7381
7391
58767
7405
7405
58806
7405
59005
59005
59090
7408
7431
59179
7431
59181
59179
7431
59274
59303
59388
7431
7456
7456
7484
59449
7495
7501
7501
59459
7512
59733
59799
7512
7518
7518
59874
7518
7519
59878
60062
60052
60105
60097
60093
7529
60143
7529
7529
7556
7575
60249
7575
7575
60285
60282
60351
7587
60343
7587
7587
7588
60438
60579
60592
60574
60592
7591
7591
7591
7603
7628
7628
60706
60807
7628
60919
60919
60960
7633
61031
61073
7640
7640
7640
61144
61241
7640
7640
7640
7644
7644
7644
61605
61789
61789
61792
61877
7644
61957
61987
61987
7644
7651
61989
62016
7651
7651
7652
62106
62165
62165
62165
7662
7664
7664
62375
7664
62700
62905
62905
63007
7664
63026
62960
7682
7695
63154
63154
63150
7714
63268
63472
63505
7714
7715
7719
63505
7732
7745
63512
7745
7756
7756
63581
7768
63624
7770
7781
7781
7781
7782
63662
63662
63647
7782
7782
63683
63812
64006
7782
64131
7785
64204
7793
64263
7793
7793
7793
7817
7836
7849
64345
7849
64369
7849
64371
7850
64374
7860
7863
64433
64399
7863
7863
7863
64645
64667
7872
7891
64821
7891
7891
64918
7891
64939
7891
7891
64974
64966
65041
65041
7929
65097
7929
7929
65125
7937
7937
65277
65277
7943
65277
7943
65293
65304
7970
7970
7977
7977
7977
7977
7977
7992
8004
65392
8004
8037
65425
8040
65490
8040
8040
8040
8040
65564
65564
65637
8050
65642
65642
8050
65911
8050
8082
65911
8092
65890
65890
8101
8101
65977
8101
8101
8101
66057
66057
66057
66057
8101
66090
8107
8107
66172
8138
8138
8143
8186
8222
8222
66362
66368
8231
66424
66467
8231
66466
8231
66515
66551
66571
66571
8231
66803
8231
66869
8275
66893
8282
8292
8292
67315
67315
67350
67346
8309
67376
67390
67386
8309
67428
8309
8309
67510
67552
8358
8371
67686
8373
67764
67764
8373
67783
8374
8383
67880
67915
8383
8383
8384
67909
8419
67978
8421
68046
68111
8439
8439
8439
68129
68129
68126
8442
68159
8446
8446
8446
8446
68302
68302
8468
8474
8476
8477
68407
68391
68430
68421
8478
68421
68391
68585
8482
8503
8508
8508
8508
8586
8595
8595
68855
68889
8600
68977
8601
8601
8601
69123
8603
8624
69262
69262
69262
69262
69265
8624
69265
69362
69345
69382
8624
8641
69409
8641
69444
69494
69537
8641
8655
8655
8660
69671
8660
8678
69711
69731
8679
8679
8679
8679
8679
8679
8679
69927
8679
70030
70030
70072
70085
70117
8679
8679
8688
8688
8688
8688
8690
70301
8722
8740
8751
8782
70343
8782
8782
8782
70374
70438
8784
8796
8796
70492
70516
70549
8796
70549
70549
70543
8796
8831
8839
70588
8849
8849
8849
8856
8856
8863
70735
8877
70820
70820
70981
71004
8877
70998
8888
71011
71013
70997
71047
8888
71143
71143
71208
71219
71389
8895
8900
8914
71416
71416
8914
8950
8959
71474
8959
71476
8967
8967
71510
8967
71550
71539
71529
71529
71529
71529
71624
71623
8967
8967
71693
8971
8971
71693
71721
8974
8982
8982
71943
71927
71961
8999
9019
9019
72099
9019
9040
72237
9040
72232
9040
9043
72404
72430
9061
72489
72487
9061
72580
9070
72686
72708
72730
9105
9105
9119
72926
72925
72920
73016
72949
9125
9146
73093
9148
9182
73185
9196
9229
9229
73300
9229
9237
9237
9286
9286
73377
9286
73395
9286
73395
73395
9303
73444
73444
9304
9305
73600
9315
9320
73576
9320
73635
73635
73699
9320
73709
9320
9347
9350
73713
9356
9356
9356
9372
73782
73908
73954
9372
73966
9372
73970
9372
9376
74009
74009
73998
9376
9408
74044
9408
74239
9456
74229
74304
9461
74304
74292
9468
9494
9498
74376
9506
74414
9506
9509
9509
9509
9526
9526
74631
74741
74741
9526
9526
9526
9595
74763
74887
9595
74967
74967
75019
75033
75113
9598
75091
9598
75148
75148
75148
9603
9609
75243
9618
75243
75243
9635
75276
9635
75274
75274
9635
75302
75302
75376
75376
9643
75416
75528
75534
9658
9658
75653
75653
9658
75734
75786
9662
75856
9662
9662
9662
75913
9688
9688
76184
76184
9688
76249
76249
76354
76394
9688
9688
76484
76480
76480
9699
76526
9701
9704
76583
76604
9704
76629
76617
9704
9704
9705
9725
76731
76771
9747
9747
9747
9747
9749
9749
9799
77088
77136
77160
9804
9875
9876
9876
9893
77360
77360
9917
77489
9932
77495
77631
77600
77651
77673
9955
77702
77749
9956
9956
77788
77788
9956
9961
77808
77800
77830
77830
9965
9965
78025
78038
9989
78086
78086
10038
10048
78185
78185
78185
10048
78185
78185
78202
10061
10078
78261
78246
10090
78356
78366
78366
78356
10098
10098
78504
78559
10098
10098
10098
10110
78661
10110
10120
10120
78861
10121
10127
10127
79053
79041
79102
79100
10141
79153
10173
79171
79292
10173
10180
10180
10199
10205
79486
79561
79685
79669
10205
10205
79901
79856
79856
10205
10207
10207
10245
10245
80286
10245
80286
10263
80262
80305
10289
80459
10289
10289
80518
10317
80518
80603
80672
80672
10317
80707
10338
80721
10357
80845
80924
10357
10372
81011
10372
10389
10389
10402
81071
81082
10416
10416
81307
10418
81349
10432
81346
10432
81341
81376
81376
81366
10479
10488
10493
81392
81403
10493
81573
10498
81785
81794
81732
10508
81845
81990
10508
81990
81995
10508
82104
10509
10529
82223
10529
10550
10550
82255
10552
82255
82255
82255
82249
10552
82291
10552
10557
10557
82372
10557
82408
10557
82478
10570
82478
10572
10575
82608
10575
82605
82725
82725
10575
82725
82725
82914
82963
83089
83069
10581
10609
10609
83235
10611
10611
10611
10611
83345
10611
83354
10611
83413
83407
83423
10644
83662
83679
83679
10644
10644
83686
83679
10644
10644
10644
10645
83776
10645
83785
83784
83852
10648
83852
83852
83886
10648
10648
84075
10658
10658
10658
84091
10658
84132
84319
84390
10673
10696
84411
10696
10719
10719
84913
84913
10724
10731
85148
10731
85137
10731
85178
85306
85335
85335
85360
85379
10770
10803
85386
85360
85360
10805
10805
85585
85711
85755
85805
85863
10840
85855
10840
10878
86160
10878
10878
86220
10878
86262
10878
86306
86306
10896
86350
10935
10943
86413
86392
86385
10962
86417
86442
10962
86442
10962
10962
11005
11005
11005
86497
86502
11005
11016
86568
11016
11023
86605
86593
86585
86585
11035
11035
11035
86750
11071
86774
86842
11079
11079
86845
11079
11085
11093
11147
11169
87381
11169
87377
11169
11171
87424
87507
11174
87598
87645
87657
87657
11176
11176
11176
87697
87781
11176
11179
11179
11189
11189
11189
11189
11189
11203
88008
88047
11210
88043
11210
88123
88200
88191
11229
11229
11229
11229
11229
11231
88423
88609
11231
88707
11231
88841
11231
88841
11257
88955
11258
88941
11258
88957
11275
89062
89146
11279
89135
11279
11303
11311
11316
11323
89329
11346
11352
11380
11380
89396
11380
11380
11408
11417
11417
11429
11429
89656
89666
89656
89801
89832
89829
11451
11476
89867
11476
11510
11516
11578
11578
11578
89886
11578
89899
11578
11582
11591
11591
11592
11601
11617
90179
11630
11643
90269
11643
11649
11649
11651
11651
11656
90409
11660
90486
11667
90642
90625
90625
11690
90688
90688
90694
11696
11748
90744
90758
90802
11752
11752
90864
11758
90865
11758
11758
90929
11758
90958
90990
91042
91032
11758
91112
11765
11765
91107
11805
11805
91156
91234
11811
11811
91234
91257
11811
11824
11824
11828
91313
91318
91352
91381
91494
11828
11832
11832
11832
91599
11832
91602
91666
91666
11838
11838
91754
91754
91818
91808
91821
91851
91884
91884
11853
11863
11865
91929
92049
11865
11875
92147
11879
11910
92242
92242
92354
92469
11938
92641
11943
92660
92679
92679
92679
92657
11943
11965
92705
92836
11965
11982
92836
11982
11982
11983
92880
92877
11987
11987
92965
92965
93001
12018
93036
12018
93074
12018
12040
93137
93210
12048
12048
12048
12051
93280
12051
12062
12062
12100
12105
12105
93510
93496
12116
93496
93577
93668
93659
93668
93754
12123
93818
12123
12123
93869
12123
12123
94015
12148
94118
94118
12181
94133
94212
12183
12183
94311
94278
12193
12193
12193
12193
94423
12208
12223
12242
94507
12242
94513
94499
12244
94827
12244
12244
12244
12246
94948
95071
12248
12263
95144
12266
95164
95171
12273
12277
12277
95311
95263
12277
95257
12315
12326
95391
95389
95431
12328
95419
12328
12328
12332
95713
95780
95780
12365
95821
95829
95823
12365
95888
12365
96018
12365
96028
12365
12373
96082
96190
12373
12373
12395
96364
12395
12395
12395
96379
96389
96404
96529
96529
96529
96561
96608
12395
12395
12395
96644
12421
96697
96684
96684
96777
96802
96794
96792
12421
12421
96835
96906
12421
12438
96955
96945
96976
96976
96975
96987
96999
12443
97153
97146
97146
97131
12453
97278
97293
97310
12453
12453
97457
97457
97457
12456
12456
97596
12457
12457
12463
97868
12463
12469
12469
98071
98072
12469
98072
12487
98214
12487
98209
98209
98258
12498
12502
98434
12502
12503
12503
98671
98699
98821
98846
98847
98892
98892
98892
12513
98882
98882
98913
12516
12523
99046
99097
99097
12523
99113
12523
12535
12539
12552
99228
12552
12569
99297
99383
99383
12575
12575
99479
99479
12575
99465
99521
99546
12583
12583
99713
99710
12583
99710
12607
12607
99911
12658
99920
99928
12658
12666
100035
12666
12666
12666
100070
12668
100090
100090
100090
12678
12678
12678
12678
100130
100125
100139
100154
100197
12678
100253
100253
100263
100313
12686
12686
12686
100550
100550
12693
100546
12693
12693
12697
100545
100545
100557
100557
12701
12701
100623
12714
100600
100689
100683
12719
100745
100763
100821
12719
12731
101146
101212
101263
101230
12731
12734
12741
101301
12748
12749
101631
101617
12771
12771
12781
101783
101813
12781
12781
12803
102042
12803
12816
12816
12816
12821
102099
102083
102083
102071
102111
12821
12821
102305
102406
102432
12821
102432
102432
12821
12873
102459
102450
12874
12874
102417
102414
12951
102501
102494
12951
102510
12951
102561
12953
102555
12953
102597
12953
102709
12953
12953
12957
12970
12970
13001
102836
13014
102857
13050
102914
13053
13053
103068
103056
103056
13053
103106
13053
13053
103181
103238
13066
13066
103259
13069
13081
13081
13092
103409
13092
13098
13098
103564
13128
13128
103605
13128
13152
13156
13156
103657
13163
103719
103697
13216
13216
103736
13216
13228
13239
103729
103697
13239
13272
13272
13272
103697
103697
103697
103760
103746
13300
103775
13300
13300
103796
103796
13309
13309
103788
103775
103775
103804
103804
13309
103899
103999
104233
104392
13309
13317
13325
13328
13328
104448
13343
13395
104448
13395
104493
104483
104704
104704
104728
104728
104728
104799
13395
104799
104782
13411
104837
104901
104923
104923
13417
13444
104911
104911
104901
104947
105060
13446
13469
105025
13494
13494
105076
105097
105250
13494
13523
13523
13523
105351
13533
13533
13545
13545
105615
13545
13566
105665
13566
13566
105734
105783
13566
105808
105808
13566
13572
13581
13581
13581
13610
106026
13610
13610
106136
106185
106215
106230
13610
13610
13624
106231
106255
106255
13642
106414
106402
13649
13649
13677
106443
106496
13683
106554
106606
13715
106605
13715
13715
106689
106689
106676
106758
106819
13715
106824
13715
106864
13716
13716
106840
106872
13729
13777
13777
106918
13822
13822
107026
13822
13822
107114
107126
107202
13832
13842
13842
13846
13876
107296
13876
13876
107354
13876
107345
13889
13889
107572
107598
13889
107724
13889
13889
13906
13937
107866
107866
107970
13937
13937
108041
108039
108038
13943
108087
108101
108099
108156
13967
13967
13967
108156
108155
13967
13967
108268
108342
108349
108349
13967
108377
13967
13974
13974
108553
108635
13974
13984
13984
14012
108617
14015
14034
14034
14057
14059
108730
108717
14059
108760
14064
108760
108760
108920
14079
109207
109283
109278
14096
14096
109442
14096
14129
14129
109479
14134
109643
109654
14139
109740
14139
14139
14139
14165
14165
109830
109866
109864
14165
14180
14192
14192
14203
109940
109940
14203
14203
14224
110012
110012
14224
110053
14224
110123
14224
14224
110142
110142
14224
14224
110205
110340
14224
14224
14224
14230
14236
110485
110565
110633
110891
111009
111029
111029
14236
111032
111024
14236
14236
111103
14253
111149
111280
14256
14256
111437
111443
111474
111515
111547
14256
111632
111632
111728
111728
14256
14256
14265
111684
111782
14265
14265
111854
14265
112148
14265
14265
14265
14265
112335
14265
112464
112479
112700
112721
112721
14265
14265
112808
14271
14316
112804
112804
14316
112804
112841
14316
112885
112885
112882
14316
112879
112903
112924
112940
112938
14316
14319
14362
14367
112950
14398
112973
112961
14420
14422
14422
14422
113040
14422
113146
14429
14429
14452
113187
113154
113280
113280
113280
14452
14452
113414
113400
14496
113438
14502
14502
113675
14505
113660
113658
14505
14505
113877
14505
114001
14506
14512
113990
114018
114153
114153
114218
14512
14519
114198
14524
114349
114412
14524
114430
114456
14524
114485
114514
114503
14524
114531
14578
14578
14604
114676
114690
114725
114783
114851
14612
14612
115022
14624
14624
115107
14624
115152
115153
14624
14659
14659
14659
115183
14671
115181
115218
14671
14671
14677
115289
14677
14719
14719
14719
14719
115498
115498
115480
115535
115535
115798
115798
115798
115876
14719
14719
14723
115920
14727
116005
116005
116017
116017
116017
116094
116134
116129
14728
116183
116211
14730
116504
14750
116628
116618
14759
14759
14759
14759
116737
14768
116813
116951
116990
116990
116990
116979
14768
14775
14776
117277
117277
14776
117277
117308
14778
117333
14778
117363
117355
14778
117485
117524
14778
117524
14787
117594
14791
117748
117792
14794
14794
14799
117851
14808
14820
117873
14833
117922
117927
117922
14833
14833
14833
14833
14842
118024
14842
14842
14845
14845
118104
118093
118091
14845
118135
118135
118135
118269
14845
14857
118269
118332
118355
118355
118380
118380
118377
14857
14908
118417
118417
14919
118507
14919
14919
14933
118559
118539
14933
14939
14940
118636
14940
14984
14984
118689
118678
118715
14984
118742
15007
15020
15030
118890
118884
118934
118905
118895
15038
118895
15038
15042
119072
119122
15042
15056
119130
15058
119325
15058
119472
15058
119522
119522
15058
119565
119565
119610
119610
15058
119597
119655
119637
119683
15058
15058
119704
119704
119707
119704
119704
15065
119829
119829
119829
15065
119845
119845
15066
15066
119910
119953
119968
120054
15072
15072
120138
15072
15075
15086
15090
15105
120343
120332
15105
120385
15105
15106
15106
120531
15118
120517
15118
120544
15134
15150
15150
120722
15161
15161
15161
120928
15161
15173
121186
15180
15206
121285
15221
121369
15229
15234
121490
121493
15234
15237
121638
121658
15237
15237
15259
121658
15259
121827
15259
122043
122014
122009
15259
15259
15261
122158
122186
122268
15266
122269
15266
122359
15266
15266
122378
122381
15266
15266
122614
122719
122771
122835
15266
122889
122889
122877
122947
123084
123033
15266
15271
123092
123098
15271
15271
123175
15297
15297
123175
123175
123169
15337
123239
15337
15341
123239
123230
15341
15341
15341
123490
15346
15346
15379
15384
15420
123520
123520
123594
15505
15505
15505
15505
123784
123784
123784
15505
15505
15505
15506
15507
124058
124077
124132
124224
15509
15530
124223
15539
124563
15539
15546
124625
15546
124664
15546
124686
15546
124681
15548
15561
124730
124809
124809
124809
15574
124843
124871
15574
15574
15574
15574
125102
15574
15574
15589
15589
125138
125163
125248
125255
15615
15615
15620
15629
15636
15636
125673
125674
15636
15636
15675
15675
15675
15675
125689
125753
125766
125766
125753
125747
15692
15692
125803
15696
125799
15696
15728
125846
15737
125846
125846
15756
125846
15756
125848
15756
125860
125860
15756
125855
15756
15756
125907
15780
125954
126032
15809
126105
15809
15809
15813
126275
126334
126475
126475
15861
126756
126698
127045
15861
127191
15861
127216
15864
127216
15864
127315
127328
15864
15870
127367
127367
15870
127379
127374
15877
15877
127394
15882
15882
127411
15882
127413
127422
127422
15897
127464
127464
15897
15908
15913
15929
127522
127522
15929
127584
127603
15930
127619
15930
127791
127794
15957
127836
15970
127970
15979
15986
15986
128223
15988
15988
128248
15990
15991
15991
128266
128403
15992
16030
128498
16035
16037
128586
128589
16037
16037
16049
16049
16057
16057
128626
16064
128626
128626
16064
16064
128793
128897
16064
16064
16064
129066
129091
129091
16085
16085
129277
16085
16086
129432
16099
129431
129408
16099
129466
16099
129526
16106
129683
16118
129692
16118
129834
129860
16124
16124
16124
16124
129918
16171
129968
16171
16214
16224
16224
16231
130087
130087
16260
130199
130199
16260
16261
16268
16268
16293
130287
16298
16298
130287
16317
16378
130363
130387
130402
16419
130457
130494
130494
16431
130551
130551
16450
130570
16475
130590
16479
130659
16507
16507
130640
130640
16513
130691
130691
130686
130756
130756
16513
130792
130878
130898
16519
16519
16530
16530
16536
16536
131013
16554
16558
131062
16558
16559
16565
16588
131142
131167
16588
131167
16588
131199
131197
16589
131255
16605
16605
16607
131341
131321
16607
16607
131412
131391
16607
16611
16611
16611
16625
16627
16627
131750
16631
16631
16633
131745
131751
16639
131861
131867
16659
16664
16664
132122
132125
132104
16664
16676
16676
16727
132104
16731
16742
16751
16751
16764
16792
16804
16830
16830
16866
132320
132347
132347
132341
16866
16884
16892
132424
16928
132418
132439
16928
132486
16928
16941
132504
16967
16967
17004
17004
17013
132632
132632
132623
132609
17013
17013
17022
17022
132826
132885
17055
17055
17055
133020
133059
133087
17055
133104
133094
133086
17061
133110
133110
17074
17074
133134
133154
17074
133195
133245
17088
17093
17140
17140
133443
17140
17145
133633
133633
17157
133914
17157
17160
133982
134004
134004
134004
17163
134060
134076
17172
134063
134063
17181
17181
134227
134248
134248
134247
17181
17182
17243
134402
17276
17276
134455
134465
17276
17276
17339
17339
17339
17365
134561
17365
17377
17377
17390
17390
134944
17392
134957
134975
17392
17396
17400
135172
17413
135170
135170
135170
17413
135180
135180
17413
17413
135264
17421
135249
135243
17421
135398
135398
17423
17426
17426
135669
135708
135691
17436
17438
135745
135745
135745
17438
135753
135754
17438
135753
135861
135945
17455
135985
17455
17458
17458
17464
136219
17475
136218
17475
17475
17475
17475
136458
17475
17477
17479
136550
17514
136565
17515
136705
17532
17532
17532
136783
136766
17532
17533
17533
17533
136890
136862
17533
136862
17535
136943
17549
136947
136983
17551
137038
137070
137093
137091
137145
137132
137248
137294
137284
137284
17551
137307
137353
17551
17558
17563
137422
137492
17595
17595
137519
17595
137791
138005
17595
138005
138027
138027
17595
138084
138184
138184
138208
17606
17607
17613
138220
17613
138316
138290
138290
138319
17622
17643
138432
17657
17657
138593
138695
17682
138770
138842
17682
138975
139024
139050
17686
139188
139255
17714
139404
17722
17739
139552
17746
139586
17746
139622
139590
139745
139745
139745
17757
139965
139970
140017
140124
17757
140241
140235
17757
140232
17757
17779
140512
17779
17779
140513
140598
140679
140674
140652
140736
17779
140719
140705
17779
140917
17779
17779
17787
140999
17790
141205
17790
141345
17791
141538
141589
141677
141674
141674
141744
17791
17791
141727
17833
17833
141948
142106
17833
17833
17833
142163
142161
142216
17840
142333
142333
17846
142321
142346
142346
142385
17846
142519
17861
17861
17868
142760
17868
142760
17868
142881
142924
17898
142956
143016
143016
17920
143029
143029
143078
143078
17924
143078
143164
143164
17927
17928
143235
143246
17928
143293
143369
17929
17977
17977
17994
143453
143474
17997
17999
17999
18001
18002
18020
18035
18074
18083
18102
143506
143509
18110
18110
143559
18110
18110
143711
143767
143784
18110
18110
18110
18115
143993
18122
144040
144152
18128
18155
144177
18155
144295
144295
144546
18183
18183
18200
144601
18207
18223
144601
18223
144640
18223
144634
144688
144753
18223
144896
145001
144987
18223
145059
145055
145064
18223
18238
145191
18249
18249
18274
18306
18311
18325
145224
18325
145389
18341
18346
145470
18346
145519
18365
18365
145746
18365
145799
18365
145901
18370
18370
146102
18374
18374
18374
146141
146141
18385
146219
18407
146210
18407
146271
18408
18411
18415
146388
18429
146445
18429
146494
146607
18460
18460
18467
146628
146633
18467
147331
147335
18476
147415
147415
18519
147415
147504
147671
147784
147772
147788
148024
18519
18526
18528
18528
148359
18541
148359
18541
18551
18551
148516
148516
148516
148611
18557
148611
148592
18557
148794
18580
18580
148800
18611
148851
148870
148941
18613
18617
18622
148960
148974
148974
148978
149007
18623
18623
18623
18623
149050
149066
149118
149232
18623
149327
18623
18623
18632
18632
18639
18640
149442
149446
18640
18640
149552
18675
18679
18696
149579
18712
149850
149979
18718
150016
18718
18718
18720
18773
150115
18773
18773
18773
18790
150325
18790
18790
150325
18790
18790
18795
18795
150485
18797
18823
18823
150514
150545
18823
150577
150585
150665
18823
150875
18827
150929
150930
18835
150930
150998
150998
151043
18835
151145
18835
151265
18835
151247
151247
18840
18844
18844
151355
151369
151419
151419
151439
18851
18878
18878
18887
151619
151619
18887
18887
18887
151624
18891
18891
151850
18891
151860
18891
18891
151909
151908
152013
152050
18891
18950
152497
152557
19000
19000
19000
19011
19011
152767
19011
152767
152811
152944
152944
152943
19011
19011
153091
153110
153110
153110
19011
19018
19018
153565
153581
153571
153571
153567
153632
153704
153704
153731
153849
19018
153855
19052
19052
19052
153934
19052
19061
153934
19061
154005
154047
154049
19063
154080
19063
154080
19070
19071
154154
154252
154252
154289
19071
154287
154322
19091
19091
19091
19091
19091
154607
154625
19122
19122
19122
19122
19122
19135
154987
155042
19135
19170
155090
19181
155114
19181
19210
19210
155192
155175
19210
155238
19246
19259
155297
19263
155295
19290
155353
155369
155383
155495
155516
19293
155631
155631
19293
19294
155682
19294
155682
19305
19305
155795
19318
155870
19318
19318
155945
19321
19347
155953
19347
19358
156019
19360
156121
156115
156115
156101
156164
19374
19374
156337
156337
19374
156460
19374
19387
19387
156480
156502
156641
156630
19389
19393
156672
19395
156864
157035
19395
19403
19436
157142
19436
157279
19458
157289
157384
157395
157409
157466
157494
19458
19468
157837
157850
19468
19479
157861
157861
19480
157858
157899
19480
19480
158057
19480
158129
158124
19480
158189
19480
19480
19492
158281
19492
19492
158310
158310
158392
158452
19536
19571
19575
158581
19575
158615
158803
158839
19575
19575
158977
19575
19575
159014
19582
19610
159091
159089
19630
159079
19630
19669
159182
159182
19669
159212
159395
19670
159468
159477
159480
159490
159487
19670
19691
159556
159556
19704
19711
159791
159791
19711
159814
159808
159975
159962
160060
160042
160079
19716
160100
160100
160145
160168
19716
19718
160297
19726
160324
160324
160324
19726
19726
19726
160632
19727
160698
19727
19727
19728
160812
160804
19728
160889
19728
160879
160879
19728
160879
160874
19746
19780
19780
161071
19780
161145
161225
19780
19782
19782
19782
19782
161428
19787
19799
19799
161580
161598
19814
161598
161598
19820
19836
161682
19836
19850
19850
19850
19850
161865
19862
161864
161849
19912
19928
161871
161902
161902
162007
19937
19949
19949
19949
19962
19974
162094
162094
162122
19974
19979
162375
162351
162351
19979
19979
19979
19990
19990
19990
20018
162889
20035
20035
162977
20064
20105
20120
20120
20120
163182
163181
163181
20146
20153
20153
163362
163410
20169
163385
20182
163504
20182
163493
163540
20190
163572
20194
20204
163667
20205
20205
20211
20215
20215
20215
20228
163959
20310
20323
20323
20323
20330
20330
20339
20355
20355
20355
164113
20374
164317
164321
20374
164375
164447
164445
164471
164661
164652
164652
20389
20404
164652
164652
20404
164652
164634
20404
20404
164819
164819
164855
164855
20404
20406
164941
20406
20443
20443
164973
164973
164996
20443
165077
20443
20443
165168
20443
20443
165283
165283
20446
20446
165303
165334
20468
165334
20468
165340
165364
165392
20468
20478
165522
165549
20478
20514
20527
165626
165609
20544
20547
165720
165717
165758
20547
165908
20547
165897
20547
165897
20547
20570
165918
20571
165930
20578
20578
166024
166074
20578
20578
20578
166128
20590
166368
166399
166399
20590
20600
166489
20611
166489
20627
166524
20631
166548
166548
166548
20631
166566
20667
166565
20667
166548
20667
166578
166568
20667
166568
20667
166534
166534
166534
166533
166606
166585
20669
166585
20669
166745
20702
20702
20702
166868
166861
166858
20702
166911
166910
20702
20702
167007
20715
167102
167102
167188
20715
167244
20721
20721
167237
167248
167250
20722
167268
20722
167267
20733
167264
20746
167279
20746
167279
167308
20770
167471
20770
167635
167658
167655
167762
20770
20770
167755
20785
20785
20786
20786
167883
167895
20786
167903
20807
167916
167914
20807
20814
20814
20816
20830
168132
168181
168153
168140
168140
20855
20864
20874
20874
20896
20897
20901
20903
168437
168423
168423
20913
20919
168444
168473
20919
20950
168492
168545
168570
20964
168570
168570
20964
20964
168605
168581
20964
21042
21138
168644
168644
168699
21142
21143
21143
168718
168782
168775
168799
21143
21143
168829
168795
21151
21151
21161
21161
21161
21161
168976
168949
168939
21161
169007
21177
21177
21203
169089
21203
169079
21203
169079
21216
21216
169141
169168
21221
21224
169170
21225
21225
169190
21289
169244
21299
21314
169317
169349
21314
169355
169351
169350
21318
169436
169444
21318
21318
169511
169510
169549
21318
169548
21329
169550
21336
169622
169620
169676
169682
21336
169725
169724
21336
169769
21342
169769
21342
169832
21342
21342
169982
21342
170017
21342
21342
21342
170487
21358
21358
170620
170606
21358
21367
21367
21376
170780
21376
21388
21388
170859
170859
170859
170859
21388
170897
21388
171032
171032
171032
21388
21388
171095
171134
171133
171161
21401
21401
21401
21407
21415
171248
171253
21425
21435
21444
21444
21444
171350
21444
21465
21466
21466
21466
21466
171444
171478
21466
21466
21477
171525
21487
21502
21502
21509
171747
21520
21522
171793
171829
21530
171829
21530
21530
21530
171884
21530
21576
171903
21576
21587
171933
172067
172216
21587
21587
172216
21587
21587
172287
172287
21587
172329
172329
21601
172346
172364
172364
172432
21601
172579
172625
172672
21610
172669
21638
21638
172725
172725
21651
172808
172855
172907
21681
173024
21697
21699
173113
173113
173235
21699
21699
21699
21699
21699
173440
173429
173429
173429
21699
21706
173472
173463
21711
173517
173502
21711
173540
21711
21711
21711
173826
173850
21714
21731
174085
21734
174063
174063
21734
174141
21734
174152
174152
21748
21754
174197
21754
174208
174228
21754
21769
21802
21805
174427
21805
174549
174518
21808
21808
174858
174958
21816
21816
21816
21837
21842
175333
175333
175350
175350
175350
175350
175350
21842
175350
175521
175533
175584
21842
175584
21842
21842
175581
21842
175665
21842
175701
175778
175778
175778
175804
21842
21845
175866
21862
175965
21880
21880
176053
176130
21880
176130
176139
21880
21880
21898
21906
176322
176322
176305
176322
21917
176343
21917
21917
21917
176400
21917
21917
176382
21917
21917
21937
176519
21937
176519
21939
176577
176577
21968
22004
22023
22023
176719
176714
22023
176817
176870
22023
22023
22035
22047
176940
22047
22047
176940
22054
22061
22080
22080
22109
22109
177134
22109
177314
177301
22109
177437
177501
177497
22109
22148
22150
22168
22168
22184
177739
177799
22184
22184
22203
177953
22210
22210
178039
22223
22262
22285
22285
22285
178133
178119
178118
178201
22302
178201
22302
22316
22325
178502
22325
178586
178576
22342
22342
22342
22346
178609
178606
178606
178597
22363
22366
178691
22391
22416
22418
178778
178791
178791
22418
178805
22418
178807
22418
178828
22420
22434
22434
22434
22434
178955
178955
179024
22434
22437
22439
179022
179012
22439
179061
179090
22484
179220
179200
22484
22505
179378
179440
22505
22505
22588
179546
22588
179534
22588
179549
179534
179615
22588
179615
179615
22588
22594
22609
22609
179622
22617
179662
179658
179686
22627
22627
22627
179832
179826
22627
179826
22628
179826
22684
179906
179879
180006
180018
22684
180032
180029
22684
180029
180029
180139
22687
180141
180139
22687
180322
180380
22692
22692
22696
22696
180553
22696
180553
180498
22764
180498
22764
180582
180660
22780
22780
22780
22780
180870
180870
22786
181162
181292
22786
22786
181381
181381
22786
22802
22803
181467
181447
22808
181447
22808
181543
22808
22808
22813
22823
22823
181743
22844
22844
22872
22872
22872
22872
22872
182161
182161
22872
22882
22882
182268
22888
22890
22890
182438
22915
22915
22915
22919
182567
22919
22928
182593
22928
22936
182620
182664
182705
22936
22936
182740
182705
22942
182781
182781
22954
182849
182830
182826
22982
22982
23017
23046
23046
183003
23046
183102
23046
23046
183100
183097
23046
23046
23055
183179
23081
183179
23099
183175
183150
183193
23103
23104
23104
23104
183318
183318
183355
183338
183338
23111
183382
23122
183391
23153
183443
23153
23157
183605
23157
183603
23161
183660
183648
183648
183779
183782
23161
183772
23176
183943
23176
183918
23233
23248
23248
183954
23248
23248
23267
184008
183993
183976
184054
184050
184149
23276
184194
184194
184194
184193
23277
184188
23277
184187
184187
184187
23280
184207
23280
184207
23280
23280
184263
184263
23319
23327
184279
23333
184290
184290
184290
184290
184290
184322
184322
23371
184337
184444
184478
23377
23379
23380
23380
184620
23380
23380
184717
184741
23388
23400
184813
23400
184792
23423
184845
185109
23423
185178
185177
23484
185239
185272
185279
23486
185411
185455
23493
185462
23507
23507
185572
185649
23507
185649
23550
23555
185705
23555
185700
185723
185732
23617
185723
185755
23617
23617
23629
23629
185975
185975
185973
185973
186141
186147
23645
186231
23695
186290
186290
23695
186290
186430
23695
186444
186454
186438
23699
186438
23699
23699
23699
186464
23699
23699
186498
186494
23699
23744
23744
186657
186653
186653
186653
186719
186773
186890
23748
23754
186979
186988
23756
187062
23760
187210
23760
187288
23766
187288
23777
23777
23798
23812
23812
23817
23817
187570
23821
187617
187614
187610
23830
23830
187690
23833
23835
23835
187734
187737
187760
23835
23835
23843
23843
23843
23843
188000
187984
188046
188051
23843
23843
188051
188051
23844
23844
23853
23857
188122
23862
188178
23887
23902
23919
23919
188295
188295
23919
23920
188356
188413
23943
23958
188491
188478
188521
23994
23994
188653
188729
23995
188785
188785
24013
24013
188785
188824
24021
24030
24041
24046
24046
188973
24050
189034
189034
189038
24064
189179
189243
24075
189239
24075
189256
189273
24076
24093
24093
189353
24094
189353
189359
24105
189511
24105
24105
24122
189833
189833
189833
189872
189856
189856
189944
189939
24122
24122
24134
24134
24134
190211
24134
190230
190230
24156
190251
24159
24159
24165
24165
190579
190579
190579
24166
24170
24170
24170
24170
191053
24211
191067
191067
24229
191118
24236
24236
191136
191139
24243
24243
191305
24245
191352
24245
191386
191416
24247
24249
191508
191544
24267
191864
191992
191992
24267
24297
192006
24297
24297
24297
192291
24305
24322
24322
192353
24324
24324
24328
192380
192370
192370
24354
24354
24354
192508
192504
24354
24355
24355
24355
192758
24355
192823
192823
24355
192943
192933
192922
192917
192891
24369
24369
192891
24369
24376
24382
193232
24382
193297
193295
24382
193313
24382
24389
24389
193370
193370
24405
193422
24405
24411
24412
193581
24414
193597
24415
193694
193728
193752
24415
193795
193823
24415
193823
24415
193823
193884
193916
24424
194061
24424
24424
24435
194119
194142
194169
194180
24435
194216
24435
24435
24435
194454
194454
24435
24475
24475
24475
24475
194491
194507
24475
24504
24504
24504
24509
194855
24553
194853
194882
194915
194918
194918
194918
24564
194991
24567
24567
24567
24582
195288
24592
195304
195433
195454
24592
24603
195548
195548
195548
195578
195569
24603
195607
24604
24604
195653
195680
195680
24605
24605
24614
195751
24614
195749
24630
24630
195785
195845
24630
195889
24630
195909
24630
24630
24638
24646
196022
196107
196092
24646
24646
24682
24688
196296
196296
196259
196254
24688
196331
196365
24695
196361
24695
24700
196409
24783
196558
24798
196604
196620
24798
196618
24798
196630
196638
196648
196648
196665
196757
196804
24800
24800
196808
196808
196804
24800
24827
24828
24828
196990
196990
24836
197045
197209
197180
24863
24872
197250
197229
24875
197308
24875
24875
197472
24875
24887
24887
24887
24887
197657
24891
197657
24891
24891
24891
24891
24903
197953
198084
198084
24904
24904
198075
24904
198062
198109
24904
24904
24909
24909
24909
24932
24943
198453
24943
198578
198603
24948
24951
24956
24966
24967
198665
24974
24981
198816
198841
198841
24981
198991
24981
199020
199020
199055
24981
24981
24981
24981
24986
199125
24986
199151
199151
199151
199171
24986
24990
25019
199196
25019
199260
25029
25039
199260
25039
25039
199348
25039
199439
199425
199502
25062
199516
199516
199508
25062
25062
199508
25062
25062
199558
199558
25062
25062
25066
25069
199728
199728
199748
25069
199782
25069
25069
199803
25079
25079
25081
25081
199937
25086
200025
200024
200130
25086
25119
200132
200124
200113
200229
25126
25149
25173
200273
200229
200216
25178
200182
25179
200420
25179
25181
25181
25181
25181
200576
25209
25212
200663
25238
200779
200779
200807
25238
25240
201036
201036
201030
201010
201010
201050
201049
201064
25240
201067
25240
25240
25240
201141
201258
25245
201305
201385
25245
25249
25306
25306
25331
25331
25333
201548
25348
25348
201665
25348
201756
201756
25384
201869
201905
25388
201906
25388
25388
25392
202003
25414
202029
202029
202089
25418
25418
25418
25431
202260
202257
25446
202309
202414
25446
25466
202452
202442
202458
25466
25466
25466
25466
25466
25472
202753
25490
202753
202797
202805
25490
202862
202861
25500
25502
202887
202875
25503
202915
25507
25521
202950
202946
202954
202954
202988
25591
25591
202988
25610
25612
25674
25709
25709
203277
25719
25719
25727
25727
25727
203461
203454
25727
25729
25752
25756
25756
203635
25756
25756
203644
203644
25756
25756
203697
203724
203849
25756
203868
25787
25794
203978
204014
25794
204017
204015
25794
204160
25794
204160
25794
204197
25794
204272
25813
25813
25813
204387
25828
204448
204454
25828
204495
25828
25832
25837
204543
25859
204543
25878
204575
25878
204620
204606
204594
204646
204633
25878
25890
204830
204830
25894
204830
25903
204850
25903
25903
204841
204871
25903
25911
205059
205059
205098
205097
25915
205175
205172
25928
205172
25928
25928
25933
25933
205275
25938
205297
25938
25938
25943
25943
205483
26006
205603
26013
205668
205668
26034
26041
26054
205764
26070
205751
26073
205823
26089
206005
205998
26105
26125
26125
26127
206075
206186
26127
26145
26145
26145
206305
26173
26173
26173
26178
206452
26179
206475
206475
206738
26185
26197
206760
206789
26197
26204
206828
26204
206918
26204
26204
26204
26208
26208
207057
26226
26243
207280
26243
207280
207280
26245
207280
26263
26281
26281
26281
207420
26295
26295
207505
26295
26309
26333
26333
207635
207804
26334
26334
207945
207975
26341
207975
207975
26345
207987
26345
208099
208099
208099
208148
208148
208148
26349
208223
26349
26357
26373
26373
208246
26373
208338
26383
26386
208727
26392
208744
26401
208845
26401
208874
26401
208943
208973
26401
209143
26408
26431
209261
26488
26500
209475
26505
209475
209475
209470
26505
209517
209517
26509
26528
26531
209556
209584
26531
209579
26531
209606
26531
26532
26561
209718
26621
26622
209728
209727
26628
209805
26628
209865
209864
26630
26658
209979
210017
210009
26667
26667
210004
26675
26682
26682
26694
210050
210066
26694
210158
210212
210178
210284
210268
210301
210301
210301
210300
26694
210318
26694
26694
26699
26708
26708
210362
210369
26721
26721
26721
210483
26721
210599
210631
210633
210642
210717
210704
210698
26721
26721
210784
210773
26759
26759
210832
26759
210832
210832
26759
210920
26759
211210
26763
26763
211244
26763
211248
211316
211316
26767
26808
26808
26808
211321
26808
26821
211426
211446
211455
211455
26821
26823
211456
211512
211512
26855
211519
26882
211583
211611
211622
26884
211693
26884
211764
211764
26884
26884
26884
211803
26884
211803
26884
211861
211861
26884
211902
26884
26884
26884
211941
26884
26889
26928
26928
212035
26945
26945
26945
212116
26945
212127
212132
26945
26945
212167
26945
26945
26949
212167
212167
212272
26949
212304
212283
212283
212310
26949
26949
212307
26968
212336
212358
212358
26968
26977
212406
26977
212421
212422
26987
212422
212422
26987
212468
26987
212563
26998
27008
27017
27020
27027
27027
27027
212724
27035
212724
212703
27035
212805
27035
27044
27049
27063
212928
212928
212949
27063
27065
212949
27065
213104
213121
213205
213234
27085
213300
27104
213320
213369
213379
27109
27109
27144
27150
213441
213441
27150
27150
213501
213501
27157
27167
27167
213535
213584
213583
213587
27207
27208
27208
27208
213634
27208
27236
27236
27247
27264
213734
27264
213795
27283
213867
27300
213867
27300
213911
213911
213942
27310
27320
213949
214029
27325
214132
27361
27361
27361
214283
27361
27361
214408
214401
27361
214387
27361
27361
214456
214638
214638
27361
27361
27361
27361
27361
214773
27361
27361
214782
214773
214787
214787
27361
27361
27381
214937
27406
214951
27406
214950
215000
215040
215081
215074
27417
27424
27426
215494
27435
215516
215627
27435
215644
215644
27457
27457
215662
27467
215783
27467
27467
215783
27467
27467
27467
215971
27473
27481
27483
216011
216116
216261
216307
27484
27517
27517
27517
216461
27517
216467
216454
27519
27519
216536
216569
216564
216684
216776
216852
216817
216817
216907
216942
27519
217043
27519
27522
217270
27522
27530
217270
27535
217370
217370
27541
27541
27551
217370
217370
27553
27553
217389
217380
27553
27557
27557
217576
217570
27557
217615
217615
27557
27557
217654
217654
27557
217669
217745
217745
27557
27571
217787
217921
27603
27603
217996
218079
218074
218080
218213
218224
27603
218224
27603
218317
27667
27675
218316
218335
27675
27675
218398
218405
218405
218404
27686
27686
27686
27700
218716
218716
27700
218783
218783
218801
27721
218868
218937
27721
27727
218982
218975
218975
27744
27744
219048
219048
219041
219041
27744
219035
27744
219109
219197
27745
27785
27785
27785
27791
27793
219237
27799
219279
219381
27806
219377
219377
219400
27806
27806
27806
219487
219489
219517
219490
219594
219576
219489
219636
219632
27806
219740
27817
27817
27821
219775
219851
27821
27821
219874
219888
219894
27853
219909
27853
219920
219920
27853
27853
219948
219947
220015
220015
220115
27854
27855
220257
220253
220290
27865
220442
27866
27877
220466
220496
27877
220557
27877
220664
27913
220664
220664
27914
220663
27914
220673
220663
27914
220791
220779
27914
27933
220861
220861
27933
220861
27933
220892
27946
221122
221114
27946
27955
221114
221090
27963
221162
27968
27968
221404
221404
27974
221404
221400
221400
27974
27974
221485
27974
221684
221684
221684
27975
221684
221684
221703
221738
221755
27976
27989
27995
27995
221755
28000
28010
28010
28010
28011
28011
221898
221898
221898
221896
221967
28017
221967
221959
221954
28064
222118
222118
222118
222138
222138
28064
28064
222365
222364
28065
28068
222498
222506
28068
222519
28082
28103
28107
222639
222640
28129
222826
222873
222846
28130
28130
222873
28141
28146
222928
28146
222962
28146
28146
28153
223018
223040
28185
223031
223061
223206
223204
28199
223381
28201
223481
28201
223533
28201
223530
28206
223530
28212
28212
28212
223829
223866
223865
223917
223918
223916
28212
223951
28212
28215
28216
28216
223954
223976
223972
28224
223990
28249
224224
224247
28249
224276
28249
224352
224342
224342
28249
28249
224545
224545
28291
224645
224634
224646
224646
28291
224680
28291
224720
28291
224735
28291
224820
28291
28303
28343
28360
28363
224974
225034
28363
28369
28369
28373
28396
28396
28396
28410
28412
28412
28412
28412
225331
28413
225331
28413
28422
225365
28448
225379
225379
225365
225344
28448
28466
225407
28466
28466
225385
225467
225513
225506
225596
225596
28478
225636
28478
225693
225690
28493
28500
225698
225772
28504
225772
225772
225772
225772
28516
28516
226023
28516
28516
226075
28532
28532
28535
226406
28535
28535
226479
28538
226479
28540
28540
28588
226489
28588
28588
28588
28588
226608
28624
28624
28632
28642
226630
28642
226703
28666
28666
28675
226725
226756
28691
28691
226765
28691
28724
226854
226897
226897
226897
226905
28727
28729
227009
227008
28737
227067
227067
227067
28753
28753
227096
227096
28818
227211
227212
227250
28818
28826
28826
28826
28842
227464
28842
28845
227471
227472
28845
227565
227565
227595
28845
28860
28863
227634
28874
227693
227789
227862
28886
28886
227957
28886
228071
228060
28913
228060
28922
28922
28925
228080
28925
228133
228168
28934
28953
228247
228247
28953
228247
28953
28969
228297
28970
228302
228302
228358
228407
28970
228425
28970
28970
228518
228602
28970
28970
228610
228610
228619
228643
228645
228632
228631
28971
228656
28980
228664
28980
228680
28983
28983
228812
228818
228812
228866
29035
228866
29048
29048
29048
29048
29048
29060
29060
29060
29060
29060
229036
29060
229063
229090
29060
29060
229090
229148
29066
229378
29070
29071
229563
29071
229589
29079
29079
229729
29079
229759
29093
229833
229879
229871
229919
29093
229924
229919
229919
229919
29093
229926
229919
29125
229957
229955
229944
29159
29159
230009
230017
29167
29167
230055
29246
29251
29251
230103
230103
29254
230112
230112
230108
29254
29254
230168
29254
230144
29256
230220
230191
29266
230223
230334
29266
230411
230405
29275
29278
230441
230465
29322
230488
29339
29345
29345
230538
230558
230579
29345
29345
29350
29359
230689
230717
230717
230713
230764
29365
230868
230874
29365
230951
29370
230916
231019
231042
29370
29389
231037
231078
29389
29393
29408
29413
231424
29414
231461
29414
231461
231575
231575
29414
231598
231690
231740
29414
29417
29417
29428
231870
29428
29428
231936
231975
29428
29437
232005
232062
29437
232112
29499
232120
232112
232101
29499
29513
232296
232296
232330
232369
29527
29527
29534
29539
29543
29543
29555
232764
29571
232761
29572
29579
29579
29606
29606
232801
232801
29628
29633
232826
29633
232855
232851
29645
29660
29660
29660
232954
29676
29676
233122
29696
233122
29701
233190
29701
29701
233489
233491
29721
29721
233614
29721
233620
233651
233633
233662
29721
29721
29721
233749
29721
233814
29721
29721
233899
233928
233949
233949
233949
