999987
999893
999895
999972
999895
999893
999972
999972
999954
999845
999953
999935
999895
999833
999840
999895
999893
999815
999877
999815
999877
999877
999875
999875
999859
999859
999845
999833
999657
999815
999657
999672
999815
999564
999815
999815
999441
999441
999795
999418
999274
999793
999793
999253
999793
999240
999793
999793
999793
999793
998856
998855
999793
999772
999752
999752
999730
999730
999730
998758
999726
998610
999710
999710
999702
998563
998563
998546
998528
998532
998514
999702
999702
998439
998434
998434
999672
998373
998373
998342
998342
999672
999672
998289
998284
998296
998305
999672
998251
998251
998205
998186
998186
998103
999633
999630
999630
997982
997870
999628
997766
999628
997761
999628
997747
997731
997731
999628
999628
999628
999628
999626
997560
999626
997540
999626
999617
999595
999595
997402
999588
997392
997278
999588
999586
999586
999586
997077
999586
997042
999579
996951
999579
996908
999564
996818
996832
996843
996850
996710
999564
999564
999560
999557
999553
999535
996618
999535
996543
999526
999521
996459
996459
999521
999521
999518
996414
999518
999516
999501
999501
996357
999501
996321
996285
999474
996214
999474
999462
999455
996171
999449
996107
996093
999438
996106
996112
996112
996112
999423
995907
995907
995926
999418
995879
999408
999408
999408
999408
999381
995547
999381
999381
995458
995459
999381
995459
999374
999364
995366
999364
995321
995304
999364
999364
999364
999364
995150
995114
999341
999338
999335
999335
999335
999335
995023
999335
999335
994924
999308
994904
999308
999308
999308
999304
994712
994712
999289
999289
994528
994528
999268
994470
999268
999268
994426
994426
994426
999268
994424
994426
999265
994390
999265
999265
994355
994276
999261
999253
999243
994223
994221
999243
999243
994214
999243
999240
999240
994161
999240
994091
994057
993944
993960
993786
993786
999239
999235
993784
993784
993778
999235
999235
999230
999201
993695
999183
999181
999157
999157
999157
999130
993403
993405
993325
993309
993176
999130
993178
999117
993143
993143
999117
993119
999073
999073
999066
992812
998988
992753
992662
992664
998981
998977
992498
992498
998944
998944
992288
992286
998940
992056
992056
992056
992041
998933
998933
991912
998930
991912
998927
998917
991897
998915
991778
991778
998913
998913
998913
991758
998910
991571
998892
991536
998887
991495
991409
998887
998882
991410
998882
998882
991278
991258
991264
991249
998882
991233
998878
998878
998875
991189
998875
998875
998875
991002
998873
991002
998873
998873
990961
998865
998865
998865
998865
998865
998835
990730
998835
998835
990667
990667
998835
990667
998832
998832
990467
998832
990389
990389
998832
998832
990359
990334
998832
998832
998832
998832
998822
998811
990106
990106
998811
998811
998811
990040
998811
989986
989986
989989
989956
989764
998810
989668
998803
989620
989646
998796
989618
989580
989564
998777
998760
998760
998760
989530
998760
998733
998731
998725
998725
998725
998725
989277
989300
989263
989263
998725
998725
998680
989139
989139
989109
998680
998671
988840
988833
998657
988700
998657
988690
998657
988690
998645
988543
988542
998645
988521
998645
998645
998645
988383
988383
988388
988423
998632
988457
988474
988476
988476
988476
988359
988359
998632
998632
988239
998627
998627
988101
988105
998622
998622
987969
998622
987966
998610
998610
998610
998610
998610
987805
998602
987737
987761
998602
998595
987761
998592
998592
998592
998587
987593
998587
998587
998587
998542
998542
987478
998542
998542
987326
987326
998533
998533
998533
987164
987138
998532
998514
998512
998509
998509
998486
986997
998469
998458
986997
998458
998456
986976
986976
986976
986842
998456
998456
998448
998443
986838
998439
986813
998439
986764
986747
998439
998426
998418
986710
986710
998416
986677
998416
998399
986595
986509
986523
986437
998399
986406
986295
998397
998371
998371
986014
998371
998364
998362
985971
998362
998362
985922
998337
998324
998319
998319
998311
985688
985688
998307
985658
998307
998307
998275
985631
998268
998245
998245
998240
985544
998240
985493
985493
985493
998236
998235
985508
985474
998209
998209
985258
998205
985260
998186
998186
998186
985215
998168
998168
985204
985204
985204
998165
985167
985142
998165
985076
998165
985076
998165
985040
998165
998165
985034
984936
984895
984845
984705
984668
984668
998160
984669
984672
998158
984687
984687
984705
984713
998156
984569
998156
984522
998156
984522
998125
984522
984498
984458
984472
984472
984455
984455
984477
998125
984426
998110
984447
998089
984501
984346
984331
998089
998075
984259
998071
998067
998067
998060
984230
984230
998060
998051
984167
983988
983807
998051
998051
983705
983662
983631
983620
998039
998039
998039
998029
998007
983510
997995
983362
983362
997992
983359
997965
997965
983311
997948
997941
997881
983271
997881
983267
997874
983260
983227
983227
983227
997872
997872
983192
983192
983153
997872
983179
997872
997870
997867
997867
997854
997854
982885
997854
982747
997854
982747
997812
997805
997789
982662
997783
982616
997762
997749
997749
997747
997747
997746
997743
997731
997724
997644
997639
982247
997629
982164
982006
997603
997595
997595
997595
981900
997595
997595
997595
997594
997587
981826
997587
997587
997583
997580
981791
981746
981742
997580
997579
997579
981731
981731
997572
997572
997560
997560
981678
981678
981691
981649
997550
981649
981668
981530
981475
997550
997549
997540
997530
981262
997529
997529
981224
981192
981192
997513
997508
981182
981182
997508
997508
997507
981149
997474
981152
997474
997474
981115
981108
981101
997474
997474
980789
997474
997474
980647
997474
997455
997425
997425
997417
997417
980661
997417
997392
997388
997388
997388
980293
997383
980273
980273
980223
980115
997383
997369
980115
980094
980094
997369
979992
997349
997349
997326
997306
997306
979892
979767
997306
997287
979632
979638
997287
997287
979603
997287
979559
979572
979513
997287
997287
997287
979299
979281
997279
979141
979092
997279
997279
997279
997278
978867
978867
997278
997264
997264
997255
997255
997255
997255
978621
978568
978542
978520
997237
978507
978518
997203
978525
978450
978450
997203
978436
978434
997199
997199
978370
997198
978298
997165
978254
978258
978227
978111
997148
978111
997145
978093
978045
978001
977949
977949
977919
997145
977881
977881
997124
997100
977868
977868
997091
977766
977713
977681
977681
997091
997086
977673
997081
977684
997077
977684
977692
977696
977696
977713
997077
997077
997062
977655
977655
977662
997062
997056
997051
977389
977405
977000
977000
997042
976951
976927
976787
996989
976549
996989
976492
976511
976511
996989
976470
996989
976307
996959
976246
996955
976180
976149
976151
976155
996951
976155
996951
996921
976141
996918
976047
976047
996918
976018
976018
996915
996915
996871
996851
975689
975693
996851
975694
975645
975645
996799
975611
996799
996780
996710
975551
975480
975481
975495
996710
996702
975238
996702
975212
996702
996696
996696
975128
975143
975096
996696
975096
996696
975096
996696
974906
974906
974905
996696
974787
974744
974744
996662
974746
974481
996662
974300
974317
974200
974177
974177
974179
996658
974123
974114
974146
996657
974084
973949
973949
973949
996652
973949
973949
973949
973915
973915
996652
996652
973697
996630
973605
973622
973651
973496
996623
996623
996613
996613
973483
973490
996613
996608
973389
973383
973383
973254
996607
996607
973089
973082
996607
996603
973027
973022
972910
996602
972851
996602
972842
996602
972831
996602
996602
972817
972789
972789
972789
996591
996588
996570
972649
996570
996567
972564
972576
972496
996545
972376
996545
972376
972349
996536
996536
972308
996536
972349
972366
972219
996511
972132
972132
996511
996511
972110
972110
996507
971934
996507
971899
971856
971856
996507
996491
971602
971582
971582
996491
971571
996484
971471
971465
971471
971477
971381
996484
996484
971333
971264
971226
971226
971188
996484
971177
971153
996484
971153
996483
996483
996483
996483
971022
971022
971023
996483
971008
996483
996475
996459
970920
970846
970791
996459
996459
970791
996442
996442
996442
996442
996442
970562
970562
996440
970474
970457
996433
996428
970385
970328
996405
996379
996378
970225
970225
970225
996378
970215
970215
970208
970195
996378
970095
996378
970079
970076
970062
970073
996378
970076
970077
996378
996375
996375
970079
970045
996375
996375
996375
969997
996375
996373
969909
996366
996366
996366
969781
969776
969754
969754
969752
996356
969676
969676
969638
969638
969551
969541
969539
996355
996344
969471
996344
996344
969487
969487
969364
969364
996342
996342
969213
996342
996341
996331
969108
969069
996330
968977
968977
968977
996328
968805
968757
996321
968753
996321
968744
968772
996318
996306
968772
996306
996306
968687
996304
996304
968494
968501
968501
968494
968464
968402
968447
968447
968356
996302
968338
968338
996294
968312
996282
996282
968245
968245
996256
968107
968115
996253
996245
968115
996239
968037
967998
996235
996200
967951
996198
996198
967667
996186
967420
967420
967416
967396
967390
996186
967350
967284
996180
967273
996171
996171
967206
996171
967119
967119
967047
966961
966939
996171
996147
996147
996133
966865
966829
966813
996130
996129
966690
966679
996129
996070
996047
996047
966609
966634
966636
966601
966601
966601
996047
966507
966503
966503
996034
966504
966441
966404
996021
966380
996016
966297
966260
966260
966148
966136
995998
995991
966045
966053
966053
965990
966001
995973
995955
965948
995943
965948
995943
995943
995930
995930
995901
965791
995901
995895
965510
995895
995861
965484
995857
995836
965436
995830
995830
995822
965321
965321
995822
995775
965255
965255
995756
995753
965195
965180
965180
995753
995752
995752
995747
995643
965036
965036
965016
964984
995638
964849
964845
995630
964767
964762
964762
995629
964762
964761
964761
964671
964671
995629
964601
964547
995624
964505
964511
995622
964502
995622
964381
995622
964299
995615
964299
964294
964294
995615
995602
995601
995582
995558
995558
995558
964182
995558
964168
995551
964115
995551
963977
963977
963929
963929
963942
995548
995548
963848
995548
995548
995547
995516
995516
963738
963556
995516
995516
963375
995516
963364
963298
963292
995509
995492
963197
963197
995482
962957
962875
962875
995482
962840
962805
962776
962798
962720
962703
995478
962621
962563
995459
962563
995452
995452
995452
995452
962373
995439
995439
995414
962343
995414
962343
962343
995395
995392
995390
995381
962256
995366
995366
995366
962029
995366
961982
961964
961964
961964
995366
961827
995359
961793
995354
961775
961755
961755
995354
995354
995347
995347
995347
961655
995347
995344
995341
995338
961531
995338
961293
995333
995333
961206
995333
961172
961064
995329
961097
961017
960988
960994
995329
995329
995329
960855
995329
960751
995329
960752
995315
995303
960724
995286
960691
995286
995270
995270
960611
995270
960448
960448
960448
995241
995241
995241
995241
960317
995218
995218
960266
960266
995217
995217
960263
995165
960171
995164
995154
995150
960042
960042
959995
959995
995117
995117
995117
959831
995117
959831
959820
959757
959685
995117
959635
995117
995117
995117
995117
995117
995117
995117
959003
995107
959027
995091
958950
958819
958764
958764
958766
995063
958616
958620
958544
995063
958387
995063
995062
995062
995062
958344
995060
958368
958303
995060
995060
958242
958261
995060
958231
958261
958221
958224
995059
958134
958134
995054
995054
995054
995054
995005
958033
994970
958030
958030
958030
994970
957878
994970
994953
994942
957705
994942
957714
994932
957679
994932
994932
957608
957616
994924
957568
994915
957519
957536
957536
957467
994904
994887
957358
957358
994880
994880
957276
957269
957256
994870
994861
994861
994861
956969
956787
956787
994788
956787
994788
956787
994782
956746
956754
956754
956770
956735
956709
956676
994777
994777
956641
956655
956670
956673
994777
994777
994770
994758
956512
994758
956512
994758
994753
994746
994744
994744
994740
994740
956237
956234
956232
956200
956153
994728
956166
994722
994722
994717
994717
956037
956032
994717
994717
994713
994712
994712
955902
955917
994707
994707
994707
955841
955849
994707
955717
994707
994707
994700
955582
955595
955618
994672
994672
994658
994658
955500
955441
955446
994611
994611
994611
955324
955324
955332
955281
994611
994611
994611
994611
955258
994611
994600
994600
955294
955294
955176
955184
994600
994600
955088
955088
994600
994589
955075
994578
994568
994565
994565
954759
994548
994548
954759
954769
994548
954693
954616
954575
954450
994548
994541
994534
954266
994534
954316
954222
994464
954221
954221
994439
994439
954221
994439
954221
954150
994439
954006
954008
954008
954008
994439
954008
994439
994439
953997
994439
994437
994426
994426
994421
953956
953918
953906
953907
994420
953799
994398
994390
953745
994390
994390
953665
994390
994380
953628
994380
994380
994344
994344
953579
994276
953563
953578
994276
994249
953579
953481
994249
953379
953371
953371
953371
953322
994249
953147
994249
994249
994223
994223
953128
994223
994200
994200
994200
994183
952864
994183
952864
994183
952683
952704
994183
994183
994183
952587
994183
994163
952480
994141
952324
952361
994137
952320
994137
994137
994136
952242
952195
952203
994106
951871
951872
994098
951872
994092
994081
994081
994076
951860
994061
994061
951795
994061
994061
951734
951723
951700
994061
994061
994057
951633
994057
994026
994022
951591
994022
951518
994022
994022
994000
951444
951400
994000
951398
994000
993987
951398
951371
951297
993986
993943
951301
951165
993943
951165
993943
993943
950978
993938
993938
993938
950914
993934
993930
950763
993897
993897
950595
950454
993880
950446
993857
950367
950335
950294
950231
993856
993853
993853
993853
950147
993851
993818
993810
949983
949970
993810
993810
949934
993810
949920
993800
949810
949804
993800
993800
993800
949795
949795
993800
993793
949780
993786
949759
993786
993785
949708
949714
993784
993784
949714
949729
949696
949729
993781
949662
993781
993781
949643
949638
993778
993769
949541
949541
993769
949425
949425
993765
993756
993756
993756
993756
949091
949091
949080
948989
948839
948758
948670
948684
993756
948684
948707
948707
948665
993756
993753
948529
948408
948360
993748
993738
993738
948333
948299
993738
948154
948148
948148
948148
993738
948121
993738
993738
948093
993718
993705
948093
948105
993702
948105
948105
993702
993702
993702
993702
948081
948085
993695
948045
948038
948038
948045
993687
947997
993687
948045
993670
948074
993670
993641
993641
993641
947791
993641
947805
947805
993641
947697
993641
993641
993633
947418
947395
947395
947341
993632
947319
993627
947265
947216
993612
993612
993597
947153
947142
993591
993591
947104
947018
993590
947018
993590
947005
946974
993543
993543
946992
993526
993526
946936
993526
946936
993521
993518
946884
993518
993518
946769
946671
946670
993508
993508
946582
946582
946539
993508
993490
993488
946395
993488
946382
946382
993459
946360
993459
993448
993448
946112
993448
946032
993448
946055
945966
945888
945838
993448
945838
945861
993448
993447
945835
945835
993447
945771
993447
993429
993423
993392
945651
945651
993381
945564
993369
945564
945564
945564
993357
945577
993353
993353
993353
945373
993328
945293
993309
993307
993302
945125
993301
945110
993301
993280
993278
945017
993278
993269
993242
993239
944982
944985
944957
944969
944969
993230
993215
993214
944934
944934
993191
944543
944469
944478
944466
944485
993189
944457
993189
993189
993179
993179
993178
993178
944404
993178
993178
993167
944324
944240
993167
993167
993145
993145
944130
993145
944100
944107
944112
993128
993128
993128
993118
944125
993118
993116
944081
993113
943888
943882
993113
943792
943787
943760
943769
993103
993092
993091
943720
993074
943720
943661
993074
993067
993067
993064
943605
993064
943511
993063
993052
943148
993049
993047
943023
993047
942893
993038
942865
993025
942865
942869
993025
993025
942759
942704
993003
942561
993002
993002
993000
992950
992950
942023
941997
992947
941965
992947
941823
992947
992932
941791
941788
941747
941754
941710
941562
941592
941546
941439
941441
941358
992915
941321
941321
992915
941220
941220
941129
941129
941083
992915
992915
941002
992908
992908
992908
992908
940921
940833
992908
992906
940767
940748
940774
992897
992897
992897
992884
940329
992876
992848
992839
992818
992817
992792
940121
940121
940130
940109
940109
940130
939954
992788
992780
939691
992780
939691
939688
939691
939711
939712
939611
939609
992776
939611
992753
992732
939611
992732
939546
992732
939400
992732
939394
939391
992732
992708
939225
992708
939166
992694
992694
939174
939083
939067
939067
992689
992687
992672
939078
939083
992662
992659
992659
938912
992640
992640
938799
938794
992639
992639
992628
992628
992628
938501
938501
992628
992619
992608
992585
938099
938080
992576
992574
992574
937955
992564
992563
937819
992563
937830
937837
937837
937813
937844
937859
937859
937859
937873
992563
937874
937879
992561
992523
992523
937633
992523
992523
992518
937494
992518
992518
992502
992502
937343
992491
992491
992491
937215
937190
992481
992481
937004
936968
992481
936918
992481
936902
992481
936902
992481
936879
936752
992473
936720
992473
992456
936700
992456
992456
992454
936570
936562
936560
936519
936441
992440
936441
936455
992432
936457
936352
936359
936388
936293
936247
992393
992388
992388
992378
992378
936153
992373
992373
936137
936132
936132
936130
992373
936132
936036
935991
992369
992369
992369
935760
935760
992368
935771
935726
935726
992368
992363
992359
992359
992346
992330
935399
992322
935348
992322
935325
935325
935119
992302
935053
935053
935053
935058
935058
992302
935022
992302
992290
992288
992288
992288
992288
934767
934767
992254
992254
934652
992254
934556
934525
992160
934525
992160
992105
934295
934295
992089
934253
934253
934256
992089
992088
992076
934138
934044
934035
992076
992073
933930
992068
992068
933825
933778
992068
992060
992056
992042
992041
992030
933676
933690
933647
933605
992016
992016
992006
933582
992006
933582
992006
933582
933553
933491
933510
933515
991976
933481
933485
991947
933411
933419
933428
991944
991944
991944
933377
933377
933377
933353
933326
933093
932938
991944
932892
991937
932757
932782
932727
991935
932723
932727
991934
932450
991913
991912
932322
932310
991909
991897
932310
932310
932331
932331
991893
932331
991893
991893
932139
932038
932038
991893
932020
932020
991893
991893
991892
931986
931986
991890
931989
931945
931885
931885
931878
991846
931849
991846
931849
931849
931849
931859
931875
931800
991832
991826
931782
991812
931787
931790
931768
991812
931723
931658
991812
931553
991809
991809
931396
991809
931336
991779
931255
931186
991779
991779
991778
931186
991778
931186
931176
931176
931081
931008
931008
931011
991777
991777
991774
991774
991773
991772
930830
991757
930830
930717
991754
930635
930635
991736
991736
930635
930585
930585
930596
930600
991736
991736
991715
991692
991692
930459
991686
930459
991656
930375
991651
930326
991630
930216
930201
991627
930069
930068
991627
930068
930044
991627
991627
991612
929929
929887
991612
929765
929766
991571
929730
991571
929689
991557
929689
991536
929651
929632
991534
991520
929530
929543
929543
929518
929518
929518
929504
991520
929477
991520
929453
929465
929465
929444
991515
991508
929282
991508
929282
929223
991502
991502
991502
991494
929096
929086
929002
991494
928964
991494
928783
928810
991494
991470
991470
928619
928567
991467
928519
928519
928503
991457
928436
928416
928342
991440
928283
991438
991438
928162
991438
928126
928139
928140
991438
928140
928089
991438
991438
991438
928079
991438
928081
991438
928023
991438
928043
927924
927777
991438
927777
927777
991437
991426
927647
927689
991424
927368
927378
927278
927296
991424
927221
991424
991424
991418
991418
927024
991410
991410
926877
991403
926836
991382
926751
926738
991348
926699
926681
991348
926638
926529
926506
926510
991348
991348
991336
926286
926286
991336
926135
926139
991329
991318
926110
925911
991311
925846
925848
925843
925753
925753
925750
925750
925748
925750
925735
925634
925643
925594
925530
925499
991311
925514
925526
991311
991311
925284
991310
925256
991310
991284
991279
925177
991279
991279
925105
925090
925093
925081
925061
991250
924950
991249
924950
924953
991244
924839
924839
924846
991232
924860
991221
991203
991197
924797
991197
924790
924586
924592
924650
924557
924371
924064
924074
924074
924044
991189
924044
924044
991188
991188
924006
991188
924006
923955
991184
991183
923841
923801
923826
923794
923792
991177
991177
923620
991177
923572
991177
991164
923467
923408
991164
923466
923337
923337
923341
991163
923289
991163
923289
923291
923238
923199
991163
923055
991156
991156
922942
991145
991145
922933
991130
922908
922908
922703
991115
991089
922504
922459
922462
991079
991068
922426
991068
991059
922316
991059
922229
991055
922202
922166
922143
991055
991055
922143
922139
922139
922139
922143
991055
922143
991045
921932
991028
921798
991028
921790
991024
921772
991014
921777
921799
991014
991004
991002
991002
990998
921622
921633
990998
921530
990998
921494
921439
921377
921362
990997
921359
990997
990987
990987
921099
990961
921087
990961
990959
990959
921004
990956
990956
920869
990956
920824
920824
920780
990954
990954
920677
920676
920680
990926
990916
990916
990896
990896
920616
920617
920619
990896
990895
990872
990872
990872
920310
920199
990829
920163
990829
990829
920110
920110
990829
990829
990827
920048
920011
919945
919960
990827
990827
919917
990827
990817
919901
919901
990817
990817
919772
990817
990795
990792
990792
990788
919632
990788
990782
990780
919613
990777
990745
919537
990743
919538
990708
990708
919459
919482
919400
919385
919365
990708
919382
990662
990662
990662
919226
919242
919179
990648
919112
990648
919058
919064
990648
919025
918985
918987
918921
918925
990625
918925
990621
918925
918873
918853
918814
990614
918800
990611
990597
990571
918800
990571
990560
918801
918781
918791
990560
918733
918694
918696
918707
990560
918617
918595
918617
918552
918552
918552
918552
990557
990557
918285
990557
990557
918267
990555
990555
918204
990525
918154
918136
918118
918069
918069
990525
990525
917926
990525
990525
917757
990525
990525
917758
990525
990511
917698
917575
917575
917593
990511
990511
917363
990511
917299
990511
990511
917166
917049
917014
917029
917029
990508
990508
916982
917032
916873
990508
990508
990508
990508
916678
916678
990504
990504
916503
916389
990504
990504
916249
916251
990471
990471
990467
990455
916134
916087
916009
916009
990427
916009
915974
915922
915872
990427
915782
915724
990408
990408
990408
990408
990403
915534
990403
990403
990403
915491
915491
915492
915492
915307
990403
990399
915312
990399
915200
990399
915036
915036
990399
990399
914966
990399
990391
990391
914920
990391
990389
990389
914856
914836
914836
914855
914855
990342
990342
914767
990342
914744
990331
914720
990319
990317
914717
914720
914701
990317
990307
990307
990307
914374
914374
914361
914361
990307
914346
914256
914241
914237
990303
914203
990303
914194
990301
990299
990278
990255
990251
990248
990248
913935
990248
913936
913936
913833
990218
913852
913858
913741
913752
913757
990198
990198
913774
990198
990170
913428
990170
913391
913413
913384
913351
913351
990170
990141
990141
913193
913197
913056
913083
913091
990141
990109
912898
912906
912820
990109
912820
990109
912820
912795
912795
990092
912540
990092
990092
912495
912417
912409
912404
912405
990080
990072
990061
912224
912226
990056
912051
990044
990040
990034
911890
990034
989994
989989
989989
989956
989956
989956
989956
989930
989919
989919
989906
911219
989895
911104
989895
989868
989846
989844
910991
989844
989844
910860
989844
989835
910813
910749
989821
910636
989819
989816
910572
989816
989816
910398
989811
910242
989811
989811
989811
910048
989802
989802
909996
909995
909995
909930
909892
909862
989802
989785
989785
989764
989764
909713
989764
989764
989762
909468
909468
989756
989707
989707
989703
909456
989703
989684
989684
989676
989676
909288
909288
989676
989676
909162
909146
989676
909082
989676
989676
909082
989676
909050
989657
989596
908570
908571
908554
908555
989589
989580
908518
908532
908532
908501
908501
989566
908456
908456
989540
989530
908259
908259
908259
989523
908259
989523
989523
908229
989522
908231
989520
989503
908139
908096
989503
908102
989490
989490
908067
989459
989450
989450
989438
989438
907846
907846
907846
989433
907887
989433
907730
907780
907711
907711
907695
907629
907625
989433
907425
907426
989433
989424
989374
989343
907135
907103
907103
989343
907074
989343
906951
906906
906898
989343
989343
989338
906771
906789
906819
989338
906679
989338
989335
989335
989335
906555
989332
989300
989268
989268
906334
989268
989264
989264
989263
989263
989263
989262
989262
989262
906193
906193
906101
989262
989262
906006
905978
905915
905685
905643
989262
989258
989242
989241
989237
905263
905211
989215
905220
989205
989205
989205
989203
989203
989186
905090
905088
989184
989184
989184
989184
905088
905028
989184
989156
904803
904790
904790
904791
989145
989145
989144
904723
989144
989142
904690
904628
989142
989135
904628
904547
989127
989127
904354
904354
989109
904330
904330
989094
904330
989094
904361
989073
904215
989073
989068
904215
904181
904181
904181
989068
989067
989062
904136
904082
989062
903862
989056
903889
903824
989043
989043
989042
903696
989028
903601
989028
903606
903597
989028
989008
903606
903573
903575
989008
989008
989008
903451
989003
989003
988982
988949
903356
988949
988943
903303
988943
903220
988943
988932
988931
988922
902987
902921
988917
902839
988917
988902
988902
902729
988901
988901
988901
988901
988851
988851
988844
988844
902535
902497
988839
902316
902250
988812
988812
988792
902173
902124
988778
902095
988754
902083
988754
902063
988741
988741
901927
988731
988731
988731
901873
988730
988727
988723
901699
988723
901571
988716
901477
901482
988708
901355
901355
901256
901256
901206
901220
901228
901230
901157
901116
900924
988699
900900
900791
900816
900834
900740
988699
900711
988699
988699
900711
988699
988699
988693
988693
988675
900585
900550
900538
900545
900560
988657
900256
988655
900143
900143
988655
988643
900035
988633
899972
988632
899866
899718
899734
899625
899613
988632
899617
988628
988628
899539
988628
899513
988628
899487
988625
899522
988625
988625
988625
899382
988625
988625
988625
899404
899404
988592
899404
899375
899258
988587
988587
988551
899162
988551
988551
988551
899124
988543
988542
899066
899066
899034
899034
899062
988542
988542
988537
988537
898809
898809
898809
898735
898521
898521
988537
898478
988537
898471
898393
988521
988521
988512
898333
898333
898339
988506
988506
988504
988503
988503
898207
898123
898123
988499
988480
988480
988476
897882
897882
988380
988339
897724
897724
988339
988339
988339
897724
897724
988338
897743
897708
988307
897694
988307
897692
897675
988307
988307
988307
988307
988296
897540
988296
897524
897476
897391
988253
897339
988253
897339
897345
988253
988252
988252
897251
897238
897222
988252
897195
897172
988248
988248
988248
897135
897074
988248
897052
897052
897011
897025
988248
896889
896879
896884
988239
896853
988239
896803
896794
896803
988239
896803
896640
988239
988237
988237
896490
896452
988237
896426
896427
988234
988229
896427
896428
896383
896386
988229
896311
896303
896303
896303
988229
988220
896266
988199
988199
988198
896248
896252
896192
896197
896198
988195
896118
896105
988194
988194
896083
896083
896021
896021
896071
988194
988180
896071
988180
895985
988180
895953
988178
895921
988176
895830
988163
895830
895728
988163
988105
988105
988105
895597
895551
895529
895472
988086
988072
988062
895337
895282
895274
895274
988048
895278
988042
988025
988014
895079
988007
988007
988006
988006
988006
894718
987996
894694
987985
987981
894665
987981
987981
987976
894609
987970
987967
987931
987928
894577
987928
894345
987928
987928
894250
894261
894272
894299
894239
894178
894167
894110
987927
987927
894045
893947
893908
893908
893918
987927
987927
893818
987925
893794
893770
893770
987906
893749
987906
987904
987904
987894
893610
987894
987893
893573
987889
893529
987869
987867
893344
987862
893281
893272
987849
893272
987823
987810
893118
893118
987810
893118
987805
987804
892999
892986
987798
987798
987761
892914
892914
987712
892953
987709
892854
892767
987709
987705
892732
892763
987705
892524
892499
987705
892499
987700
892499
892499
892342
987700
892367
987695
987695
892331
987695
987695
892205
892133
987695
987689
987674
892125
892107
987648
987648
892058
892030
987648
987645
987639
987639
891994
891994
987639
891959
891990
987639
891955
987639
987618
987606
987604
987593
891847
987593
987586
891847
987586
891826
891831
987586
891878
891474
891496
891366
987586
987583
987583
987583
987583
891353
891278
891281
987582
987578
987559
987559
987559
987525
891020
890917
987525
890881
987525
890797
987525
987525
987509
987504
890787
890773
987503
890705
987503
987503
890696
987503
987502
890695
987479
987468
890683
890651
987468
890573
890565
890402
987457
890420
987427
890379
987427
987393
987356
890214
890010
987356
987343
890003
890006
889974
889981
987343
987343
889813
987334
987334
889677
889601
889539
889535
987326
889439
889423
987326
889392
987322
987312
889385
987312
987271
889209
987264
987264
987244
987235
888667
888647
987226
987226
987224
987224
987224
987224
888016
888016
888016
888016
888003
887855
987224
987219
887852
887852
887852
887841
887848
887852
887603
887536
887544
987219
987219
887355
987219
987219
887355
887344
987219
887295
887295
987191
987164
887021
887020
887020
887020
887019
886973
987164
987152
886773
987152
886758
886754
886754
987093
886652
987093
987089
886506
886509
987081
886515
987060
987034
987027
886279
987019
987019
987019
987011
886049
987011
886018
886018
886018
886014
886014
885952
987011
885944
885885
885852
987011
885831
987001
987001
987001
986997
885521
885520
986997
986997
986984
986976
885279
885240
986939
885240
986939
986939
885223
986939
885074
885045
885045
986915
884784
986915
884784
884778
884756
884756
884655
986915
986908
986902
986897
986897
986897
986865
986856
884464
884447
986856
884118
884118
986856
986843
986843
884090
986843
884090
884090
986842
884090
986842
883876
883811
883793
883759
883704
986825
986821
883598
986815
986815
986815
986815
986808
883519
883519
986784
883513
986774
986772
883386
883377
986764
986764
986740
986740
883258
883258
883258
986740
986737
986728
986722
986722
883233
883247
986722
986708
883197
986702
986674
986674
883131
986674
986674
986674
883131
986669
883124
986669
986660
986660
986650
883073
986650
986650
883047
883047
986650
883047
986646
883006
883006
986646
882918
882852
986646
882762
986635
986632
882720
882718
986622
882731
882731
882683
986622
882517
882517
882424
986622
882417
986617
986615
986613
882414
882259
882289
986613
986613
986613
882154
986613
882061
986613
881973
881939
986613
986613
881939
881939
986607
881843
986600
881824
986577
881812
881812
881811
986577
881803
881729
986577
986577
986567
881639
986555
986555
986555
986523
986505
986492
986487
986487
881491
986487
986487
881514
986484
881409
881409
986470
986470
986459
986458
986457
986451
881251
881192
881163
881187
986451
881187
881110
880956
880964
880964
986432
986406
880934
986406
986406
880921
880891
986370
880907
880856
880857
880839
880803
880770
986368
880690
880651
986368
986363
986363
880509
986363
986363
986363
986358
880284
880213
880217
986358
986338
986337
986337
880179
986337
986337
986325
986325
880093
880079
880079
879892
986314
879773
879767
879766
879751
879703
986314
879652
879671
986314
986314
986314
879585
986313
879588
986295
986295
879546
986295
986261
879480
986257
879445
986257
879344
879344
986253
986253
986201
986201
986201
879224
879203
879203
986191
879203
986191
879164
879143
879143
986191
986186
879142
879142
879143
878861
986186
986176
986176
986161
878808
986159
986146
878664
878664
878648
878648
878663
986146
878453
986146
986142
878273
878273
986142
878217
878194
878194
986142
986142
878092
878092
878092
986125
878099
878099
878099
878043
986125
986120
877989
877938
986120
986105
986095
986085
986040
986040
986036
877840
986036
877755
986035
986032
986026
986009
985973
985970
877661
877575
985970
877575
877476
985965
877314
985965
877236
877258
985955
877259
985955
985955
985952
877167
877140
985952
985950
876874
876874
985944
985938
985929
985928
876683
985928
985928
985906
985906
985900
985900
985900
985875
985840
985840
985840
985840
985831
985831
876541
985805
876477
985805
985796
876474
876476
876390
876390
876390
985796
876273
876273
876258
985785
985785
985785
876253
876241
985785
876212
876225
876136
876136
985785
876091
985783
876112
985776
876009
985776
876009
876006
985764
876006
876006
876006
876010
985764
875993
985764
985762
985762
985744
875843
875843
875681
985737
875671
985732
875435
985723
985723
875450
875357
985723
875293
985723
985723
875225
875228
875170
875125
875125
985723
985720
985701
985689
875096
875036
985688
985686
875036
985686
874773
874773
874803
985686
985659
874680
874694
874658
985659
874528
874509
985659
985659
985659
985659
874321
985658
874317
985658
985658
874161
985658
985645
874004
985645
985645
873985
873985
874000
874000
873947
873950
985645
873950
985645
985645
985645
873887
985645
985641
873897
985641
873793
873715
873715
985641
985638
873567
873480
873480
985638
985638
873355
873221
873205
985638
985638
873122
873107
873107
873023
872860
872867
985630
872825
985629
985629
872768
985603
985600
872754
985596
872796
872721
985580
872555
872555
872473
872473
872484
872504
985580
985571
872401
872336
985571
985571
985571
872282
872159
872078
872078
872105
872105
872057
872057
985571
985569
872057
871984
985569
871973
871953
985544
985544
871953
985544
985537
985537
871782
985532
985530
871764
871754
871721
985511
871685
871685
985511
871685
871685
985509
871631
985509
871573
985509
871573
871492
871459
871419
985509
985509
985509
871412
985483
871277
871277
871220
985483
985483
871220
871202
985483
871118
985483
871119
985459
985459
870996
985445
985445
870932
985445
985426
870602
870596
985406
870596
985406
985406
870356
985402
985391
985391
870163
870169
870144
985391
985385
985385
869973
985385
985373
985340
985340
869923
985340
985340
985334
985299
869679
869662
869662
985299
869658
985298
869659
985289
869486
985263
869233
869243
985260
869243
985260
985252
985244
985244
869017
985215
868848
985210
985210
868792
868792
985210
868792
868792
868792
985209
985204
985204
868741
868704
868701
868717
868717
868717
985204
868654
868647
868658
868625
868630
985200
868558
868558
985200
868549
868549
868558
868558
985191
985170
868363
868329
868329
868329
868233
868256
985143
868292
985142
985142
868149
868149
985142
868066
868064
868066
868010
985142
868010
985142
867828
867828
985128
985096
867812
867815
985095
985076
867812
867724
985073
985073
985060
867688
867609
985048
985040
985040
867629
867637
867671
867602
985040
867562
985035
867525
984999
984999
984999
984999
866820
866820
984996
866763
984996
984984
866566
984984
984984
984975
866441
866427
866428
866387
984968
984956
866351
866269
866234
984956
984956
866149
866149
984956
866097
866108
984956
865805
984941
984940
865756
865711
984940
865715
984936
865627
865641
984936
865641
865641
865641
984904
865548
984894
865501
865501
984890
865401
984890
984847
984830
865402
865402
984806
984806
865236
984806
865236
984806
984788
984764
984764
865146
865123
984764
865102
984764
984764
984764
865068
984764
984764
864937
864941
864836
864843
864812
864829
864793
864788
984764
984746
984743
984743
984743
864772
984733
864757
864767
984733
864705
864665
864665
864594
864524
984733
864407
864295
864253
864229
864156
984716
864075
984716
864070
984716
864050
864050
864034
864050
864067
984716
863990
863989
863941
984716
863830
984713
863830
863821
863829
984662
984650
863717
863706
863677
984650
863573
863540
984647
863402
984647
984647
863375
984647
863330
863318
863285
984647
863285
863285
863244
984642
863154
863168
863171
863171
984642
984642
863171
984640
984640
984640
984640
984640
863023
984640
984609
863030
863033
862961
984609
862961
984604
862937
862957
862657
984604
984602
862657
862538
984602
984579
862226
862226
984577
984577
862111
862093
862078
984570
862049
862049
862044
984547
984547
984542
984542
984542
984538
984506
861815
861815
984503
861815
984411
984411
984411
984411
861695
984405
861651
984395
984349
984349
861572
861572
984346
984346
984346
984331
984310
861412
984310
984310
861372
861345
861354
984310
984310
861311
984310
984310
984289
860964
984289
984277
860825
860825
860807
860822
860822
984252
860796
984252
860773
860755
984252
860647
984252
860550
984230
984230
984230
984230
984219
984219
860431
984219
860376
860315
984190
984190
860337
860286
860114
860136
984190
984187
860107
860098
984187
984187
984187
860080
984187
984173
984173
860050
860019
859989
859973
984172
859901
859887
859887
859893
984151
984151
859843
859851
984147
984130
859817
859824
984126
859725
984121
984121
984121
984107
859535
859542
859512
859512
859519
984088
859546
859434
859463
984072
984072
859237
859240
859198
984072
859198
984072
859107
984072
984067
984034
859076
984034
984032
984026
984026
858975
984008
984008
858952
858957
984008
858958
984008
984008
858938
984008
858971
984008
984006
858909
858920
984005
983997
858880
858895
983997
858972
858728
983988
983988
983988
983936
983903
858635
983850
858599
858568
858554
983848
858479
858516
983759
858413
983759
983733
858320
983733
983733
983733
858232
983705
983705
858207
858209
858188
858188
983671
983671
858169
983669
983669
858051
983662
983662
858008
858008
983655
983655
983639
857636
983631
857636
983630
983630
983630
857639
983621
983620
983620
857491
857480
857380
857383
857331
983617
983617
857337
983616
857101
857088
857088
857088
983600
983596
856924
983596
983590
856772
983588
856726
856726
856679
856679
983588
856607
856620
856449
856378
983561
856237
856174
983561
983547
983547
856017
983544
983544
855912
983533
983533
983522
983512
983512
983512
855655
983512
855655
983501
983501
855612
983494
983463
855568
983445
983445
855566
855508
855539
983444
983444
855442
855435
855416
983422
983399
855387
855372
855376
855387
983361
983359
855287
855020
855037
855051
855059
983330
854626
983330
854613
983330
983299
983299
983289
983272
983272
854574
854574
983272
854465
854439
854465
854377
854369
854339
983272
983272
983272
854284
854284
854288
983272
983267
854192
854127
983267
983267
854092
983244
854092
983243
853973
853969
853969
853934
853951
983225
983211
853876
983211
853895
853772
853772
983192
983180
983180
853656
983152
853623
853395
853395
983120
853400
853400
853403
983118
983118
853320
853281
853186
983118
853134
983118
983118
853079
983095
852946
852946
983095
983095
983095
852948
852948
983095
852923
983095
852867
852867
983093
852790
983087
852674
852692
852640
852603
852554
852408
983085
983085
983085
983077
983059
852322
983047
983047
983047
852279
983047
983028
983027
852134
852056
983010
983010
851928
983009
983008
851955
983008
851913
983004
983004
851910
851900
983000
851675
851638
851638
851638
851638
983000
983000
851638
851655
851566
851391
982961
851358
851358
851358
982944
982944
982944
982944
851274
982944
982938
982902
982902
982902
850998
851017
851069
982902
982898
982893
982886
850889
850889
850866
982885
850722
850688
982885
850637
982883
850537
850428
850437
850446
982883
850354
982868
982868
982868
850237
850051
849878
849846
849792
849722
849722
849735
849682
849682
849639
849639
849642
982866
982858
849642
849584
982837
982837
849590
849590
982837
982837
849590
982837
982830
849583
849591
849516
849439
982801
849439
982799
982799
982799
982749
849345
982749
982749
982730
982717
849198
849198
849191
849191
982717
849191
982717
849192
849192
982695
849192
982678
982672
982651
849059
982650
849060
982650
982650
982604
982604
982604
848900
848921
848838
848838
982604
982604
848778
982604
982602
982592
982592
848735
982592
848668
982592
848606
848607
982592
848615
982592
848557
848577
848554
982585
848520
982540
982540
848379
982535
982525
848297
982525
848164
848168
982519
982513
848056
982508
982508
848022
982505
847952
982455
847981
847981
982455
847784
982435
982434
982434
982432
847512
847449
982415
982399
847310
982390
982386
847132
847128
847128
847128
982386
847113
982380
847002
982363
982362
982362
846980
982341
982341
846760
982341
846649
982330
982306
846504
846504
846516
982294
846465
982294
982294
846343
982294
982294
846247
982293
982261
846214
846214
982236
846185
982233
982233
846104
846091
982206
982206
982206
845929
845901
845927
982202
982196
982196
982190
845868
845790
845790
982169
845699
982164
845699
845699
845700
982158
845694
845649
845649
845661
845672
845614
982158
845615
845360
982155
982139
845338
845357
845357
982139
982129
845317
845317
845322
982126
982109
982106
845025
845025
982106
982106
844902
844897
844902
982097
844783
844809
844840
844840
982092
844840
982081
844840
982081
844840
982071
982071
982071
844733
982061
982061
844640
982061
844637
844597
982061
844621
982061
844508
982051
982014
982014
844406
844424
982006
844341
982005
844326
844341
982003
982003
844232
981995
981995
981995
981995
843981
843981
981995
843925
843925
981995
843921
843921
843921
981984
843820
981984
843778
981984
981984
843674
981981
843655
981981
981979
843584
981952
981948
981905
981900
843535
981898
843484
843484
981894
981894
843440
981894
981889
843253
981875
981875
981867
981867
981858
981858
843016
842951
981858
981858
981858
981858
981851
981851
842900
981842
842746
981826
981826
842751
842673
842680
842667
842667
981826
842629
842557
842519
842526
981826
842527
842476
981826
842493
981826
981825
842493
981823
842473
842372
842315
981823
842315
981823
842272
981821
981821
842246
981821
981810
842073
981810
842026
842026
841971
841971
981796
841917
841844
841670
841651
981792
841546
981792
841472
981792
981792
841463
841450
841459
981792
841459
981746
981733
841207
841132
841091
981699
840995
840926
981699
981699
981668
840813
840822
981668
981638
840588
840525
981613
840525
981613
840538
840540
840436
981612
981610
840382
981610
840200
840135
840113
840128
981610
981610
839996
981610
839955
981610
839959
981609
981609
839727
839645
839574
839544
981609
839508
981609
981607
839519
839531
839447
981607
839404
981586
839340
981584
981584
839340
981582
981569
839158
981533
981533
981530
839112
981530
981530
981530
981530
839030
839034
981517
839022
838855
981512
981488
981488
981484
838686
838695
981484
981475
838695
981466
838682
838695
838695
981463
981463
838660
838661
981453
981453
981453
981453
838468
838339
981424
838351
838269
838269
981424
838263
838263
838263
981419
838233
838168
981400
981400
981400
838123
838123
981391
981388
981388
838133
838086
981384
981373
981373
981373
981322
981305
981305
981300
837870
837887
837887
981287
837831
981263
981262
981253
981253
981250
837817
837817
837800
837755
837766
981229
837752
837772
837721
981198
981198
837676
837587
981192
981192
837560
837560
981192
981192
981167
981167
837186
981167
981167
981161
981161
837063
837099
837099
981161
981161
981159
981141
981141
981135
981122
981104
981101
836835
981100
836760
981100
981053
836555
836546
981053
836514
836514
836514
981053
836539
836546
836549
981025
981010
980965
980965
980955
980907
836440
836431
836422
836339
836318
836305
836265
980884
980869
836174
836168
836139
836154
836138
980869
836138
980869
836085
836085
980863
980863
980848
980848
980828
835799
980828
980816
835693
835696
835681
835729
835643
835567
835567
980816
835468
835468
835392
835392
835449
980816
980816
980802
980802
835036
980788
835031
980788
980755
980730
980725
980725
834876
980703
980703
980702
834690
980702
980685
980685
980685
834516
834405
834408
834316
834222
980685
834112
980685
980676
833876
833875
833875
833809
833731
833692
980670
833692
833453
833453
833446
833446
980670
980661
833253
980661
980602
980602
833249
980602
833252
980602
980602
833150
980602
980602
980595
833019
833021
832959
832938
980595
832635
832635
832635
980587
980587
980587
832635
832655
980587
832554
980575
980570
980570
980563
980526
832554
832554
832560
980526
832448
980526
980525
832438
980525
980524
832316
980524
980524
980499
980499
980499
832121
980499
832123
980499
832079
831998
980476
980476
980476
831915
831915
831889
831826
831826
831829
831829
831829
831796
980476
980476
831729
980473
980464
831638
831641
980464
980459
980458
980447
980447
831663
831518
980438
831504
831458
980417
980417
980417
831371
980417
831366
831272
980417
980417
980417
980417
831257
980396
980396
831049
980396
980396
831035
980371
980366
980366
830856
830856
830837
980366
980355
980353
830719
980351
980351
830658
980351
980351
830524
980349
980349
980316
980301
980301
830496
830490
980301
830454
980295
830444
980293
980274
830398
980274
830344
830253
830265
980274
830175
830183
980264
830012
980237
980237
829985
980237
829961
829961
829961
980235
829937
980235
829937
980235
980235
980235
829798
829781
980225
980212
980203
829450
980203
980203
980128
829345
829311
829298
980117
829294
980116
829289
980116
829289
829122
829122
980111
980111
980111
980111
829011
980111
828965
980111
828925
980103
980094
980094
980075
980075
828536
980063
980047
828468
828467
828474
828474
980040
828451
980026
980008
980008
980008
979992
979992
828334
979992
979992
979987
979983
979983
828042
979983
979979
827984
979941
827952
979941
979936
827915
979936
827807
827756
827730
979931
979931
827533
979906
827489
827490
827533
979892
827480
827476
979883
979881
979881
979881
827451
979859
827455
979859
827428
827432
979859
979859
979839
827422
979839
979835
827384
827351
827351
827259
827229
979816
827192
827141
827147
979815
979789
979788
979767
979767
979767
979763
826889
826889
826888
979763
979763
979756
979756
979735
979722
826580
979722
826636
826541
826403
826356
979722
979722
979715
826189
826184
979691
826083
979691
826012
979668
825978
979661
825977
825978
979661
825935
825935
979656
825963
979651
825812
979645
979641
979641
825622
979641
979641
825460
825456
825205
979638
825197
825194
979638
979638
825029
979638
979613
979602
824913
979602
979602
824726
824731
824788
979602
824688
824712
979602
824490
979602
824490
824490
824342
824327
979602
824323
979602
824284
824240
979600
824080
979579
979579
824067
979579
824054
824055
824059
824045
979579
824012
979575
823940
823895
979575
979572
823624
823620
979556
979556
823514
979533
979533
823370
823370
823372
979513
979494
979479
823220
979479
979479
979473
822923
822926
979473
979458
979458
979428
979428
979413
822871
979413
979394
979383
822863
979381
979381
979364
822863
979364
979361
979361
979356
822785
822757
979356
822501
979356
979356
979356
979356
979350
822453
822399
822399
979332
822347
979332
822306
822311
822311
979317
822240
979317
979317
822183
822157
822146
979317
979299
821967
821862
821862
821869
821851
979299
979299
821755
979299
821759
821694
821694
979299
979299
821624
821556
979299
979299
821514
979299
979277
979277
821502
979246
979217
979217
821475
979217
979217
979217
821440
979217
979217
979215
979215
979211
821117
979211
821001
979211
979211
979186
979166
979141
979141
820662
979141
820565
979132
820206
820184
979130
979092
820060
979092
820049
979082
979082
979077
819959
979069
819965
979069
979063
979063
979063
979058
979055
979055
979055
819809
979055
819714
979026
819578
819518
979019
819402
819396
819396
819380
819380
979019
819389
979019
978987
819376
819376
819344
819307
978987
819301
978943
819284
819284
978943
978943
819111
978943
819092
819056
978943
819068
978941
818928
978941
818920
818779
978923
818759
818765
818770
978918
818755
978918
978903
978903
818770
978903
818711
978903
978903
818711
818746
818746
818770
978903
978903
978903
818600
818600
978903
818600
978903
818602
978903
818464
818430
978903
978903
978903
818340
978902
818316
978891
818299
818299
978891
978891
978867
978860
978860
978856
818245
978856
818188
818133
978856
818070
818059
978856
818001
978856
817950
817951
817887
978854
978854
817848
978854
978854
978854
817819
978854
978854
817701
817654
978854
978854
817515
817535
978854
817500
978844
817500
978844
817415
978844
817415
978834
817417
817412
978825
978825
978825
817289
978825
978825
817095
978803
816947
978777
978777
978765
978760
978752
816646
816646
816629
816629
816577
978752
978752
816431
816431
978752
978749
978725
978725
816304
816235
978707
978700
816054
978685
815968
978685
978671
815844
815845
978671
978671
815641
978671
815606
815606
815582
978643
978640
978640
815554
815532
978640
815451
815476
978640
978637
978637
815150
978628
978628
978628
815013
978628
814926
978612
814926
978606
814816
978603
978603
978603
978603
978603
978603
814511
814511
814507
978588
814327
978588
978588
978581
814331
814283
814093
814081
814079
978581
978581
814036
814036
978576
813952
813952
978568
813942
813857
978480
813812
978464
978460
813580
813512
978446
813473
978446
813353
813366
813377
978436
978436
978428
978428
978404
978404
813056
813056
978404
978386
978370
978370
813025
978370
812956
978349
812961
812879
812832
978344
812617
978335
978329
812559
978329
978329
812586
978316
812524
812498
978316
978313
812424
978313
812385
812391
978305
978289
978289
812346
978287
978287
812291
812116
812136
812136
812151
978284
978266
812184
812098
812105
812072
978254
978254
811950
811950
811931
978252
811874
811744
978252
811734
811720
811709
978226
978225
978209
978206
811556
811556
811573
811534
978206
811502
811471
811466
811454
811428
978205
811311
811315
978205
811235
978200
811234
978200
811156
978174
978140
811141
811150
811150
811104
978140
978140
810981
810985
810993
810940
978111
978110
978093
810799
810802
978093
810792
810684
810621
810621
978093
978093
978093
978093
978087
810591
978087
810610
810611
978087
978087
978065
810322
978045
810322
810330
978044
978044
978044
978032
978027
978021
809928
978020
978020
809895
809899
809899
977986
809851
977986
977957
809605
977942
809486
977934
977934
809302
977919
977919
809067
977918
977908
977880
977854
808783
808783
808783
977854
977854
977854
977854
808731
808738
808703
977843
977843
808677
977843
977843
808647
977816
977812
808593
808602
808561
808561
977812
808409
808405
977798
977798
808344
808345
977780
977780
808025
977780
977715
977644
807795
807765
807742
807575
977632
807577
977632
977628
977623
977620
977620
807492
977620
807481
807428
807386
807357
977620
807386
807386
977593
977593
807268
807246
977593
807214
806978
977587
806936
977587
806908
977587
977578
977561
977556
806669
977549
977520
977520
806624
977520
806602
806606
977509
977501
806606
806606
806544
977501
977501
977501
977476
977475
806466
977473
806349
806373
806341
806341
977473
977452
977452
977452
806256
806287
806302
977452
806318
977452
977452
977452
806324
977452
806238
977437
806224
977434
977420
806215
806217
977375
977367
806206
977345
806128
977335
977324
977281
977281
805949
977270
805875
805755
805769
977267
977240
977230
977197
805694
805634
805634
977197
805470
805487
977197
977197
977158
805505
805505
805413
805413
805413
805364
805347
805291
977150
977150
805210
977136
805170
805112
805114
804975
977136
977095
977095
977095
977087
977087
804815
804706
804749
804770
804770
804657
804657
804659
804659
977069
977046
977046
804654
977046
977022
804625
977017
804520
977001
977001
977000
804381
804209
976996
804233
976978
976977
804122
804122
804057
976960
976960
803985
804054
976960
976941
976941
976941
803829
976938
976938
803824
803829
976924
976924
803731
803735
976924
976922
976917
803677
976872
803537
976820
803528
803528
803528
803528
976820
803468
803471
803471
976812
803471
803471
803471
803471
803456
803422
803431
976787
976787
803336
976787
803336
803339
976787
976742
976742
803281
803227
976722
803145
803142
803145
976722
802863
802835
802863
976717
976717
976707
802687
976707
802574
802574
802581
802518
976707
802501
976694
976691
976690
802458
976690
976682
976681
802376
802328
976667
976667
802317
802317
802317
976667
976667
976667
976615
976615
802252
802263
802206
802206
802198
976602
976596
802168
976577
976557
976557
802086
802062
802062
976557
802067
802067
976553
801941
976543
976543
976543
976540
976540
976512
976512
801704
801704
801563
801584
801442
801426
801430
801414
801293
801308
801308
801308
976512
801339
801244
976468
801244
976468
801065
801031
976463
801023
976457
976457
800958
800958
976457
976457
976457
976457
800874
800816
976457
976457
976442
976435
800813
800813
976435
976431
976431
976431
800646
976423
976394
976394
976382
800521
800525
976375
800376
976374
800367
976360
976360
800222
976360
976345
800094
800092
800094
800094
800094
800030
800030
800030
800038
799997
799983
799916
799912
799888
976336
976325
976323
976311
976307
799864
976307
976300
799855
976300
799864
799830
799830
976280
976280
976280
976280
976275
976275
976275
976275
976266
976266
799697
976261
799643
799665
976246
799591
976229
976229
976229
799405
976202
976202
799379
799393
799393
976197
799393
799393
799393
976197
976189
976186
976186
976186
799128
976185
799111
799111
976181
799071
976181
799068
799068
976181
976155
798807
976141
798604
976085
798604
798422
798427
798412
798383
976085
798301
976052
976052
976049
976045
976045
976035
798252
976035
798254
976018
798224
976017
798145
798083
976014
976004
797956
975970
975970
975969
797865
797865
975964
975964
975960
797739
797646
797646
797654
797654
797664
975957
797687
797617
797558
797534
975957
975957
797371
797386
797251
975957
975955
797251
797257
975955
797237
975950
797151
975950
975950
975950
797126
797126
797027
797011
975950
975950
975950
796577
975950
975950
975950
796526
975950
975944
975942
975938
796373
796373
796350
796280
796127
796110
975912
795968
975907
975907
795882
975898
975887
795866
975887
975887
975887
795720
795720
975867
795522
795480
795484
975863
795478
975863
795485
795457
795457
795307
795278
795278
795278
975863
975836
795266
975836
795242
795243
975836
975836
794998
975836
975836
794968
975836
794960
794976
794976
794976
794982
975836
794947
975809
975809
975809
975789
975758
975758
975751
975751
794871
794702
975751
975751
975751
975751
975751
794501
794450
794450
794453
975747
975747
975730
794422
794412
794424
975729
794273
794245
975729
794217
975715
975705
975705
975705
794194
794194
975703
794153
975694
975694
975683
794018
975683
793747
793707
793711
975679
793746
793766
793704
975678
975669
975643
793614
975643
975622
793565
975622
975606
975606
793423
975606
793383
793332
975606
793211
793211
975606
975591
975591
793132
793100
793100
975591
975591
793078
793008
975591
975591
792934
975553
975547
792824
975547
975514
792836
792836
792796
792796
975514
792799
975514
975473
975461
975446
975438
975438
975435
792619
792544
792512
975415
792469
792384
975415
975415
975415
792338
975415
792311
975413
792311
975413
975413
975412
792136
792136
975411
792119
975408
792081
791948
975397
791862
791862
791887
975384
791825
975374
791818
791822
975374
791759
791759
791760
791760
791771
975370
975370
791735
975368
791568
975368
975368
975368
975340
975340
791053
975340
791053
791053
791013
791013
975302
790834
975302
975294
790771
975292
790637
790588
975291
790575
790582
975291
975291
790539
790520
790527
790527
790531
790475
975272
790429
975259
790394
790353
790327
975240
975213
975213
975213
975203
975190
975176
975176
975169
790153
790153
790153
975169
790160
790119
790119
790016
790023
789986
789986
789982
789945
975169
975169
789931
789838
789838
789803
975169
789792
789803
789803
789823
975164
789838
975164
975164
975164
975164
975144
789729
789652
789624
789592
975123
789592
789594
789554
975123
975111
975111
975111
789409
789428
789430
975109
975103
789397
975103
789358
975103
975096
789344
789311
975096
789311
789315
975096
975092
975092
975092
789256
975039
975039
789196
789208
975039
975039
789147
975037
789138
975037
975037
789132
789138
789138
975029
975029
789007
788917
788926
975005
788847
788796
975005
788715
974955
974949
788656
974949
974949
788591
788601
974937
974919
974919
788471
788471
788471
788429
974915
974915
788429
788440
974909
788254
788282
974906
788299
788299
788299
974903
974865
788197
974865
974865
974865
974850
788158
974850
974828
974828
974827
974827
974827
974827
787751
974821
787685
787712
787636
974821
787387
787387
974821
974789
974789
787385
974789
787385
974766
787385
974761
974747
974747
787333
974747
974742
974724
787289
974722
787124
787115
787086
974722
787075
974706
974706
786983
786909
786909
786909
786826
786810
974694
786774
974679
786711
786654
786633
786538
786546
974679
786531
974679
786376
786357
974679
786158
786158
786143
786152
786152
786090
786089
786089
786071
786057
974641
974622
974622
785984
785984
974591
974586
974581
974581
785928
785932
785885
974579
974481
974478
974472
974472
974428
785772
785734
785724
974428
974397
974397
974380
974380
974379
974379
974351
785626
785654
785657
974329
974324
974317
785499
974293
974293
974293
785421
974293
785327
974282
974267
974267
974254
785219
785206
974254
974254
974254
974254
785099
785052
974254
974254
785015
785015
974253
974253
785015
785009
784984
974237
974237
974237
974230
784875
974219
974219
784815
784774
974211
974200
974165
784489
974090
974090
784447
784409
784425
784425
784375
784375
974090
974083
783965
783947
974063
974063
783924
974030
783924
783927
974009
783857
783857
783724
974004
973978
973978
783606
973977
973949
783562
973948
783562
973926
973919
973915
783407
973845
973845
973845
973833
783229
973826
783206
973821
783123
783147
973821
783065
783065
973821
973794
783005
973794
973792
782989
973772
782924
973772
782872
782879
782897
782897
782865
973772
782822
782800
973769
973757
973757
782800
782793
973757
973757
782793
973748
782658
973735
782572
782572
973735
973732
973732
782480
973722
973709
973709
973698
973698
782291
782291
973698
782210
973698
782210
973698
782216
782058
782058
973698
973697
781964
973697
973691
973691
781971
973691
973691
973685
973666
973666
781738
781754
781687
973666
973653
781460
781330
973653
973653
973651
973577
973577
781261
781221
973577
973569
781067
781080
781104
973554
781106
973491
781066
780917
780917
973491
780855
780864
780869
780783
973491
780783
780783
780783
973491
780794
973491
780602
780585
780549
973491
780559
973491
780307
780323
973490
973476
780175
973476
973463
780144
780017
973455
780014
973442
779964
779882
973440
779530
779573
779577
973440
973440
973440
779584
973440
779439
973440
779376
779328
973440
779314
779214
779200
973432
973432
973432
779138
779132
973432
973432
973430
778852
973430
973427
973425
973425
973425
778552
778559
778506
778396
973425
973424
778305
778261
973417
778176
778176
778158
778140
778140
973404
973398
973386
777872
777872
973383
777823
777823
777823
777763
973383
973381
777529
777474
777481
777450
973352
973289
973289
777419
777306
777301
973289
777232
973256
973256
776976
777003
973254
973251
776902
973251
776901
776902
973251
973222
973221
776809
776779
973197
973152
776779
776779
973149
973149
973149
973149
973149
973147
776621
776624
973146
776624
973143
973143
776569
776570
776549
973107
973107
776388
973107
973085
776066
775993
973082
973068
775993
973036
973036
775937
973034
775813
775813
775740
973019
973019
775762
775776
775737
775737
973019
775737
775737
973006
775698
973005
973004
775579
973004
972984
775547
972984
775518
775512
775515
972941
775441
775435
972941
972941
775392
775397
775369
972937
775320
775182
775169
972910
972910
972905
972905
774903
774863
972905
972905
972893
972893
972893
774801
972893
774798
972867
774753
774759
972867
774759
972859
972859
972859
774545
972859
774554
972851
972851
774481
774476
972829
774481
774352
972829
972829
774304
972829
774204
972829
774135
972798
774019
774034
774034
773977
773915
972798
972798
972796
773855
773855
972792
972784
972779
773733
773622
972779
773587
773468
773470
773470
773450
773375
972775
972775
972755
972732
972730
773129
773103
972706
773104
773071
972706
773071
772996
972704
772897
772903
772980
772880
772874
772874
972659
972659
772807
772771
972659
772708
772659
972658
972657
972657
972657
972657
972655
772645
972655
772607
772607
972655
772593
972655
772567
972649
772551
772551
772534
772461
772471
772471
772451
772460
972649
972649
772399
972619
972619
972619
772320
972613
972605
772256
772266
972583
772084
772113
972583
772131
972583
972583
771905
972583
771824
771803
972545
972517
771689
771582
972517
972517
972517
972517
972504
771544
972487
771534
972487
771502
771502
972475
972447
972436
972436
972436
771406
771380
972436
972430
771272
771272
771258
972428
972419
771183
972290
771137
972289
972288
972267
972254
770988
770992
770978
770988
770910
972254
770910
770903
770857
770759
972254
972245
770751
770709
770651
770604
770604
770604
770486
972245
770397
770326
770288
770288
770244
770244
770244
972217
972217
770211
770171
770184
770199
770169
972183
972165
770133
770003
770004
972158
972157
972136
769882
972136
769840
769855
769855
972133
972133
769801
769761
769691
769691
769678
769680
972133
769594
972131
769337
972131
769249
972131
972131
972130
769234
769213
972130
972130
769167
972130
769027
768909
768942
972130
972127
972116
972116
972114
768759
972114
768573
972114
972114
972114
972114
768487
972110
972110
768452
768452
972105
972103
768404
768338
972103
768245
972085
768178
972085
767965
767969
972085
972071
767810
767810
972071
972071
767693
767600
972070
767571
767574
972070
767523
767539
767539
767539
972046
972046
767539
972046
767501
972046
767370
