5
5
480647
5
36
81
958283
958283
110
110
958283
920100
920100
228
240
271
920100
300
300
303
998656
303
322
962902
346
962902
957091
954990
954537
954537
538
644
951496
651
951496
683
951496
683
940564
684
963504
941240
941240
940564
940564
900171
900171
900171
684
964139
684
684
989099
989099
989099
684
957836
957836
957836
684
957836
957836
940588
684
684
900171
900171
868296
776
776
868296
868296
896
976856
960904
960904
960904
896
896
1067
868296
1139
868296
1139
1143
1143
945304
1188
1262
1280
1296
1296
945304
966830
945304
945304
1349
862219
862219
1349
1349
849134
1391
1481
1578
906507
902344
902344
849134
1628
1629
1668
844979
843447
840111
839894
1668
925387
925387
925387
1884
1890
988436
1977
2014
988436
2014
2044
2072
2072
2221
951378
2288
951378
925387
2288
896598
867644
867644
2288
856059
839324
2288
830027
945821
990703
2288
948397
857761
2299
2299
2309
854772
2445
856597
854772
2660
2670
828337
2670
2670
856349
828337
2741
953155
953155
982607
982607
2741
2756
2756
876946
857562
2756
2773
941631
2787
904604
904604
2810
2827
904604
2880
2903
2903
2987
990864
857562
2987
2987
2999
3000
844142
3012
866963
3053
3053
3053
3089
3098
3117
945505
3151
3151
3151
874475
3151
3162
3162
981263
3213
984154
3301
984154
3301
973961
3319
3319
3335
3337
3337
3337
973961
968259
3419
3439
975971
975971
907003
907003
907003
3439
3458
907003
875282
3487
3487
844142
3487
3509
3576
968982
3576
3576
968982
3576
3727
3727
968982
3727
957010
957010
3727
944558
3727
948024
906265
3727
3747
903710
903710
3836
888216
3836
851329
3836
3836
3872
3872
980761
3872
980761
3872
844142
844142
3901
3901
3901
3901
3907
3955
897067
897067
870473
3955
870473
3955
3955
3959
3959
3967
973906
973906
4033
965526
4033
965526
943184
943184
943184
939971
939971
4040
4177
935249
4211
897164
894259
4211
4211
894259
894259
894259
4308
894259
4310
904910
4310
904910
870473
844142
4310
907363
838603
4310
990761
4370
990761
876763
838167
838058
4386
828337
4386
4406
827167
986476
4406
4406
986476
986476
995637
4515
4515
4530
4614
4777
4777
4827
4827
986476
4827
986476
4836
4836
986476
986476
4836
4867
986476
4896
4896
986476
4896
4896
990446
4937
986476
986476
4937
979163
5039
5043
5061
976914
5061
5086
974556
974556
5099
969225
969225
963133
963133
5099
963133
5161
5169
5303
966054
966054
5313
5436
961835
961835
5436
5461
961835
5461
5461
5479
5479
5539
5539
5556
958866
942586
5567
5567
923575
952334
5579
5579
998520
5614
5614
5649
5649
998520
5668
952334
952334
5785
5785
929103
5885
5885
929103
5976
5976
5976
982784
5976
5976
5976
929103
929103
929103
919944
919944
5976
6224
6226
6226
6226
989317
989317
6226
6348
6348
6348
6348
918490
918490
6348
6348
6367
6465
6465
973004
973004
973004
6470
6470
973004
6489
981965
981965
6573
6573
6585
6585
6667
981965
6697
6697
981965
6703
981965
6847
6900
980355
977675
6149
968065
6941
968065
960284
6948
947106
7010
7010
947106
937166
7010
915799
7126
915055
7138
7138
910109
7251
7251
7268
7457
931332
7457
7457
7557
7557
984406
908338
7557
7557
7557
7557
908338
908338
7557
908338
908338
7557
920231
908338
7590
980682
7590
3634
911930
906835
3634
906835
916581
902423
3634
7590
7590
7600
7660
7678
7678
902423
902423
7678
7691
7706
919654
7721
919654
7732
899940
899940
895738
890785
882674
7736
881745
7736
881745
878894
875418
7768
7790
971802
7851
971802
920499
875418
7871
7883
7883
882555
882555
7895
7895
875418
873674
7895
7981
7989
8009
8230
875005
8230
875005
8230
988877
988877
8266
8288
8288
8335
8567
8598
961648
875005
8691
880530
8725
8725
875005
8778
8798
902491
8798
8798
902491
8855
9089
902491
902491
885387
9089
924724
9097
924724
976853
976853
9097
976853
976853
9136
9157
9240
9256
9256
984996
9260
976853
9260
9260
9274
995384
9274
9274
995384
9314
9316
9412
9420
9420
9420
9420
995384
9420
9420
9420
991248
953925
926219
9420
926219
926219
957608
957608
1027
9420
9437
957608
9437
957608
957608
9486
940887
9500
950685
950685
9500
9535
9535
9535
9535
988703
950685
9590
969776
940887
940887
9590
9674
919136
9674
914239
907159
9877
907159
962612
9877
6652
9877
984624
984624
956139
956139
9877
956139
9888
956139
931075
931075
931075
9888
10076
10093
10093
10093
10132
10132
995392
10132
10144
10144
931075
931075
930806
982009
10180
10180
10191
10191
10191
10191
930806
10199
923940
920160
10268
10268
993687
10268
993687
993687
941104
10295
10295
10295
941104
941104
10387
931558
945278
10397
10409
10412
10412
10412
988476
931558
910981
903549
900761
966909
966909
10412
951918
10412
10412
10547
10583
10583
941513
10583
10690
10690
10696
941513
941513
941513
10696
995949
10706
10708
10717
995949
971105
10717
10717
10717
8011
10507
10755
971105
10755
10755
10755
10755
971105
10758
951994
10759
10812
951994
951994
936992
10812
10812
10893
933660
933660
10934
10934
10975
928125
11032
11056
11072
11072
11095
11216
11216
928117
922470
1570
916745
11246
11280
910572
11468
999608
999608
952633
951771
905362
905362
898661
896112
895220
997644
11509
11509
917071
917071
917071
11509
892666
11520
11520
11520
11520
11548
892666
11548
11664
892396
890639
11695
890639
889330
939441
889320
11350
11755
908441
889320
889320
11755
11780
982929
946017
886765
886765
886458
886439
886439
11788
11797
11820
894892
885905
11901
6425
885697
885425
11936
11936
882166
882166
985443
11936
11936
881785
881785
12023
12023
12023
12030
881785
12085
12085
880395
12085
12170
12203
12210
880395
878090
878090
12210
878090
876411
875128
12210
12210
12272
976445
12272
12272
935568
923571
12272
12272
985016
12275
12275
998005
12359
12359
12394
12394
998005
995506
12394
12414
995506
971789
12423
884553
875116
875116
12445
12451
12452
12504
871202
12504
12510
12510
871202
12510
12510
871202
869134
12510
868320
12510
868320
867675
866747
866505
12510
12510
890871
12510
12510
973854
12530
973854
890871
12575
979991
12646
12703
12703
12768
12768
890871
866505
866505
12768
866229
962826
12768
12793
12978
962826
897553
12978
12978
12978
12979
925518
897553
13026
13026
13026
13168
974788
948007
897553
13173
13173
985587
947324
986727
947324
903310
13323
13355
959747
13355
13383
932095
903310
13383
897553
13386
13469
980024
13500
905283
968119
892509
13500
13510
13604
892509
892509
13698
884523
884523
884523
883016
883016
13698
13698
951188
13714
13714
13717
13717
13785
951188
9609
9609
9609
949287
944196
915199
981281
13809
13829
13829
981281
13876
928145
13876
13922
13922
13934
953697
13936
953697
953697
929633
928145
925756
925756
13936
13936
13936
13936
13936
13936
996382
975477
975477
13936
14039
976527
975477
921521
14215
914328
910337
7337
910337
910337
951629
951629
951629
14220
14243
910337
910015
908318
884166
14258
14275
14275
880314
880314
14426
944006
944006
942462
14429
993334
14468
958517
925405
14468
925405
14497
14497
996935
974608
14497
957160
14563
14566
14567
14567
996021
996021
14747
996021
961559
900020
900020
900020
900020
14747
14747
880314
3746
867241
14752
867241
866229
14752
14752
14752
14757
14787
14820
14899
15009
994819
15009
865451
864933
15009
15047
15048
15051
15057
893689
893689
893689
893689
15061
15121
926587
926587
15121
15141
893689
944425
15141
15174
989698
15174
15174
893689
884365
884365
879927
15174
15174
960303
960303
15174
960303
925389
15258
877561
15297
15300
877561
877561
15385
877561
958905
15385
15385
958905
958905
864791
15385
15385
15385
864791
864659
15385
985246
985246
862977
15385
10598
15385
15385
989900
15385
15455
15560
15560
15561
970345
947785
947785
932163
932163
932163
932163
15561
15561
15561
929138
15561
15561
15561
15565
985945
890393
15565
15565
890393
890393
890393
14804
890393
15565
15565
890393
15565
969109
890393
890393
5039
874134
5039
15565
862977
862849
15565
862849
15565
15565
15577
15610
924293
875376
957440
1844
14160
957440
14160
981005
981005
15610
940125
3678
960888
3678
960888
15610
15627
15638
960888
960888
8138
15667
15678
15678
15741
956707
15741
940052
15870
955993
940052
15876
16018
940052
16018
940052
917822
16018
917822
924320
914712
16062
16203
904106
904106
16203
16203
968407
16203
16203
16348
16348
968407
968407
16407
964650
906517
924408
906517
16461
16461
16509
16509
16554
16554
999114
999114
1383
970434
1383
1383
16554
964058
16554
16554
933597
16687
906361
904106
16687
909751
892492
16687
16687
892492
892492
883158
16728
946531
883158
10221
883158
883158
16728
16765
16765
16821
955210
16865
16916
970051
970051
883158
16920
883158
16920
14360
970069
16920
961111
961111
961111
961111
961111
961111
961111
17029
931915
17029
915769
17060
17060
17120
915769
17254
915769
897947
17254
886736
17254
909177
17288
881747
17288
17299
17321
915833
17388
17448
985500
985500
17474
915833
17601
938297
915833
915833
17625
998310
998310
881747
887364
887364
17625
881747
880520
880520
17625
925685
925685
5882
988182
937566
925685
5882
17753
925685
909329
17778
909329
17778
17778
988964
17778
988964
17851
17863
988964
17937
988964
988964
988964
17937
982768
17937
17946
17955
17955
996769
17955
996769
996769
996769
996769
17955
17955
17955
18000
18102
18102
4008
949532
18145
18145
949532
18192
949532
949532
18211
18211
947856
947154
947154
947154
18218
947154
18273
18297
18326
18326
18332
981836
18480
18480
18632
981836
942383
18632
18632
18657
18795
18859
18859
997015
997015
992281
18896
974943
18896
18896
973817
18896
973817
951196
951196
18986
18986
969936
969936
951196
18993
951196
19050
19050
993765
19067
993765
951196
19067
951196
19083
19083
19204
19253
19253
951196
19397
942383
930977
913950
913950
913950
19419
19460
950536
950536
19537
950536
19585
954797
19585
19585
993885
993705
19585
19585
19620
993705
993705
19721
19835
979573
19835
19916
19916
19916
19916
979953
19916
979953
19938
19938
19938
979953
979953
20047
979953
20180
20268
979573
20268
20268
20268
981830
20268
981830
972522
972522
972522
972522
972522
972522
972522
972522
1355
963238
954797
20329
942678
20329
942678
20368
20415
20434
20454
20454
20551
20551
961862
961862
20551
973128
961862
20563
20586
949412
949412
20599
20599
20599
949412
20718
6211
949412
20769
949412
949412
20769
20769
20887
949412
20887
996107
996107
996107
996107
984158
950291
20936
20991
20991
20996
21003
944912
21047
21047
21047
944912
944912
944912
996017
996017
11654
11654
996017
942678
21066
997933
992742
21066
941010
21066
925489
925489
21066
21169
918809
912317
21194
21225
936279
21225
21245
21245
999660
21317
999660
21317
21317
21335
21335
21449
21449
912317
21449
912317
911893
909412
902212
21449
21485
21494
21533
916115
21555
21555
21555
21730
961453
21883
21997
22028
972610
22091
22091
22091
972610
22112
22196
961453
916115
963537
22208
963537
946074
969214
946074
914534
914534
22208
911119
22216
967633
22255
22340
22340
999624
999624
22340
22340
980486
980486
978370
978370
22379
22379
978370
22379
978370
18269
22422
976802
22422
967633
967633
967633
22422
22422
967633
926218
917096
22470
917096
914698
22470
911447
22470
911447
22470
980353
980353
22470
980353
980353
22470
980353
22470
911447
911447
911447
911447
911119
3523
911101
3523
910737
910737
909440
906981
906981
906981
3523
973534
973534
906981
22504
924904
906981
906981
906981
385
22524
984855
902756
22541
902212
22558
902212
22577
22577
1808
22640
936992
22640
22743
902212
22774
22780
976020
948620
901620
22806
901450
951983
22824
901450
899714
899714
899714
899714
899714
22861
899434
22974
22974
904984
904984
899434
898621
22974
898621
23002
897230
23002
897230
895812
895812
23010
23054
895570
895570
895570
23065
23065
23099
23099
994202
23099
23099
23099
23099
15271
961502
961502
948137
15271
15271
948137
15271
948137
15271
948137
15271
23099
948137
23099
895570
23099
23187
977775
894558
893763
16649
16649
942840
942840
942840
16649
970221
943387
943387
943387
656
943387
11031
23187
942840
23187
964530
23187
931072
23192
23203
929762
929762
23203
23203
23228
23256
23256
891315
891315
23264
20849
23271
23306
23319
982727
23334
23383
23472
986845
986139
986139
986139
23475
982727
982727
982727
980561
980561
980561
980561
23489
979734
953744
895597
23490
23490
944226
944226
937208
23505
23508
23508
23508
23523
23549
23549
958040
958040
23609
958040
927322
919034
919034
919034
919034
23637
998371
998371
998371
998371
23736
23736
998371
998371
998371
998371
919034
891220
889592
23749
23835
886499
23852
23852
23852
905156
23852
23852
967923
23852
23882
919825
886105
885055
23933
976566
23945
884199
883795
23978
23978
23990
24016
883599
24076
8314
24061
971307
24076
24076
971307
976939
24076
24081
971307
971307
971307
971307
971307
24081
24081
24081
24081
989302
24173
989302
24212
971307
24249
967661
967661
957949
957949
954618
1502
24251
950052
909431
937837
24251
24251
24331
916498
24331
905366
901005
895410
895410
24332
24383
908330
888163
930505
883599
883599
16887
16887
991318
968691
968691
16887
24383
968691
968691
968691
968691
24421
968691
24421
971766
968691
951801
2641
935628
24421
958695
939126
24429
935628
935628
24472
917758
24472
24472
24472
917758
24472
24562
917758
909249
24562
909249
24562
909249
889833
24762
24763
883453
24763
24763
25014
25059
882814
25060
882452
25060
924632
921644
21406
25099
9470
9470
9470
25170
25229
992246
25229
928180
25229
25229
928180
25229
25277
980779
25357
25357
25491
980779
967650
928180
25530
25561
25564
928180
925624
925624
25620
882452
882271
25620
25620
25706
881956
25728
977135
25765
25280
977135
25280
25280
25280
25280
25767
977135
880979
25828
880979
25859
984671
984671
25895
25895
25895
25895
25895
25895
25895
25895
25923
25942
25942
970724
970724
25942
25972
970724
25972
26209
26221
26221
26256
9627
26256
26408
970724
4221
970724
958715
26452
26452
957679
949282
26452
949282
910217
967250
26452
967250
26460
980144
26460
967250
967250
26460
994684
26460
26460
26460
26460
26613
26654
26654
26654
26654
26654
986072
26691
26691
26763
26763
26763
26883
26945
26945
26981
26981
997539
27054
977633
27054
27054
977633
27054
27054
977633
977633
970044
27054
27054
27054
970044
967250
967250
964351
27060
964351
964351
27069
957938
927763
27087
927763
27087
927763
27087
966281
927763
27087
926398
27087
27087
924368
924368
922079
27105
27105
27105
950272
27133
975738
27170
27170
27204
27204
975738
27226
917960
27273
910217
27310
936727
901990
899703
27347
27347
27372
27372
27372
27372
963790
27372
963790
981306
943637
27372
27372
922506
899703
27442
977990
899703
892990
26669
962603
929177
892990
952175
952595
10327
10327
936568
10327
936568
936568
10327
936568
936568
17329
27461
27573
27573
998903
27621
27621
998903
998903
998903
21130
996563
21130
21130
21130
25308
27627
996563
27627
27668
27719
987222
27723
27740
987222
987222
965266
27765
965266
958168
936568
927763
23118
23118
23118
925033
23118
23118
27765
925033
27765
8783
27787
27787
27800
17509
27865
27936
976818
965254
19352
965254
19352
965096
19352
19352
973680
27967
28073
953565
953565
28106
953565
28106
10623
953494
985929
932540
926630
980726
919190
911588
996728
996728
911588
4622
28124
28124
903584
28124
28124
903584
903424
903424
903053
8126
903053
903053
903053
903053
28139
895484
28165
28413
994892
897579
28040
889222
889222
28413
28413
889222
28456
889222
28456
937575
28456
28473
889222
889222
28473
890342
925
890342
888191
28504
885812
28504
885812
28516
28516
28549
28549
28549
28549
28549
28549
939891
28549
939891
28549
939891
28549
28549
881281
882469
882469
28566
880442
879933
28566
879645
879645
28566
28566
28566
983116
988032
988032
983116
28641
950613
28641
28929
935071
17071
28929
28929
980073
980073
28929
935071
926320
926320
909551
909551
972636
909551
18475
893499
893499
893499
879800
899024
28929
28995
879800
28995
879645
28995
29003
879584
29082
29082
955614
955614
955614
955614
29082
908743
29082
29151
29211
987029
29244
930818
908743
29247
879584
879584
913954
913954
913954
913954
29247
29253
994157
994157
971039
29253
971039
971039
29266
29266
29266
971039
29266
971039
957795
29266
957795
957795
29270
957795
957795
29270
29311
938796
23002
23002
29349
938796
29349
936662
29349
927737
29472
29476
927737
927737
913954
913954
29529
909136
902278
29600
972511
29600
972511
902278
29604
879584
29604
29604
11422
879472
11422
11422
29620
918293
918293
25161
29660
29660
29688
29688
29688
918293
29723
29740
29740
10271
918293
10271
10271
29740
14241
14241
19325
981806
19325
29740
29740
977069
959686
27250
938448
957276
957276
957276
29740
957276
29740
29746
29878
995339
957276
196
196
29899
29990
957276
918293
918293
934758
934758
29993
934758
29993
996424
996424
918293
918293
29993
918293
918293
30071
30071
30092
30127
30163
918293
4710
913910
25950
913910
30215
989871
5275
989871
928666
913910
5275
30215
986561
30241
910330
903071
924614
30302
924614
30302
30302
921388
30318
921388
30379
921388
921388
990535
30386
30511
950267
30511
30511
30511
30511
30613
912261
30613
939669
939669
939669
30658
939669
30658
30658
912261
495
30658
30658
912261
946126
30684
977080
30684
977080
977080
30765
30825
30825
962075
30825
946126
30825
962583
962583
942538
942538
30825
942538
912261
2392
912261
2392
10478
10478
991909
991909
23728
934900
934900
23728
23728
23728
30857
30910
954081
951677
934900
23396
912261
912261
30910
30910
31010
31010
31156
31156
31214
31214
31300
903071
31314
31338
31338
989814
989814
31338
31355
989814
31368
989814
31368
31430
31459
31459
963532
945409
31461
944985
944985
31461
944985
31507
940872
31551
975596
31628
975596
31687
940872
31690
940872
31690
940872
914740
31529
953468
953468
31690
914740
899803
897955
895564
31690
890879
890879
31690
890879
945867
31690
945867
946247
31727
946247
31727
31799
946247
31799
31799
31856
946247
31952
31952
945867
945867
32096
32123
987883
32123
945867
945867
939629
32123
32131
32288
14811
983345
9603
983345
32288
983345
925573
949580
941468
6526
15102
15102
15102
941468
916357
22129
916357
22129
935045
2995
13668
916357
13668
22129
901549
896396
896396
32382
896396
32384
896396
896396
893226
32389
890879
890366
32437
32495
993409
32551
886061
885863
32586
32586
32586
32586
32586
32586
895811
32626
885407
881541
32626
9248
32626
32633
32693
32693
32693
921470
880789
32739
879713
879713
32760
879409
879409
879409
879318
879147
32811
32811
32857
32901
980201
896495
32918
32918
33026
937465
937465
33113
33153
937465
937465
33153
937465
33159
33168
33168
988925
999609
33168
33171
33171
33171
33171
33171
16523
16523
999609
988925
973241
937465
33171
981138
32977
981138
33363
981138
981138
33408
981138
981138
33408
981138
926762
926762
33477
926762
33477
926762
977437
977437
30030
977437
23998
989171
23108
989171
989171
23998
975753
975753
975753
30030
33477
975753
9285
9285
33477
33497
926762
918020
33535
975213
33551
23673
23673
982146
982146
33551
33551
982146
33551
985161
33582
33605
985161
948723
948723
948723
15875
15875
15875
33605
33611
13763
13763
14806
15740
15740
15740
967530
994965
10034
10034
948723
10935
23856
980059
23856
33611
948723
940272
33611
33614
33700
33700
33813
940272
14998
939088
14998
939088
14998
939088
939088
28847
931602
13300
931602
13300
918020
918020
13300
13300
974376
8367
968483
8367
7137
7137
968483
963835
963835
7137
33815
957045
33966
949126
33966
34013
34013
34064
34078
949126
977226
977226
34160
949126
939895
34160
918020
34160
957972
34177
957972
34203
6022
6022
34203
34215
968158
34249
34269
34269
34269
34269
34269
968158
34269
34271
968158
25071
18870
965390
965390
8091
957972
933731
969023
8091
8091
8091
970313
969023
8091
10421
10421
10421
10421
969023
958369
16669
18870
18870
34271
34280
34280
987460
987460
34280
958369
34304
925884
916590
916577
916577
34367
34441
916577
956880
956880
956880
34447
34496
958674
34530
937118
34530
937118
34530
919893
914748
914748
34530
34539
913938
912405
34539
912405
912405
912405
912100
34539
34632
34640
912100
34685
912100
911340
911340
963589
963589
963589
22059
963589
913759
913759
911340
34685
911340
911340
34737
9096
9096
943376
34737
34737
989799
904507
904507
34737
34737
904507
903158
902241
902241
34767
34767
902241
34863
908868
908868
26582
34863
34863
923309
908868
34863
929130
34863
34878
34878
908868
34878
34878
34878
34885
34885
34907
959454
34946
944135
34946
35003
944135
917374
902241
902241
937478
34008
34008
900516
899921
35156
35201
35217
987905
35223
35223
35223
986139
970395
898189
898023
33048
902552
896495
896495
15426
15426
896030
896030
896030
35257
952397
35257
896030
35258
35258
896030
35258
918233
895058
989462
895058
35258
35258
35276
895058
893832
888346
35280
35280
888346
35315
886290
886290
35315
35315
886290
35315
972084
35315
35342
972084
933199
880601
35342
880601
35348
897280
897280
883727
883727
880601
996534
996534
894586
894586
33159
894586
33159
35431
35543
931104
894586
23394
23394
35543
880601
35543
902080
902080
35544
35613
880275
880275
35640
880275
35815
35980
898404
879857
879147
879104
879104
35980
878795
878678
878678
36035
878678
992277
992277
992277
36035
929888
36056
914721
36073
878678
36073
878678
36073
878678
878678
885599
3962
958484
3962
878562
878306
877941
877941
3962
3962
3962
987545
36073
877941
877900
36098
36098
36098
903995
883207
36098
960360
36098
960360
36205
960360
36222
960360
36248
960360
960360
36248
954194
954194
36306
916104
939171
36306
916104
913990
36306
913990
36306
36306
980386
980386
980386
36306
36423
996575
36449
980386
980386
36449
36449
942852
900548
36488
36488
36578
880612
880612
878153
36633
36633
36633
878153
877540
36647
877540
36741
877344
877344
36741
36741
36790
969883
877317
36801
36819
990578
877317
877317
912371
36819
912371
877304
877230
30845
30845
979059
36834
979059
34797
920870
920870
893369
36834
877230
877230
36834
877230
877230
877126
36837
36925
984852
17127
36928
36950
36950
998018
36978
37043
998018
37043
998018
984852
37088
37153
37153
984852
970465
37153
37176
970465
37232
985275
37282
37285
37285
37308
37308
37308
37308
37436
969164
37496
960923
955969
955969
955969
926849
913158
907566
907566
905254
9359
905254
37529
37529
37529
37541
905254
37590
37590
37616
962910
37616
962910
27845
27845
31066
999666
999666
31066
999666
999666
31066
920475
920475
904934
903955
923483
895582
5759
12845
12845
12845
936155
895582
23956
887939
887939
23956
23956
23956
881958
881958
876781
23956
876739
20009
37663
899323
27799
899323
899323
876739
876739
876739
876739
37663
37714
37754
37754
37767
37767
37821
982388
37821
919810
37840
37866
37866
37866
919810
919810
919810
26028
896461
910473
910473
36815
896461
37881
896461
35259
896461
896461
896461
37881
37927
982201
982201
896461
37927
895064
37965
37965
895064
895064
989856
37965
989856
37965
37998
37999
37999
989856
37999
37999
38016
38055
989856
989856
34366
989856
37024
989856
37024
38055
38055
38060
38102
38126
981135
38126
981135
38126
976978
976978
976978
976978
36002
36002
36002
38126
38126
976978
38126
976978
38127
38133
38133
38165
976978
976978
976978
966265
38165
38165
38171
38224
973418
38261
973418
38261
966265
966265
38266
970981
966265
966265
962090
962090
951848
38266
942184
942184
38280
942184
4216
4216
942184
941690
941690
941690
941044
934422
934422
4216
10838
944785
20580
20580
944785
37370
5087
38334
944785
933974
933974
38334
38334
933974
38334
38345
28875
950701
950701
28875
28875
950701
28875
31
933974
982789
31
982789
928179
928179
928179
31
917962
917221
917221
917221
10808
922127
10808
912457
10808
941057
911334
10808
10808
28875
3580
911267
30922
36665
911267
911267
911267
910519
38366
475
38390
38391
910519
38391
910519
910519
907550
907550
38391
38391
38491
905924
905924
903369
903369
903369
38491
971635
903369
38491
38498
903369
20088
20088
900700
972896
972896
972896
13038
972896
13038
13038
13038
13038
920357
897051
895150
13038
13038
37961
37961
38574
38574
38574
893319
893319
893319
892067
38619
891397
38619
890804
980165
22954
38619
910959
890804
38619
38619
889717
38619
38619
959528
21409
21409
939946
887800
887792
883228
882941
21409
881267
33095
879634
38619
38670
977709
38679
977709
38696
977709
977709
977709
38793
38821
38846
24731
995130
995130
38875
989396
954904
38875
26269
954904
954904
954904
38877
38877
38896
38907
38907
954904
38907
954904
39068
951392
945517
39068
39187
933032
931097
39337
931097
39364
909562
992987
992987
992987
992987
939810
987876
939810
939810
984523
23128
909562
898115
935843
898115
23128
23128
961836
903687
898115
23128
24356
898115
39378
39378
39449
39449
39478
39481
39495
39495
39495
898115
898115
898115
39500
898115
39518
39518
39518
904865
35548
891437
35548
35548
35548
891400
35548
891400
891400
35548
976202
976202
35548
39518
39518
998193
998193
993861
39518
39577
993861
11398
993861
993861
17183
17183
17183
976202
26661
26661
971439
26661
971439
971439
909055
26661
39257
39577
973984
971033
39577
909055
39577
39611
909055
39642
39642
39671
39671
899982
899982
899982
899982
891400
891400
891400
39702
889710
889710
889710
888631
39702
39702
39702
39702
888631
39702
913599
39702
888631
888631
39702
39730
39730
888631
888631
39733
960476
39733
39751
39786
39793
39810
39810
987201
39810
34965
983680
39810
960476
960476
960476
935079
935079
935079
901600
39810
985205
39839
39839
39839
893402
916694
39912
39939
977906
34728
977906
39939
40024
916694
898505
1919
898505
890554
1919
890554
890554
931647
1919
888094
969277
1919
1919
970704
1919
4663
4663
20997
997633
990692
888094
888094
888094
20997
972906
40041
40041
40041
943006
887851
40041
40079
884045
880796
40085
978221
40173
923632
40173
40214
40214
880796
40232
40232
40232
993255
993255
40232
993255
40334
954725
40356
954725
909979
880796
878172
40356
876739
876455
6799
6799
6799
40356
40374
40500
40503
984826
40503
40503
40503
984826
919386
40503
7152
983626
919386
10666
913250
40503
40506
892519
40547
40558
40558
40560
892519
890572
890508
40582
890508
876455
876455
989568
10600
937486
937486
908772
908772
876455
10600
894431
40582
894431
30900
876455
933174
40605
998090
3452
40641
40641
40664
40664
40664
40865
40865
40865
998090
40865
22955
967326
964549
7761
22955
981714
957347
957347
22955
876455
22955
22955
40865
40865
961135
40884
40884
943740
876455
40884
40931
4863
876455
876455
4863
876117
876072
876072
4863
4863
981443
40931
40931
40931
40934
19650
40934
40962
40982
40982
41024
41067
888507
876072
875887
41067
41067
41067
913417
913417
983865
983865
983865
983865
983865
983865
11571
983865
983865
11571
875887
875887
11571
932752
932752
11571
937086
898991
11571
26355
41067
898991
41067
41108
41109
928630
36406
928630
36406
41193
928630
916659
41300
929006
929006
41300
41319
898991
885229
885229
876432
875887
875808
911071
911071
41345
911071
875587
2161
12855
912113
879465
12855
875587
919700
983150
12855
12855
919700
919700
919700
19208
19208
41345
41394
919700
41394
41394
919700
41394
41394
41468
974489
41541
41605
974489
41631
972568
951671
41644
997663
935678
935678
928024
41652
41652
41652
919700
883223
41659
875587
41694
41694
875587
875512
875406
875406
1110
1110
1110
1110
1110
956846
956846
26815
899988
899988
959990
26815
959990
959990
26815
959990
26815
956399
41694
956399
41694
956399
41782
40220
956399
956399
956399
13041
13041
13041
13041
13041
956399
956399
40220
40220
40220
40220
40220
12938
12938
925725
918838
992384
942886
942886
8386
942886
8386
960481
798
960481
942886
942886
798
8386
8386
914894
11939
22926
40220
40220
914894
914894
9892
41782
41855
41855
914894
903849
902483
902321
900651
882047
880769
875568
875387
875376
875272
875233
30946
41892
945158
875233
41917
41917
41917
875088
875088
875088
875044
2422
42028
42028
41753
42029
995906
42037
42087
995906
995906
42103
995906
42148
42168
42180
995906
995906
995906
27555
42191
42203
887025
42319
910642
887025
875044
875014
42339
42339
874778
42339
42339
874778
874778
42339
874154
874144
874087
876976
42367
874087
874087
874087
1300
42397
874021
874021
873653
42397
42406
893476
873653
873530
4059
873530
872487
4059
872487
924845
871998
871998
871998
871961
4059
4059
4059
15158
15158
914125
914125
906789
984778
965708
965708
42406
42415
42415
965708
42439
42481
965708
965708
42481
965708
949159
42481
933213
871961
2458
42481
42536
42573
42577
42639
42747
41711
42775
42775
992521
42825
42825
992521
42825
42832
42842
992521
42842
42842
981052
970076
951839
42842
42900
42900
42958
42958
951839
951839
946059
42958
42958
43034
946059
43034
946059
927476
43062
927476
43110
927476
43146
906712
891246
43159
43159
871882
946347
946347
942893
942893
942893
942893
18659
18659
43159
43224
993715
942893
26574
26574
966744
966744
26574
966744
966744
966744
966744
26574
946348
26574
946348
26574
43237
949459
949459
946348
43237
942893
942893
940279
43237
43251
43297
969245
932894
932894
43352
948038
36108
43352
43389
948038
932894
932894
914657
914657
914657
977231
43389
21354
940247
950712
21354
43470
992227
992227
992227
28395
28395
952049
952049
952049
952049
929778
928685
928685
923522
923522
15670
18152
919345
18152
18152
973652
16293
946028
946028
18152
946028
951237
951237
1833
919345
1833
1833
1833
971997
917709
1833
917709
21427
22742
917709
28001
28001
28395
29613
16311
976884
917709
917709
913607
913607
911978
992165
29613
29613
31386
31386
43162
992165
992165
43162
43498
29822
29822
43498
43498
992165
43498
43499
43510
43554
994201
992165
43603
985390
43618
43618
43652
949799
43691
17578
949799
933602
933602
968190
968190
916773
17578
911978
17578
17578
17578
911978
965413
30186
36632
902862
43717
43773
902862
17693
901879
900417
17693
17693
900417
26303
26303
989307
908760
899895
4432
26303
41288
899895
41288
919365
898847
43823
898847
43867
896031
891817
43868
43868
888662
888662
887373
884975
43868
43931
43964
24094
43967
884975
44017
884975
44023
44023
901260
947707
947707
14439
14439
44071
947707
44071
44071
913259
44071
44117
44117
848
44125
992140
920125
901260
901260
899287
937645
44152
44252
44390
44395
883784
883784
3893
44498
883784
44521
883400
883266
882988
44521
908905
44561
44595
947594
44604
881977
44667
881622
879031
44667
44667
44670
44670
950615
950615
44734
950615
950615
950615
44834
20920
20920
940738
20920
933587
44882
912237
44882
35979
20266
925599
912237
899757
28936
44910
939151
44972
939151
939151
44979
939151
894897
44979
44979
44988
45090
996285
996285
45090
996285
996285
996285
973068
955223
938286
33179
926390
924999
37750
975503
37750
924999
45090
924999
985966
45090
914035
45091
45091
45331
976001
45331
45340
976001
45439
934173
928646
914035
45439
914035
914035
45467
45699
45838
45838
45868
45868
964217
45930
45930
45930
45930
45930
924788
45930
45930
46049
46049
46083
924788
46314
46314
46314
943025
924788
946142
35900
946142
46328
924788
924788
46328
46334
46334
914796
914669
914669
906131
906131
906131
894502
46334
46334
46334
46334
46548
46573
46573
46593
894302
894302
46593
46595
46686
46695
46725
960869
923785
887280
879031
871
997929
969420
6517
969420
29187
956729
935700
44395
935700
935700
46728
920931
920674
958786
46728
958786
46728
46787
46797
46806
46806
998430
974303
11288
966445
46940
46992
981387
47017
47017
966445
966445
47034
958786
47067
47067
947135
47080
47080
47080
947135
47080
938799
3601
3601
953500
953500
944844
998554
967168
29776
29776
998182
998182
47085
47085
998182
47085
47133
47147
47148
47148
47148
47148
47148
982667
47217
964793
964793
980334
942052
47289
942052
942052
47293
47419
47513
38317
39627
39627
47513
938799
938799
929463
47545
918427
914759
47553
47553
955622
47553
955622
47553
918965
47553
918965
918965
918965
47565
47565
996744
47582
986567
10141
997346
986567
20850
986567
986567
20850
986567
953279
953279
952635
17171
23529
38550
938680
938680
936552
936552
957328
30877
38550
944414
47676
944414
944104
944104
47676
47676
47697
944104
931448
918965
918632
22503
914759
913410
913195
22503
47698
47710
47752
903663
900334
900334
899218
47752
47752
47752
898576
28408
31305
998076
898576
892858
720
720
892858
889680
720
6564
941171
982481
16261
941171
16261
941171
890812
890812
16261
890812
990971
990971
31305
990971
31305
47752
990971
990971
47810
958089
958089
47810
35535
958089
958089
35535
47810
47813
965629
47882
958089
958089
44834
890812
890812
887809
10181
887809
877085
876918
10181
10181
955158
10181
983388
983388
10181
10181
955158
18981
955158
944647
944647
44834
944647
34977
958350
982237
37269
44834
982237
932012
920008
4608
10533
890390
44834
44834
44834
23750
23750
44834
47882
939095
47904
999829
939095
939095
935001
47928
907596
900490
900490
900490
47928
968005
900490
47928
890876
47957
47957
982726
943922
47957
47957
890876
890876
890390
876918
876918
876696
875664
41977
875664
41977
900527
875229
875191
875191
48007
48007
875191
875191
875191
48007
875044
980820
873424
886682
955315
28087
48032
29928
29928
955315
29928
955315
48037
905188
905188
48123
48211
48211
958739
48243
886682
48243
886682
48245
886682
41768
41768
48263
48263
5814
873424
872640
998575
998575
48264
998575
48276
911376
898911
48299
898911
898911
48299
898911
48359
871881
48370
48483
48580
8693
871811
48580
871811
48580
871811
48580
48678
871811
48704
911815
911815
871770
871770
48704
48739
48739
48739
48739
908433
7125
48741
48759
871770
959650
10548
959650
959650
912235
912235
888601
888601
9438
945446
9438
9438
945446
9438
10548
10548
946774
946774
946774
934764
47358
48759
924996
924996
48759
871770
871770
48799
976499
48833
871770
871677
871531
48864
48864
9610
985969
898642
871412
9610
871412
6144
871412
871232
871056
871056
871034
910975
871034
48875
48875
914785
914785
871034
48895
942449
871026
953733
48895
984797
12410
48895
984797
984797
48897
48897
48897
975405
975405
941922
925610
49015
49015
931552
49015
33811
33811
49015
49015
931552
49039
931552
997369
997369
977281
22673
931552
925610
22673
914531
870971
870892
27539
28661
901622
28661
49039
885345
49044
49085
870892
943816
49085
49141
49141
49251
49284
996421
996421
49337
998333
49346
998333
971299
949027
947139
947139
947139
1441
998367
998367
37382
944447
37382
963140
944447
943816
37382
943816
934006
934006
934006
38834
38834
934006
934006
38834
38834
934006
934006
38834
927858
927858
19001
927858
19001
19001
20621
926137
30579
38834
38834
43536
926137
926137
43536
923244
996875
996875
996875
956852
43536
914629
914629
43662
957825
912919
45890
912527
49405
49478
906843
49478
904030
904030
900717
893527
893527
892967
49565
892967
15385
49593
49594
49594
49594
892967
890733
890733
928985
879484
879484
49594
49675
873584
49675
49680
49783
7699
984949
49783
49783
982793
970787
970787
49783
970787
49828
49873
49873
49928
920174
45887
913551
49938
899432
49971
987936
877812
49971
50010
887338
50033
50033
50045
50045
979104
11078
979104
8215
8215
887338
887338
885006
8215
873584
38054
38054
38054
38054
38054
38054
873584
39162
42968
871884
871884
871884
870892
42968
870892
49893
900822
870892
4483
4483
923577
4483
4483
46398
46398
892466
50045
50070
50070
936987
923583
50070
923583
50070
50232
50273
986439
985334
958549
892466
870892
870784
50278
50319
50348
50348
50405
50416
920256
920256
50416
942988
942988
920256
888063
23048
888063
888063
36249
888063
888063
984902
24789
24789
36249
948119
4705
4705
888063
888063
870716
985166
35607
50416
50416
50430
985166
50438
985166
985166
50445
50445
50445
972823
972823
972823
50445
972823
972823
972823
6834
3575
3575
972823
971003
3575
960788
960788
923047
3575
923047
3552
923047
23506
978582
978582
943110
32525
943110
15801
15801
943110
38097
923047
38097
923047
38097
50447
923047
920228
25047
50470
50470
989560
50494
50494
941953
37848
930819
930819
930819
11936
985088
985088
18742
50506
50506
50514
50514
50514
985088
50515
44574
985088
44574
985088
50515
50533
952281
951708
50533
944495
944495
941193
15935
50533
936652
936652
936652
930819
930819
923254
5817
983723
26027
23402
50548
929594
922226
50579
50677
4185
4185
990946
990946
4185
50677
977074
999512
973462
973462
973462
973462
945550
50719
50719
50722
50722
922226
916639
50722
908023
908023
908023
905933
905933
905933
50724
50728
905933
905933
962752
962752
50825
50825
50825
962752
50848
891643
918051
918051
50862
887031
50878
889079
889079
889079
50905
887031
977539
977539
977539
932677
18176
44073
44073
44073
938300
970896
50926
976347
50938
976347
50956
29172
50956
50987
976347
50987
969357
51000
993331
993331
969357
51030
51065
939622
51065
990974
994425
51076
994425
994425
51125
994425
51125
994425
51140
51157
51157
998915
51216
51220
51220
51251
994425
51302
994425
999185
990974
939672
1491
936304
51379
936304
51383
51419
51449
51449
51449
51449
51454
936304
51499
51539
51632
932677
51647
51647
51647
932677
51647
918650
51647
911153
13166
51648
51648
903330
51648
51719
41339
41339
51719
969660
51719
901323
899877
899104
895604
28135
887031
28135
887031
894853
51719
894853
894853
51719
966160
51719
26357
976713
976713
967267
17575
17575
32090
32090
32090
32090
966160
51772
51772
966160
966160
952088
51772
51772
51772
51828
985849
51828
39327
985849
985849
51828
51833
51833
985849
985849
51885
51885
985849
51885
51903
945760
51903
51910
957293
51917
51936
51936
945760
51936
51936
43806
976360
976360
944037
939567
21367
21367
21367
971338
971338
21367
5446
977257
43806
45084
45084
45084
977257
977257
971338
1939
1939
971338
971338
971338
971338
1939
6262
971338
971338
6330
934424
932011
6330
928400
6330
928400
6330
935870
935870
23347
920648
916080
23347
916080
23347
915261
23347
23347
913096
900362
23347
41416
41416
43491
45774
45774
978402
46638
7639
978402
978402
980912
17837
932720
17837
932720
932720
894853
894853
894830
20773
894830
20773
20773
20773
20773
997487
26825
41894
997487
41894
41894
41894
978844
41894
978844
48505
48505
51936
51936
978844
894830
51936
932192
35520
932192
51936
52025
52033
983238
929572
52033
52033
892286
52033
892017
890937
52038
52038
52038
52038
951916
52082
52082
951916
52115
52115
944414
52115
930865
52164
890726
890726
890726
52188
966874
52188
52196
52237
52359
966874
966874
52359
966874
9585
998067
890565
890565
890565
52359
979373
954832
52395
912324
910201
910201
910201
52536
910201
52536
910201
910201
52536
52536
52536
52546
910201
897045
13485
890565
887031
13485
13485
13485
886400
886400
13485
52552
52552
886400
52552
886400
886400
885882
52552
44801
883334
882224
52572
947520
947520
882224
23971
881056
881056
20525
52602
52701
52701
52701
927175
880308
880308
880308
43427
43427
879648
978364
879648
879648
878418
877300
52758
876504
876504
52774
876328
52901
52901
52901
52901
876328
52901
52901
52901
875781
873423
872001
52901
52921
871768
52921
52921
871561
871109
871109
52934
53022
53022
53022
924898
53022
915617
871109
870530
53022
903236
53022
53071
53071
903236
53071
870480
53071
870480
53074
981889
53074
53196
53233
959808
931157
870480
870410
10687
10687
53233
53286
976395
53329
976395
53382
53382
976395
976395
976395
955441
53383
870560
53383
870560
870382
53383
9636
955150
955150
955150
870382
870382
53383
53465
997885
53465
53493
53579
53579
53581
53618
997885
53676
46021
997885
46021
997885
997885
928670
46021
46021
46021
927102
46021
53716
53716
10302
927486
10302
903141
879978
887888
53779
887888
870370
870370
870361
870361
13260
870149
53785
931248
870149
51883
22211
941438
35044
35044
941438
53785
53785
53829
941438
870144
875764
15634
15634
15634
896555
875764
15634
8016
8016
906642
870048
8016
8016
869986
8016
8016
53829
869964
53829
869964
869964
869852
869642
869642
53829
53829
931873
869607
53829
869286
53829
869235
53906
53916
869235
869189
53916
53916
42418
53916
53916
947269
947269
53916
53961
947269
53984
53984
53984
947269
947269
915926
915926
53984
874637
869729
959357
869101
868437
53984
868437
53992
53996
54076
54076
54083
909916
23224
23224
908442
908442
908442
888401
23224
54083
996852
54087
996852
888401
886515
886515
54102
886515
45430
45430
945882
54203
54203
928292
928292
928292
54215
887126
54215
54254
54254
54254
54292
54298
54312
54312
54312
54350
47110
29809
29809
980987
47110
47110
973106
960378
54350
960378
54367
54395
928115
54395
928115
928115
928115
910292
44383
892521
892521
54421
892521
54514
54514
910952
911436
37224
1922
1922
1922
54566
54643
959170
54643
54651
54651
959170
911436
911436
54676
3568
990266
25872
54676
991653
54754
924232
54865
54876
951417
54895
45468
951417
951417
45468
951417
951417
54895
54906
54906
54919
951417
54967
54967
54967
951417
951417
55010
911436
975980
6177
6177
15846
975765
15846
55024
55043
55139
55190
936935
55203
911436
910952
228
898743
973209
961225
961225
916608
228
228
228
916608
228
908497
228
908497
16037
908497
898743
898743
892521
16037
892521
917327
17088
917327
917327
17088
37129
50349
984924
50349
54206
975870
975870
975112
55203
55203
975112
975112
55203
55209
942680
939170
55209
55209
939170
55209
55209
939170
925375
921032
921032
968064
917661
43162
55209
55209
947495
947495
55209
947495
55209
947495
55343
992302
947495
935650
892521
892521
55343
914286
914286
914286
55424
55424
55424
914286
55464
892521
16297
973231
931894
931894
55464
894352
892521
892521
55500
892521
889972
55548
55548
921742
55565
921742
55565
921742
889972
889972
892590
55565
892590
55570
55570
55570
55587
55624
55705
935240
55715
55715
935240
27243
55715
51954
51954
51954
935240
892590
51954
51954
886942
55715
953699
55715
55715
55715
970369
886942
886942
885596
55725
55725
55750
915778
55785
885596
55785
55785
55789
55825
55825
55825
52697
2264
909824
909824
909824
55828
885596
883757
883039
881326
55856
880707
45835
882517
880707
55856
880707
880707
55856
880200
880200
55856
937339
35024
55908
880200
55908
55909
880200
43990
55923
55939
55966
20597
917725
917725
917725
917725
56062
879163
56062
965419
56062
965419
56136
56136
56136
982420
56238
56347
29125
56378
13894
982420
982420
56378
56463
982420
56468
56468
922540
960044
3821
922540
913888
904410
893299
879163
3821
877686
876770
3821
876770
961888
942681
3821
3821
6151
56485
56571
56587
56587
942681
975349
942681
56710
56771
939832
912757
903914
56771
56771
985980
985980
22374
985980
958672
958672
22374
958672
22374
56771
56771
920429
56802
56802
920429
903914
889466
889466
37241
889466
889466
889466
51431
909421
51431
51431
51431
889466
50020
50020
888611
888611
56846
56846
50256
887229
986182
56846
56920
986182
986182
56920
26607
56923
56936
56936
997012
997012
991066
22118
56948
991066
56948
56948
991066
951869
56981
951869
56987
56987
56996
892855
890975
949592
949592
57080
57080
57129
949592
938184
57136
926877
57160
926877
906683
57197
906683
57201
958344
958344
958344
25498
24001
27740
57251
958344
944101
40380
40380
57251
57251
944101
56420
57251
57326
944101
944101
57326
57326
57326
57326
941544
57326
952766
937929
906683
906683
57326
57331
987744
987744
952959
952959
952959
1375
906683
903544
1375
1375
928081
928081
903544
903544
1375
901666
1375
1375
966228
1375
893991
1375
15503
30853
890975
2594
890297
887229
887229
2594
887229
2594
2594
47360
894243
894243
876009
874163
874163
18739
18739
969140
969140
18739
969140
18739
969140
18739
969140
18739
953980
18739
54072
953980
953980
953980
47838
40893
953980
928613
924908
20105
924908
951958
54072
54072
949188
57331
57336
57336
57345
57392
949188
949188
57394
57394
993864
922322
57399
57412
922292
57412
922292
910415
16717
889318
889318
16717
874163
873923
57412
57463
21795
7080
985745
985745
7080
985745
21795
903012
878973
21795
915274
32830
57504
918502
918502
57504
918502
57509
57519
57606
57627
918502
980297
5502
57673
980297
980297
980297
57728
929215
929215
911059
57778
949796
31472
984318
975174
975174
949796
949796
57778
57786
949796
57786
949796
1112
986645
57786
986645
57820
57820
57831
57831
992559
986645
949796
946630
943075
943075
943075
42115
943075
943075
42115
57888
57888
915804
915804
915804
57906
911059
57906
57931
955800
948119
22318
963784
22318
22318
22318
927281
22318
976130
38498
38498
976130
58030
948255
58030
927281
58030
58033
58083
902537
58098
899599
58194
989672
1674
1674
989672
58194
989672
58194
58194
931148
900383
889715
883636
16263
889708
889708
39467
883636
875895
875895
871536
870874
9848
998147
16293
998147
16293
870311
870311
898825
941318
941318
941318
941318
941318
898825
869695
39467
868413
39629
868413
868413
868257
39629
868257
49991
868219
49991
49991
868104
58198
58198
926284
58198
926284
58198
926284
58224
926284
20809
20809
991147
991147
58245
867972
867972
867842
37115
867842
910029
52957
867842
867707
52957
977152
916163
19420
19420
52957
58366
916163
916163
16624
916163
16624
58367
916163
22961
58520
962622
962622
962622
58559
962622
962622
58662
58728
58731
957455
58731
58745
935662
913163
898876
896241
58745
17588
993627
17588
58745
40168
58745
990582
990582
58745
990582
58781
941377
941377
58835
867707
867292
867292
867292
58835
867292
867189
58835
58835
867074
58835
935578
8658
935578
58835
58835
20017
58870
58870
58919
902684
59012
59029
59029
59029
867074
20362
20362
959924
999275
22917
999275
26320
959924
26320
995629
59046
995629
59061
995629
995629
59164
59249
963035
59249
59253
963035
4049
4049
4049
959924
41069
59253
59254
959924
59254
59254
959924
959924
959924
959924
10840
59286
987654
964443
4651
59319
964443
59334
59334
964443
964443
956810
59334
952120
974105
59334
59344
59372
951800
59068
59068
951800
59372
34718
951800
34718
954133
946853
945439
16801
945439
945298
945298
943853
917006
917006
16801
53770
924947
924947
53770
53770
911803
907815
53770
907815
899515
53770
56108
899192
56108
56108
933779
42179
59372
933779
59400
899192
899192
59405
899192
59412
59468
59482
935766
59563
59575
990118
935766
59620
59620
59672
887173
881781
13726
13726
59687
974412
59687
59687
989217
59687
50090
895344
878408
878408
876684
873145
870553
867047
867046
866978
866743
866743
36185
36185
866743
866743
917315
3382
917315
866743
50090
50090
50090
59687
59689
945365
13385
13385
980674
980674
949884
13385
13385
947154
14401
46053
947154
945365
32137
32137
945365
32137
996729
46053
977330
945365
921240
59689
59729
59767
13892
920073
952533
13892
952533
56961
952341
59767
59781
944969
924579
59781
59807
929935
922398
22431
59860
983875
972072
910116
59863
59863
59863
965211
965211
59863
59907
965211
59907
59928
962881
962881
962881
59929
59929
929233
910911
910911
59929
59944
910911
59963
59996
23617
910911
23617
950503
910911
59996
57340
60026
60026
944865
903129
900054
937374
21896
57530
57530
900054
57530
900054
57530
900054
900054
900014
900014
44853
28268
899588
899588
40596
40596
57530
60107
60305
897212
13957
7387
897212
7387
897212
897212
903497
897151
894834
7387
7387
866743
13957
955568
918111
866717
983301
969530
969530
13957
969530
870529
870529
13957
13957
13957
16988
995125
995125
21948
995125
995125
995125
960451
960451
960451
913196
913196
913196
17414
17414
938331
21948
913196
884150
884150
884150
21948
21948
870221
870221
59814
59814
998143
998143
59814
60331
998143
60331
60331
940878
60331
24855
9242
940878
24855
940878
940878
940878
9039
937120
934558
9039
992677
9039
992677
992677
992677
942219
942219
934558
42726
934558
42726
934558
60331
934558
929704
870221
870221
868744
866652
60334
866652
60366
60366
996336
996336
60366
60407
996336
996336
60421
60421
60421
996336
46158
46158
992942
992942
992942
955460
46158
46158
955460
46158
22299
48206
48206
60440
60457
60457
942220
942220
923105
25747
25747
923105
923105
25747
60034
960479
60034
923105
60034
60492
923105
28615
918276
42650
42650
60492
979545
958229
11536
11536
920580
42587
920580
939482
42587
58213
918276
918276
918276
60526
959573
60526
60568
959573
913144
60583
910231
910231
60583
910231
60583
910231
910231
910231
906776
906776
930005
937083
16384
937083
19422
943357
19422
19422
979029
979029
19795
979029
937083
922044
42047
42047
922044
42047
42047
922044
922044
42047
906776
58232
888220
888220
888220
883341
60583
939542
60583
927007
60617
60677
986014
986014
927007
60677
927007
60677
60684
60684
998782
998782
991875
47060
927007
927007
37340
37340
886860
881172
47060
47060
60688
60688
875703
60720
60729
60746
60755
60755
963259
60762
60772
60799
55933
55933
963259
55933
871326
868186
868186
49400
60820
868186
9499
60855
866637
60875
866637
866543
866543
60888
866543
49532
866474
866322
914064
59180
866293
866141
866106
866062
866039
60888
937468
937468
937468
937468
20929
937468
937468
20929
20929
20929
933989
933989
933989
916660
20929
34706
869067
34706
34706
60912
869768
33722
33722
33722
33722
990698
60912
61101
865930
61101
968527
968527
976230
976230
61101
987603
17787
968527
17787
968527
968527
6847
891708
6847
61101
891708
61180
61180
889156
19903
877699
877699
865930
19903
24433
988905
988905
986265
8450
986265
8450
8450
24433
24433
914478
902988
899549
865769
42442
61012
61180
61193
865769
61194
61244
61271
61271
61320
865769
61320
951565
61320
61320
61320
865769
61322
61390
865769
865769
865761
866985
16180
866985
993073
53012
993073
993073
978598
53012
61495
61526
978598
33068
33068
946034
945403
945403
33068
33068
920015
920015
898878
33068
877565
61526
871503
61526
61534
892690
866985
865761
61552
928560
14982
61552
61552
925088
925088
925088
925088
901369
870739
870739
61602
865761
61615
914710
956241
956241
25322
25519
956241
25519
58947
58947
956241
956241
11455
11455
11455
887907
11455
887907
27251
923481
35285
35285
923481
923481
903994
903994
884935
35285
6667
939482
6667
6667
35285
939482
932636
644
644
45240
932636
932636
45240
914706
28052
28052
914706
914706
981689
981689
956503
58947
956503
58947
990314
956503
956503
58947
914706
914706
61620
914706
914706
914706
944925
61654
61744
944375
61773
944375
61790
902716
897924
897924
61790
897225
61807
26689
950331
950331
61807
61810
950331
61810
937257
909288
14128
909288
941586
14128
14128
14128
14128
921477
920862
920862
20413
29591
893633
893633
888931
888931
60072
60072
939132
10018
939132
888931
880122
878038
10810
10810
870714
10810
11668
913203
870714
11668
11668
26888
10025
928278
907390
930783
938817
907390
868660
10025
10025
865624
865624
885591
895299
895299
904803
3932
904803
32885
32885
904803
904803
55689
60072
60072
990322
60072
60072
60851
968308
939313
904803
904803
904803
60851
904803
904803
995193
20999
34825
19886
61810
969992
61855
61908
984981
61908
61973
984981
975442
986281
61973
986281
62004
62009
62048
986992
986992
979385
979385
969992
62069
62069
888635
882811
878889
872174
865569
62095
865569
865548
62151
62156
62170
62170
877187
865485
62170
62205
865434
865378
62205
865353
5537
865220
5537
865220
865120
21701
56098
61106
967413
967413
896067
1598
61106
896067
61106
892000
62227
62227
62235
55040
62323
985622
62323
62323
877093
877093
925981
62323
62342
925981
925981
62342
62344
895951
62424
908057
9247
895951
27449
62455
62455
4099
895951
4099
4099
883522
62455
62482
62506
62506
62520
883522
865109
56419
62520
62543
62662
62662
42297
995765
42297
42297
42297
42297
17560
995765
17560
968945
17560
968945
31713
960788
959140
922286
31713
31713
59993
904525
864862
864862
44095
62662
864862
965141
882129
882129
869730
62662
869730
963412
16377
963412
16377
998962
998962
998962
998962
16377
62662
947973
62669
1078
1078
1078
62669
947973
947973
62669
62669
24621
62705
62705
940613
62753
979099
62753
938469
906786
62830
6232
6232
987055
987055
61085
62982
987055
987055
987055
927076
62982
63015
883758
63035
63035
948624
62417
883758
63080
63100
938173
63107
938173
989701
63117
989701
63117
875407
875407
63263
971295
971295
920052
63298
992811
63313
63326
63332
63358
920052
920052
920052
916582
993061
986215
986215
986215
892570
879587
980732
928153
3162
3162
980223
19602
980223
3376
35494
35494
53666
63358
925053
63365
925053
920342
63365
908385
898100
896604
966411
43058
63365
63371
63371
63387
63387
972298
972298
41114
965779
35359
35359
35359
962482
63387
952695
63488
47864
951170
951170
47864
47864
993346
24060
993346
978242
63488
63488
13443
13443
978242
63562
902140
63562
927137
927137
914706
973792
973792
52152
63565
63565
902140
902140
902140
47658
47658
47658
47658
63583
902140
897977
896604
54899
896514
54899
59093
923581
5480
63585
987264
63747
943693
19948
943693
19948
923581
923581
934133
19948
993809
19948
948967
948967
47754
47754
47754
948967
925807
954841
925807
47754
909976
26883
950255
51290
51290
54474
54474
960071
960071
960071
59336
909976
907138
907138
59336
936907
63747
63747
923078
63787
923078
63801
963807
63805
963807
923078
923078
952573
907138
2198
60919
60919
60919
63864
907138
901827
63880
63893
63893
63893
883499
63951
63951
879587
63967
879587
923834
63967
63981
879587
877718
63996
877718
614
64036
959341
64041
959341
64109
64139
920369
920369
888367
894205
877718
877718
877718
64139
64182
875967
875967
875407
59316
64291
875407
874899
869730
64298
28529
59769
994156
59769
64299
64299
64299
951914
925496
64317
32413
64318
64322
922773
64322
922773
943682
935826
935826
934504
934504
64352
64352
64357
64375
64433
977942
924534
892266
868259
868259
64487
64487
64547
64553
64553
978190
64556
978190
64558
64583
64583
64583
864862
64583
64583
64583
939346
960435
960435
960435
960435
43338
43338
64583
1290
939346
1290
911686
64436
48878
64583
911686
64593
911686
64621
911686
38828
989031
4291
64621
64626
966155
64637
966155
2532
28493
18880
976917
18880
970963
966155
966155
25585
966155
64667
64667
966155
64667
911686
980718
980718
56084
939512
899770
56084
895106
8478
895106
64667
885899
947759
11392
947759
967493
11392
967493
967493
967493
967493
11392
947759
927631
927631
11392
918334
918334
11392
11392
918334
64667
64667
64723
918334
53477
64811
64816
964395
964395
944104
918334
918334
918334
64861
64878
64878
64878
64878
973369
64878
64878
64878
64897
64918
64967
943790
65003
65010
911752
65010
911752
911752
65011
911752
909581
890969
976022
986310
986310
986310
65011
986310
976022
976022
65063
65079
65079
964339
65091
65091
964339
964339
65091
964339
64108
997549
65091
997549
17051
17051
997549
972929
65126
65138
963562
963562
939543
939543
939543
65191
908761
65219
908761
890969
65219
890969
3728
3728
3728
47371
65219
65219
969374
969374
942275
942275
65244
65258
65281
24385
983483
65281
65282
992986
983483
35344
65292
65292
983483
983483
993374
993374
29703
980774
958515
40051
929687
47158
47158
895561
8775
8775
895561
888658
8775
8775
8775
887912
881253
924333
14593
935671
935671
977416
19711
977416
19711
19711
935671
935671
935671
924333
17126
890879
890879
885465
885386
885386
17126
885386
903052
903052
17126
17126
17126
885386
885386
19711
19711
16489
19711
19847
881253
976886
60127
60127
60127
65292
65293
959716
65320
873703
953462
953462
972809
972809
39826
972809
927860
924486
923546
39826
923546
923546
898405
886652
869568
39826
40156
45235
54126
869568
54126
65350
953293
951921
65372
65403
12578
983196
12578
65417
65423
65436
44695
44695
44695
7695
959841
959841
930810
930810
21181
44695
44695
44695
939152
65436
65479
964025
964025
178
178
178
930810
960428
178
178
985134
18360
32082
32082
985134
45194
45194
930810
930810
46590
2437
903322
2437
901085
46590
46590
46590
910539
43874
987349
43874
987349
987349
910539
901085
63380
65650
65650
901085
65650
65650
65650
997473
998499
998499
998499
997920
997473
25573
25573
997473
25573
53270
997473
997473
53270
63575
995978
987396
987396
61090
61090
62261
62261
65675
965183
930690
65676
65676
951429
951429
13193
65676
65676
975757
951429
941109
40833
941109
930690
53606
930690
928639
3470
921261
987824
54547
54547
987824
987824
921261
58772
58772
921261
65676
65676
65676
65682
921261
921261
915044
32661
38272
65695
65695
65720
65730
65731
65731
65731
915044
914287
65731
914287
912015
65731
909110
65731
941276
941276
65731
909110
909110
65731
65842
65842
909110
65929
907114
65929
905881
65943
65943
65943
16636
905881
905881
897397
896705
16636
16636
16636
37738
896705
894107
65944
966271
65973
65979
66003
894107
894107
66003
894107
8887
894107
885657
885657
19039
885657
56972
56972
56972
51927
885657
882605
13831
878519
875019
6652
13831
972998
13831
972998
13831
940509
25410
940509
56972
940509
940509
940509
56972
942060
940509
926033
11670
18613
57446
926033
928251
57446
928251
928251
922632
900534
900534
39
37115
900534
6048
973146
873537
6048
873537
37115
37115
873537
31606
31606
9603
914196
914196
873537
9603
869401
868605
868605
9603
9603
9603
987704
987704
25734
25734
25734
37115
987704
987704
962192
962192
962192
962192
10062
10062
938929
10062
938929
884168
884168
