999994
997819
103811
999880
193076
193076
999872
997819
248562
248562
999841
926977
248562
920759
920759
403641
102497
191077
191077
430084
419396
427799
999822
427799
427799
37829
999822
37829
43370
56138
999626
999446
56138
56138
56138
56138
174183
999382
60521
60521
999382
999382
99287
999382
999345
999261
999130
999130
63489
63489
999130
115353
115353
999077
999077
999032
998966
998871
991719
4231
4231
120673
133863
150332
152802
44397
128994
143178
998716
998700
71691
155545
155545
155545
998700
998537
186114
186769
188241
188241
5558
998514
184695
998496
998496
998433
998399
998339
998297
998218
999887
999887
998218
998218
6395
14757
14757
28271
28271
998218
998199
998199
998199
18836
998043
998043
997989
997870
18836
28271
30968
30968
997681
30968
997667
34840
997667
39994
48879
76371
997656
997656
997656
997656
997656
31883
65435
65435
997648
997605
997605
68644
997583
997583
997550
70947
997550
997467
57570
997467
57570
997463
57570
997463
68133
70947
74608
997405
76371
997405
85020
997405
997341
997339
997339
2547
997314
997249
24760
24760
78001
78001
997249
997182
78001
78001
98519
98519
997005
52553
996962
9941
67099
67099
98519
98804
99144
996962
996912
996895
996870
99144
996827
99144
2426
996827
996827
41588
996799
99144
996761
996761
99870
99870
99870
996731
996642
99870
99870
996610
996610
996610
92395
43442
996555
43442
43442
52029
996555
44378
996555
52029
996542
996542
996529
996430
52029
52029
996374
996345
56355
76729
996318
996318
996318
996318
996311
18690
103910
996311
996311
996311
29260
29260
996272
29260
29260
68367
84964
107471
107471
996251
996212
996163
996143
996127
996127
995870
19667
89375
995850
109103
17083
995834
109103
44957
995823
27752
995823
27752
27752
27752
27752
995758
44957
102720
102720
995758
109103
109103
995755
995755
43943
995755
995732
43943
43943
995726
995726
18685
995726
995582
7316
995385
43943
52432
995385
52432
995372
995338
995303
995193
995151
995085
995021
994902
994902
23222
994846
994829
994829
994829
23222
994829
994767
52432
994757
994757
994757
994757
52432
994757
18090
55833
68218
68218
80832
994757
81430
994757
994647
994644
994644
994644
994644
68524
80702
80702
81430
49374
49374
49374
994453
994446
994371
994303
994303
13483
994303
49374
994303
49374
49374
82599
82599
49165
49165
49165
87422
87422
994303
994228
87422
994228
88348
97267
994228
994227
97405
994225
994213
994213
994174
789
994118
994118
994065
789
994065
994046
994046
994036
994036
21030
28289
28289
994036
33734
993993
97405
87183
99288
993993
99288
105842
105842
993991
993991
105842
993991
993991
107227
993991
62301
993928
993928
993793
993793
2902
993793
2902
2902
6612
6612
993793
993793
993780
993733
993733
62301
64956
993733
94870
107227
107227
993638
993518
79000
993518
107227
107999
993518
109103
993498
112641
19625
993498
45251
998842
993498
993452
45251
53176
993404
993404
993399
10722
59385
59385
993399
993352
993352
993322
27373
27373
993246
993246
40457
40457
59385
993246
993246
993246
993254
108605
993254
112639
993182
112641
993182
112641
993182
112768
993182
1592
993182
993057
1592
993057
993020
993020
993020
1592
53290
69108
993004
992999
992816
992816
992816
992816
992723
112768
992704
992704
992696
992557
44238
992544
992544
112768
112768
116787
65804
65804
992503
65804
992448
65804
65804
65804
992448
65804
117339
992419
117679
119932
992419
992320
119932
992320
119932
35239
35239
6333
6333
35239
35239
35239
992320
992320
992320
119976
992320
120214
121668
122139
992284
122139
122139
992271
33286
992271
33286
992271
9181
992229
34731
12055
992229
992210
12055
12055
992141
992115
12055
13062
992115
25550
25550
992106
25550
992106
34731
992106
39748
992079
39748
992079
39748
992078
992048
115613
115613
992048
115613
991841
991841
97426
991619
41672
991619
991619
991619
41672
991617
41672
41672
64086
991617
64086
100663
120069
120069
991571
991571
991571
991571
9752
9752
991524
120069
120069
122139
122215
991330
991330
991304
991279
122381
991191
991191
991191
104884
104884
104884
122381
990953
112220
990953
990953
990953
115841
123425
123425
40379
990953
990942
124909
990935
990935
14235
990930
990856
990834
990833
995314
995314
127546
127633
128558
995314
130007
111720
130134
990833
990812
990812
130212
130212
990812
130212
131306
990812
132217
990812
990811
990777
990693
132217
132678
139176
990693
139176
46330
6881
990693
990693
6881
990687
67531
73655
990592
20564
990587
73655
990587
73655
990537
4963
4963
990501
990501
990501
9621
70285
990501
990501
70285
70285
46216
70285
70285
990476
70285
61986
990476
61986
73655
990267
139176
990267
990218
990218
990077
139176
139176
139543
139543
990033
990033
140545
71417
100392
140545
140545
990000
79239
79239
137184
140545
989949
107371
990678
140545
989949
989921
117410
989767
110550
989767
106431
110550
110550
110550
117410
55252
55252
989767
989748
17136
989748
989678
989675
989627
17136
17136
17136
989627
989627
989627
55252
989627
59475
91021
989627
91021
91021
116193
989627
989626
989621
117410
48963
990980
989621
989504
48963
991488
991488
989504
989465
38175
989459
42508
989424
989276
44394
44394
989276
989246
989246
44394
48963
989246
48963
989245
29298
29298
989245
989245
989212
29298
29298
72250
989211
989211
9768
18766
6758
989113
18766
72250
72250
993101
98598
107825
13847
989113
85553
989113
989072
989067
989067
11696
57430
989067
60932
989067
989063
31751
20394
989051
988990
20394
988952
31751
35842
988952
35842
56444
998913
998913
38112
998913
994459
988952
56444
988952
988952
56444
56444
56444
998903
56444
56444
66229
66229
56845
56845
998903
79487
998903
61422
988921
988885
61422
61422
988885
61422
61422
79487
988885
988885
32392
32392
988885
74534
988885
74534
988863
85553
93612
989131
988854
994753
99778
988854
988824
988824
50128
988806
988806
988795
988795
4479
988795
4479
988794
4479
988794
988737
988737
988737
988538
62011
62011
62011
988515
988515
62011
988515
998455
988515
30326
1693
988512
1693
62011
988512
988512
988512
988402
59162
988255
59162
988061
59162
988061
59162
987997
59162
74716
63118
987948
987948
63118
63118
63118
63118
63118
63118
30588
80087
80087
987948
987929
88256
89313
96683
96683
100896
63691
41892
41892
987929
12328
987897
41892
987897
41892
987742
63691
987704
53101
987704
53101
987704
53101
63691
63691
63691
987704
987704
63691
63691
100896
100896
15721
11151
987704
987704
987704
987704
987704
987653
987597
15721
15721
3392
987597
15721
21251
21251
987597
29714
987597
987419
987415
987415
987415
2014
987415
2014
2014
2014
27293
987415
987335
31218
987335
987335
987294
35463
987294
987294
987294
24998
24998
24998
62350
100896
987294
77668
987237
987237
77668
987138
77668
101139
101139
987138
987130
987130
987130
103461
104500
987130
987096
12145
987077
986996
46046
57232
57232
80567
986797
986797
986797
104500
986797
986782
986782
87112
986706
986683
986661
986661
87112
73438
87112
986618
87112
986528
102253
104500
995556
995556
986528
986528
34089
986528
986528
106517
986528
106529
986528
106837
986510
986326
108005
111111
986326
986289
986285
986238
111111
111245
43933
986238
43933
986238
43933
111245
986229
82036
107077
986116
986116
112574
986113
18125
53687
986113
53687
986087
53687
66756
66756
73407
985937
109411
985937
112574
112740
112740
985937
112899
985901
48918
985901
48918
48918
985901
985901
112899
985901
985880
985880
985812
12920
28507
985812
43135
985794
43135
985794
26998
43135
44625
44625
995679
991115
991115
68124
68124
999815
70059
987446
987446
985770
985730
70059
985730
70059
112096
985730
112096
13397
13397
13397
13397
985660
13397
985660
13397
112096
985650
985650
45212
985649
985649
62075
989447
989529
68938
68938
68938
989529
68938
71323
989529
989450
65402
4088
4088
989450
989447
65402
18265
18265
18265
989447
18265
32648
53465
71323
989447
77181
985578
985500
985500
985500
985471
61141
61141
985471
61141
985453
71305
51613
985453
985453
51613
985453
985453
51613
985453
985453
985276
985179
9484
985155
985155
985155
985155
6210
6210
985064
6210
6210
6210
985027
984978
984944
6006
6210
6210
6210
984944
984944
984938
9484
992719
9484
9484
992719
10113
10113
984896
21842
21842
21842
984896
984896
22015
984896
984878
984878
984878
984756
984739
22015
984735
27508
984611
27508
27508
984572
27508
38110
984572
984572
984572
984572
984572
984529
38110
51613
51613
52793
984529
984529
12542
999130
12542
12542
55787
984529
984476
984476
38988
984476
55787
984459
55787
984459
984459
55787
55787
58381
984449
56554
984237
984217
56554
984205
58422
58530
984205
10662
984205
10662
62984
62984
984175
62984
62984
984175
62984
984160
62984
76682
984160
79613
79644
984118
984118
12034
12520
12520
984118
79644
85172
984118
983940
983907
983907
983832
983832
85172
983832
82799
983832
983831
983619
983529
420
983529
983529
420
983529
420
18611
18611
18611
18611
40835
40835
984252
45296
983494
45296
983494
983494
56056
983470
983455
983446
46228
46228
983446
56056
64305
983446
90268
90268
983438
91651
983425
983401
983282
993341
993341
983282
2748
2748
2748
47249
983282
983271
47249
92236
983271
21181
24449
92236
983271
92236
92236
92323
983271
55479
983271
55479
983255
983246
983201
7254
983201
7254
7254
983201
983201
983169
7254
7254
992054
38357
51193
72409
72409
37661
983765
983765
983169
983169
983169
983169
983085
983003
983003
54570
983003
60949
72409
97462
982936
101069
982899
101069
18928
982894
982894
101069
982894
101069
101069
101069
104114
104114
982881
982881
982842
982714
982714
32007
998049
982649
110850
982615
110850
982615
982615
982595
110928
6593
982544
982515
983061
982515
982497
982497
11094
982497
982497
982482
91703
91703
110980
982482
111300
982482
111563
112096
112738
982478
112899
982478
982412
6246
63430
982412
63430
63430
112918
982412
114387
114387
982412
114482
114482
114482
982412
982329
116523
982329
116523
116523
116706
982274
982160
50865
50865
982113
50865
981978
981855
981855
981822
20614
50865
55176
55176
981646
29185
55176
55176
990505
981576
55176
981576
981576
981516
981423
54617
54617
69905
91708
91708
91708
981423
981338
11728
91708
981185
981102
981102
6384
984397
981102
6384
6384
6384
987479
27301
53103
85187
85187
987479
981079
97347
106158
114150
981037
114150
116726
981037
116823
117288
117288
981025
981025
117410
980979
980961
980956
50733
980945
118234
980809
94393
119008
980741
980741
980741
119008
119768
119768
980741
980563
119768
980563
980517
980497
980497
980495
980461
45908
45908
980337
980337
71522
71522
980285
980285
71522
980285
53962
77600
980285
109843
980285
40563
40563
117517
39628
998757
980285
24353
980285
24353
980285
980227
24353
980189
24353
39628
981627
39628
39628
980097
39628
110423
120065
120065
120544
980097
120550
980097
980097
980070
120714
980015
54012
980012
54012
994659
113413
37693
994659
985328
37693
985328
985328
45820
45820
45820
985328
45820
113413
980012
113413
986135
980006
114033
979979
121455
979979
979706
979647
121703
979647
979647
121703
121785
979630
121849
979612
121849
979486
979441
121849
979441
979441
9673
979441
979377
33623
33623
43106
122184
122553
979370
5948
122553
979364
66034
70613
979364
979344
979334
979334
979159
70613
979156
106169
122553
979126
122553
122553
122553
123596
979126
123909
979107
124326
979101
979082
124326
124326
124326
979049
19048
19048
19048
40460
124326
72398
998691
979049
979045
979045
979018
983075
979018
978921
84332
124716
38813
978921
978906
38813
123841
978906
978657
124716
124716
978657
124716
978657
124716
978657
124716
978657
978657
978632
978575
978575
32156
75683
75683
90901
47052
90901
978456
90901
90901
90901
90901
978333
978277
978173
978173
90901
978173
978173
95083
978173
978010
95083
978010
52557
978001
978001
978001
122773
124716
124716
978001
30665
978001
978001
20681
82345
82345
978536
82345
978536
82345
82345
977972
82345
977964
86490
977964
115934
124716
977964
977948
977948
77865
125285
977948
977838
19577
65694
977814
87719
91786
54875
977804
977804
977804
977776
977751
977480
977480
13360
977412
81560
977319
81560
81560
81560
114560
977319
977220
7224
7224
74597
92301
977165
977164
977141
977141
977141
92301
92301
92301
114560
997923
114560
114560
114560
114560
125164
997923
997923
977141
977141
977071
977043
53498
53498
976970
976926
976926
976876
33925
976876
33925
976876
22389
33925
33925
976868
125425
976840
125425
976840
125425
976812
125906
125906
125906
126034
976812
976796
976796
976796
976772
976728
976653
976653
67930
976651
976651
976516
976516
976516
47362
73429
976455
976439
113566
21066
976439
976439
976439
976439
21066
976439
21066
976424
21066
21066
976423
61595
61595
976423
68994
976423
976380
976260
42197
976260
8688
976260
8688
976255
42197
976254
985554
42197
976254
68994
976232
976227
32138
976227
993447
24132
976227
36807
976227
36807
42476
43839
976049
976049
85023
976049
90528
989970
11619
976037
976037
976026
975927
11619
975927
975927
975927
11619
975927
11619
975916
11619
975916
975907
975827
975788
975788
975788
975749
41184
48307
844
975717
975717
844
975697
975660
16381
975660
975650
41444
975650
975650
48307
1639
975650
1639
3016
975590
48307
975536
975486
48307
975464
975464
48307
975464
975397
3952
64264
975397
76872
76872
81730
975397
975397
975397
100875
83692
83692
997193
100875
105538
105538
975397
105538
975397
13950
59704
105538
975361
975359
975358
105538
105538
105538
80365
975358
975358
32257
975252
975212
974982
32257
985777
85262
985777
974871
63776
974863
63776
974863
91309
974822
91309
974822
105697
110589
974822
110589
974800
974791
974791
974791
974791
974791
57388
974777
974777
57388
110589
110589
66736
66736
974745
66736
988256
988256
19453
19453
19453
19453
987055
987055
974745
19453
71922
974566
5946
85158
85158
974566
60857
974566
974517
60857
60857
110589
974367
112204
36694
974289
36694
989262
36694
974289
36694
980586
96726
23896
23896
23896
988507
23896
988507
993296
35530
47425
47425
61331
61331
974270
974216
974216
51973
974216
974162
974162
84884
974141
974141
57459
57459
974062
57459
974062
84884
84884
96726
96726
96726
974052
974052
96726
974052
974052
973974
973974
973956
53710
973956
96726
973953
96726
96726
17425
17425
110360
973953
110360
973938
973938
973938
973938
112204
973934
973934
112420
112420
973934
973930
973930
973930
112420
112420
17973
17973
112420
973930
973917
14817
112420
973917
973917
973847
112598
973832
973832
983451
14119
973832
973796
973796
14119
973796
973788
14119
973742
973742
24176
973742
27586
46349
46349
973690
973690
739
973686
973686
973686
973686
739
46349
46349
66396
66396
79730
973563
79730
82992
82992
973561
973561
986015
84732
973518
85661
978889
85661
94268
105542
105542
107064
107064
107064
973409
107064
973299
973170
13569
993298
17978
67206
990915
973150
67206
38327
973150
973150
35413
35413
35413
978175
973150
973150
67206
73036
973036
973036
2932
991452
2932
972962
986661
22728
47888
47888
47888
47888
47888
47888
972962
47888
47888
993574
31121
84205
972962
84205
972955
972896
84205
972896
84205
84205
973577
84205
100255
112598
973577
972896
113341
102638
88761
102638
972855
102638
102638
972855
972855
16569
102638
102638
102638
972853
972812
6849
972812
972812
85466
85466
102638
113341
972812
30824
30824
30824
972812
30824
972812
113566
972812
972747
113566
113566
113566
972703
113566
972554
972554
972526
113566
62142
114808
972526
972498
114808
972411
114808
972409
972409
115804
28108
972409
972409
117222
972306
117636
4922
972306
972167
972102
119674
972094
120558
120558
972091
120708
972032
972016
122571
83710
973724
973724
972016
972006
971891
973205
973205
973205
41
11930
83710
120607
122852
973205
971835
122852
122858
123132
60809
975161
60809
60809
971835
971830
971737
60809
60809
60809
60809
105295
971680
971680
106804
123132
123132
123132
971622
123475
126053
126053
971622
971622
126053
126295
971601
971601
971583
971583
11467
92703
971582
971569
971553
92703
971553
971488
109096
26600
971424
971424
126332
971409
971409
34273
971409
34273
971382
971379
971379
43523
971316
43523
971096
970975
32081
32081
970975
970975
970916
970900
32081
970900
32081
989067
74072
74072
92014
18991
47239
92014
989067
989067
970861
96488
970861
96488
970768
970768
970768
970745
10943
113535
113535
970745
970711
36662
970686
970531
36662
970405
970372
970372
970367
6313
970317
6313
6313
970206
20664
587
587
970206
970206
970206
970206
10441
970206
36662
970206
43561
970206
50311
970198
51153
60118
60118
80306
57806
982508
85127
982508
99668
982508
105519
105114
105114
978302
105114
977198
105114
105114
977198
112680
970198
113535
115600
970185
108717
117444
119481
27670
970113
119517
970101
120938
970056
969965
17065
22493
969965
120938
120938
120938
120938
969910
123395
126393
126430
126607
126631
127038
998222
111618
111618
969910
969774
969774
969641
969641
111618
111618
969641
111618
969603
969598
969598
969598
111618
969598
124317
969501
124447
969480
969480
969318
83969
969197
969197
83969
83969
85273
969197
64591
969197
109466
109466
109466
969197
127038
969167
969146
127038
969146
127152
969146
969146
127335
969146
99275
99275
127434
84284
84284
969146
127434
969136
997234
107340
997696
107340
969136
127434
969120
127718
127718
969099
127718
996830
996830
3663
976287
3663
3663
976287
3663
4681
14183
976287
14183
995981
995981
995981
976287
14183
969088
2176
11546
11546
969088
14183
988471
36417
969086
969086
42609
42609
984239
969086
969073
42609
969063
42609
42609
65226
969063
971948
969063
969063
65226
969062
969025
969025
968987
968846
968846
968833
968833
968833
30344
30344
30344
968833
41277
41277
55508
968833
65226
996929
996929
98620
121486
996929
121486
121486
126125
126125
996929
992811
127718
968833
968825
968825
968825
968824
968824
968824
28299
61806
61806
61806
127892
128002
968815
128221
968815
128697
968815
128697
128756
968815
968815
128756
128756
968623
968623
968618
968566
968537
12941
968507
128756
128802
128802
971468
968507
968482
968482
4280
93994
80989
968396
80989
968264
968264
21091
21091
21091
996851
996851
364
992741
364
992741
364
992741
566
566
992741
566
566
968264
968264
968264
10673
983910
14727
983910
14727
14727
983910
21091
10855
983910
979336
15167
968264
15167
968264
15167
15167
21091
972269
34732
35237
35866
998842
972269
35866
972269
968263
968111
35866
35866
975373
975373
975373
975373
974534
47191
974534
968111
968098
967977
967930
3658
967930
967930
3658
967930
3658
967814
39322
997772
997772
39322
967766
967766
7665
967742
39322
39322
967742
39322
967742
39322
967713
9054
967713
967713
967713
9054
2014
2014
27141
27141
967700
27141
967700
994471
967700
967538
39322
967538
967525
48835
967462
967462
967441
48835
967427
48835
51086
967427
28068
967427
28068
63288
65469
44349
967355
75678
75678
967355
967355
75678
84037
84037
967355
87147
967355
92285
93118
967355
967355
967355
94570
967335
967335
94570
91850
967322
967322
967322
77045
80156
92132
967317
967313
94570
95463
98532
967230
967230
98532
967230
98532
967196
967071
967029
98532
967029
966971
98634
966969
98634
98645
966969
966949
966930
966930
966869
21873
966869
966869
966869
966869
966839
21873
966839
21873
50225
966795
966795
98645
966750
6214
6214
6214
99376
101413
966750
966750
966683
113231
966644
966565
966565
117255
118529
991358
120317
122126
77084
983334
122183
983334
122183
995341
122183
995341
67494
983334
104322
966518
966489
966489
966468
966468
28674
28674
966468
966468
966446
966381
122183
966381
122183
128802
128807
39836
129261
966378
129261
67728
67728
67728
67728
67728
67728
67728
67728
966378
129261
966378
129406
966360
129406
129921
129921
966360
966210
966101
966067
966043
966043
966043
1705
966043
1705
51181
966043
965923
965923
61921
965923
61921
91413
965923
91413
91413
965923
965923
91413
91413
103373
119474
129921
129976
965918
965918
130037
965811
965811
965808
965808
130037
131385
131486
983776
131486
983776
995288
40676
131486
995288
983776
131486
983776
983776
980222
972769
131486
131535
112730
120211
965808
992360
10627
10627
120211
965764
965718
131535
131535
965718
102513
965718
965718
33141
131535
965654
131535
131535
965654
68229
965654
965654
965654
123935
965654
123935
965628
131592
965628
131592
965611
129951
965573
966839
966839
966839
37467
966839
990429
966839
966839
965562
26101
965551
26101
965543
965515
965486
965444
37467
965444
37467
44108
62928
965383
123828
123828
129951
131592
132686
965306
965292
132686
133350
965291
965231
965231
133350
965227
965221
965221
133750
988348
965221
133750
965206
965203
965203
72013
72013
965203
72013
965203
72013
965203
72013
72959
72959
965183
965172
72959
72996
965136
75647
97610
965136
987256
987256
70961
987256
972047
108062
116458
982925
116458
982925
116458
128039
982925
2812
2812
972047
971296
971296
971296
965136
965123
997788
968922
27046
27046
975083
968922
34266
35551
968922
968922
44505
44505
965123
965123
94884
981191
94884
104616
104616
69095
965079
69095
965055
69095
127237
983722
127237
131706
106583
965055
965055
965055
29039
36441
965009
77028
106583
106583
130512
132147
132147
132147
132147
134252
965009
964961
134259
134393
134845
964944
6787
6787
964944
964919
964913
964834
981309
6787
964834
6787
6787
964715
964595
30265
964595
30265
964566
964538
964526
25383
30265
39247
39247
999749
51343
134977
994020
134977
135121
111946
111946
994020
994020
964526
964526
964526
111946
135134
964526
111524
56743
135146
135146
964526
964526
135146
964526
964526
964509
964500
964500
964500
964470
133843
133843
133843
997145
133843
133843
964470
964470
133843
964470
964470
964430
135146
964430
135393
964430
964331
964225
964149
119198
119198
119198
964149
964148
135410
968033
964148
964148
964114
135808
964060
964060
964060
964060
964060
135808
963951
963951
963951
135824
135951
963951
963947
20288
963947
2631
963947
963814
6269
999507
6269
963814
13090
963814
963785
963778
963778
20132
963778
20132
57864
983554
973640
57864
57864
58224
973640
970509
963701
963701
963701
4345
14499
963701
963664
14499
14499
963647
14499
963647
14499
56032
963627
963627
36745
36745
998264
998264
998264
998264
997819
997819
36745
963611
58224
61706
963611
81373
963611
963611
963611
963606
10948
965936
10948
963555
10948
963555
10948
963463
963463
963463
963463
963463
10948
37154
37154
963463
963416
963416
37154
37154
40770
21626
998737
998737
40770
972940
40770
963416
963177
963077
6363
963074
963016
963016
962986
962981
6363
6363
962837
6363
6363
40770
962837
40770
51562
11264
11264
53302
53302
962811
962779
53775
53775
962779
962779
53775
962742
54235
962650
962555
19276
54235
962494
962453
962438
54235
962416
57614
57614
57614
998538
57614
998538
998538
969169
2177
37903
962416
962388
962388
37903
61853
55275
962383
55275
962356
962356
61853
61853
962335
975090
962267
962253
61853
962253
975624
61853
973355
962225
962198
61853
962198
962198
962198
962170
962088
61853
962088
962088
962068
962068
962049
962039
962037
962032
962011
962011
19723
61141
961953
61141
972281
29143
962839
961953
961850
961843
961843
61141
961799
27348
970927
27348
961729
961661
27348
61141
961661
61853
62407
63983
63983
961661
961661
961628
63983
66314
961546
66314
66314
961546
71365
71365
961504
73463
967480
961504
64705
64705
961426
74249
961426
76409
961426
80428
80428
80428
81530
961426
84969
961426
84969
86512
81225
961407
961407
961388
205
961346
961329
2671
961329
81225
86795
961329
86795
86795
961277
3032
55865
969014
961226
86795
86795
87275
76834
961226
76834
88646
89018
31145
31145
91173
91173
961226
961175
91970
961165
94255
94255
961138
95393
95393
963349
963349
95393
95612
96369
105127
105127
105954
963349
92005
963349
92005
963349
961138
961138
999149
32222
32222
85717
92005
999149
999149
92005
107599
961119
4593
961119
961119
961069
8408
961069
961069
8408
8408
961069
961069
961069
20718
961069
32674
961048
80773
961029
961029
961016
66383
961016
960962
960962
960962
960962
960906
960879
49880
66383
66383
87373
998700
960875
87373
960861
960861
87373
87373
93622
960861
960833
77217
960833
77217
77217
960833
960820
65168
960820
960820
5954
65168
989864
989864
989864
97257
989864
104365
107599
989864
979539
975078
95449
960820
960820
95449
960820
960745
960720
95449
95449
960719
960687
960687
95449
960661
108245
108342
108342
960571
108588
960571
108588
960571
960571
960571
960571
960571
108976
960571
960527
960510
960485
109672
32758
62312
960485
960458
62312
111407
111826
111826
996227
960458
111826
960458
111826
112305
960458
960428
112305
960428
972022
972022
972022
960395
960395
30202
30202
30202
987168
987168
30280
987168
987168
960395
960395
960395
960395
30280
969520
960365
42596
967662
9506
42596
72854
97361
97361
960288
960288
960288
36004
36004
27286
960242
960242
980860
980860
960117
10412
20198
27286
68193
983344
68193
960117
96954
4941
40577
97361
960117
960070
79335
979214
979214
960070
960036
959998
959961
959961
959612
959612
959565
82207
959489
82207
104173
112816
113282
113461
990794
113461
990794
113461
959489
959489
113461
959489
959489
114026
959365
115762
119067
959358
959308
959308
119067
985164
119067
119067
119067
119067
123333
123333
959308
959292
123333
959292
123481
125159
959260
125935
125935
968385
126262
959231
959231
126262
126262
128300
959231
959219
959219
97271
72891
959219
959197
72891
92540
92540
959197
974312
97271
97271
97271
974312
959197
959197
89461
959152
112263
117833
959152
959152
117833
117833
130002
959152
959145
91330
130273
959145
959093
959093
130273
130273
959093
959087
959087
130273
959066
959062
133191
959027
959027
959027
959010
959010
135891
958937
958879
958879
135891
18932
18932
18932
958879
29747
958867
29747
63079
63079
132735
958867
958867
958867
958867
958848
132735
132735
958560
60049
132735
958445
989
958432
958432
135891
958351
54901
135891
68736
958351
958337
68736
68736
958337
958305
68736
958305
97685
958290
135891
958290
136079
958260
36152
136490
958232
958232
967124
958232
64420
64420
970099
970099
958197
64420
958197
958197
80307
958193
958189
958189
958161
958149
85760
97156
958120
958088
958088
6672
958036
958036
958024
6672
4774
11101
958024
11101
11101
957984
24218
957984
24218
966276
4456
4456
988200
988200
980710
19046
41135
980710
60099
980710
76471
77551
77551
980710
101995
980710
108088
980710
108388
108388
114221
118109
980710
136490
980710
132593
986298
132593
986298
68032
68032
994222
994222
989729
967596
53696
996627
58599
996627
58599
996627
996627
978190
68032
68032
68032
68032
68032
978190
978190
82552
967942
967596
88626
967596
966276
88626
96890
966276
49604
96890
115397
115397
132593
136563
42379
42379
980409
980409
6546
966276
966276
88133
125286
125286
963770
8393
125286
957892
14893
136563
136563
136583
136814
136814
136814
136814
957862
998123
957862
41447
957803
957803
957761
957761
41447
957683
51318
5287
957666
51318
76254
20286
957666
20286
64599
25115
69999
57036
57036
69999
69999
76254
978486
76254
978486
79105
79105
978486
978486
957640
91536
957640
957640
957640
957619
91876
51351
51351
989317
51351
989317
989317
976247
957615
51351
957615
80984
957594
78676
957546
957546
957518
78676
78676
78676
94475
957493
97446
97730
987666
957493
974195
97730
105692
957319
957319
957319
970497
105692
97629
97629
97629
957245
97629
957245
105692
957245
22708
81239
977405
95119
977405
957221
108419
957221
108419
957221
957221
977683
977683
977683
977683
116551
957221
116560
957221
116560
116560
116560
957174
957126
957049
957049
957045
54351
956975
54351
956968
109519
956968
956968
109519
999149
120543
120664
956951
956951
956943
956943
120664
956943
134515
137065
956913
137065
956879
137099
137099
137193
137323
956859
956779
956779
956779
137375
956779
956773
956692
59152
988090
988090
18266
988090
988090
18266
956584
956584
956580
119810
956562
956562
122724
956562
956562
956562
956544
33309
956544
33309
956506
956506
956506
33309
960781
960781
33309
956489
15196
956489
956407
956407
33309
36154
956403
36154
956381
956381
36154
36154
975862
36154
1811
43937
975862
43937
956381
58597
956368
58597
956368
956334
956333
58597
956320
956320
58597
956320
956318
956318
43182
983868
983868
983868
956318
58597
58597
83567
84987
84987
956214
15593
84987
956131
98591
98591
98591
118921
2434
956728
57966
956728
57966
4092
956728
57966
57966
958364
958364
956728
956728
38623
956728
112220
112220
112220
112220
121160
122724
995226
122724
971350
956728
122986
956925
956728
956728
122986
956728
122986
122986
122986
1168
956131
22272
956127
956127
6771
6771
997304
6771
22272
47944
47944
997304
21251
47944
988951
977109
956106
956012
47944
955985
55683
14273
955985
955985
14273
955985
23052
23052
955985
955970
955970
955966
23052
64499
64499
955966
66847
66934
66934
955944
955944
955944
955944
66934
76258
19160
955944
955944
76258
955944
79909
84491
955896
84491
955896
955896
955863
84491
955863
92652
92652
955838
955838
955838
955838
47962
92652
96932
11126
955838
11126
955797
103796
955757
103796
88883
88883
955757
103796
107324
955757
955740
78546
955740
955740
955718
78546
957570
124534
124534
955635
125391
955635
955635
112186
112186
112186
127068
955635
955629
955590
955587
955587
955587
127478
127478
128745
955587
955587
955587
128745
92309
80891
80891
965698
80891
80891
80891
965698
100355
955579
955579
955504
128745
955457
955457
955457
128745
961206
128745
131792
971878
971878
132632
132632
961206
133583
137610
961206
137721
961206
105131
955457
955457
23797
23797
137784
955457
138083
996541
996541
955457
138147
138216
138299
955398
138471
138718
955398
138936
955392
139005
139125
955392
139125
955392
139125
14183
139396
955392
139396
139396
139517
955356
139517
992595
955317
51344
955317
65483
125970
955295
140120
955286
140120
75340
955286
955228
955228
955220
36274
955220
955220
11233
50742
955206
50742
140175
959757
959757
86182
86182
140175
140454
140454
140454
140653
959757
64537
141054
955206
955166
955166
3166
3166
7804
955127
7804
9519
9519
956702
955127
955127
9519
79898
79898
139543
996673
139543
996673
139543
955092
955088
139543
139543
139543
141155
141180
955088
9377
9377
955045
980497
994347
9377
32990
42915
994347
10211
10211
10211
994347
980820
980820
980820
965519
955028
10211
10211
955028
33233
42915
955020
954981
954981
41875
954981
954981
954981
954937
954925
48493
52663
954925
52663
954826
52663
954814
954722
954722
965136
965136
965136
33786
19903
19903
19903
19903
52663
53342
965136
64370
73082
958587
86226
96398
101189
101189
87856
958587
958587
958587
954710
954606
954606
954606
954563
33925
954563
990712
990712
990712
990712
11819
11819
982287
982287
11819
11819
982287
11819
35404
35404
35404
35404
35404
38231
954563
49917
954531
954390
954352
49917
49917
71334
81085
81085
954352
81085
89038
89038
954318
113024
954270
50620
966432
50620
50620
114961
963782
11624
11624
115175
36588
954226
36588
959721
959721
959721
36588
959721
40836
55206
55206
55206
959721
56457
959721
959721
41698
992480
3182
41698
992480
992480
41698
52699
56457
28726
28726
28726
28726
955606
28726
955606
954226
954226
954176
35795
56457
954176
56457
954113
26002
26002
970010
970010
970010
954113
56457
954113
64148
954113
954113
27667
954080
954080
27667
978441
27667
978441
27667
969379
27667
75936
77101
999137
77101
999137
78808
92408
999137
26839
999137
108505
108505
999137
976887
45702
45702
976887
976887
45702
108505
108505
109234
109234
111016
969379
111262
969379
111262
969379
956434
954080
954065
115046
953995
115175
115093
953995
123761
123761
953988
953988
953988
123992
953966
119248
953966
123992
123992
953966
953957
953926
953926
20402
965185
20402
20402
965185
30050
964188
953857
953857
953857
35384
56094
74221
88185
953857
953853
953782
8507
953680
85219
85783
54461
953625
73556
73556
979983
979983
43462
43462
966923
43462
966923
966923
962768
8456
961529
8456
8456
8456
953606
9959
953459
953459
24386
24386
953459
52888
953424
85783
972609
953424
953424
85783
953424
85783
88185
953424
69489
69489
93233
953375
983806
983806
53827
90970
90970
984467
984467
984467
80715
65043
66455
78573
78573
971865
80715
971865
971865
90610
972173
19342
972173
972173
971638
19342
997011
971638
19342
19342
955035
987075
19342
26741
60484
967388
85039
967388
967388
953347
953340
953276
953251
85209
90610
981183
90970
94789
981183
981183
57911
981183
981183
94789
94789
94851
103668
981183
15775
104971
960426
46535
46535
953251
976870
953229
46535
953229
84763
84763
990913
953229
84763
86328
953222
953222
953213
86328
87124
953213
87124
87124
92363
953133
953133
953132
70535
7582
953111
953111
7582
953064
14948
14948
953055
953031
23985
952970
54298
54298
952970
16916
54298
952957
66013
952957
952957
90659
952947
106237
959007
108512
982530
108512
109644
982530
23669
109738
5025
982530
48151
107958
107958
982530
981935
981907
58013
974753
974753
959007
952924
49635
49635
55283
58013
58013
952924
61908
14505
2757
952924
2757
952855
37111
952855
952855
952823
28097
59381
952804
952804
59381
61908
979579
952793
75930
75930
82414
952793
88716
88716
952750
88716
952750
89334
952739
89334
952621
89334
96485
952621
96485
96485
96485
952621
952598
952598
3375
53211
96485
952598
952591
952455
63021
952422
952417
96427
952336
952336
5049
952336
5049
952336
5049
952336
96427
952336
952336
109737
952331
952327
111711
114439
964818
964818
976924
3535
3535
964818
49187
996958
964818
18601
18601
70204
988271
80803
964818
80803
960692
15444
952327
21439
952327
80803
952327
88301
952327
952327
12090
120791
120791
977092
120791
122523
952278
63733
63733
63733
63733
39130
74810
41293
41293
952232
952193
952082
952082
121106
952071
952071
952071
121106
952071
122523
122523
123992
24790
123992
971906
36238
971906
971906
76645
971906
965989
76645
965989
965989
962612
76645
953060
952779
15449
952043
985589
15449
68339
68339
4009
4009
952003
951987
951987
31782
951935
951890
76645
951890
76645
76645
76645
76645
76645
984318
984318
6588
984318
6588
951890
6588
951890
6588
951890
6588
951880
6588
6588
6588
951880
999600
77140
89403
951880
89403
98492
102250
118225
118225
121086
124574
124574
124943
124953
122768
122768
122768
966074
951878
122768
951878
98776
997362
997362
122768
5161
5161
5585
60754
997362
92793
997362
44795
997362
92793
103445
103445
103445
103445
117894
997362
122768
985189
122768
122768
122768
122768
124953
967673
967673
124953
126844
88228
985412
981716
951876
49068
67553
951870
951793
951793
92807
951740
951706
92807
951706
951647
951647
951647
126844
951546
951546
127345
127446
979475
979475
9724
16236
28478
28478
28478
38631
127587
960659
951531
959206
959206
963065
963065
959206
128184
128648
128648
959206
128648
128648
951531
951531
25844
25844
987888
951531
25844
951528
951525
951525
25844
951482
85751
70403
973644
973644
57041
981457
57041
981457
951458
951359
951359
65022
951312
65022
70403
82600
85751
951312
992236
992236
50738
50738
951312
951312
951304
951292
951292
951258
101964
101964
101964
101964
107593
107593
951247
107593
120086
951247
951247
951247
130375
130375
951214
951183
951073
130375
951047
130375
950987
130375
950974
130375
950970
950903
950857
950846
99639
89327
950842
950839
89327
89327
129892
129892
130375
950805
131444
131444
950805
950801
4156
970204
970204
950801
4156
950801
962685
6650
6650
959356
959356
32613
995217
32613
59945
59945
995217
985352
985352
983277
950796
74986
950794
950794
117947
950794
950782
950779
950779
21796
117947
127514
131444
131745
969666
11270
132056
994137
994137
105346
92447
994137
92447
973022
38723
38723
92447
973022
92447
973022
6017
12864
999857
999857
2503
2503
978509
995437
994332
22309
973022
101191
119208
973022
973022
973022
960810
960810
960810
119208
128412
950701
128412
950641
950628
950628
950586
130686
950560
950491
950491
131677
131677
131677
131677
950475
950475
23663
992254
992254
131677
992254
950463
131677
131677
132065
950463
950463
25339
983503
3219
996403
14523
996403
996403
14523
982573
965389
965389
14523
14523
14523
953805
16297
71412
953805
71412
961304
961304
969330
961304
961304
961304
953805
977663
953805
953805
4685
953805
950385
950385
28357
55061
55061
950221
55061
55061
950190
950190
19731
950190
19731
950154
977125
975082
29563
950154
950151
950118
29563
29563
29563
950118
950118
950118
950068
950068
20445
950059
950050
29563
950050
950032
949986
47728
980462
11337
11337
48790
980462
980152
949986
949986
55061
949986
7502
949927
949927
949927
949926
949879
55061
949879
59038
949879
59038
31335
31335
54902
949836
3690
3690
570
570
949724
570
3690
949724
949702
3690
949702
949632
949604
949604
3690
949571
57065
949571
949484
977821
977821
977821
21731
3881
3881
949484
949415
29006
33534
36181
42140
56524
949389
7037
56524
58713
58713
62164
989674
967853
693
693
967853
62164
67788
67788
71120
967853
949389
71120
76911
9147
949389
949385
949385
949385
949385
952565
9147
15794
15794
7611
974396
993511
15794
48476
991673
974396
952565
48476
949385
970206
949295
949265
949265
48476
949245
15650
949216
949201
949178
949177
949177
18109
18109
18109
48476
73071
981846
949168
949168
34072
34072
53854
949168
949168
53854
38297
53854
949168
54393
54393
54393
55885
55885
949168
63493
73171
960430
78397
78397
960430
949168
949168
949168
11359
949162
11359
11359
949162
995609
978518
978518
13351
978518
13351
949380
949380
16350
974450
949380
52953
949136
79850
949136
72593
969049
46812
46812
969049
46812
72593
72593
72593
949136
72593
950406
139
950406
72593
949100
72593
72593
76527
994407
42940
76527
969704
51991
51991
79850
79942
79942
969704
79942
80307
969704
81526
969704
81526
81940
958648
949076
76643
949076
76643
76643
82831
84615
84615
949037
948975
84615
84615
85657
948975
86332
87941
948975
88222
948975
948969
88222
12365
12365
948969
948969
30529
948928
948911
67597
948911
948872
75427
948872
948872
948872
948859
948859
948840
948840
948840
75427
76353
76353
83082
948818
84166
948818
84166
948802
84166
87639
948802
948790
11680
948790
948778
948753
992164
70554
948731
948651
73457
73457
87639
87639
948628
948628
6058
6058
948628
948619
87639
948619
948613
948611
87639
61329
948611
87639
948611
948611
87639
88222
948611
973804
973804
948611
8707
948611
948500
27477
27477
948455
58527
58527
58527
948328
948272
948258
75980
948166
53413
53413
53413
948166
53413
948166
75451
77433
948166
23842
948135
948471
11533
11533
948471
948025
11533
9774
948005
947999
947999
972262
9774
947999
947999
15185
23842
947999
23842
947999
23842
23842
23842
23842
23842
947999
954077
23842
39453
39453
48285
48285
48285
947999
75256
86168
86168
947926
87658
997467
87658
947912
947876
83445
87658
88302
947876
59386
88302
88302
989140
89100
49823
947876
89100
947876
947876
25647
947876
947854
947854
947854
947842
25647
947842
947833
947833
25647
25647
947815
25647
25647
947815
25647
947710
93315
93315
47589
94175
947710
94634
947710
947710
947710
947690
94634
97030
97030
980247
97109
51031
93999
97109
997907
997907
97132
2582
2582
997907
997907
997907
28061
97132
97132
980247
97132
947690
98883
947672
947672
947653
99268
947593
99268
100883
947593
947593
993085
947555
11068
947555
11068
11068
947555
11068
947494
11068
19554
15454
947494
947453
947453
947434
15454
947434
947434
947425
947414
15454
947397
947339
947339
15454
947058
947058
16086
22613
946995
946995
946978
946973
946973
4385
946969
946915
976910
4385
17367
17367
17367
17367
956598
956598
956598
946915
946873
34001
946873
35009
35044
946873
946873
35044
946873
35044
40905
946815
44728
946815
35772
44728
44834
946814
953077
946814
44834
946814
946814
946814
54062
946814
946788
54062
946788
946759
11744
11744
946733
33121
33121
946733
946733
30712
946718
33121
45542
946718
946703
45542
946703
946703
39303
989783
10937
10937
10937
39303
989783
946680
33703
946643
946623
43857
105
105
105
946565
45542
946565
49963
946565
946565
946559
946477
946477
946469
946469
962406
49963
54062
992366
992366
992366
992366
55694
992366
988143
988143
988143
55694
988143
17050
17050
17050
55694
995690
55694
56133
59734
59734
995690
992886
988143
982320
72665
963299
76343
994423
76343
10291
963299
957922
46482
948991
76343
948991
76343
79535
946469
79535
42870
42870
42870
952572
952572
952572
42870
952572
952572
946375
946180
946180
946180
42870
76015
9837
9837
81274
946180
946180
81274
946180
81274
81274
946180
81456
946180
67942
989190
989190
67942
946180
67942
946179
946179
946166
84221
84221
88535
91161
946126
91161
96810
96810
946126
946126
81663
984275
984275
984275
26517
63571
984275
81663
81663
81663
81663
966165
96968
100883
100983
997530
966165
946116
86892
946073
946073
945994
945982
945944
963589
1126
945944
1126
1126
945944
1126
945944
35152
945941
58156
945931
7271
945908
945870
36902
86892
92398
97574
97574
97574
101473
61923
945863
101473
945851
945851
101771
945851
945851
979399
979399
19690
979399
19690
974713
974713
43591
78646
24339
15860
24339
101924
974713
81414
102002
974713
102002
973130
973130
964614
964614
957394
955595
955595
955595
945827
945827
26926
26926
37913
985359
945814
945814
945814
975421
945806
945793
945789
430
945789
37913
37913
37913
39870
39870
56317
945789
56317
945789
56317
63119
987307
74556
102002
102002
102251
102591
957709
102684
79226
104791
104791
104791
947209
104791
104791
105754
979460
979460
979460
78570
979460
979460
13406
979460
979460
104925
976015
976015
963085
963085
951660
951660
51771
56953
992492
975024
975024
26030
972118
972118
46621
972118
56953
972118
56953
56953
947209
56953
78293
945770
945770
945770
945770
990541
945693
995025
995025
995025
800
5267
995025
945693
16556
93220
945693
945693
945693
93220
103262
945693
103262
945693
103262
945674
969070
93157
104925
969070
948292
948292
945674
945673
56778
945673
104925
106123
945656
12468
71371
991325
21195
71371
71371
97341
963127
971700
971700
52680
52680
958170
97341
100837
966041
106725
24389
24389
24389
48954
48954
966041
966041
48954
958170
48954
48954
980061
954966
48954
997535
951820
106725
951820
106725
951820
51610
79032
79032
951820
104203
951820
951419
36898
945656
106725
945608
106951
106951
107023
989408
107208
107290
975772
107290
945589
945589
945589
945552
945535
55882
55882
945487
945461
945426
945426
16698
55882
945342
945342
945338
945296
55882
945296
945296
945291
948327
948327
19120
945291
945291
75717
945291
945291
75717
945291
26940
945291
32810
32810
945291
945291
945291
945267
945267
945267
945201
945201
21347
945201
945148
945139
21347
75717
952742
945063
944826
75717
75875
78060
944796
83416
964660
83416
964660
944773
944770
83416
19833
48147
944740
944711
48147
86971
944711
94647
944608
102471
946511
946511
62754
62754
946511
946511
944569
944527
944441
944383
944325
944279
944279
74286
84803
104477
944260
19066
19066
944260
81319
944193
15481
15481
944193
15481
944193
944193
944175
944175
41872
41872
41872
55994
68012
68012
68012
68012
68012
944100
104165
65627
65627
65627
101651
987998
16354
987998
960455
16354
16354
2365
955195
959116
12712
12712
12712
955195
944097
944097
944086
944034
944034
12712
12712
994684
40510
950642
40510
950642
950642
950642
950642
943937
955990
40510
998309
998309
40510
40510
998309
40510
56461
62572
58619
64671
981379
943919
943918
943918
943918
1326
943918
1326
943911
943911
59779
64671
943911
943911
943873
64671
943873
74940
943800
949664
19448
74940
949664
81608
101233
102633
27071
949664
943722
4917
4917
983561
943668
4917
943644
106998
106998
106998
107290
943640
943640
9320
994001
943625
943504
943410
943410
8306
943410
943409
943409
8997
107290
943409
48862
943378
953405
48862
59039
107304
943350
943345
83016
31149
977622
84105
44363
965628
44363
44363
52257
965628
52257
96285
965628
965628
965628
959901
952055
952055
100397
952055
952055
100397
952055
952055
107806
107806
952055
952055
20690
948072
51748
948072
107806
107806
956852
948072
75984
947415
75984
943335
68837
969602
68837
68837
943335
943335
943335
943335
943298
943273
68837
72336
72336
989573
989573
72336
955496
955496
72336
72336
72336
72336
83032
107806
955496
943273
11069
11069
61789
61789
943273
943247
943236
81448
102632
943235
943235
102632
943158
943144
55970
943100
943100
55970
55970
943100
943098
98062
993488
66374
993488
943098
949241
69633
949241
949241
943002
2603
2603
2603
2603
942954
942865
69633
69633
955120
69633
69633
82009
955120
82009
955120
82009
82009
963807
942837
942837
102398
942837
102398
942837
102632
102559
942837
942837
102559
942836
69143
102559
102559
981034
102559
972178
950303
950303
102559
108039
949063
949063
26986
944902
944586
944586
942836
957291
26986
26986
942836
942830
942806
942771
26986
26986
38494
38494
38494
38494
942771
58989
58989
58989
58989
108268
85707
989258
85707
85707
108268
108344
989258
989258
48168
955550
955550
981274
947475
947475
962611
30824
30824
36214
36214
36214
62224
942768
88671
942745
942702
942668
942655
942594
996500
40884
996500
996500
942571
103056
103056
942571
56869
56869
942571
17187
81022
106681
106681
942571
942571
57617
942571
57617
87026
108350
983221
109211
109572
983221
942567
942560
942529
11360
44755
942434
47994
997956
47994
53339
997956
997956
24112
996687
996687
20051
982042
982042
20051
975158
18099
18099
52017
975158
53339
967259
967259
61047
956378
956378
956378
61047
61047
63892
64758
944908
64758
83581
83581
942370
83581
101916
101916
976307
110628
110628
976307
944482
944482
26798
944482
26798
944482
26798
944482
26798
944482
26798
944482
8995
110628
110728
110728
111587
946923
944482
111587
111587
111587
5423
5423
5423
111587
111587
942357
9879
942324
9879
9879
44145
68753
959800
8815
22843
942324
952396
952396
942324
68753
942324
92462
942324
942324
942259
67663
942244
997674
67663
67663
67663
92462
997674
989287
16214
107238
942243
111641
111641
968427
112409
968427
968427
58453
968427
968427
969777
968427
966628
10715
10715
10715
993073
993073
981876
19774
973250
973250
19774
28654
959022
942243
942181
942123
42165
46555
942123
942123
72918
942123
72918
942123
942123
57280
942123
72918
942123
74672
965235
76281
965235
76281
76281
76281
941993
79714
941993
941984
941926
79714
87180
87180
945159
941926
941926
87180
941898
95979
95979
113185
113185
983855
983855
113185
983855
983855
978248
113185
113257
113257
941898
113760
941877
941877
941872
113982
941853
941816
941816
113982
941816
941797
941797
950207
950207
950207
11431
941776
96295
96295
941758
978749
96295
113982
113982
978749
941758
941744
23743
88595
941744
51919
941744
51919
51919
74304
941744
74304
941744
15893
15893
941744
19311
22211
51087
83286
83286
83286
966833
942182
3544
942182
942182
3544
60921
83286
87299
977626
941744
941744
941744
941744
941744
87299
88595
941712
101553
113982
115916
941633
941622
941586
82669
115926
115926
941487
116070
32131
32131
941467
32131
941349
941303
941296
941250
941247
51682
972422
76241
972422
972422
42437
42437
42437
6836
990282
940994
6836
6836
990217
990217
959032
40380
959032
42437
977148
959032
24793
959032
24793
987406
959032
940878
24793
24793
42437
42609
42609
37443
37443
61652
67223
67223
69602
70581
997523
975171
21191
19945
975171
19945
19945
19945
975171
970853
21191
7730
7730
998620
970853
48467
989432
989432
970853
50181
969439
47356
969439
965019
47356
47356
953280
940833
28357
28357
963160
50181
57375
70581
963160
70581
71843
71843
89593
90653
963160
90653
102433
102433
1923
951296
940772
940772
98729
940772
990771
56677
4340
18620
56677
990771
56677
976599
976599
976599
6400
56677
976599
98729
976599
105464
941625
940741
940741
940734
940734
15019
940734
940734
74170
940671
110430
940665
940665
55635
110430
55813
110571
116070
116281
116379
940665
940555
940555
83261
60164
83261
972110
940555
116379
940549
34218
34218
940539
941350
34218
941350
41204
940539
41204
41204
940527
940511
993331
33049
38818
38818
986965
954741
41204
54459
59304
954741
954741
954741
940511
59304
940511
940509
940509
100339
940466
101376
940464
105081
990511
14570
74883
105081
990511
990511
105081
990511
116379
982624
982624
76601
969356
984675
104005
984675
116614
116614
116614
957603
116614
950445
116628
950445
99521
48862
97933
116724
953768
117217
953768
117217
942700
117217
940432
940432
940432
940415
940399
95487
940399
940340
940274
940274
940274
978427
99603
44264
978427
71987
978427
950973
99603
940241
940241
940188
940175
940175
940175
16747
60514
974399
940133
60514
60514
62448
62448
29770
940110
940023
963874
940023
940023
29770
29770
29770
29770
39431
939972
939972
39431
75327
75327
75327
939972
939972
64166
939972
75327
939972
67784
68969
68969
63030
78334
95346
977796
99603
939972
939963
108348
993345
939963
64931
939963
939963
939963
64931
993849
108348
955352
955352
939956
1457
939956
939929
939912
38679
939912
939912
939912
939912
939896
939896
998422
13149
939811
939783
13149
939783
939783
13149
71106
939783
3866
3866
3866
71106
976764
38548
993409
993409
991233
986468
71106
83857
46494
991119
986468
83857
986468
33030
33030
33030
976764
967532
33030
958402
33030
958402
33030
33030
85971
958402
46442
958402
46442
942082
46442
85971
74361
991069
74361
95976
954930
942082
95976
6541
6541
942082
939783
6541
22223
939783
939783
41490
994707
41490
54194
95976
95976
940795
95976
955635
96859
939749
939749
97872
939693
939693
939486
939481
939459
40686
952441
40686
40686
40686
955500
40686
40686
46571
952441
98141
98141
952441
939459
17296
98141
108348
108348
109359
109359
939459
109488
109488
939445
939445
109488
939372
939338
939338
939338
939338
109488
939338
939338
109488
939338
939297
97629
117576
117576
999400
981296
978182
978182
117598
978182
117598
102155
967154
117598
967154
939297
117598
49403
939297
939236
966618
99235
939184
939127
939127
999408
106442
939030
106442
997014
939030
26417
959679
939030
939030
88914
88914
88914
939030
939017
939009
19216
4667
939002
938999
938999
938999
938993
938993
4667
938969
4667
941144
4667
19486
19486
19486
953885
35231
16029
953885
60010
60010
88914
953226
106532
953226
57066
953226
57066
117639
953226
117853
117853
970105
970105
970105
78720
113834
56439
970105
77390
114532
970105
117392
118307
118611
970105
119040
970105
119040
119040
8033
970105
964969
37507
958843
80762
944174
119040
119059
938969
938969
938902
97872
97872
938854
97872
938854
938854
116840
119059
119082
951657
951657
80738
938846
938846
938844
938844
938832
86761
64546
980426
86761
987891
119082
101219
119082
119082
119082
987891
980426
974912
119169
948799
948245
119326
119326
119326
119326
119425
957074
938818
119425
119425
938818
938782
119425
119876
119876
120111
995270
120190
120190
105969
995270
995270
995270
63372
105969
958785
105969
938782
105969
105969
40072
938782
40072
108804
108804
938782
938759
114268
938725
938725
938725
978792
938721
18684
938721
18684
18684
938715
941184
18684
47676
938661
112276
112276
954199
114268
114268
118239
938661
938555
120190
120190
120230
120230
991609
120230
120310
991609
991609
120310
938511
97564
938488
938488
97564
938441
938376
938376
93123
938359
938359
120310
938351
938351
6081
955320
955320
6081
18690
938351
938351
18690
977144
977144
17946
17946
18690
18690
18690
938341
984088
18690
981360
991982
18690
986521
18690
18690
22673
22913
25641
35042
55016
55016
981360
970951
74509
970951
997409
15833
962511
954485
15833
17152
954485
17152
17152
74509
74509
91961
954485
100128
955162
959327
100128
59065
105206
959327
105206
959327
111255
999976
999976
57527
955162
115916
120310
25848
120310
111845
111845
952114
952114
952114
85718
952114
85718
32994
998535
32994
998535
85718
9014
998535
985113
985113
111845
985113
985113
985113
44115
973166
111845
958001
952350
13805
13805
965463
943277
89608
108024
94758
111403
945984
945984
958662
958662
111403
33473
943277
943277
943277
26470
993250
316
993250
316
33473
993250
3005
53771
85896
85896
106098
973580
941857
940482
940482
938336
938336
106098
938296
106098
999137
999137
11651
938247
971684
938247
11651
938221
938196
47135
41389
938159
938159
938159
938119
41389
938119
41389
943655
41389
938073
938073
938039
54218
90652
106098
106098
938039
106098
106098
938039
938005
106098
107947
976496
65211
65211
976496
111323
976496
976496
976496
111845
63220
63220
112301
114859
943592
100540
966925
36046
983225
100540
979578
966925
114859
943592
937972
116257
937972
119563
937936
91338
119563
119563
955663
937936
120310
120310
75314
937936
937911
937795
52541
937795
120310
937795
937795
120338
937780
937748
98033
937736
120338
120720
937603
66252
66252
937603
66252
120720
937556
937541
937525
121078
937525
937506
92524
92524
937506
937506
69609
92524
92524
975082
967934
937475
72571
993824
988355
988355
988355
64825
988355
937475
72571
937475
72571
92524
114649
985943
64354
121078
121078
103614
81981
26481
26481
56244
56244
56244
984949
974104
937415
937402
937402
56244
937402
937402
59411
81981
937310
937310
81981
937306
937306
81981
81981
937240
81981
937240
937240
937240
83037
937240
937174
937174
83037
945612
937174
937174
937174
86063
937174
103614
3815
48892
937174
48892
119539
937174
937170
937106
937091
3498
937089
937021
970002
3498
105581
120877
120877
121078
970002
121391
3660
970002
970002
3660
955672
955672
937021
3660
936964
3660
936964
6673
6673
6673
25965
25965
936930
936879
25965
25965
936646
25965
936646
936641
25965
936641
936641
936641
936619
936524
936524
936524
50028
50028
936524
57988
57988
936452
936446
936446
936442
26559
936442
26559
936391
936391
943879
43761
43761
43761
943879
943879
936371
43761
55570
55570
55570
56472
957642
7568
936365
936365
936365
936328
936312
7568
936311
7568
7568
7568
7568
57988
996548
62419
990319
990319
968914
968914
42635
968914
31266
968914
936298
936298
936293
31266
62419
62419
62419
936293
62814
936286
62814
936271
936271
62814
68008
936271
936271
940304
940304
936250
31331
973415
569
78017
79194
79194
936220
936170
936112
936112
81201
81201
104879
113695
121391
121391
938640
95153
999287
999287
999287
942822
121391
121618
990962
936112
936112
936112
121185
99825
977682
993725
99825
99825
121185
121185
993725
121185
996235
84900
84900
84900
84900
84900
993725
993725
993725
993725
84900
977682
977682
62888
981209
981209
981209
84900
977352
977352
959819
956772
84900
44018
982366
34859
34859
982366
34859
982366
982366
956772
948562
948562
28186
34859
44018
937716
92065
69420
987915
984854
984854
92065
984146
121618
984146
121622
977636
937716
121622
937716
950828
121622
121622
121622
937390
936088
972235
121622
121733
972235
121952
121952
121952
6248
6248
936075
46050
46050
936075
53532
39929
69313
69313
936010
69313
122185
936010
25353
25353
122185
948706
935975
51553
51553
935960
935960
935948
51553
51553
935948
935923
935923
935919
935919
935918
11307
935897
11307
935897
935886
935886
935886
935871
935815
11307
935815
935800
935800
11307
27244
27244
935794
31517
935794
935794
935725
935709
935709
38980
935704
47616
935704
935704
47616
47616
7656
935671
7656
7656
935671
935671
935671
2102
935629
935629
2102
935604
935604
7656
935604
7656
47616
47616
47616
935604
935578
47616
972928
935573
935573
935573
935573
51553
24825
51553
51553
29852
935547
29852
935547
935543
935543
935543
51553
935543
59270
64774
935506
935487
69798
75144
975169
75144
990500
990500
829
975169
975169
829
11242
11242
50458
52378
52378
987095
53352
971776
957178
75144
935487
77582
80620
935487
80620
85400
85400
82520
996556
996556
85979
90404
991082
90665
991082
49704
991082
49704
49704
991082
991082
18083
18083
49704
991082
49704
995688
49704
49704
995688
991082
49704
970111
49704
943053
935573
935573
935474
946118
93562
95051
95051
95051
961068
98144
961068
935419
935419
935419
935415
935415
1692
94572
104405
104405
969128
969128
969128
104405
68903
8345
8345
68903
981169
969128
969128
960585
953631
953631
80721
80721
5057
5057
18190
960693
953631
18190
27199
27199
27199
70536
80721
95446
953631
96162
104762
955310
109511
109511
955310
109635
952728
948225
948225
942676
942676
942676
940192
110363
940192
110363
112655
25653
940192
940192
25653
25653
23531
935389
935389
935380
935340
25653
25653
935335
30112
30668
935330
112655
935330
112655
112974
935284
935261
113604
935261
56589
935227
113604
86156
957360
944968
30637
944968
69468
103604
989223
103604
935227
935222
66023
66023
935207
935207
990009
935207
66023
66023
935207
935207
66023
935207
935207
66023
935123
90601
935123
935030
935022
90601
100806
967315
113604
983065
983065
113604
983065
24178
24178
113719
114004
983065
114694
983065
115343
115343
116872
983065
116872
982534
116872
116872
118218
967315
118617
967315
935014
83783
83783
118617
118617
935010
121869
934951
120467
992869
121891
992869
121891
937346
937346
122185
1261
1261
934951
942068
934951
934951
13774
934860
13774
16555
934852
934852
934852
17500
934789
934789
17500
84623
934789
934789
84623
92158
98459
934782
102053
102053
110127
122185
934723
122185
122185
122185
122185
934708
122251
54360
122912
979614
123269
123269
934708
123757
934708
934708
123876
123876
981793
123876
123994
123994
989512
115806
67628
37265
989512
981793
37265
37265
981793
67628
78851
981793
981793
947357
947357
943129
4585
943129
943129
943129
959564
934708
4585
934692
934692
934692
934653
9368
934586
934586
934558
9368
31473
31473
994037
31473
994037
994037
994037
41975
41975
994037
79884
994037
79884
934558
79884
982423
79884
89722
982423
934558
994761
964461
64242
997095
997095
997095
997095
964461
41028
964461
41028
934565
41028
41028
974107
5624
41028
42271
974107
974107
64242
990743
934519
934515
6108
934472
6108
934453
6108
934416
58498
998305
998305
947812
945654
934414
934408
934269
9659
37385
934269
934262
37385
37385
48296
58498
934238
934238
58498
934222
58498
64242
937740
937740
937740
937740
937740
937740
934198
10660
10660
934192
934192
29523
29523
934190
29523
29523
972545
972545
934190
29523
934124
371
24238
24238
44308
934124
934124
934122
48073
934053
61596
31489
999843
999843
16503
996814
31489
996814
31489
31489
64450
65058
987497
65058
979320
984321
65058
65058
67811
15125
78833
