1431
995066
1431
995066
978216
1431
1431
4837
4837
4837
4837
999450
994078
981653
4837
4837
4837
989346
4837
7146
11292
989346
989346
987810
991661
989629
987810
15117
15606
999540
999424
999424
15606
997533
987676
985105
6501
988230
985105
3122
3122
3122
996603
986452
986452
986452
985105
994944
994944
994944
994944
319
3122
985105
4354
1599
4354
985321
3633
4354
983020
4354
981924
295
981924
6410
989244
989244
7187
4726
999966
4726
999449
5655
5655
7187
7187
999449
7187
998184
998184
992503
992439
992216
4526
6040
6040
996528
992199
6040
6910
6910
992199
991992
7230
4980
997090
834
999145
834
2305
7468
999145
991992
992651
991707
7468
7644
4971
993439
993439
3127
3127
3127
3127
991707
3127
4913
991707
4971
991374
6424
6059
6827
6827
6827
7748
7748
997935
7202
8199
997495
8199
994648
6124
994448
994448
994448
994448
8705
8705
994448
994448
2948
2948
994448
639
994448
997145
997145
639
639
6270
3888
4971
4971
4971
5278
6270
8716
5250
8716
999510
999510
999510
999510
999510
7050
997170
997170
997145
7050
997145
4591
995390
6928
994448
4463
4463
7050
994448
993547
7050
999593
995886
8716
995886
995886
993193
702
991374
991036
702
994928
702
991009
702
702
997448
702
997448
996894
702
702
996894
702
996894
702
4066
996894
3474
4066
992123
992123
992123
4893
4893
992123
992122
3659
8716
8927
9245
998053
998053
5390
6509
6509
998053
994504
994504
994504
994504
6732
6732
997948
6732
999889
1914
997919
995444
995444
2836
994504
994362
9487
9487
9487
999525
9638
9638
997813
3767
3767
313
313
313
997364
997364
997364
313
999356
518
998319
998319
998319
998319
998089
3767
997364
995811
3893
4655
5427
6317
995811
995811
994508
991232
990959
995635
993595
993595
990673
862
990504
862
862
927
1443
1620
996995
1620
5708
990504
5708
990339
5708
990474
6317
6317
998481
6317
6859
7047
8193
999067
8630
9780
10151
10151
999067
998481
998481
1395
689
998481
689
689
998430
1395
1395
1818
290
290
290
2387
998430
579
998430
24
998069
995926
1963
1963
3352
995926
4185
6158
999332
999332
998019
999024
6893
999024
999024
146
146
995926
993676
146
991901
146
146
6893
7213
991901
7235
261
261
994615
997263
261
997263
997263
997263
991901
261
993013
261
991901
991284
997232
1965
991284
468
990537
5595
5595
7235
697
990474
1685
1685
996518
990339
5543
5543
995054
4520
996108
4520
996108
4520
6501
3338
997094
3338
997094
997094
4628
997094
996108
992508
991768
4628
991366
5750
990339
6501
990253
989941
2714
989941
2714
6552
999558
999558
999558
999558
7235
999558
998701
998701
998701
7235
996392
995453
989941
7235
989941
989941
7338
989941
7338
7748
989929
989904
989860
7768
7768
7884
989860
989860
8673
989860
8673
996473
996473
8932
996473
996473
992675
992675
992675
992675
992675
10208
993684
991559
10471
10659
989700
989696
989450
989450
10659
995457
10730
10756
997631
997631
989244
8470
989244
8470
10756
10756
10769
455
989244
989244
989244
10769
996531
996531
996531
11043
11473
996531
11479
996531
7825
7825
426
999539
2471
999539
2471
999539
11249
11574
11704
11852
11852
11875
11886
11946
997818
997818
11946
997554
9616
11946
997554
5763
996095
995884
992989
5763
5763
5763
992949
991987
996289
996728
990873
130
993535
5192
994634
990873
5192
5192
993862
990873
997620
997620
997620
994067
990873
1819
3921
990047
6897
6897
8207
8733
9077
9077
9077
9077
998602
9077
998033
9077
3365
5331
998033
996885
3315
3315
996885
3387
3387
3387
5331
999745
996885
996885
995595
2203
2203
2203
2203
995595
2324
997741
308
2674
2674
997741
2674
997741
3794
997741
5331
7456
7456
995595
995595
995369
7456
995369
995340
994262
994262
992935
999
997962
9077
9625
9625
992935
992935
992935
991370
991358
865
999784
991358
991358
881
991040
994522
881
994522
994522
991040
994501
994501
881
994501
5770
993185
7642
990320
4336
989822
4336
996946
4336
996946
4336
4336
4336
996946
3206
996946
3206
996946
3206
996946
996582
4336
995361
989822
3506
999164
3506
4577
4577
999164
998952
998952
5462
5462
6844
715
998952
995460
995398
995398
798
3910
3910
6844
6844
995398
7642
995398
7642
9011
9011
995382
9375
10076
992873
992873
10089
991621
6905
10439
991621
991621
10699
989822
989631
995707
997274
989631
1030
993315
993315
992482
992482
1030
992482
992482
1377
992482
989143
999136
2401
2401
2592
2592
999136
2592
2592
4428
999136
994428
4428
4428
4428
4428
4428
993083
5463
10358
997418
10358
10387
997418
11313
11313
998490
11515
3994
998490
11515
998490
11515
11607
11607
998490
998490
998490
996660
466
11487
11487
996480
11487
11607
8314
8314
996025
995594
8967
11607
11607
11611
11611
11611
11863
997822
567
994767
994767
998670
994662
994324
994115
4546
994052
4546
994052
6149
994052
994052
6149
997557
997557
6149
6149
998740
998740
7500
998740
998740
4193
7500
7500
7724
8899
998740
8899
8899
8899
994620
994620
994620
994620
994052
994052
4452
994052
994018
4452
2541
4452
4962
4962
993402
993402
9072
9554
4658
4658
3414
995309
5265
9554
10078
995309
995309
993200
412
994096
606
606
606
8745
10078
994447
994402
2251
993200
2251
992888
2251
992837
2251
2251
2251
993660
992837
3503
3503
3503
992837
3503
999060
6697
6697
992818
992818
6697
992702
992575
992052
991859
6850
991513
6916
5699
991094
6916
5721
999913
6944
2558
999913
6944
999913
999913
6944
7888
997088
2559
2559
2559
997088
3199
3199
997088
4656
997088
4656
997471
7888
7888
7888
997471
8032
4470
997471
8386
5715
5715
998209
998209
8386
997088
996433
995176
998416
8632
998416
8632
8394
8394
8632
9057
9382
9382
995176
9500
995176
994580
994580
994580
994580
4844
994499
4844
997562
4844
5383
4800
5383
997562
994254
733
733
733
5413
5413
5413
5413
5413
994088
5413
993776
5413
995684
4594
995684
995684
2595
993776
4594
5413
993405
993277
993277
992878
5413
5413
999914
5413
6808
6808
6808
999914
7403
7403
997830
813
4720
997830
995735
992878
4720
4720
992878
992878
7484
996218
992198
992198
4132
992198
992198
4132
992198
992908
992198
4132
4132
999098
4202
999887
4202
7953
999887
2694
8709
8709
998706
997952
8709
8709
997952
3806
998996
3806
998996
292
997952
292
994935
994242
292
6043
6043
997764
6999
997764
6999
6999
9474
994242
992818
992198
2414
9474
992195
992182
9474
9474
9474
994974
9474
9831
993009
996658
993009
6244
993009
6244
993009
992123
992123
6244
8816
8816
8816
991543
7232
993554
8521
8521
8521
8908
5034
8908
993554
991404
8908
991404
9925
9925
991404
9925
10078
10318
10393
10393
7025
10393
10393
9975
996822
996822
3030
5084
995035
10507
995035
3693
9724
995917
9724
10507
10507
996381
5998
10507
999070
999070
999070
997166
3497
996630
995035
10211
10507
10507
9565
9565
995035
9028
995035
9671
994120
10507
997077
997077
10727
997009
994120
994120
994120
994120
2672
10727
10727
993468
1277
11002
993164
992951
992951
992951
992131
11055
11073
11073
11188
993883
6922
11438
11438
996570
998335
998335
998335
1763
1763
1763
11438
998335
998335
2450
2762
2762
11438
11730
11788
3128
3128
3128
998524
998524
1524
998335
1524
998335
997800
999384
999384
998734
582
582
998734
998734
1524
2178
2178
2178
998734
2196
998734
778
778
778
998734
998734
917
1259
998734
2489
221
2489
2489
999196
997583
857
997583
997474
857
857
998360
997781
857
997781
997781
857
1299
997781
997781
997781
1862
1862
999779
3128
997781
997781
3128
997781
997673
1126
1126
3128
997964
4167
4642
997964
997673
4805
998460
4896
5326
998460
997673
2662
997474
999978
3040
5326
5424
5424
5424
5424
5463
998096
5742
998096
998096
998096
998096
2964
998096
2964
997474
2964
2964
997474
2964
2964
999468
999468
999468
997474
997474
1065
999256
1065
1179
999256
997474
5027
997474
997310
5027
5027
997202
5027
4301
5716
998584
2045
5814
5997
6099
6099
998584
6099
2439
6656
7000
7057
7379
7379
7379
7379
7379
4221
7911
4713
998441
4713
4713
998441
325
1120
1120
997415
1120
4713
997415
4960
7450
997415
996570
7911
6352
998886
8058
998886
996465
996355
8320
996097
996097
996097
1147
1147
995732
995732
995716
995712
410
995669
995656
4802
995656
6323
8320
995624
4712
995624
486
995624
8326
8326
995624
995624
995624
995407
995407
995407
995407
4445
995174
995174
996393
117
117
995085
994600
117
995306
995306
117
1061
330
995306
2872
2872
994600
994600
2872
994600
999750
999750
999750
994600
2872
4445
4445
998529
5080
995331
5080
5080
995331
5080
6070
6563
6563
6563
6563
6563
6904
995331
995331
6376
994578
6904
994518
994312
8326
8326
8433
994312
8436
994312
994269
994269
8451
994269
994269
993997
993997
8542
8542
993997
993993
993993
8398
993993
993993
8398
993993
993993
993921
8873
993921
993921
994849
994849
822
652
1040
2634
3461
997785
997785
997785
994776
6358
8900
8910
8910
9238
998952
9238
9308
994300
994300
993921
6716
998008
9308
998008
9483
993921
993921
993883
993883
993883
993688
9603
993405
993405
993370
993273
187
999930
187
993273
993273
1800
999789
999789
1800
999789
1800
1800
1800
2356
2356
996188
2559
2559
3345
993273
4996
993273
5338
5338
993097
993097
4016
4016
7624
8705
993075
8865
993075
3175
997989
997989
3175
993075
6444
6444
8865
993075
993075
4713
993075
4713
4713
999769
993075
5102
992859
992820
992820
5102
992820
995079
998312
993583
993583
993583
993583
993583
993583
996104
993583
992820
992798
923
923
992765
923
2221
2221
2442
992765
992613
992566
992566
3020
4924
4924
998950
4924
5057
5057
998950
998767
5057
5057
5057
998673
5057
5057
5057
5057
5057
998673
998198
998198
5404
998198
998198
5900
7426
998198
7838
7838
998163
998163
997803
997803
7993
8623
997803
9008
1767
1767
994890
9008
994802
993745
999881
999881
6939
6939
999577
995801
6939
995801
995032
2908
2908
993892
993892
993745
992562
992537
2908
992537
3038
3038
3038
999780
999780
993330
992454
996745
992454
992454
992410
992410
2257
6929
995102
992410
993393
6929
2276
2276
993804
6939
7310
7310
999320
7310
993393
994339
994339
9008
9008
999304
999304
430
430
430
993607
430
430
998472
998472
1437
998472
952
998472
952
952
952
1488
3204
4712
998952
995737
4712
5540
5983
996767
4841
995359
992949
5177
5690
992410
5690
6653
993606
992364
6697
6697
992340
992262
6697
992189
992139
992139
992107
992107
5410
991780
7115
2143
994997
996088
569
569
996088
569
994997
994997
991778
991767
2087
991767
998844
998844
992704
992704
819
819
819
991641
819
991572
929
991572
991572
929
1271
2087
991535
991491
2087
2143
6229
7253
991491
1983
991491
1983
462
991422
462
462
991350
991334
991316
991279
1153
1153
1153
991279
2910
7253
83
991279
83
991184
991184
991103
991103
2090
994266
2090
994266
994141
3214
3406
991103
3874
7253
994057
2242
2242
991349
2242
997459
2242
2411
2411
996513
991942
991942
999435
999435
992440
998093
992440
755
993620
755
755
755
991942
755
991103
991103
708
708
991094
996043
996043
755
994820
991094
755
991073
755
996547
990996
990996
1435
990996
1435
990996
2534
2596
992829
2928
2928
2928
993765
3410
999776
993765
993765
993765
3410
993765
4362
4362
4362
3569
992829
4617
5238
5361
992829
993769
993769
5361
993769
5361
5361
5361
990869
5888
990801
997696
5888
997696
293
293
5888
990776
5888
990752
990752
990686
993875
5888
5888
993875
5888
7032
7195
990686
1656
1656
999381
999381
1656
999381
1656
1656
1656
931
931
24
24
24
931
999381
1656
999381
999178
999178
999178
999178
3089
998607
3089
3089
3661
998607
998607
3661
4155
998607
4731
6102
6102
7244
998607
998607
998607
1953
997306
997010
996043
7244
7253
7060
7060
3730
996043
995999
3730
995999
994924
3730
4949
4949
4949
994924
994924
7253
7253
994877
993968
6498
7946
993968
8241
8314
8389
8389
994299
8407
995596
999384
995596
8433
8433
995596
8551
997114
997114
995596
995596
8551
5379
8626
8626
328
995596
328
328
2777
6213
995401
995401
6213
8626
994302
993451
993451
993451
6243
3197
6243
6243
998636
6243
998636
998636
997891
993350
2842
2842
2957
992520
992428
1155
992428
992428
4685
992428
4685
992428
3986
6243
992353
992353
3697
992262
992109
6243
6243
6243
992109
994942
994942
992078
6243
8310
994980
8554
8554
8554
995908
992078
8626
8701
992078
8701
8714
8714
8784
991217
8784
991025
8814
8817
8817
998540
998540
998540
3776
999068
5029
5162
5162
999068
5162
8975
9073
8051
992139
992139
991959
9073
9073
994474
994474
994474
991959
932
7030
7030
9179
9179
997175
9196
9243
992474
997317
992474
996179
8720
996179
8720
8720
992343
9311
2043
2043
748
748
748
999722
3397
6789
999722
998215
998215
993160
9345
9345
991952
8243
991952
991952
991730
9345
9345
991664
5289
9345
991664
9345
991208
991208
991208
106
9345
991025
9423
991025
991720
623
991720
991025
990686
623
990601
93
623
998567
623
991798
991771
734
990560
734
1038
1038
990549
997795
6510
6510
7972
7
2158
997795
4978
7972
998263
7972
997795
7688
995128
7688
7688
995128
995128
994653
994653
1795
994653
5574
994530
997622
5574
7688
994530
992871
992871
991095
7688
382
998596
998596
382
3239
998084
998084
3760
3760
5341
992320
5341
3375
3375
7297
992320
992320
995127
7688
996480
995127
7804
998851
7828
998851
7828
2961
2961
7880
7972
8336
998038
996195
996195
4446
995127
995127
8584
5969
994983
1086
994983
1086
998351
998351
998351
1086
297
994983
963
963
994832
994832
963
7366
7366
7366
994680
994680
994463
7366
7366
994119
994119
7366
7366
7366
8335
993748
8490
8584
993814
8584
1293
993814
9437
992684
9501
9530
992684
993450
993450
9657
9657
9657
9657
4965
991914
990546
990545
9669
9693
999528
9780
9780
999528
999528
999528
997898
994192
370
994099
994099
370
370
996175
5105
5105
9780
998406
998406
3001
998464
998406
7086
9794
9809
997532
997532
9936
9993
9993
996317
9289
9289
996175
996175
996697
996697
9289
10029
996175
10029
10076
10076
10095
996946
996175
996175
995345
995006
2849
2849
998654
2849
998654
998654
998654
998654
998654
995006
2786
996463
996463
2786
2849
996463
995006
998267
1555
2849
998843
996991
2849
996991
3079
3943
3943
996991
996991
2192
4010
994358
994358
2314
994301
994301
993107
3352
993107
993107
4941
992627
4941
992192
4941
992192
991117
81
81
81
998107
995399
670
4941
3934
999041
999041
3934
3934
999041
3934
999041
4205
999041
4205
997020
997020
997376
997376
997376
997020
999770
101
997020
101
5040
5232
6057
6057
998273
6250
6250
997020
6423
997020
6455
6488
6488
6488
6530
3120
997020
993709
51
51
999189
1458
1458
998
1532
1942
3992
993564
992484
1088
992484
1088
995347
995347
1088
991117
991117
1088
2363
2363
995251
995251
2363
995251
995251
995251
993639
992559
996521
1928
992559
1928
2363
993999
992559
4125
992559
4125
991884
997430
997430
997430
4125
996738
4125
996738
4400
996738
994548
991687
4400
991117
4513
990851
4540
990800
990800
990740
990740
4540
997164
4540
993771
993771
993771
5154
993771
991715
5264
6524
6524
996516
990740
6573
990704
990704
995180
3836
6615
6615
6615
6710
995180
990704
990704
6710
6710
6844
998921
998921
5531
998921
6844
6844
997218
996799
996799
6274
996522
6274
995753
6844
6844
995753
995008
6844
995008
995005
6918
3993
5
5
995005
995005
5
993047
993047
993047
993047
5
3993
993047
5060
5629
993047
5629
5629
992680
992680
992402
992402
1474
5629
992402
990686
990686
1853
1853
990686
4871
991794
990680
990545
4247
5629
5887
7331
7409
997004
7409
7444
7470
2639
2639
997891
997004
996152
996152
2639
994635
993944
2639
6604
993944
7520
999786
7885
999786
999786
3625
999786
999786
998673
994778
994778
994521
993944
5032
5032
5032
7885
997206
997206
8007
997119
993944
999680
296
296
999680
999680
996632
1098
999066
994735
994122
1098
6158
6158
993944
6158
992247
992247
8007
8141
8423
992247
992247
992239
991612
993434
993434
991612
2756
998736
996675
2113
996675
991612
2113
991612
991481
994116
994116
2113
999087
999087
2113
2845
2845
3807
999087
999087
999087
999087
4446
5512
5512
999087
238
999087
6215
994219
994116
7673
7674
8438
6658
8438
5956
998675
5924
5956
995775
995009
994275
994275
2082
2082
6709
994282
994116
993604
3052
993604
3896
1365
993604
991588
999653
999653
999653
991588
998047
998047
991264
990887
990887
1773
990876
990876
2096
990521
995534
2384
990521
990521
996847
2384
991542
2384
3696
3896
3896
5201
995825
993213
5201
993213
5201
993213
991718
319
991718
2925
991718
991718
990762
990521
6811
990521
7036
995801
995801
6532
995801
995801
995801
995801
1681
7487
8438
990752
990752
8491
8510
8537
997714
1553
997434
1553
5588
996165
5136
8541
8584
8965
995624
995624
995624
231
231
995624
8965
995432
8965
994513
6362
6362
5616
6362
6362
6362
998687
6362
997815
997815
4909
4909
5359
996942
994646
994646
994646
6362
994646
6362
8407
998222
8965
994646
4923
8965
8965
994646
994646
994571
994513
8965
8965
8965
8969
998971
9080
9080
9080
994453
9125
996169
9125
313
996197
313
996169
996169
994880
313
994453
9125
994453
9239
993039
3236
3236
992861
1308
1308
1308
2435
2834
997393
997393
3236
995037
155
997037
997037
995037
581
1387
992861
3158
9076
992861
992789
992789
992677
992677
999943
999943
4669
3538
999025
1422
999025
999725
999725
3538
3538
999725
999025
998777
4669
4767
4767
992677
4899
992677
997770
992652
992652
3861
3861
5835
390
992652
390
6324
992652
992652
652
992402
992138
77
77
992138
77
991719
991294
77
991247
77
991245
990521
77
990509
991489
77
77
991489
990505
77
77
997978
997978
77
997200
998226
652
997200
997200
264
652
997200
652
5650
5650
995580
999431
999431
5650
5887
999431
1060
3584
5887
5963
6106
6106
6701
998992
998992
997
997
998992
998992
997
997087
4571
997087
996529
3315
4571
4571
995580
5202
6958
7299
994258
993784
994762
994762
994762
994762
6524
6524
997924
7299
994786
7299
998650
7798
7798
8155
998650
998650
998650
998650
5049
995879
5049
995879
5049
995060
994935
5049
5234
994931
994786
994168
5843
994735
994168
2417
6760
9076
9076
993784
9076
9388
9397
993784
993595
9397
993543
993543
995242
993153
993153
997252
9397
993153
9397
5647
992957
9397
9512
9512
9614
9986
992716
992716
991859
993985
993985
991483
9986
9986
991483
996214
991483
7345
7345
9986
992857
5525
7497
7497
1081
991127
990795
990795
990469
990469
994325
1081
994325
1661
1661
1661
1661
994142
3161
999809
999809
606
606
3161
3161
999513
3161
3161
999513
3720
4071
5233
5561
8640
8640
8640
996489
995048
9641
994935
994142
6360
992824
9641
992824
992824
4650
990460
4650
6884
995819
995819
995819
9986
10003
10005
10095
10108
10108
10210
16
10344
10344
10386
10421
997374
8533
10421
10470
996545
992133
992133
992133
10470
994268
10470
10470
10475
994268
998679
998679
998679
10126
10484
4024
10504
10504
998470
10521
10521
10540
998470
998470
10547
991572
10547
10547
10547
991572
10547
990460
990460
990454
10547
990454
990454
10547
990454
6262
990454
6262
3904
6262
990454
9583
3149
852
990454
1317
1770
9583
990454
7176
7771
998847
998847
997297
7771
996732
3614
5968
998083
6187
998083
6187
995968
995968
995968
995968
4534
995968
997254
995752
2924
995239
4486
992858
3488
992858
992858
3488
994216
994216
994216
995498
1922
994216
992858
991653
1922
3488
991404
991404
3488
4448
4486
997822
997394
997394
995425
999681
990887
990426
784
4534
4597
990426
996199
4609
645
998609
998609
5510
998609
997481
997481
359
997481
996199
994254
994254
990426
990426
990426
3021
990426
994229
4019
4019
999624
999624
5510
999624
5643
999298
994229
6167
994229
993992
996288
993992
6187
992867
6081
991792
1363
991792
1363
991014
990426
990426
990421
990410
3262
990410
6081
2106
990410
990405
990405
990467
2106
2106
990405
4142
4142
990405
4142
5326
5739
997781
997781
612
997781
612
612
612
612
1343
1343
4846
995774
990380
990351
602
990339
990339
218
990339
602
990339
602
602
4725
4725
4725
4725
990323
990314
4846
4846
4846
990303
5739
999889
990264
4561
990264
990264
990264
4561
990264
6081
990242
6081
990242
6686
990242
990567
6703
6703
996974
996974
990442
990442
6703
990442
990242
998004
998004
6703
990242
990236
6703
990236
992096
75
5276
5276
5276
997449
997994
497
995051
994102
993947
65
497
497
993947
990236
4499
4499
1235
990236
4499
4499
990236
4613
990209
4613
990209
990209
4613
5970
5970
5970
990193
996719
996719
884
996719
884
5846
996719
5970
6711
6882
996719
995472
995472
994401
1567
1567
993359
992030
992030
1567
1567
930
992788
1567
6882
992030
7087
992030
991440
990242
7087
990141
990112
7087
996978
7087
7087
7217
996978
990112
1597
1597
999239
990112
7217
990112
7308
990112
5925
990112
5925
991490
5925
5925
991490
1710
1710
991490
1710
1710
997663
1710
1710
997663
997663
994238
1710
5278
5557
998957
994238
5925
5925
5925
7308
994113
7596
7596
615
7663
991490
990112
7663
990112
990112
7663
2000
990112
990108
3505
3505
990073
995530
995530
995530
995530
990073
3091
990070
3091
3091
3091
3505
3856
4503
996733
998210
998210
998210
998210
540
998210
540
2820
2820
998210
2820
996733
995662
2820
4034
4034
4034
4034
4503
4548
2675
4548
995662
994483
994483
4548
999732
993080
4548
997215
997108
5216
992836
4131
995729
995729
995729
995729
993602
993602
545
993602
545
999216
999216
999216
545
999228
545
999228
545
545
998467
998467
995313
281
545
997101
995313
995313
993602
1748
2544
993602
993602
2544
2018
999904
995104
2018
2018
2544
2906
4131
995104
997384
999340
4131
4131
999340
999340
993602
5216
5216
5446
997990
997990
997990
835
999048
999048
998854
998248
998248
2039
2039
2757
995727
999555
998673
2757
995016
994490
5566
6222
6635
994490
994490
994490
4347
2371
994490
994490
994490
993423
993423
993423
2371
993423
1162
6652
996335
110
992865
1696
843
992836
992645
1696
1696
996933
