6
6
43
6
229
504
8
678
763
897
8
1301
1284
8
1470
12
24
2209
2325
2325
24
2617
2719
24
24
2954
3150
24
3169
25
3273
25
3813
3832
25
4330
27
27
4908
27
34
5330
5330
5475
34
5868
34
38
6424
39
7228
39
40
43
7743
48
54
8199
62
8790
8788
8989
62
63
65
72
80
10255
10606
81
10953
10978
81
11158
81
92
11626
92
11713
106
106
12079
106
12815
106
13027
114
119
119
13409
13498
119
119
128
128
14191
14191
131
14361
138
14563
138
138
149
156
15281
156
15664
15694
156
161
16239
161
161
16604
162
16836
17104
17147
162
162
17303
17381
164
17442
165
17714
170
170
170
18195
18281
18496
18558
170
180
18907
18903
187
18897
18908
18949
18949
191
192
193
193
193
19151
19479
199
19736
207
221
221
242
20241
20335
244
244
20479
244
20589
20681
20878
20946
21356
21355
244
247
21685
257
270
282
286
22979
286
23557
23557
287
287
23954
297
24173
24239
297
302
24371
24706
306
25469
316
25621
327
25857
329
26056
334
26221
346
365
367
26894
26954
26985
371
371
27269
27276
380
389
27720
27830
27830
28009
390
390
28526
28510
28577
392
28627
393
29405
401
404
404
409
29959
410
30454
410
30878
420
420
420
31264
420
420
31666
31780
420
420
32097
424
431
32771
454
33089
33089
33099
454
33156
33159
33443
483
483
33472
488
488
33626
33747
33747
493
494
33900
494
34171
494
496
496
504
34474
34485
506
34680
35036
506
506
35224
518
518
518
523
523
523
523
533
36421
36561
36669
36762
36932
36932
538
37233
37376
543
37490
558
37594
566
572
577
577
38041
577
577
38497
38695
578
578
578
39739
39959
40120
578
40611
40631
40904
41044
578
41168
41217
41204
42193
580
42934
580
584
588
43135
588
589
43431
43450
43653
589
44066
44216
44325
604
615
615
616
623
629
45243
634
653
653
45579
654
45623
658
660
45739
45739
45919
46130
46451
46540
46649
46684
673
46772
676
46770
676
46842
46832
678
47074
687
47242
687
687
687
687
687
48003
48003
689
689
48847
49199
695
49295
49503
49731
695
49810
50085
50185
695
50550
702
702
702
702
51539
709
721
51802
723
725
729
744
750
750
52191
52419
52409
52762
758
52807
758
758
761
761
53360
761
761
770
53990
54092
54190
786
54485
788
54855
788
788
788
55864
790
792
56009
796
796
56805
798
57064
798
57257
57256
57498
802
57538
803
803
803
804
804
805
58569
805
58568
805
58643
58775
58766
805
822
841
59522
59602
841
841
60705
60767
841
841
844
853
61532
853
853
853
62025
62724
63118
63159
63235
854
63743
854
854
864
63962
64353
64590
65112
65175
870
65429
65643
873
876
879
879
65790
65823
65964
66177
879
879
879
879
887
887
66738
66857
66846
67065
67082
887
67293
887
67474
67723
887
887
68763
68793
69001
69426
69398
69398
887
69430
891
891
69822
69822
69822
69813
69843
69843
891
891
70225
70404
891
891
891
891
897
70653
70657
897
898
898
898
898
70871
921
922
922
71517
923
923
71609
71883
72003
72003
923
923
923
923
72355
72593
72814
923
73265
927
927
73837
73911
73946
927
930
930
931
931
932
959
959
959
74795
965
965
981
75386
984
984
984
984
986
986
986
986
76364
990
1000
76840
77730
77832
78032
1000
78137
1000
78430
1000
1000
1000
1005
78976
79056
79155
1005
1013
1013
79678
80146
80146
80288
1013
80439
80806
1014
1014
80966
81032
81097
81320
1014
1018
1038
81506
81721
81735
81806
1038
1038
1038
82177
82174
1041
82694
82992
83010
83031
1044
83543
83840
83860
1044
84056
1044
84159
84861
1044
85482
85569
85648
85648
85706
85704
1044
1044
1063
85986
1063
1063
86157
1063
1063
86603
1075
86816
86810
1075
86913
87083
87291
1075
1075
87492
87597
1075
1081
88104
1094
1104
88455
1104
88603
88601
1104
1132
1133
1133
1133
88976
89033
89126
89126
89110
1133
1142
1142
1144
89628
1144
89736
90002
1144
1148
1148
90799
1148
1148
90947
1148
1148
91027
91734
1148
1148
92343
92966
93185
93197
1152
93315
93421
1152
93488
93555
1152
94167
94209
94199
94252
94391
1152
1156
94636
94973
1156
1159
1159
1164
1164
95455
95794
1165
1165
96310
96313
1165
1165
96446
96605
1165
96731
96962
1174
1174
1176
1176
97504
1176
1176
1176
1176
98654
1176
1176
99135
99256
99375
99504
1176
100288
1176
1176
100379
100498
1176
100479
1185
100479
1185
1185
1197
101389
101425
1199
1199
1203
1203
102414
102414
1210
102740
102800
1210
1222
103400
1229
1229
103460
103558
103778
1235
104051
104128
104171
1241
1241
104430
1241
104708
1257
105032
1257
1266
1266
1266
1271
105668
105659
1272
106321
1284
1302
1318
106825
1335
1339
107339
107694
107680
107778
107776
1340
1340
108240
108223
108291
108626
1340
1352
1352
1357
109007
109120
1363
109507
109750
109984
1364
110121
110174
1367
1367
1367
1367
110589
110677
1373
110896
110896
111059
1373
1384
1384
111212
111223
111367
1384
111367
111573
111632
1384
111862
1387
112502
1387
112660
1399
1403
112738
1403
1403
1403
114139
1412
115077
1412
115274
115287
1420
1420
116197
116239
1429
116333
116586
1433
116789
116826
1436
117251
1439
1439
1441
1455
1465
117595
1470
117851
118010
118165
118491
1478
118699
118877
1491
1491
1491
1491
119472
1491
119470
119470
1492
1494
1495
119822
120408
1499
120841
1499
1499
121223
1499
1499
121523
1501
1501
121730
121739
1501
121906
122054
122134
1501
122204
1501
1501
1501
123076
1501
1507
123320
1507
1509
1509
123616
123705
124044
124044
124040
124086
1509
124463
124506
1509
124612
1510
124764
1510
1510
124798
124794
124879
1510
125051
1513
125237
1513
1513
1515
125530
1516
125824
1516
1517
1517
1517
1517
1517
126648
1517
126730
1517
126835
1518
127372
1518
128106
128138
1519
1519
1519
1526
1526
128679
1529
1531
1531
129825
129945
130155
1531
1531
130240
130392
130392
1531
130536
130536
1531
1531
130693
130693
130727
1531
131172
1531
131525
1540
1550
1557
132047
1562
132621
132770
1572
1588
133016
1588
1588
133753
1601
134110
1601
1601
134336
1616
1616
1619
1623
134964
134964
1625
1625
135564
135929
1625
1633
1635
1644
136402
136921
1644
1644
137614
137636
1645
1646
137762
1649
137899
1651
138925
138976
1651
1660
1660
1670
1685
1686
1686
139720
140243
140240
1697
1697
140502
1698
1713
1713
1714
140930
141167
141262
141257
141382
1714
1714
1715
1715
1715
1715
143527
143627
143976
143976
144077
144269
144269
1715
1715
1729
1739
144587
144655
1739
1739
144899
1743
144937
1743
145076
1743
145315
145605
1743
1746
1748
1752
1757
1757
146918
146952
147630
1758
148030
1768
148491
148697
1768
1773
1773
1795
1795
1795
149168
1795
1795
149619
149723
150081
150075
1795
150728
151036
151036
151285
1795
151978
1797
152054
1797
1801
152750
1803
1805
1812
1812
1812
1812
153287
153931
1812
1812
1815
153995
154372
1815
154691
1815
1815
155111
155369
155422
155495
1815
1817
155799
155851
155851
155851
155950
155979
1817
156165
156271
1817
156456
156596
1833
156793
156833
1844
157601
1844
157818
157816
1844
157886
157880
1844
158128
158250
1860
158873
1861
158930
1861
159095
159112
1862
159637
159738
1862
1862
161430
161520
1863
1865
161821
1866
162089
1866
163064
1869
163297
163311
163430
1869
1869
1871
163920
1873
1876
164062
1876
1876
164433
164707
164944
165263
1876
165819
1876
1877
166162
166206
1877
1877
166718
166746
1890
166851
166877
166995
167049
1890
1901
1901
1902
167327
1906
1907
1907
1907
1910
1912
1912
1917
168712
168742
168906
168945
168969
1917
1917
169017
1917
1919
169699
169930
1936
1936
1946
170742
170772
170802
170835
1946
171061
171234
1946
171364
1946
171754
1951
171943
172327
1951
1951
1951
1960
172962
1960
173153
1980
1980
173400
173400
173453
1980
173598
173593
173625
1980
173625
1980
173978
173989
1980
1982
174255
1982
174424
1983
174768
174814
1986
174942
1987
174972
175021
2007
2007
2007
2007
2013
175986
176187
2013
176182
2019
2019
2023
176854
176979
176979
2023
2024
2034
2035
177630
177794
178096
2038
178695
2038
2038
178793
178793
2038
2041
179108
179360
2043
2046
2046
180125
2076
2076
2076
2083
180409
2083
181097
181157
2083
181324
2083
181334
181334
2086
2086
2086
2086
182486
182600
183007
2088
183500
2088
2093
2093
184009
2097
184579
184579
184973
185224
185509
185579
2106
185862
185885
185958
2106
2106
186087
2106
2106
2115
2115
2116
2128
2134
2135
2139
2140
187422
187471
187638
2140
187692
187692
2140
187734
2140
188325
2140
2140
188495
188495
2140
2155
189350
2155
189652
2155
189792
2155
191153
2155
191847
191932
191932
191945
192014
2160
192184
192223
2160
2160
192638
2160
2175
192633
192926
2175
193049
2176
2176
193449
2194
2203
2203
194360
194658
195059
195368
195561
2203
2208
2220
195694
195678
195676
2226
196210
2237
196275
196443
2237
2237
197200
197265
2238
197425
197423
198163
198514
2238
2238
2238
2238
199652
2239
199744
199996
2239
200354
2239
200809
200883
2242
2242
2247
201614
201748
2248
2248
202107
2250
202455
2250
202515
2250
202735
202896
202905
202987
202987
203178
2250
2250
2250
2250
204080
204267
204335
204650
204864
204912
2268
2292
2292
2292
2292
2330
2330
2330
206711
2330
206841
2330
2331
207535
2333
207692
2333
2333
208644
208663
208803
2333
209200
2333
2333
209409
209899
209968
210028
2335
210085
210151
210364
2335
210490
2336
210739
211384
2345
211715
2351
2351
212209
212785
212908
2356
2357
213415
2369
2369
213652
2369
2375
214277
214307
214305
214361
214429
2375
214740
2375
2377
2377
2385
2385
2385
215713
2387
215813
2388
215923
2388
2390
216054
216272
216765
2390
216865
216901
2390
217379
217379
217752
2391
217937
219025
2391
219455
2391
219611
219593
219591
2391
219869
2391
219986
220391
220693
220762
2400
221120
221195
221183
2400
2401
2407
2412
2413
2416
221961
2417
222107
2423
222474
2423
2427
2427
223157
223341
223669
223669
2427
2427
2427
224163
2427
2439
224825
224914
225029
2442
225132
225140
225360
225365
225365
225372
2442
2452
2452
2452
2452
2452
226869
226869
2452
227295
2457
227544
227962
2457
2466
2466
228320
2466
229044
229363
2466
229504
2466
229803
2466
230177
2467
230400
230527
2471
230975
231040
231040
2471
2471
2474
2476
231947
232011
2489
2489
2489
233388
233388
2489
2489
2493
233846
233930
2494
234255
234269
2497
2504
234615
2523
2524
2524
2540
2540
235329
235436
235436
235537
2540
235762
2540
2540
2540
2552
2552
2552
2552
2556
2580
2580
2580
237463
237522
237718
237778
2582
238732
2582
2606
2606
2609
239056
239298
2613
239538
239897
240087
2613
2613
240687
2614
2616
240873
240873
240998
241018
241130
2616
2617
2623
241595
2628
2628
2629
2635
242138
2635
242277
2640
242343
2640
242451
2645
2645
2645
243047
2645
243258
243533
2645
2661
243896
2665
2674
2674
244613
244684
2675
245223
2675
2675
245451
2678
245541
245559
245623
245703
245733
246006
246033
2679
246845
2679
247201
2679
2692
248128
248236
248391
2692
248890
248889
248960
2692
2692
249269
2692
2692
2695
2695
2704
249813
249890
2704
249955
249968
250180
2708
250268
250329
2712
2748
250522
250535
2748
250698
2749
250974
2751
251404
251459
2752
251639
251673
2759
2772
2772
2773
251922
251922
252040
2773
2773
252445
252445
2774
2775
2775
252743
2775
253178
2776
2776
253483
253480
253596
253596
2781
253919
253966
254089
254426
2781
2791
2793
2801
2801
254915
255341
2801
2801
255444
255508
2801
255835
255896
256094
2801
2808
256436
2808
2814
2814
2860
2863
2868
257007
2868
257814
2868
258027
258505
2868
258560
2868
2868
258912
259061
259178
2868
259344
259414
2868
259445
2873
259572
2878
2885
259985
2885
260182
260395
2885
2887
261106
2887
2887
261164
2887
261282
261475
2887
2900
261960
2900
262088
262175
262616
2900
263626
264704
2900
2900
264851
2903
264979
2903
2903
265253
2903
2903
2903
265835
2907
265889
265916
2907
266208
2911
266276
266557
2914
2914
267308
267926
267961
2914
2914
2914
268139
2923
2927
268755
268766
2931
269608
269647
2931
2938
270079
270126
2941
270267
2943
271060
2943
2943
272207
272353
272367
272541
272740
272767
272801
273001
273001
273495
2943
2943
273837
273907
2943
2945
274510
2945
274634
2954
2954
274705
274791
275144
275288
275288
275522
2958
275882
2976
2988
2994
2994
2994
2994
2994
276633
277060
2994
2994
2994
2994
277529
278016
2997
2997
3004
278738
3016
278772
279037
3019
279451
3019
279721
3019
280124
3019
280671
280698
280746
3019
280797
3019
280903
281147
3025
281580
282124
3038
3069
3070
282778
3070
282900
3070
284361
3070
284577
284732
3076
284861
284910
285243
285248
285742
3076
286186
3076
3076
3077
286460
286543
3077
3077
3077
287404
287471
287520
287573
3079
3079
3079
3079
288295
3106
3106
288520
3109
3109
3115
289507
289507
289729
3116
3116
290182
290182
290248
3121
3121
3121
3130
3130
290845
291048
3130
291458
3130
291839
291838
3130
3139
3139
3139
292437
3139
292699
3160
292699
292699
3160
292794
3160
3169
3169
3179
3183
293047
293267
3183
293534
3183
3183
3183
3185
3185
293740
293740
294195
294344
3186
294472
3186
294649
294693
294836
295105
3186
3190
295211
295288
3196
3196
295840
3196
3199
295998
3199
3200
296323
296410
3205
3205
297209
3205
3205
3205
298015
3205
3205
3205
3207
299061
299201
299233
3215
3218
3221
3232
299559
3232
299956
299995
3238
3238
300702
301240
301304
301286
3238
301646
3238
3239
3239
3239
3239
302378
302391
3243
302682
302680
302679
3243
3247
302876
302905
302991
3249
3249
3250
303550
3264
303875
3264
3264
3272
304110
304330
304657
3272
304791
304866
304862
305017
3273
3274
3279
305436
3279
3288
306187
306296
3294
3296
3297
307487
307484
3301
3323
3324
307719
308026
308322
308856
308900
3329
309550
3332
3332
310403
310606
310603
3332
310620
310615
3332
310949
3332
3332
3355
311469
311590
312079
3355
3359
3359
312160
3360
3360
3365
312795
312795
3372
312822
312880
312943
313375
3374
313419
3391
3391
313939
3402
3402
314547
314626
3403
314985
315146
3403
315255
315968
316055
316097
3403
316371
316736
3414
3414
3415
317361
317565
317653
317920
318036
318221
3415
3415
318457
318457
3418
3418
318638
318700
318697
318742
3418
318748
318854
319063
319214
319445
3422
319501
3422
320000
3426
3426
3441
320557
320674
3441
320903
320896
3442
3442
321497
3477
3488
3488
3494
321728
321724
321724
3494
321868
322320
322797
322902
322960
323059
323132
323206
3494
3499
323273
323347
323508
3499
3512
323754
323820
3512
3512
324936
3512
3519
325830
3523
326204
3533
326201
3533
326606
326606
326670
3533
3534
327045
3547
327556
3551
3553
327780
327957
3555
328026
328037
3555
328183
3584
328270
328298
328457
3590
3590
328888
3590
328960
329128
329221
3592
329666
329798
329866
3595
329986
3595
330141
3595
330422
3596
3596
3596
330887
330887
3603
331765
331830
3603
3604
331914
332386
332386
3605
332429
3605
332429
3605
3605
332649
332976
332976
3605
3615
3620
334211
334312
334553
335315
335462
335646
335712
3620
335767
335760
3623
3647
3647
336185
3647
3668
336315
336411
336718
3700
336924
337013
337135
337133
3704
337163
337244
3705
3707
3713
3713
337849
3713
338180
3715
338348
338529
339059
339170
339202
339202
339357
3715
3715
3715
3718
3718
340828
340818
341314
341314
341410
3718
3720
342020
3720
342074
3721
3721
343090
343143
343143
3721
343594
343588
343582
3725
3725
3725
3732
3750
3751
3751
344159
344159
344325
3754
344688
344724
345291
345458
345458
3754
345656
345794
3754
346139
3758
346201
3770
3770
3777
3778
346909
3778
347047
3778
3778
3778
347516
3778
3781
347590
3802
3803
3803
3804
3804
3804
3804
3804
349054
3804
349309
3806
3806
3806
349999
349993
350056
3806
350529
350726
350878
3806
3811
3816
351275
351704
351704
3816
3816
351738
3816
351865
352289
352309
352381
3816
352726
352725
3816
352831
352835
3816
3816
3828
353207
3828
353239
3843
3843
3844
3857
354099
3857
3877
3877
354432
354669
3882
3882
3882
3894
3901
354808
3901
3910
3912
355209
355210
355682
3912
355866
3912
355977
3914
3916
356511
356634
356812
356949
357124
357402
3916
358030
3925
358030
3925
3931
358697
358991
359435
359434
3931
359847
360494
360494
3931
360492
360491
3933
360636
3933
360860
360907
3933
361345
361341
3938
3938
361636
3944
361994
362018
362181
362181
362621
362690
3953
362973
362967
3953
363068
363236
363358
363594
3953
364002
364238
3953
3954
3954
364742
364805
364867
364863
364860
364879
3956
364980
3956
3957
3957
365296
365340
365679
365812
365831
3957
3959
3959
366388
366386
366744
366854
3959
367129
3963
3963
3965
3971
3974
368135
3974
368603
3974
369002
369308
3974
369687
369687
369796
370055
370325
370470
3974
3974
370672
370704
3979
371055
371316
3979
371389
371667
371667
3979
3990
371745
3990
372011
372059
372160
3990
372450
3992
3996
3998
372685
3998
4000
373037
373046
4000
373567
373598
373598
4000
373756
373959
4000
4023
374349
374454
4026
4026
374490
4027
4027
4027
4027
4031
375204
375344
4031
4055
375525
375657
4055
4060
4069
376038
4069
376054
376240
376358
4076
376848
4076
4076
377411
4082
377720
4096
377966
378066
4096
378355
4096
4099
378564
4099
378655
4099
4099
4100
4100
379245
4102
379388
4102
4105
4110
4110
4116
4120
380088
380721
380886
4123
381076
381423
4123
4126
4126
4128
4128
382037
382055
382114
4128
4136
382351
4136
4136
382716
4139
4141
4141
383405
4142
4142
4148
383618
383617
383617
383779
4148
383788
383803
383889
383888
4148
4148
4148
4148
4151
385039
4152
4152
385380
4152
385556
385556
4156
4156
385764
4165
386107
386107
386187
4165
4165
386334
386333
386419
4165
4172
386669
386673
387096
387209
387225
387328
387406
4183
387561
387667
4191
4206
4206
4212
4212
4212
4230
4233
388651
4234
388674
4234
389157
389204
4234
389401
389401
389545
4242
4254
389673
390036
390332
4254
4257
4257
390542
4257
4257
4263
4266
4266
391254
391254
391253
4266
391342
391391
391811
4271
391907
4293
4293
4293
4293
392796
392794
393641
394065
394617
394616
394921
395019
395239
395205
395277
395277
395678
396086
396117
4297
4298
4298
4300
396468
396590
397004
397050
397488
4303
4306
397862
4308
397890
397884
4309
4309
4309
4309
398739
398739
398753
398810
4309
4309
399125
399364
4309
399544
4320
4320
401222
401218
401269
401298
4320
401476
4321
401486
4323
401871
4323
402100
402584
402802
403404
4331
403889
4332
404824
4332
404865
4332
4336
4336
405658
4336
4340
4340
406064
4340
406312
4340
4340
406380
406406
406518
4340
4340
406723
406775
406775
4350
407127
407500
408108
4350
408351
408379
4358
4358
408776
4358
409127
409171
409300
409475
4360
4360
4360
409812
409830
410144
410144
410280
410280
4360
410450
410562
4363
4363
411661
4372
4382
412585
4395
4395
412907
412981
412989
413460
4396
413528
413595
4396
413937
414396
4396
4403
4432
4434
415118
415270
415258
415913
416119
416192
4435
416648
416632
4435
417047
4435
4435
4435
4435
4438
417342
417336
4447
418015
418148
418331
4447
4447
418974
4456
4456
419522
420093
420091
4456
420404
420418
420750
4459
4459
4462
4466
4471
4471
4487
421942
422063
422150
4498
4498
4514
4514
423494
4515
423896
4515
4517
424315
424347
424340
424502
4526
4526
425155
4526
4530
4537
4537
4541
425859
425900
426209
4541
4541
426802
4541
4544
427467
427464
427579
4544
427578
4544
427639
4565
4567
428174
4567
428660
4567
428725
428887
4567
428975
429006
429006
429142
4579
429453
429492
4586
429772
429843
4586
430079
430191
430260
430273
4586
430450
4589
430553
4589
4589
430957
430980
4589
431072
4589
431243
4626
431592
431660
4626
431896
4626
4649
4649
4649
4663
4663
433267
4664
433707
4664
433887
434025
4664
4664
434373
434387
4664
4664
4664
434777
4664
434844
435161
435425
435630
435828
436262
436377
436541
4664
437076
4665
4667
437473
437629
437812
437915
438222
438617
4667
438798
439102
4667
4667
439263
4667
4667
4671
4671
440726
4671
4671
4671
4671
4671
4671
4671
441374
4674
4674
4686
4686
441784
441983
4686
441993
4686
4690
442706
442793
442783
442828
4690
443068
4690
443586
4690
443781
4690
443896
4691
4703
4716
4716
444014
4716
444299
444361
4720
444426
4726
444744
4726
4726
4726
4747
4747
4747
4747
445900
445960
446012
4750
4751
446342
4751
4758
4761
4763
4764
447065
447113
4764
4773
4788
448242
448438
4788
448556
4788
449252
4788
449475
450300
4790
450300
450355
4790
4793
4795
4795
451199
4801
4801
4810
451540
4813
4814
4814
451814
451829
4823
451923
451917
4824
4824
452192
452548
4824
4835
453050
453097
4835
4835
453901
453989
4835
454161
4835
454502
4844
4844
455817
456469
4844
4850
4850
4853
457068
457280
457447
457490
457602
4855
4855
458000
4855
4856
4857
458496
458523
458523
459075
4857
459226
459249
4857
4857
4858
4864
459951
460065
4864
4866
461048
461160
461235
4866
4866
461691
461683
4871
461911
4871
461911
461944
461998
4874
4874
462389
462582
462672
4874
4874
4874
463238
463249
4876
4876
463501
4876
4880
4888
4888
463975
464031
464039
4889
464431
464423
464701
4889
4889
465244
4889
4889
465361
465449
4889
465449
465448
465626
4889
465958
465999
466035
466153
4889
466305
466290
4889
4889
4889
467303
468178
4889
4900
4911
468869
4911
469033
4916
4926
469388
469404
4927
469437
469437
4927
469579
469633
4927
4936
4938
469841
469841
4949
4949
470057
4951
4958
4960
4960
470629
470629
4962
4967
4967
4968
472234
4968
472350
472463
4977
4984
4987
472844
4987
4988
473024
473343
4996
4996
473760
473834
4996
474222
474330
474586
4996
475067
475067
475636
