62
3
240
6
12
14
1223
1265
1265
1265
1742
2223
2306
22
23
26
27
27
2825
27
35
35
37
45
45
45
51
3588
55
3764
4169
55
4317
57
4671
4798
4844
57
57
57
5327
5583
62
5867
6124
62
6244
62
6517
6643
62
6713
6747
6862
6854
62
63
7264
7319
7360
7402
63
7873
7873
63
8314
70
8721
9008
9076
9426
9550
9865
71
10110
10149
10149
10546
74
10794
74
74
78
78
78
11058
11114
78
11148
11422
80
80
11848
12032
84
12051
12064
12183
86
12268
12446
12658
12697
86
13023
13066
86
87
13271
87
87
13694
88
13754
96
96
14022
14120
14372
14392
14518
96
15022
15022
96
15553
15580
96
15827
16525
16606
16666
109
109
109
17705
17807
17914
111
18229
18366
18472
115
115
118
19160
19296
19364
19486
19755
19755
19994
20180
118
118
20334
118
20446
20456
129
129
20704
132
132
132
138
142
172
182
21309
184
184
21979
184
22072
22225
184
186
186
23100
23345
23384
24275
195
204
207
210
24425
219
219
221
222
24489
228
228
25213
25564
25673
25726
232
232
26322
239
239
27178
27178
27557
27623
263
266
27951
28095
28332
28387
266
28646
28857
29099
266
29232
30077
267
30522
272
30701
30874
31098
31095
31305
31395
31703
31703
272
32182
32306
272
280
32475
280
32824
283
283
33303
298
305
33457
323
324
330
34304
330
34514
330
34894
35000
330
35042
35075
35075
35261
35309
35404
35480
330
331
335
36139
335
335
36178
335
36346
36390
36390
36449
335
337
37342
342
37583
37683
346
347
38124
349
349
38434
38421
349
38986
38986
39010
39010
39004
349
349
349
39244
39397
39397
350
39511
39492
350
39724
40014
355
355
40271
40314
40359
40696
357
359
359
41102
41129
359
41305
359
361
361
361
42034
365
42427
42502
42502
373
373
373
43224
43338
43454
375
377
377
377
382
44265
384
384
384
45253
45410
45713
45713
45713
46006
386
46084
46095
386
46484
387
390
390
46719
390
47052
394
394
47145
47153
47335
394
406
415
47757
425
428
48086
428
435
48819
48877
48905
448
49426
448
49485
456
459
49924
459
459
50603
51341
51579
51654
459
51843
51860
52022
52377
52792
459
53448
53532
459
459
465
54012
465
470
54245
54243
470
485
487
55094
492
492
504
55543
505
55773
505
505
56562
57477
57492
505
506
58100
58135
58135
58276
58264
509
511
511
514
58970
514
517
59087
517
530
59233
530
59696
530
539
554
571
59897
578
578
60035
593
60454
609
60822
609
609
61709
609
62074
609
62265
62276
62426
609
609
609
619
63079
619
63170
619
619
635
635
635
63956
643
644
650
64859
64852
650
650
65451
650
65818
650
656
657
659
66496
659
662
662
662
662
662
67106
662
68158
662
666
68562
669
669
680
688
689
689
689
690
70157
694
703
70952
703
707
707
71272
710
71670
72433
72460
72459
72500
710
72559
710
72604
718
72663
723
723
72846
723
72879
72871
725
73332
73369
73551
725
73739
73832
74170
728
75088
728
728
75245
75637
75637
75756
734
734
76860
76902
734
742
753
753
753
77148
755
77394
77799
759
78040
78062
759
78296
759
763
79064
79061
79160
774
79187
774
774
783
79955
783
80041
783
80156
80186
785
785
789
80289
80545
793
793
80794
80839
80865
793
793
81140
81219
793
797
807
809
82110
82146
811
82704
813
813
82998
82985
83033
813
818
83832
818
83832
818
830
84059
830
84327
84327
84463
84694
832
832
84902
834
834
86109
86407
86691
87074
834
87348
839
87611
87665
839
839
839
88364
88364
88725
88797
88906
844
868
871
89628
871
871
876
90583
876
876
90854
885
90854
90929
887
91315
912
917
920
920
920
92021
92070
92070
92206
92396
92595
920
922
945
949
93540
93570
949
93581
93685
951
93735
951
94504
94742
94745
94744
94881
95226
95354
95354
95440
953
955
963
967
96190
970
977
96702
96702
97113
977
996
996
97571
997
1005
97892
1005
1005
97968
1012
1012
98199
98451
1012
1020
98670
1022
1022
99000
1032
99398
99782
1032
100059
100059
1032
1033
100219
100242
100824
1033
1033
101042
101310
1034
101858
1041
102016
1041
102229
1041
102628
1041
1041
103029
103085
1043
1045
103421
103421
1045
104084
1045
104295
104295
104292
1061
1066
105219
1066
1066
1066
106128
106241
106364
1068
1082
1087
1087
1097
107534
1101
107864
1103
107895
1104
107933
108046
108114
108113
1104
108113
1104
1105
108402
1105
108823
109023
109092
1105
109575
109607
1105
109970
1109
109987
1109
110900
110960
1109
111001
1109
111311
111338
1116
1118
1119
1119
111930
111934
1119
1119
112310
112310
112478
1128
112823
1128
112835
113407
1129
113460
1129
1129
113915
114156
114223
1130
114323
114412
114514
114652
1140
114716
1140
1140
114712
114825
1157
1159
1159
115811
115810
1159
116370
116397
116397
116616
116884
116884
1159
117378
117689
1159
1159
1159
1174
118373
118482
1174
118736
119057
1174
1174
1179
119843
119843
1179
120670
120982
121153
1188
121165
1191
1200
1200
122090
1202
122430
122424
122424
1202
1202
122647
122790
122811
122808
122870
1207
122895
123066
1213
123323
1213
123435
1213
123968
124077
124365
1215
1215
1219
1219
1219
125070
1223
125166
125166
125184
125184
125222
1223
125724
1223
126165
126269
126345
126345
1228
1229
1244
126864
1244
1248
126991
1248
1248
127078
127078
127070
127070
127070
1248
1253
1253
1253
1259
128651
128822
128916
128955
128945
129112
1262
1262
129192
129327
129640
1262
129752
1265
130011
1265
1268
1268
130212
130208
130343
130343
1280
1280
1280
131125
1315
131365
1315
131408
1315
131636
1315
131995
1320
132218
132366
132551
132909
133362
133450
133611
1320
133862
1320
133924
1326
1326
1327
1327
1331
135597
1331
1336
1362
1362
1369
1369
136199
1369
1369
136815
136815
1369
1369
136871
136871
136892
1396
137286
1398
137523
137616
137667
1410
1410
1410
1414
137967
138435
138630
1414
139012
139012
139279
1414
139473
140012
1414
1418
140159
1418
1418
1418
140848
1418
140956
1418
1426
1426
141199
1433
1435
1435
1437
141857
1437
1437
1464
141930
1470
1475
142344
142344
1475
142452
1475
142636
143219
1475
1475
143635
1475
143796
1488
144072
1488
1489
1489
1494
144159
144159
1494
144268
1494
144347
1494
1494
144489
1494
1496
144844
1496
144998
1499
1499
1502
1502
145604
145597
145784
145938
146148
1510
146267
146308
146633
146785
1511
1511
1511
1511
147152
1520
1520
147334
147334
147387
147387
1524
1524
147709
147754
1524
1531
1531
1531
1531
148189
148330
1547
148393
148452
148726
148821
1550
149619
1555
149879
149879
1557
1563
1563
1566
150917
150915
151262
1566
1566
151577
1566
1568
1568
1568
1569
1573
1573
152820
153259
153592
1573
154010
154010
1573
1586
154010
1600
1605
1608
154587
154996
1612
155220
1613
155479
1618
1618
155813
155873
155873
155869
1618
1618
156089
156072
156206
156319
1618
1619
157155
1619
1619
1622
158790
158789
1622
158902
1626
158993
1627
159441
1627
159864
160118
1627
160516
160545
160549
1631
1631
1631
1631
1631
161674
1656
161966
162102
1658
1658
1660
1664
163296
163295
1666
1668
1668
163715
1668
163941
1668
163941
164072
164220
1669
164640
1682
164709
164865
1690
164989
1703
1703
165460
1712
1712
1712
1715
1716
166210
1716
166432
166496
166576
1716
1742
1742
167364
167427
1742
1744
167741
167741
167804
1744
168006
1748
168045
1748
168212
168342
1749
1760
1760
1764
169666
1764
169990
170028
170262
170261
1764
170281
170455
1764
170877
170877
1764
1764
171353
171455
1765
171602
1777
171969
171969
1777
172106
1777
1777
172287
172339
1777
1783
1783
173067
173106
173106
1787
1787
173681
173731
1787
1787
1787
173906
1787
174263
1817
1817
174961
1821
1845
175382
175382
175617
1855
175866
175866
1855
1877
1880
1882
176443
1882
176454
176457
176457
176457
1883
177013
177090
177144
1883
177271
1883
177737
1884
178317
1894
1894
1898
1904
179234
1907
179343
1907
1911
179495
1911
179540
1911
1912
180415
1921
1921
181145
181465
1921
181479
181478
1933
181774
181761
181883
181975
1933
1936
1936
182796
183024
1936
1936
1936
1939
1939
1948
1950
183766
1950
184170
1950
1952
1952
184877
184877
1954
185060
1954
1956
1958
185744
1958
1958
1958
1958
1958
187277
187346
187389
1964
187496
1964
1964
1966
188210
188444
188642
188943
1968
189376
1968
189408
189490
1968
189607
189832
1973
189918
1976
190443
190440
1976
190715
1976
190874
1991
1992
190972
191018
191134
1992
1996
1999
1999
1999
191609
191607
191653
2004
192121
2008
2008
192891
2008
2013
2021
2025
193097
193143
193179
2025
193227
2025
193349
2025
2025
2025
193869
2027
2027
2043
194950
2043
2051
195440
195776
196030
2056
196152
2056
2071
2071
2071
196546
196715
196781
196860
2071
196925
197134
197234
2071
2071
2071
2072
199494
199734
2072
199747
2088
2097
199891
2105
2105
200159
200576
2118
200768
2130
201029
201046
201075
2145
201245
2168
2168
201926
202475
202500
2168
2168
202666
2168
2172
202692
202743
202932
2172
2172
203586
2172
2176
2176
204114
204263
204387
204567
204770
2176
2176
2187
205010
2190
205259
2190
2199
2203
205537
2207
205658
2207
206307
206370
206370
206551
206646
2207
206781
206854
206854
206854
207003
207200
207250
207298
2207
2208
208014
208014
208012
2208
208148
208367
208378
2208
2208
208613
208613
208641
208643
2210
208816
208816
2215
2219
2219
2223
2224
209347
2224
209656
2224
209738
2231
2231
2231
210053
2231
2231
210656
2231
2236
211200
211192
2247
211491
211491
2257
2257
2262
2269
211951
2269
2269
212942
2280
213484
213484
2281
213830
2281
213830
214057
2289
2289
214798
214963
215048
215213
2289
215770
215821
215888
216112
216160
2299
2305
217198
217207
217205
2305
2305
2305
2305
2305
218121
2307
218461
218560
218560
218606
2314
219064
2316
219339
2320
2320
2320
2321
2321
2325
220000
220163
220163
220380
220519
2325
2333
2333
220667
220706
220915
220908
2333
221374
2347
221418
221633
2347
2347
2347
222838
2349
2349
223259
223294
223759
2378
2378
224128
2378
224139
224277
2378
224388
2379
2379
2379
225215
2380
2395
2400
2405
2405
2405
226266
2405
2405
226818
2412
2412
226915
227401
2412
2430
2432
228220
228314
2435
228794
2435
2435
229148
229201
2439
229245
2442
2442
2447
229517
2450
229951
2450
230122
230186
2450
2450
230662
2450
230810
231165
231165
231168
2450
231294
231716
2450
2450
2450
233030
2456
2456
2458
2458
233692
233739
2462
234089
234089
234151
234267
234314
234344
234521
2466
2466
2474
234809
234808
234905
2478
2478
2481
235954
236099
236099
2516
2516
236935
236933
237144
237481
237539
2519
237787
2522
2524
237891
237891
237960
237969
2524
2524
238154
2524
2528
238558
238702
2528
2531
2539
239792
239797
240057
240306
2539
2550
240632
2553
240755
2557
2557
2566
241696
241760
241833
241978
2567
242473
242676
242895
2567
243285
2571
243433
2571
243518
243720
2571
243860
243935
2571
244246
244297
244444
2597
244609
245096
2616
245130
2621
2626
245312
245403
245446
2626
2626
246061
246065
246098
246098
246096
246138
246890
2629
2630
2633
247078
2641
2642
2647
247658
2649
2652
2653
2653
2653
249056
2653
249155
249332
2656
2656
249507
249675
2656
2658
2658
2658
2659
250415
250496
250940
2666
251284
2668
251486
2668
251943
251970
2668
2668
2669
2679
252545
2682
252772
2683
2683
2694
253236
253236
253324
253324
2694
2711
253587
253918
253985
254330
2721
2721
2721
2721
2721
2721
255382
2724
2731
2733
255944
2733
2736
2736
256827
256987
2739
257177
257177
2739
2739
257515
2744
2744
258297
258320
258381
258440
258434
258509
2744
2744
2744
2745
2747
2749
2750
2750
260013
2750
260283
2750
2753
260673
260735
260813
260851
2753
261205
261308
261353
261353
261353
261677
262686
2755
2756
262776
2756
2763
262825
262825
262825
263000
263155
2790
2797
263322
263899
263913
264143
264337
2804
264743
2806
2811
2811
265354
265377
265529
265546
265638
2811
266052
266096
266160
2811
266198
2811
2811
2811
2811
266860
2811
2817
2817
267015
267250
267363
2817
2817
2823
2825
2825
2829
2829
268340
268340
2829
268617
268601
268873
2831
269128
2831
2848
269847
2856
2857
270204
2857
270900
2859
270926
271082
2859
2863
2863
2863
2863
2863
2863
272328
272326
2863
2863
273335
2863
2863
273781
274041
2867
274382
274505
274505
2869
274758
274758
274943
275157
275315
275450
2898
276213
276452
276452
2899
2899
276733
2899
276942
2899
277474
2899
277715
277993
2901
2909
277993
2910
2910
2916
278568
278889
279344
2916
2916
279950
2939
2939
280601
281184
2942
2946
2949
281448
2949
2949
281795
2949
281949
2949
2949
2950
282600
2953
283225
283302
2953
2958
2975
2984
2984
2984
2988
285024
2994
285034
2994
285347
285804
285993
286200
286229
286276
2994
286870
3006
3006
3006
287512
3009
287725
3009
3011
3011
288199
3011
3011
288643
3014
3015
3015
3017
288850
289105
3019
3019
3019
3026
3028
3032
290882
291066
3032
292396
3034
3034
3034
292798
292794
292918
293056
293076
3034
3038
3038
3038
293869
3040
3040
3042
294181
3048
3048
3050
294372
294670
3055
3055
3055
3065
3070
3074
295362
295425
295932
295981
3077
3079
296657
296931
3079
3079
3079
297187
297187
297271
3079
3081
3082
3082
297461
297522
3094
3094
3094
3098
297719
298066
298186
3101
298489
3101
3101
3106
298518
3106
3106
3106
3106
299559
299606
3106
3106
3106
3106
3112
300466
3112
3112
3119
3119
3119
301709
3122
302211
3122
3123
302546
3123
3144
3144
302865
303173
3144
3144
3154
303522
303826
303979
304073
3154
3155
3155
304575
304575
304786
304961
304953
305013
3156
305609
3156
3156
305738
3161
305984
305979
306553
3164
3164
306731
306863
307123
3164
3177
307199
307355
307342
3185
307475
307523
307727
308129
3185
308395
3206
308835
3208
3208
309041
3208
309042
309080
3208
3217
309370
309392
309388
3217
309502
3218
3218
3227
3236
3240
310691
3240
311027
311160
3251
311502
3251
311782
311970
3251
3251
3251
3251
3267
3271
3271
313441
3271
3273
313775
313775
3281
314054
314124
314214
3284
314457
314511
3284
3284
3284
3288
3288
315671
3288
316209
3288
316352
316352
3289
3289
3297
3297
3302
316890
3310
317293
3316
3322
317566
317564
3322
3327
317607
317662
3336
3342
317889
3342
318869
3342
318869
3342
3342
318959
3347
319412
3364
319739
320484
3373
3373
320641
3373
321760
322044
3377
322201
322716
322888
323214
323403
323403
323485
3378
323555
323848
3378
324097
324535
324559
324721
3394
324915
3394
3394
325208
3407
325660
3418
326055
326055
3418
326415
326785
3422
327215
327358
3422
327494
3422
3422
327930
328052
328116
3422
328292
3422
3425
3425
3434
328686
328713
328762
3434
328762
3438
329138
3438
329461
329600
329869
329975
330012
3438
3438
3439
3439
3439
3439
331464
3450
332238
332318
332615
3456
332772
332923
3468
3468
333121
333176
333174
333197
3468
333214
3468
333468
3468
334097
334163
3472
334858
334974
3472
3472
335530
335564
3472
3472
336218
336214
336208
3472
3473
336477
336642
3473
3473
3479
336834
3479
3483
336834
3483
3483
3506
337786
337854
337854
3515
338128
338128
338202
3515
3515
338443
338629
338875
339077
339073
339164
3517
3519
339649
339648
3522
339695
339752
3526
339989
340064
340416
340421
3526
340517
3526
3526
340686
3526
341340
3526
3526
3526
342131
3526
3526
3533
3535
3536
3536
342915
342944
3539
3541
343591
3541
3541
344283
3541
3545
3545
344669
3545
345531
3545
345607
345607
345825
3547
346123
346325
346448
346745
3547
347131
347131
3547
3549
347305
3549
3556
347397
347651
347752
3559
3559
348170
3559
3559
348528
3559
348655
3559
348983
348983
349091
349091
349403
3559
349667
349660
349839
3559
3559
3577
3578
350134
350841
350854
350936
3588
3588
351972
351968
3590
3597
352302
3597
3612
353116
3622
353589
353817
3622
3622
3634
3634
355109
3634
3641
3652
355355
3652
355689
3652
356636
3652
357303
357639
357694
3652
357794
3652
358106
358129
358123
3665
358571
358635
358762
358783
3666
359020
359209
3666
3666
359411
3667
3667
359727
359794
3672
3672
3673
3673
360127
360178
360378
3673
3680
3680
3682
361167
3682
361267
3682
3688
361589
361642
3716
3729
3729
362919
3746
3746
3746
3755
3770
363315
3770
363849
3770
3785
3785
3787
364791
3789
3802
365475
3802
3802
365568
3802
365863
365876
366198
3802
366442
3802
3802
367328
367440
3802
367736
368313
3806
3812
3823
3823
3824
368922
369031
369031
369063
3830
369635
369641
369783
369900
370145
370470
3841
370624
3843
370675
3843
370826
3843
371116
371317
371590
371733
3848
372261
3858
3860
372549
3861
3866
373674
3867
3867
374855
3873
375122
375261
375312
375703
375819
375894
3883
3883
3883
376274
3883
3883
3883
376699
376845
3883
376922
377074
3883
3883
3883
3883
377507
377527
377527
377597
377894
3883
3886
378667
378948
379264
3886
3886
3886
379566
3892
3896
379692
379970
3896
380160
380364
3897
3897
380582
380582
3897
380763
3897
382231
3897
3898
3898
3899
3899
3899
382680
383065
3900
383419
3913
383419
383419
383519
383640
3923
384209
384512
3926
384846
3926
3928
3930
3930
385227
385430
385922
3930
3930
386575
3930
386808
386808
3941
3941
3941
387360
3941
3943
388235
3952
388414
3952
3952
3965
388867
388921
3965
3965
3965
3991
4004
4010
389542
389751
389869
4010
4016
4016
390814
391122
4016
391639
391648
4016
391909
392083
392083
4020
392378
392454
4029
4029
4045
392737
4045
393190
393229
4049
4049
393396
4049
4081
4081
4082
4082
393698
393812
393803
393803
4082
394283
4082
4082
4084
394815
4084
4092
395355
395615
395606
4092
4092
395827
395827
4092
395824
395930
4097
396098
4097
4110
396414
4115
396527
396590
4115
4116
397336
4116
4116
397602
397659
397843
398064
398455
4121
4132
4139
399232
399231
399288
4163
4163
4163
399762
4178
400100
4178
4178
4189
400413
400469
4189
400542
4189
4191
4191
401140
401313
4191
401460
401605
4193
4193
4198
4198
4198
402482
402511
402988
403538
403590
403727
4200
403727
403741
4200
4200
4202
4202
404470
4204
4204
4204
405472
405588
405597
4205
4209
4219
406009
4227
406266
4227
4227
406392
406393
406393
4228
406503
406557
406975
407047
407044
4230
407109
4230
4231
4231
4233
407626
4233
407626
408045
408043
408105
408105
408393
408411
408410
408409
4233
4233
409265
409493
4241
4247
4247
4248
410275
410314
410341
4248
4248
4261
410574
4261
410586
4261
4261
4261
410941
411041
4262
411158
411308
4262
411402
411448
411464
4268
411594
4268
4276
4282
4282
412377
412454
4282
4282
413093
4282
4282
413215
4282
4283
4283
413681
4283
4283
4290
4290
413953
4290
4295
414454
4306
415324
415590
4306
415968
416071
4306
4307
416665
416665
416824
4307
4307
417244
4307
4308
418263
418761
4311
4312
4312
418945
4312
4312
4312
4317
4317
4317
420302
420717
4319
420879
420907
421185
421279
421267
4337
421635
421684
421684
4349
422046
422060
4357
422196
4357
4373
422245
422481
4374
422948
423419
423522
423631
4374
4376
4387
424359
4390
424475
424516
4399
424586
4399
425360
425332
4407
4408
4408
4411
425812
425976
4421
4421
4422
4422
4423
4429
4429
4429
426269
427144
4433
4433
427323
4437
4437
427999
4447
4449
4449
4449
4449
429527
429625
4449
429624
4449
4454
429995
4454
4462
4462
430623
430640
4465
430640
4465
4473
4475
431461
4475
432027
4482
4483
432536
432531
432604
432599
432599
4483
432897
433025
4490
4492
433261
433291
4492
433291
433651
433683
433964
4494
4497
434361
4497
4498
4498
4505
4510
435843
4510
4510
436415
436471
4510
4511
4523
436721
4523
4527
4528
4528
4528
437997
438112
4529
4529
4529
4535
4538
4539
438795
4539
4539
4539
439149
4539
439599
439592
439764
4543
440270
440288
4546
4556
440324
4566
4568
440773
4568
4568
4568
4575
4575
4575
4577
441696
441777
442382
442374
442597
442597
4579
4579
4587
443107
443107
4587
4587
4587
4587
443608
444146
4587
4595
4598
4606
444827
444887
444885
444888
4608
4608
4613
4613
4624
445337
445443
4624
445498
445578
445611
445983
446021
446239
4640
446378
4655
4655
4659
4673
446740
4692
447088
4692
447276
447276
4696
447406
4698
4698
447541
4698
447732
448162
4699
448200
448254
4703
4703
448753
4711
4727
448987
4727
4727
449563
4731
449577
4731
4733
450402
4733
4734
4735
4735
4744
4768
451477
4769
451788
451896
4769
4772
452268
452318
452499
452995
4780
453397
453564
453607
4780
453731
453803
454316
454629
4785
454949
4785
455088
455373
4785
455694
455775
4785
455871
4785
4785
4787
456247
4787
4789
458372
4789
458364
4789
458449
458696
4789
458948
4801
459098
4801
4801
459531
459736
459776
4801
460268
460278
460766
460795
461297
4801
4801
4801
4801
4805
462195
4805
462240
4820
462350
4827
462742
462740
462805
4835
462849
462845
462923
462913
4835
4835
4836
4839
4839
463198
4839
4839
4844
463338
463485
463839
4852
463839
463834
4853
4874
464018
464084
464084
464183
4874
464287
464569
464667
4874
4874
465103
4874
4875
4875
4875
4878
465534
465525
4878
4880
466480
466558
466631
4880
466627
4881
466651
4881
466941
466937
466968
467101
4883
4885
467479
467618
4885
4898
4898
4898
468439
4900
469442
4901
4901
4901
469697
4901
4901
4901
469905
469934
4901
470172
470296
470556
470881
4901
471468
4906
4906
4908
472593
472592
4919
4919
472772
4921
4933
4933
473567
473863
4933
473926
474049
4937
4943
4946
4946
4950
474833
474833
4950
474865
4950
4950
4956
474934
4956
475344
4962
475455
4968
4968
4968
4975
4975
475876
475873
4989
476262
4989
476324
4989
4989
4989
477607
4989
4990
4990
4997
4997
4997
5018
5018
5018
479009
479105
5018
479150
5020
479576
5043
5047
5047
479657
479764
479763
479807
5060
5079
479912
5079
5089
480648
