5
966721
80
963455
80
80
993417
993417
80
80
992824
80
999558
999558
994178
992824
992824
80
992824
80
80
101
101
159
999432
177
21
997640
21
21
997640
21
21
181
997640
218
218
997640
997640
218
218
218
264
264
997640
992824
992512
264
294
993780
312
312
312
312
312
992512
312
992512
324
341
996477
996882
341
341
375
993534
375
993534
993534
474
496
992781
992512
992306
992306
992122
496
992041
496
496
496
496
496
993036
496
496
504
993036
993036
993036
991622
991607
991607
991450
991256
991126
990950
990417
504
504
991127
990417
990417
504
995335
995335
990417
990384
504
989132
989053
507
507
507
507
512
512
545
998895
545
996541
996541
996541
998137
557
998137
632
639
998137
641
641
998137
652
660
660
998137
660
998137
664
993902
993902
664
664
993902
664
664
996253
715
996253
993151
993151
999293
994517
715
994517
785
994517
993151
993151
993151
998989
785
785
792
792
792
998989
792
811
823
998899
998899
823
823
823
896
999486
945
997910
997910
997910
997910
996843
952
988
988
996653
988
988
995853
993775
993193
1006
995444
1006
993193
993193
993193
1008
993151
992813
1008
1036
991129
1097
1132
999014
1185
996435
1199
1318
1325
997961
1134
1134
994767
1134
994767
1325
1325
1369
998064
998064
1398
1398
991238
991238
1398
998876
998876
998876
1398
998876
555
555
998876
998876
555
998876
1398
1556
998876
998876
998876
997003
993512
1556
1556
993512
993416
995292
1595
995292
993416
996152
993053
1595
1595
996563
996563
1595
1595
996563
996563
1595
996563
996563
996563
1615
1615
1615
1615
1622
992893
991238
1622
1622
1622
1622
1622
991129
1622
1622
1626
1626
990979
1642
990
1675
1675
1675
995355
990580
1675
1675
999808
997705
1675
1675
1685
1685
999903
1724
1724
1724
1724
997705
1729
1729
1749
1749
997705
997705
995602
992504
990580
1754
990495
1808
1808
990057
990057
1808
1834
1840
989926
994579
994935
994935
1840
994579
989925
989917
1849
989848
989848
1849
1849
1849
1861
998839
995905
1912
997849
990686
989999
1912
1912
16
991338
1926
991338
991338
1926
1003
1003
989999
989999
989827
998449
998449
1003
998449
992512
1930
1930
575
989031
988917
1930
988719
1937
1943
996118
1943
1962
1984
1984
1984
996118
988904
2003
2003
2003
2014
2073
994145
988904
2076
988435
2116
2119
2119
994341
2154
994341
2154
994341
2163
994341
2178
2178
2178
2178
2178
999265
2178
999265
2178
2179
997868
2179
994341
2179
2179
995662
2187
993561
988435
2212
999430
999430
2219
2219
987950
2220
997736
987950
1273
996527
1273
987737
987490
1273
997476
1273
997476
993651
2220
2220
2238
988928
2238
2098
998831
995188
2248
2286
2305
996790
995188
993994
2315
2352
999152
998081
994489
2352
994489
994489
2368
991907
991907
991907
991907
2368
2379
2379
2379
2379
2379
2380
2443
996840
2450
991907
2450
2452
991907
990477
990477
990477
990477
990477
2452
2459
2459
990351
990351
989629
988766
988766
2459
997826
2459
2459
2459
1655
2462
988439
229
2462
988280
2514
988280
2534
2541
988280
987883
987883
2541
2541
2553
2571
998947
2581
999831
2581
999831
998947
994390
994390
994390
2581
2590
2590
2590
2590
2590
2617
2617
2617
2715
999912
997359
997359
997359
2715
997359
2720
997359
723
2720
997999
2741
2758
997359
997359
997181
2866
2866
996620
996552
2866
2897
2897
995740
2897
995740
2903
2903
998148
998148
2911
995583
2928
995202
995202
994364
994364
2931
2950
2950
994364
2950
2960
2983
2983
999290
999290
999221
993330
993330
2990
2990
2990
2990
993330
2352
993150
992123
295
2990
3018
1343
999715
999715
3018
997948
992448
992448
997319
997319
1396
997319
997319
992079
992079
992079
426
3061
991870
998354
3061
998354
3061
3066
996631
3066
3066
3073
3073
3073
3073
3091
990658
3091
990658
989678
989678
989327
989049
3215
989049
3261
999419
3261
988499
988300
987500
2640
995432
997998
997998
995432
2640
3263
997708
999103
3263
995432
995416
1545
997448
3282
3286
3299
999140
999140
999140
996346
995416
995287
1038
995673
1038
997685
997685
1038
997685
997685
995673
1765
995268
3299
994584
3299
994057
994057
994057
994057
3317
3376
3376
2287
2287
3376
993733
993733
3380
3380
3380
3380
996039
3395
995892
3395
995892
3395
3404
3408
995892
3408
995892
3408
998621
3443
996945
996945
2076
996945
996945
2076
996945
996345
2291
2654
2654
996345
996114
996114
3493
3493
3497
3497
3499
3499
995892
995892
3505
3511
995892
3511
995892
2760
994909
994641
3511
3511
997409
997409
997409
3511
995872
995872
3511
995872
3511
995146
3554
3554
3601
3616
995156
3633
995156
3633
999175
3635
3642
3642
999175
432
432
999175
999175
995156
2219
995156
2219
995105
3658
3679
3728
995801
3728
3728
996486
996486
3742
3750
996312
3754
3755
996312
3790
996312
3790
995318
994641
994399
3790
997871
3800
994399
3813
992999
997968
996342
992999
992999
992771
992369
3827
3827
3831
992369
992369
3836
3836
992346
992340
992091
992091
991387
997966
997966
3246
999395
999395
997966
997966
3561
993434
3850
997245
996235
996235
1077
996754
996754
992774
3866
3866
3887
991073
3904
1649
1649
3904
999367
999367
3961
3961
3961
3961
997910
990953
3961
3961
995133
995133
990879
990879
990879
2797
2797
990879
990879
996188
3961
3961
3975
3975
996188
3975
3975
3975
3975
3975
996188
990703
3975
3975
992180
3986
990703
996554
990549
990549
3986
999205
999205
3986
3991
3991
4013
999205
999205
998255
998255
4021
998255
996339
4021
4021
4031
4031
996339
996268
996268
993650
996338
292
996338
996338
991959
991090
991090
990308
990308
990122
92
92
991754
990116
997749
992516
992516
92
996388
996539
996539
996539
996539
292
292
292
996539
1474
996539
2749
996388
993583
990887
2749
990110
2749
989682
989664
3670
4003
991327
4003
991327
989664
990995
4003
4031
4065
4065
4070
990995
4070
4078
989545
4101
4101
4116
989545
4116
989545
453
4119
988677
4121
988623
988504
988504
4121
4145
988185
4145
4196
988775
4196
4196
4198
4206
988775
1193
1193
992745
989636
4206
988775
4206
988775
4211
988265
988265
988185
988185
988185
988185
4268
988185
4273
4273
994177
4273
4273
988130
993351
2208
993351
2291
993351
993351
293
293
2291
2291
1302
994312
261
261
261
261
995208
1302
994312
987864
987864
987864
987671
4273
988982
987671
987671
2477
987613
4291
987586
4291
991652
987586
4330
987542
998439
4330
991889
991889
4335
4364
991967
991967
4372
2844
995533
987500
987500
987490
989352
4418
4418
989352
999491
4426
987490
4505
987455
987455
4505
987455
4521
996898
987418
4521
4521
4546
4546
987398
987398
4560
987398
1193
1193
2859
2859
994722
4560
994722
993313
4570
4570
993313
2815
993313
993313
989675
987398
987291
989561
989561
4570
987217
4570
987189
987189
4570
4570
998174
4571
4599
998174
998174
996870
995761
993267
992717
992717
4610
4610
990392
995373
990392
987189
987179
1048
1048
1048
991062
996871
1048
2312
987132
4025
4025
4025
4025
987132
987132
987132
987083
4025
4616
987083
987083
3986
4616
4616
997536
997536
4616
4616
997403
4616
4616
993972
4616
4633
4633
988547
988547
988249
987083
996764
4642
996764
996764
991262
991262
999683
793
4643
4643
991262
994218
988976
987083
4644
4661
996267
987083
4661
4661
4676
999556
4676
999556
999556
4676
994338
994338
996530
560
162
560
560
3067
3067
998982
3067
998982
3184
3625
998982
998982
998982
3625
998593
996167
994656
4698
4698
993527
996728
991618
1742
994716
3396
4716
994716
4716
4716
998625
991618
4716
998380
991354
991354
4716
997932
4725
1609
997797
1609
997797
993851
993851
993851
991055
1609
991055
1609
995132
1609
4725
4725
4735
991055
4735
4770
991055
988737
4770
4786
987396
987396
987396
2219
4792
4792
3830
4798
999198
4798
4798
999198
999198
999198
996483
996483
992592
4798
4805
992592
4807
989627
989627
4828
989627
4828
4828
989627
989627
989627
998918
4828
998918
998918
4828
4828
4829
998226
4829
996503
996503
4622
996503
998488
998488
4622
4622
4870
998488
4901
994400
4901
993258
992774
994791
4924
4924
4925
4944
994791
4945
4956
995487
4962
995487
995487
4968
4997
994791
5002
3396
995881
493
994791
994791
994791
493
493
994791
1523
3092
3092
3668
4558
4558
5002
5030
994791
5038
994791
994281
5038
992592
990772
990772
990772
990772
5038
5038
990772
5038
5052
990772
988199
988003
5052
5052
992111
992111
996686
5089
5124
5132
5150
988649
5150
988003
2372
988003
987976
987976
987976
987492
2372
3141
996343
996343
5150
994469
994469
991660
987937
3382
999013
3007
5150
987615
999404
998473
490
490
490
998473
490
993541
994086
490
490
994086
993792
78
993541
993541
990551
78
989334
988133
987695
490
490
987695
794
987615
452
452
794
997044
987615
2566
987615
987615
4147
987266
987224
990290
990290
4147
990290
4147
990290
5150
5150
987686
987673
1488
987224
987140
987140
986987
999661
986987
986933
986933
4678
5150
986921
986921
986921
5160
994480
5160
986914
5160
998737
998737
998737
992600
5215
5215
5215
992600
5215
5215
5215
990231
5215
990231
5215
5215
988453
990510
990510
994133
5258
5258
994133
5269
5269
5296
994133
741
741
993687
5297
5297
5297
5308
993687
5308
5308
5334
5338
5338
992362
5419
5441
5443
991298
991298
5443
2614
2614
991112
5443
991112
5443
5443
988453
988453
5513
5513
5513
995100
993076
996597
4866
996597
993076
993076
993076
4866
993076
5513
987813
987251
987251
5529
5535
5560
987251
5560
987251
991121
3394
987028
986914
5560
5564
986909
5034
986887
5034
986887
986887
986990
5034
5034
5034
997359
997359
996916
988680
3163
986990
994610
5034
5379
997075
986990
5403
5564
5564
5571
988661
988661
986990
997710
986862
1386
5571
5578
5601
999099
999099
5613
5624
998231
998231
990194
990194
990194
990194
989237
986837
4800
5624
992903
986837
5633
986828
5661
996742
4393
990894
990894
4393
5672
999187
990307
5672
5678
988791
4121
986828
987567
986802
4121
986780
986680
986680
516
516
516
516
5693
995516
986680
5711
986680
986680
5711
986680
990159
990159
998619
998619
997061
2642
997061
997061
2642
997061
2642
364
364
2341
995614
2341
995614
990159
990134
2341
988747
988747
2341
4453
997592
997592
4453
5719
997592
997592
997592
5719
997592
991252
5719
991913
5729
996397
5729
996397
5729
5729
5759
993061
5777
992883
5778
5787
991913
5802
991913
5809
991913
5817
991540
991252
991185
991185
2964
998425
991601
991509
990789
4908
990123
1977
990123
993866
990123
988747
1977
1977
4908
4908
987802
1693
1693
987802
1693
999611
2977
999611
999611
999611
2977
999611
996683
993158
993158
3368
3368
993101
2666
993101
2666
987338
3368
987230
3368
3368
5392
987230
987019
994113
987019
5656
5818
5818
3660
5818
993310
992084
5824
5833
5833
5833
5833
992084
5835
5836
5863
5869
992084
987331
2523
2523
996814
996814
5888
5888
5908
987331
997990
5908
997990
987019
987019
5937
5937
987019
5958
987019
1276
994699
5985
6005
6005
998729
6007
994699
994699
994699
993940
993940
6010
993178
998488
998488
989873
6010
987019
6022
987019
986687
986687
2307
986646
2307
986644
986644
803
803
6028
6042
1162
997971
1162
6042
6058
6058
998224
997971
6089
6089
6118
990233
6124
6129
995242
6129
6141
998670
995242
990233
6147
6147
998049
6147
989060
6147
2657
2657
2657
996659
996659
996659
1072
1072
1542
996099
6147
996099
5608
6147
6152
6152
6152
6174
6186
6187
995791
1196
995791
1076
995791
1076
995523
995523
995523
6187
995523
6200
6200
6200
995523
1959
995523
995523
995523
995523
1493
994667
1959
994667
994667
5775
5775
994667
993617
1762
993617
993146
993146
993146
6200
6212
6212
993146
6212
992914
5411
6224
992550
6240
998723
998723
998723
6291
2273
6302
998723
993586
992182
6302
770
992182
991843
991843
770
6302
6302
999783
999783
991421
991221
991221
990444
990444
989933
154
181
181
995422
995422
181
181
1263
1263
2473
2473
2473
2473
989933
6302
4839
4839
996426
4839
996426
4839
996426
990688
995053
995053
990688
989724
998138
4839
6048
6048
998138
2494
4150
3764
998138
996642
996642
3228
4150
996642
4150
5777
995726
995726
994046
2262
2262
993577
2262
994194
3804
994194
6159
994253
4451
345
4451
4451
997217
994253
4451
994253
994253
994253
1968
994253
994253
994253
993617
993617
993577
421
993084
993084
992593
421
1968
6302
991752
991700
2306
991691
2306
6302
995611
6302
995611
995611
991691
6302
991301
6302
6302
990792
6317
990792
6321
6321
990792
6367
999684
6372
6384
6413
6427
993999
6445
6445
993999
993999
1947
1947
993999
993259
990559
990559
1947
1947
995535
990559
990214
818
989261
991166
818
991166
989217
818
989217
989060
818
818
1136
1136
989906
1136
1275
1275
989060
1947
999233
3506
999233
999233
999233
999233
3506
6445
994445
6445
994445
999236
5305
991233
4427
991233
5305
994638
991233
5305
5305
6445
6445
991233
6453
991233
6453
4508
6453
991233
990788
990788
989514
6453
6456
6456
6463
6463
6463
998739
989514
991888
350
991888
6463
6463
6463
998228
998228
6463
998228
6474
736
998228
6486
6486
6486
994355
994355
994355
2133
991096
991096
991096
989514
989514
989060
988839
2407
988544
2481
988544
626
988544
988521
626
626
2481
6486
6526
6526
988354
993500
988184
987694
581
987684
987557
581
987557
1805
987557
3269
3269
992431
1251
992431
992431
992431
987395
2632
2632
987326
2632
987326
2632
987277
987249
987249
987249
2224
987174
987174
4314
6532
987174
6533
6543
56
6543
6555
6589
990915
6616
6653
6656
988380
988126
987174
986754
3818
6656
3593
992479
6656
989481
989481
6656
6674
6681
6691
6691
6727
6743
6743
6743
999622
999561
999561
999561
998779
994205
870
993104
870
991042
989481
3278
4420
988504
987650
1653
1653
986754
986731
1653
1653
1653
995813
5065
990332
5065
990332
5065
5592
6121
995375
995375
6760
6761
6761
990332
990332
990332
1957
990332
3785
990332
986731
3785
986727
6763
986700
999795
986644
986644
4747
989073
1521
999674
1521
986607
4747
990312
990312
997852
558
558
4747
4747
6763
6763
997852
990312
990312
6763
991635
989810
989810
5979
6771
989109
6771
6355
992932
6355
6785
6675
6675
6786
992932
989109
6789
987026
986815
6793
6793
986605
6793
6800
986571
6800
2110
998851
986571
2110
986571
6800
986571
986571
6800
6826
6837
986571
990259
3064
4708
6837
998929
6837
998929
6858
994908
993023
6858
1589
1589
6858
6858
993330
993330
993330
992522
996335
4292
999756
6865
6876
998649
6896
992791
992522
6906
6923
6923
6970
990151
990133
990133
642
997775
997775
993119
642
993119
4710
4710
5980
993119
6446
2602
2602
993548
993548
4943
993548
4943
6446
6972
993119
993119
993119
991939
991939
6980
998622
994442
994442
6987
7008
7014
994442
998543
1304
1304
998543
4313
6877
996461
7028
1000000
1000000
996461
993617
991939
7028
991939
991939
7029
7079
7079
999378
999378
999378
2974
998533
2974
997545
2974
997545
997545
2974
996926
801
995081
993645
801
993645
995804
995804
2974
5076
5076
995804
6523
7082
7084
995804
995804
993799
993799
7097
993321
992452
7152
992452
7152
7152
1365
1365
1365
12
993880
993132
993132
991939
12
991035
12
994309
1365
1365
6691
991035
7152
990795
7156
7186
7186
990198
990198
7186
990198
990133
7210
990133
990133
991504
7219
1261
3787
999762
3787
993817
3787
990133
990637
990637
3787
989848
3787
3787
3787
989848
989722
999711
999711
7219
998182
2590
998354
996393
989811
989722
2590
2590
3218
3218
4744
7219
998690
7225
997929
7232
997929
7232
7242
993922
993782
993782
993782
993782
990128
539
989806
995765
539
989806
989458
989431
539
989130
988857
539
988857
1308
1308
988857
1308
3323
988602
988602
988407
3323
3323
4125
988260
987963
987878
981
1820
5716
5716
6112
999962
998271
992457
3137
992457
992457
992457
3137
6112
992457
992457
6138
6138
995404
6664
987392
7247
987392
987275
7247
987260
987260
3376
3376
7247
997647
987260
987260
987260
7264
7268
987183
7274
987109
7277
164
7278
7303
986800
3491
993553
7312
7317
997278
5056
997278
997278
997278
997278
7317
997278
7322
7339
997278
994914
994914
5416
7339
7339
7348
7348
7361
994914
994914
993553
993185
4846
986800
986746
4846
986571
7361
7396
7396
7412
986553
986553
7413
995208
7413
7413
7413
7423
7423
7447
7455
7459
997664
996239
996239
997945
4556
7461
999775
7484
999775
1899
1899
1899
7484
7505
999775
999775
999775
999775
2902
2902
999084
997945
997945
996239
2698
996239
993433
993433
997409
997409
997409
997409
2009
2009
2009
2009
2902
5622
5622
995625
7544
7554
995496
995496
7566
7566
995496
995496
995496
1410
1410
3089
996889
3089
7567
7567
996889
988254
5332
7567
988254
990701
4652
4652
2494
990917
990917
990701
988254
988254
4652
988254
987794
986546
4429
986536
4429
998041
5938
7568
7574
998041
998041
7574
995991
995513
993783
993783
992020
986536
7574
7574
996824
7574
994387
986505
7574
999287
7580
7584
7589
992585
7596
992585
992585
7323
1448
992585
992266
2016
2016
999281
999281
2016
2016
999281
999191
999191
999191
3063
996468
3296
2420
996468
996310
4360
996310
996310
994468
5191
5223
7323
994468
993322
7585
2143
2143
993322
992247
7596
7598
992247
6406
995601
6406
6406
7598
7609
7609
997747
997747
997747
997747
7609
997747
7616
7621
995601
995601
995601
4571
4571
991740
991740
996138
4771
4771
4771
7588
7641
7641
996138
7641
994644
994644
994644
7644
989614
989586
989586
989586
989586
7647
7647
7647
997838
999538
7647
989586
989586
991667
7657
989586
989264
7663
7668
7668
7668
999510
988999
988917
7681
7682
633
988794
988794
7706
7716
992387
7716
992387
7758
991446
991446
996429
996429
1820
988438
989671
295
295
295
988438
1820
991113
993237
1681
991113
1681
990725
1681
990725
1681
990725
990725
990725
990315
1681
988810
1820
1820
2267
3049
988810
3049
3049
997173
3233
3233
996403
996403
3233
3623
996212
3623
3623
3623
996212
4212
989626
989626
4212
988810
988810
4212
4212
5130
996980
994817
988260
988184
988184
5937
988764
4022
5937
6017
997314
7758
7762
7825
7832
7839
997314
7840
7868
3320
993742
991415
7868
991299
7868
7870
7875
7875
992905
991299
7875
990607
990607
991990
4076
4076
4076
6121
7875
999493
999493
994217
993338
991588
4506
5130
7883
7890
7896
991588
7899
991474
991474
7899
995033
991474
991312
991312
991312
7922
991312
996160
7933
997581
992928
997812
7933
7933
989856
7933
7933
7933
989856
989532
4455
4455
997906
4038
994795
994795
994795
4455
994795
7933
4870
4870
4870
4949
4949
994795
4949
994795
7933
7933
998895
998895
998895
998895
994533
994533
998905
5725
5725
998905
994533
994533
7959
7963
992114
288
2633
7963
7963
998372
7980
998372
998372
998372
999762
999762
7988
7988
7988
997124
7988
7996
7996
997124
8019
8040
6349
997933
997933
7262
3983
7262
997933
8040
8040
5094
5094
997124
5756
997082
8040
8040
8040
997082
8040
997082
997082
997082
3579
3579
7292
8074
997082
996927
996927
996908
8076
996908
996908
996908
7752
8090
8091
996713
996713
8110
8110
996713
8115
996713
8159
996713
996713
8162
8162
996713
996713
996713
996713
8162
8162
8162
8165
996312
8168
995435
995435
8172
994529
8176
8186
8192
8192
8201
994529
994529
8201
996555
8201
8202
8202
998776
996555
996555
994529
994529
994342
999383
4676
999383
994342
994342
994342
6170
3760
5423
5423
994342
993429
992524
992524
5423
992524
1534
992249
992114
992114
3882
991922
991874
991874
991874
3882
999666
999666
5423
5423
999412
991662
991603
5423
5423
991603
5423
997707
997707
6063
8202
8232
997707
8244
8246
8246
8264
8264
8278
5113
8278
997707
4409
8278
8278
994851
8283
8283
994851
994851
6391
8285
8285
994572
2286
2286
2286
5093
5093
5219
998213
994070
5608
5608
5608
5608
5608
995426
4312
6112
996999
6112
996999
6428
6428
6428
997323
995426
6510
8049
994103
994070
8285
8285
994070
992532
992324
8285
995555
999575
8294
995555
995555
8307
991433
991433
8307
8336
998348
991080
997362
5911
996210
998413
996249
996210
996210
5911
996210
991095
991095
5911
5911
991095
6727
6727
8348
8357
8357
7765
506
999512
998173
990983
7765
1561
1561
7765
990983
990983
3487
7765
7965
7965
8065
990963
8241
990963
8261
8261
990932
990781
53
53
990781
2969
8357
8357
8365
990781
990781
8365
990781
8366
8388
8406
8447
999062
997636
997636
1962
997636
1962
993188
1962
8459
991014
8459
8459
3047
8466
8467
994815
8467
990781
990781
990559
8467
990559
6280
6280
990559
8467
8467
990285
4529
8467
990285
8467
8467
990679
990096
990002
989702
6816
8467
989532
8467
8469
995238
8470
8470
991216
8470
992616
8488
3644
8488
8488
994697
994697
8488
994697
8499
8499
8499
8499
8500
999535
8537
8557
8563
994697
8563
994697
8563
994697
8563
8573
2106
2106
994697
2106
2106
8189
993713
401
401
993713
304
304
991475
991216
991216
991216
991216
991216
991216
401
3699
990816
3699
3699
5616
998950
990816
990407
990407
5616
8189
8189
990407
992394
8189
8590
990407
992211
990407
994128
108
108
5548
994128
5788
6210
994128
990407
990407
1038
1038
1038
996914
4102
8590
990407
488
994251
994251
8590
999791
5643
5643
999791
5643
999791
5643
998690
998690
998690
998690
996395
1985
994616
1985
5643
997238
997238
7058
7058
997238
8590
990383
990144
8590
8608
8608
997385
993447
991706
8608
991706
6466
6466
999296
999296
8609
8628
993265
8631
8634
991706
5009
991238
990144
993731
5009
993731
993731
993731
1320
5009
