18328
999988
999958
999874
999870
12699
999870
999806
12699
999799
9638
999778
12699
12699
999762
12699
999752
22564
999752
2309
999742
27659
30285
30285
999702
999688
999688
999688
999688
5623
555
999688
11554
15977
15977
15977
999688
16191
999677
16191
16191
2218
1692
999648
999648
999648
1692
999618
999618
999618
999618
2012
999618
943
999606
1704
999606
999604
491
2012
999604
2012
2012
2012
2218
2218
980
999602
999602
999602
999852
980
999602
1019
1019
999601
1019
999601
999601
4201
4201
4201
5094
5094
999498
999498
999489
6077
6077
6077
6077
6709
7106
999489
999489
7106
999489
999480
999480
7106
999620
3421
999437
999437
3421
999410
999373
9084
999373
9084
1328
999351
1328
999344
6646
488
999324
6646
5039
5039
960
999312
999260
999260
999239
960
960
960
999239
999209
3909
7233
999209
999209
999186
8663
999186
9084
999186
999186
999176
2987
2987
999161
999104
5281
999104
999104
999104
999101
5281
999095
5281
5281
999078
5281
999047
9084
9084
9483
10965
999047
11122
11246
999047
999047
5919
999016
11296
12256
12391
12722
999016
13965
13965
14933
998989
998956
998956
998935
998925
5168
998910
5817
5817
1505
5817
998897
5833
3807
998897
998897
998877
5833
15074
998872
998872
13783
998822
998822
10578
998822
998814
10578
13636
998814
998814
12048
998814
13636
3748
160
998809
998802
160
160
3748
998802
3748
998802
998798
998767
2796
998731
5730
998710
13636
998710
13636
998618
998612
673
998610
998605
998605
998545
998536
2975
5253
5253
998536
998395
5253
998312
998312
998312
6692
7044
7044
998264
998264
998264
4628
7044
998264
998176
998173
7013
7013
998173
7013
998173
998173
7044
998173
998173
6931
2439
7044
998152
7044
998122
7044
998122
1328
998112
1330
12062
12062
14099
14099
14450
14450
998112
998108
3777
998108
10571
998097
3382
998097
10571
998097
998097
7537
10441
10571
998097
14450
998061
15074
636
15074
1792
15074
998584
10331
7174
999762
999762
7895
4546
15074
999762
8526
8526
999762
998584
1496
998061
998045
1496
998045
998045
998039
997960
997960
3583
4843
8526
10467
997960
14894
997951
997943
997940
7217
9518
9518
12924
12924
12924
15074
997929
15244
997929
997922
3004
997922
7658
2134
5533
7658
997922
997922
997922
4269
4269
4269
5271
999338
5271
8407
999338
997829
8407
8407
8407
997817
5731
997817
6536
7568
10305
997817
997817
997801
997801
997801
1423
4197
10416
997801
997801
10416
997775
997737
997737
5198
997730
12357
1809
1809
997722
1809
12357
12357
8687
997722
12357
997668
4628
4628
997604
997604
9448
997559
12989
13159
997559
997554
997554
9705
997554
9705
14118
8200
8200
997554
997554
10022
10022
10022
997554
997539
10022
997499
464
997386
997386
7107
2803
2803
997386
8486
997386
7577
8486
997372
997357
997357
997357
997357
9356
999246
999246
11239
13796
997357
997357
997334
997252
997252
997252
9077
11488
11488
1397
999626
2117
2117
6835
999626
14118
997252
5894
997210
997182
997182
4928
6619
546
997182
998202
997182
998008
997182
997152
771
997152
997137
997137
997137
125
997137
997137
997125
997125
125
997125
999476
999476
997125
6619
997123
997117
458
458
458
458
6619
997114
997090
997061
997061
4814
4814
997061
997061
997045
4888
997045
4888
4888
4888
997045
997045
998136
1288
997045
1288
997045
997045
997045
997045
6619
997045
997045
997045
997033
6697
997030
6697
997030
7342
997075
7342
8092
8382
8382
997030
8382
8382
997030
996939
999102
2542
2542
999102
8915
3192
3465
8915
9030
999102
9030
9400
5717
999102
5717
5717
5717
999226
999102
5717
999102
5717
999102
5717
999102
999102
997779
8071
2619
2619
3216
3216
997682
997682
997682
997682
8071
1889
8423
8735
9784
9784
9784
997682
997682
8975
8975
997566
997566
997566
996939
996939
996928
996928
996928
10423
10769
10769
996919
11420
11420
996919
11420
996919
996919
11420
996919
3945
996909
996909
996907
3945
996907
2600
8946
996907
8946
996862
996860
8946
996854
4088
854
996854
996854
996854
996852
4629
996765
679
679
679
679
996765
32
2010
996748
996748
996748
996719
2010
5549
7752
7752
8242
996719
8242
8242
8242
996719
8242
9505
996719
10160
10878
10878
996686
996686
204
996686
204
204
204
7804
996682
10878
10878
996641
996638
11677
11870
12100
12569
996634
12569
996604
996582
996570
996522
996518
996518
996518
7018
7076
996518
7076
996518
996509
10062
996509
996489
10062
996481
5071
5071
5071
996481
996441
5071
3967
5071
996441
996441
998680
3428
7648
11398
12650
12650
998680
998680
2994
997322
997322
996441
1152
996441
996429
996429
1152
1152
2994
996429
996429
996332
996332
2994
996332
996332
996332
996332
2994
996326
996324
996323
996296
996296
2994
8577
996295
996265
8577
8577
8723
996245
2554
2554
996225
2554
3860
3860
996225
996225
996220
996220
996218
549
996186
996171
996171
996171
996171
2855
996146
3860
996109
4491
6687
996109
3198
997466
996105
996105
3198
7164
996105
159
1268
998218
7217
998218
998218
8723
998218
996105
996102
996102
996102
2571
999519
999519
996102
996070
133
133
133
2571
996070
996045
4299
4299
4299
4299
5359
8723
9015
399
998666
996045
399
996045
9480
2056
2056
2056
996045
996034
9480
996034
9717
9717
996023
996023
996022
996017
996009
996009
2973
2973
996006
996006
996006
2973
996006
996006
2973
4898
996006
7562
7562
995996
7562
995996
995996
996402
5500
996402
996402
995919
701
995840
996341
995840
701
995840
4118
995829
8988
9000
997208
9000
997208
9000
9000
997208
6585
9717
9736
997208
997208
995829
9810
998633
3375
3375
998633
998633
996826
2260
996826
2260
998852
996826
996250
995829
995829
995829
995818
995817
2260
2260
995817
2260
3375
995801
995796
3375
3375
4449
998792
4449
2050
997908
995794
4449
995779
995779
1903
995779
995753
88
995753
1903
1903
1903
999484
999257
997275
997275
2870
995686
995686
995682
995669
2870
1795
997144
2870
2870
999063
4449
4449
7637
999063
7637
997144
995740
7637
8190
8190
995669
995669
995653
1541
995597
995593
995591
1541
1541
995590
995590
1541
995590
995590
3837
995583
5194
995583
7304
995583
5958
995583
995571
7304
995550
8394
8506
995492
8506
995492
995492
8506
995476
995476
995440
4724
995440
4724
995440
8506
9257
9272
995440
995434
140
2134
996291
5870
996291
2767
995434
995390
4251
995390
5870
995390
995356
995356
999828
9272
997766
995301
995301
995251
995238
9810
9827
995238
1435
995230
232
1435
995211
995211
995211
995211
1435
3254
3254
995204
7576
9827
996662
996662
9827
996662
10446
997553
995204
995188
6019
995176
995140
10446
10729
995140
995140
10729
995120
10729
11033
11033
995067
11055
11055
11283
995067
995067
11290
11290
995054
5520
995038
5520
995022
5520
4960
994993
11290
11448
11448
994956
11249
11448
994936
10595
10595
11448
11448
998255
998924
11448
994921
994921
11448
11480
994914
994914
183
994864
183
994863
994863
1828
998473
998473
996568
1828
996568
996568
999466
1828
1828
619
3209
999466
999466
997232
3720
5432
8373
8373
9067
9067
9340
996568
1546
994863
994863
994848
994810
994810
9340
9340
10220
10220
994978
994807
10220
994790
994777
994777
10220
10342
994777
994777
994762
10448
997231
997231
997231
6142
11480
11480
11602
11602
996548
996548
11617
996548
995431
995424
995424
995418
2447
11617
995418
994762
994762
994762
5029
994731
11171
994707
11617
994707
7835
994695
994691
994691
1701
1701
1701
997034
997034
1701
997034
997034
1701
997453
3643
997034
997034
997034
997034
995393
995393
496
994657
496
994652
2272
994632
2272
6519
6831
5202
7088
3766
996604
7088
996604
8350
994625
994625
994625
994623
8486
8788
994603
994603
3063
994603
994593
7007
9253
9253
9703
994552
9703
994552
9703
4019
9703
994552
994552
5072
994552
998698
998698
5072
994552
994531
8893
994526
9703
9703
994526
994525
994510
994507
994507
1593
3164
995344
3164
995344
994507
3433
3433
3433
994500
4675
994498
994494
6139
6139
10177
998339
998339
11311
11617
994593
994494
994471
994471
994471
4007
994440
994434
994434
994434
3588
994432
994432
994432
994406
5853
994403
6995
994403
6995
7630
9109
998193
8475
8475
8475
998193
9109
9109
995870
995291
995291
994402
9985
9985
994402
5182
5182
5182
995535
9985
999764
999764
995535
11617
995230
997699
11636
11694
11714
11714
994750
994750
994750
994750
2727
2727
994401
994401
994401
2674
2674
2674
994384
4229
4229
8198
8198
998287
994384
994384
994384
1671
5456
994380
994379
994357
994357
994357
5456
5925
8701
9821
994352
994352
11480
11480
11480
995875
995875
995875
10939
10939
997448
11714
994352
994330
994330
11714
994330
994330
994320
994300
994245
998066
1193
994245
994245
997422
10643
11197
11357
994245
994237
11807
11854
11854
11890
11890
11994
12084
12088
994237
12201
994207
994207
994207
12201
994191
5052
5052
994191
12201
994190
832
12226
573
1038
994190
994750
994750
994750
1038
994750
994750
1038
2064
2064
11246
998970
11246
9227
998353
9227
998353
11246
998353
998353
2355
2355
997916
996901
994190
2355
2355
8457
994144
8457
994133
11062
10456
10456
11246
994056
994047
994043
994039
994024
993993
3776
995143
7362
993954
1813
1813
1813
993946
993942
1813
993915
1813
1813
7362
4427
999994
996283
1163
993859
993851
1163
993845
993845
4427
8628
993831
10141
993831
11246
997597
12226
997597
997597
12264
997597
997597
12301
993823
993823
12336
12440
1358
993822
993822
993810
993798
4188
4188
999188
4188
999232
4188
4188
577
999232
997664
997664
577
804
2057
997664
2057
993798
7745
996841
993798
1374
993762
993762
69
995843
995843
7745
8678
8678
8678
9304
993756
993756
993756
998143
9305
998143
12514
5266
998143
6153
998143
4688
4688
993756
6153
12514
993750
994347
994347
3528
993750
993750
999468
993703
12562
998679
12562
998679
998679
12562
998679
5649
5649
12562
994954
993702
993702
680
993702
12562
12615
993702
12639
12639
12650
12654
12654
12654
996960
993676
9518
993676
9518
993646
993639
9032
993637
12654
12654
993637
993637
997038
993637
993637
8443
8443
993600
6182
8443
993600
993591
993570
993553
993553
2874
6282
12654
994470
993553
285
993539
993531
12676
10745
10745
12676
996998
994886
994886
993426
993426
993426
993423
993423
155
993409
993397
155
995658
995658
993481
993481
993397
993397
155
1401
993367
1401
993367
3876
997124
4234
997124
659
659
659
6244
998228
997124
5351
10576
997124
997124
997124
12505
997124
997124
994516
994516
3621
994097
6723
993367
6723
1963
993856
1963
1963
1963
993856
993358
2601
3694
3694
3694
4357
999939
8466
8466
8466
999939
8466
999939
8656
999939
999939
999939
931
8656
999939
8656
8656
999939
8998
999939
8998
8998
8998
999042
10030
10030
12704
999042
4320
12177
997134
12709
996450
12709
12709
999425
12711
999163
12711
12711
12711
12711
998528
998528
12711
996265
996265
12130
993927
7224
998204
4108
4108
995984
12130
12812
12812
995984
995984
994641
12812
994641
994641
12812
994641
12824
2351
994509
994509
994509
993799
8398
999256
8308
8308
993295
8308
8308
993295
994196
993399
993399
5521
8825
8825
12875
12900
998148
1361
1481
998148
993295
1481
1481
993285
11889
11889
11889
993285
12900
993285
993282
993282
993282
993282
993278
993251
11673
2158
993205
2158
5625
5625
1432
5625
1466
999159
999159
998026
998026
993974
1466
993974
3523
3523
3906
5625
7768
7593
7593
2793
998256
998256
998256
998256
997526
2062
997526
2062
997526
997526
1939
993974
2793
2793
997995
2793
3982
3982
5786
993891
993795
7768
7768
993197
8142
9227
1399
993165
993153
3054
993149
8752
6892
993149
2326
2326
994359
993128
993111
998187
2326
2326
993111
2326
2326
999650
8331
8752
8861
8861
994772
8861
994772
9227
993111
9641
993111
6313
993200
993111
3401
993111
993104
2373
993101
993091
993081
993080
993080
993080
3401
993064
993061
993061
3118
993061
3118
993061
993061
5158
5158
5158
5543
993057
2266
998471
993057
2266
3559
993057
993048
993014
992982
992980
992980
3559
3559
992954
3559
3559
994988
992954
3566
992954
992954
3566
992944
3566
992944
3566
3566
3566
992944
4325
4325
5102
992934
992934
992911
5102
992909
992909
992904
998758
5744
998758
5744
5778
992900
992900
5778
992900
5778
992900
992885
5778
5778
992873
992873
992873
6181
6181
992873
6313
7403
7403
992818
992817
7532
992811
992811
998542
7532
8862
8862
998542
8862
8981
998542
998542
998542
998542
337
998542
998542
996545
337
995956
995956
994443
337
337
994443
994417
992811
992801
992801
337
992785
2294
2294
2294
4169
992785
992785
992785
992781
4169
4169
6549
992781
6549
992781
6549
6549
992764
992764
5044
5044
5044
992753
992746
6549
6549
992745
992718
992718
2290
3220
992709
6010
7357
992707
1934
1934
992707
1934
992690
2805
992690
2525
2525
2525
2525
2525
992635
3298
3298
994342
3937
994342
992635
994150
5441
997286
994150
993331
5623
992635
7127
992635
992634
7127
992618
992618
7127
7127
998078
7442
998453
7442
7442
992615
992615
5583
5583
993755
992615
992589
7922
8447
5761
997938
997938
997737
995708
999365
999365
999365
5761
996646
8305
8305
996646
996646
8447
8447
8981
996646
8981
996646
8981
9072
9335
995708
103
103
9335
998201
992578
992578
3373
4257
4257
996039
996039
2507
996039
995453
995453
2507
2507
994770
994770
4236
4236
997870
997870
997870
5382
2351
997870
2351
997513
2351
997513
2351
2978
2978
7119
2808
3419
997629
997629
658
658
658
658
658
997629
997629
997124
2232
996957
996957
996957
8188
998988
3418
8188
8228
8242
998988
8242
8242
998574
9335
998574
997427
9335
997427
997427
996317
996099
996099
994770
9370
9370
994526
994526
994235
217
3062
996104
7149
996104
996104
7219
993897
993759
993759
993759
283
1361
7219
993621
7219
997277
997277
996342
996342
9098
9098
4939
9384
996342
998367
993537
9384
996778
996778
996778
4887
4810
996778
6760
6760
993943
129
129
994439
7299
994439
9443
2727
995020
998348
998348
1706
1706
994439
994439
1706
1706
8051
993537
993423
3192
998057
6142
9475
5637
9475
9475
993423
993423
1315
9475
9444
9475
9516
9516
993423
7791
7791
994985
993423
993423
7791
9667
9702
9702
992578
992574
992574
992574
992574
992574
2878
2878
992574
2878
993808
2878
2878
992563
9732
9732
992563
992563
9732
992563
2372
9732
9795
992548
1088
992495
992495
1088
1088
992487
996624
1088
9896
10237
996624
10237
10237
996624
996624
996624
992487
10340
997576
6645
6645
8909
997576
998785
993890
8909
993890
992487
992487
992470
10340
992466
8755
8755
993954
587
8755
10340
993954
10340
8145
8145
8145
8145
8145
8145
992432
10370
996932
992804
6793
992804
6793
992424
6793
992424
992423
5734
992406
999769
999769
999769
999769
999769
3613
997627
997627
6793
997627
345
345
997627
997627
992406
992406
345
992406
345
992406
345
3182
5783
994808
5783
997413
5783
8076
997413
996900
992371
5770
992408
992408
999443
992408
5770
8076
992408
8143
9686
992408
992761
997931
997931
3664
3664
992408
992315
992295
992295
992295
3106
1690
1690
1690
999175
3106
3117
999175
999175
3117
992261
992261
992259
992243
992232
3117
994790
3680
992229
999556
992229
4255
992223
4255
999013
999013
992223
992223
551
992219
1249
4804
4964
6624
992219
992219
992219
992208
992208
992208
992208
7751
8366
9686
9686
999431
993935
9686
10107
10107
992196
992196
10292
998091
993957
10370
992196
992147
10370
992147
10415
992147
992147
10430
992134
992134
171
171
992127
992101
992101
992101
998992
996707
171
996707
3292
3292
3292
999121
999121
3031
5725
999121
997301
994226
5740
442
997157
442
997157
442
4602
4602
7913
10454
10454
10454
997157
995624
994226
10539
10655
10807
992091
992091
992091
10847
992091
10847
10847
992091
7782
999968
999968
999968
994346
10847
994346
994346
992078
1651
995183
995183
995183
6858
992052
992052
6858
992052
8128
992041
992041
8880
8880
995352
993784
8880
8880
992023
992023
8880
8880
992023
992011
992011
10847
992011
992010
10871
992001
998557
998557
991956
760
760
992668
992668
992668
991956
760
3483
3483
991946
991946
991946
991910
3507
991905
991904
991904
991904
3507
994492
998308
999292
999292
999292
999292
991866
991866
1603
991863
994222
991856
5973
991856
5973
5973
5973
6008
999259
7677
7677
7677
997679
7841
9360
9360
9360
997679
9360
9360
995403
4659
997831
4659
997831
4659
994191
4659
4659
994191
6220
6220
994191
994007
994007
994007
994007
181
181
999860
1637
1637
999860
5780
5780
999860
7719
7942
8276
5337
994007
994007
5337
5337
9360
4481
4481
9360
994007
993592
993592
1411
1411
1411
999643
1884
3367
993164
993164
992740
997392
6539
992740
992740
991856
6539
991856
6539
8495
991856
991825
991825
5391
8495
991819
991819
9360
9360
7576
991819
9901
9901
10853
10853
992658
991942
10853
5175
991819
5175
10853
10853
991806
10891
11022
991806
991806
11022
1904
1904
991806
991806
1904
991796
1904
991796
1904
6033
991796
6033
6033
991789
991789
4109
994351
994351
4109
10727
991785
11022
6117
996961
999343
1641
1641
1641
996961
996961
991775
2429
5801
5801
991773
991693
991693
10930
991693
10930
10930
10930
998762
998762
998762
995339
3123
995339
3123
993692
3123
3555
3555
11022
11122
2442
996721
11122
995622
991691
11122
2267
2267
997466
4174
997666
7101
997666
995478
9797
995478
991678
11122
11122
7803
7803
996108
991669
991669
8613
991669
8613
991652
991652
9763
11232
991629
11247
991626
11258
11258
11270
7319
11281
11306
992423
11318
11318
11428
992423
992423
11460
998785
10396
998785
998785
998785
10396
992423
11460
992423
11460
992423
992423
992326
11493
991626
994318
994318
3686
999484
3686
10668
11506
994540
994540
10744
11549
11549
994540
994465
994465
9983
9983
9983
9983
9983
9983
9983
994465
9983
997348
997348
994465
596
995374
596
8190
8190
994465
9983
9983
9983
6886
6886
998095
996547
6886
994318
994318
6886
7065
9457
879
879
999695
999281
999281
999281
879
999281
999281
998987
998987
998987
994318
902
2496
2665
994318
994318
2665
2665
996242
993074
991612
998474
2665
2798
4079
7123
999620
7560
9012
999620
9012
9012
8943
5857
5857
8943
999620
999620
9146
999620
9400
9400
9400
9400
9400
998474
998474
998474
998474
998231
1306
999048
1306
999048
999048
998231
2779
4432
998542
1511
1511
1511
3039
998542
4432
998231
3163
2042
3784
3784
1921
3784
3784
998231
998231
4432
4432
4927
2660
2660
2660
998449
4927
6035
6035
6048
6048
6048
6048
998218
3441
3441
3441
3441
6284
2918
997860
2918
997860
997636
2918
997345
2918
999582
2974
999582
999582
4653
4653
4653
5432
7124
999582
7124
7124
7124
7124
7124
999764
999764
7124
999582
998108
7215
7215
8336
998087
8540
9400
997163
9400
997163
9457
997267
9457
9620
997267
9983
997163
997163
997163
314
996832
9983
8824
996812
8824
8824
9983
10308
996812
996812
11066
996808
11066
996788
11066
11066
996788
996649
11066
995816
11399
11399
11549
995816
4069
4069
995246
998429
9834
9834
11147
11551
11551
998429
994940
598
1776
10123
10123
282
4692
994940
3830
997848
996106
996106
996106
2034
3830
996079
4692
997048
996079
4692
5820
995090
9455
994940
9766
9766
9766
9766
998991
998991
998991
999472
584
584
584
999217
3044
9766
9771
9771
998692
9771
998692
998692
998692
998692
10123
999424
828
10166
9864
9864
3538
999424
999424
999424
6771
6771
6771
998692
997862
10166
997862
11551
997955
2044
7513
997955
5378
5378
5378
997026
10787
996931
996931
10787
11585
996931
11585
996931
996743
996743
10280
5773
2507
995629
995629
995629
994940
605
994935
605
994935
605
2507
2507
4697
5112
994935
5112
994935
5112
5112
5112
994801
5176
994784
5176
994784
2927
2927
997669
5773
997669
997669
5773
6889
6995
997773
6995
994784
994661
6995
994611
7535
999370
994611
994468
994468
6629
6629
6629
994424
994319
994319
8064
8064
8134
994319
996605
996605
996605
8396
995730
3564
994319
994284
994284
993583
993510
72
72
72
72
999353
72
72
997703
72
995683
993399
993399
72
993399
992922
72
998681
410
2701
998681
992912
929
2701
3564
992912
4582
4582
5024
995983
8609
9932
2868
9932
997822
9106
997822
997822
9106
10280
10280
997822
10280
10280
11100
997822
6775
997822
6775
11585
11658
997277
997063
997063
11658
996132
4
993330
993330
993330
4
993305
1060
9362
993305
992912
992713
2083
992713
28
992713
10630
992425
11658
11658
11685
999557
11685
11685
999557
11685
996624
1125
996624
992407
8560
995777
995777
995777
11685
995777
5754
5754
996793
5754
11687
996793
995469
995469
8879
992405
992405
992369
3525
997483
3525
996511
3525
996511
3525
3525
997359
994743
5817
994743
5817
994743
7192
994743
8879
994743
992369
9668
992369
992289
992289
11116
11116
11116
11650
11687
993095
992289
992269
992193
992193
992193
992184
11687
11687
11776
10379
992184
11776
11800
11810
992135
991934
993509
5257
5257
11867
11867
11867
11867
993509
993509
11949
11949
11712
996038
11712
996038
12031
5236
5236
994277
5236
5236
9634
11296
998421
998421
996396
6776
11296
12039
12061
996396
996396
999181
12061
996396
994453
993644
999256
5855
12061
12061
999256
12067
3104
999256
999256
999256
3104
3104
3104
999256
3104
12076
12098
12128
12191
995031
994430
998108
994430
999585
998116
994430
994430
0
998426
0
3212
3212
3212
3212
996919
3212
996919
2039
2039
996919
996836
996836
994430
3212
994430
2269
993644
995027
1495
1495
999450
999450
995027
2269
3534
995027
995027
3534
4274
999882
999882
999882
996570
993644
2036
993509
2554
993426
4938
2352
2352
2352
993420
993295
993233
683
999803
683
683
999132
683
2352
2352
2352
992945
2352
2352
992945
5625
5625
5767
5903
992887
992859
5903
6294
992382
992382
4997
4997
6976
992241
7042
7042
7224
7342
992457
991936
998521
998521
991934
7342
7342
7342
991934
7342
991934
991934
5060
4525
3874
7342
996959
7342
7342
2243
996959
995531
2677
994550
3074
3074
994550
994550
994550
830
1537
3778
994550
993423
993423
5373
992580
991934
996976
991863
2315
2091
991810
2091
2091
4464
991810
4580
4580
994709
6632
6632
994709
6655
7342
