64008
930902
917
917
997066
7258
7258
7258
997066
997066
992139
992139
992139
992139
992139
992139
992139
992139
3466
992531
992531
992139
992139
3466
3466
3466
3466
990546
3466
998274
990546
990546
990546
988825
3466
988825
1159
1159
1159
988825
988319
1159
976
976
998792
1159
1159
998792
1159
998792
998919
998792
3466
3466
3466
998792
998940
998940
998792
3111
3466
3466
998792
998792
3466
3548
3548
994385
3548
999313
3548
3548
999313
3548
999313
3548
3548
999313
1882
999313
996329
994385
1777
993377
993377
1882
1882
1882
1882
1882
1882
1882
1882
998182
998182
996748
2763
996748
996748
2763
996748
3548
996748
3548
996600
1627
1627
3548
3548
996600
4933
996600
4933
996600
996600
996600
1795
996600
996600
996312
996312
249
249
249
996312
999402
999402
249
999402
249
249
249
999402
993952
993377
249
249
249
994617
994617
994617
249
249
992486
992486
249
249
249
994566
994566
994566
249
249
994566
994566
994566
994566
994566
994566
249
997342
997342
249
997342
249
464
997342
993472
555
992486
1326
1326
992486
925
925
925
999035
999035
999035
925
925
999035
999035
925
998395
998395
998395
925
998395
1326
1326
998395
1326
1326
998395
1442
998395
1442
1442
998395
998395
1442
998395
998395
998395
430
1442
1442
1442
1442
998395
998395
1442
999863
999863
137
137
999863
999863
137
999863
137
999863
137
999863
999863
999863
999863
137
1442
1442
1442
999863
1442
999863
999863
999863
999863
1442
1442
1442
1442
1442
999863
1532
1532
999863
999863
999863
999863
999863
1532
999863
1532
999863
999863
1532
999863
1532
999863
999863
999863
999863
999863
999400
1532
998253
1795
998253
998253
2127
998253
2185
2185
2185
2185
998934
2185
998934
2185
998934
998934
2458
998934
998934
2458
998934
998934
2458
2458
2458
2458
2275
998168
341
2275
998168
2275
2275
998168
2275
998168
998168
2275
465
998168
465
2458
2569
2569
998168
998168
3420
3420
998168
3420
998168
998168
998168
3420
998168
3420
998168
3420
3420
998168
998168
997811
3497
997811
3497
3497
3497
3497
3043
3043
3043
3043
997811
997569
3043
3497
997771
2340
2943
2943
2943
997771
2943
2943
997771
997771
997771
997771
997771
998694
998694
2943
3454
998694
998694
998694
3454
998694
998694
3454
998694
998694
998694
3283
3454
3454
998694
3454
3454
3497
3497
998694
998694
3497
3497
3497
998694
3020
998694
998602
998602
3710
3723
3723
3723
3723
3723
3723
3723
999001
999001
3871
999001
2397
999001
3871
3871
999001
3871
3871
998602
997771
997771
4505
997771
4505
997771
997771
1614
997771
1614
997771
1614
998314
998314
1614
1614
1614
997771
1614
997771
1614
1614
1614
1614
997771
4505
4505
997569
997543
997543
4552
997543
4552
997543
997543
4552
4552
4552
997902
997356
997356
4569
4569
997356
997356
998449
4569
998449
998449
997356
997340
4861
4861
4861
997340
4861
997340
997340
997340
998750
998750
998750
4861
998750
997340
4861
4861
4861
4861
997340
997340
997340
4861
997340
997340
4933
4933
4933
997675
4933
997675
997340
997340
3393
3393
4933
997340
997340
997340
4933
997340
5019
997340
5260
5260
997942
5260
1493
997942
5260
5260
997942
5260
5260
5260
999868
5260
5260
5260
5260
999868
997942
997942
997942
997942
5260
5260
997340
3856
997319
5260
997319
997319
997306
997689
997689
1538
3909
3909
997306
3909
997306
5260
997306
997306
997306
5260
5260
997306
997306
4889
998540
5306
5306
998540
5306
5323
5385
5385
5385
997306
5136
997306
999704
5136
999704
999704
999704
999704
4680
999704
4680
999704
997306
2252
2252
2252
997306
997306
997306
2252
997306
997306
997196
4680
997196
4680
997196
4680
997196
5136
415
997196
997196
997180
415
997180
997136
997136
415
997015
996847
996847
5385
5422
5475
5475
996847
2699
996765
2699
2699
2699
997820
997820
997820
2699
2699
996765
2471
996687
2471
996687
996670
998402
996560
996560
997795
996560
996560
996463
1731
1731
996392
1731
2699
3175
996392
996392
996375
996375
996375
4169
2625
2625
2625
996375
1556
1556
996375
996375
2621
2621
2621
2621
2625
2625
2625
996375
996375
2625
2625
2625
2625
4169
4169
996356
996356
996356
4619
2792
2792
999950
4619
4619
997611
4872
997611
4872
4872
4872
997611
997611
997611
997611
2758
999746
1659
999746
999746
1659
1659
999746
1659
1659
997611
997611
1659
1659
1659
997611
4872
4872
4872
998193
998193
4872
998193
4872
4872
997611
997611
997611
996916
5509
5509
5571
5571
5571
996916
5581
5648
5648
996916
5648
5648
996618
5648
5733
5856
996618
996618
996618
996618
5856
5856
998930
998930
5856
5856
998930
1821
996618
996618
1821
996618
996618
996618
996618
996618
762
996618
762
996618
762
5856
996618
996618
5856
5881
5881
996618
996618
997934
5881
5881
997934
997934
996618
996618
6018
6018
6018
996618
996542
6018
996542
6018
996356
996356
996356
996356
996356
6039
996141
996141
6115
6115
6115
996434
996007
996007
996007
6115
996007
996007
996007
996007
6115
6115
996007
996007
995885
6115
995875
995875
995875
6115
6146
995875
6169
6169
6169
995861
995861
995861
995861
995861
1107
446
995861
995810
446
995810
1107
1107
995810
1107
1107
762
1107
998468
1107
1107
1107
998000
995810
1107
1107
996327
1107
996710
995810
1107
995810
1107
6169
995810
6169
6261
6261
6274
6274
995810
995664
6274
995664
995664
995611
6500
995611
392
998670
392
392
998670
995588
392
998734
392
392
392
392
392
392
392
998734
3530
998734
998734
998734
3530
998734
3530
3530
3686
3686
998734
3686
998734
6500
998734
6500
6500
6500
998734
998290
6500
6546
997518
997268
995543
995543
6546
6546
6546
6546
6546
6546
6546
996066
995543
6546
6546
6546
6546
995543
711
3601
3601
995543
6546
995543
995543
6546
995543
995543
6546
6546
995543
6546
6546
995543
995327
995327
6546
995327
6546
995327
1998
995327
996872
996872
1998
999981
999981
999981
999981
1998
999981
1998
999981
999981
6546
6546
6594
6861
6861
999981
6861
999981
999073
999073
999073
6006
30
1019
999073
1019
1019
999073
1019
1019
996872
1019
1019
996872
1019
1019
1019
1019
998213
1019
1297
1297
998213
997623
1297
1519
997623
997623
997623
4284
996872
996872
4284
4284
996872
6006
996872
6006
6407
996872
996872
5461
996872
5461
996872
996872
2942
996872
996698
996698
996698
996698
888
888
1178
996698
1178
996698
1178
996698
3498
996698
996510
3498
3498
996510
996510
3498
996249
4284
4284
996249
198
999226
198
999226
198
999226
999226
3065
999226
3065
3065
996249
996249
3065
3065
3065
996111
996111
995863
995863
48
997867
48
48
997867
997867
48
997867
48
48
48
997867
48
48
48
997867
997867
48
997867
997867
48
48
997867
997867
997867
48
997867
48
1852
1852
1852
995863
995863
1235
1235
995863
995863
1852
1852
995863
1852
995863
1852
1852
1852
1852
995863
1852
1852
995454
995344
995327
995327
1852
995327
3065
995327
3065
995327
995263
2318
995263
2318
995263
2318
995263
995263
2318
997839
2318
997839
3065
3065
3065
3065
3654
997839
997820
3736
3736
3736
997820
997820
4284
997820
997820
996476
4284
3551
996476
3551
3551
996476
995879
3551
995879
3551
3551
995879
995879
3551
3551
3551
4284
4284
997976
4284
4284
997976
4284
4284
997976
3621
999995
999995
3621
3621
789
999995
3621
999995
2502
2502
2502
999514
3621
999514
997976
3621
997976
3621
3621
997976
4284
997976
997976
997976
997976
997976
997976
997976
997976
4284
4284
997191
4284
997191
4284
4552
4552
4552
997191
5153
5153
997191
997191
997502
2646
2646
997502
1267
997502
1267
997502
2646
997191
2646
996115
3871
996115
3871
996115
5153
996115
5153
5153
5153
995879
5162
5461
503
998384
998384
998384
998384
998384
998384
998384
998384
503
998384
503
503
998384
998384
998384
503
998384
995879
995577
503
503
995577
995577
503
503
503
995551
995551
995551
2777
995551
995551
995374
4194
4194
996354
4194
996354
996354
996354
4457
996354
4457
996256
996214
4457
996214
996214
4457
4457
995374
5988
995374
5988
995374
5988
996047
996047
2824
996047
2824
995263
2824
5988
995263
5988
995220
5988
5988
5988
6260
6260
6260
6260
995220
6260
6011
6011
6011
6011
6011
6011
995172
995172
6011
6011
6011
6260
4432
6260
995034
995034
3315
3315
3315
3315
3315
995034
3315
3315
995034
3315
3315
3315
994976
3315
994939
994939
994914
3315
3315
3315
3315
3821
3821
3821
994914
3821
3821
3821
994868
3821
3821
3821
3821
3821
998906
3821
998906
999667
998906
998906
998906
3821
997662
997662
3821
3821
3821
3821
997662
3079
997281
997281
997281
997281
1680
1680
1680
1680
998229
997281
998973
1680
1680
998973
998973
410
1680
998973
998973
1680
1680
998973
998973
1680
998973
998937
998937
998937
1680
998937
998937
1680
1680
1680
2403
3079
3079
3821
3821
998937
3821
998937
4125
4175
4175
998937
4175
4175
997962
4175
997962
4175
997962
997962
4175
997962
997962
997962
617
999374
999374
999374
998808
997962
997962
997281
997281
997281
996644
445
994875
445
994875
999187
999187
999187
999187
445
445
445
999187
999187
617
617
994875
994868
4175
4175
999413
4175
4175
999413
4175
999413
4901
4901
999231
999231
5055
999231
999231
997756
5055
5055
5055
5055
997756
1040
1040
1040
1040
997756
997756
997756
997050
200
999134
1769
2348
2348
999134
2348
2348
997814
2348
997814
997814
2039
997814
997814
2039
2039
998882
998882
998882
998882
998882
2039
998882
2348
2348
998882
998882
2943
997631
998891
997631
2943
2943
997631
2943
997631
2943
997050
2943
3256
3256
997050
994868
3256
997052
996589
3256
994781
994781
3256
994781
3815
3815
3815
3815
994781
994765
994765
994765
994765
3786
3815
994765
994753
994753
1382
994753
1382
994753
3815
3815
3815
994676
3815
4637
4637
5055
997540
997540
997540
5055
5055
997540
5055
997540
89
997540
994781
994676
202
994676
202
994676
202
155
998985
998985
998985
202
996783
202
202
999085
202
999085
202
202
202
999085
202
999085
999085
999085
999085
999085
202
999085
817
996
996
999085
999085
999085
996
999085
1027
999085
1027
994653
1027
1027
1027
994648
994648
994648
994616
1027
994616
1027
994600
1027
994600
1027
1027
1027
994600
1027
999116
1027
1027
1027
999116
999116
996334
427
427
996334
996334
996334
427
427
996334
427
427
996334
427
427
1738
996334
1738
996334
1738
2733
996334
996334
2733
2733
996334
2733
996334
996334
14
996334
14
2733
997379
2314
996334
2733
3977
3977
4112
4112
4112
996334
994600
994600
4112
4396
4396
999706
4474
4474
999706
4474
999706
4474
999706
5055
999706
5055
999706
5055
999706
5055
999706
5055
5131
999706
5131
5131
999706
999706
998629
5131
998629
998629
998629
4744
4744
998629
4744
4744
998188
998188
998188
4744
996432
5178
5315
996432
996432
4149
4149
4149
4149
997797
997797
5315
997797
996432
996432
996432
5315
996432
5315
996432
996432
5315
5318
996432
996432
998475
546
997615
996432
546
996432
546
999790
996432
5318
5318
996432
996698
898
898
996698
996698
898
996014
996014
996014
898
996014
898
996014
996014
898
898
898
996014
996014
994600
898
999878
898
994600
898
898
898
898
898
994599
898
994599
898
898
898
898
1596
1596
3255
3255
994599
994599
3255
3255
994599
994599
3255
3255
994595
3255
994595
3255
994566
999236
999236
3255
999236
3255
999236
3255
999236
999236
3255
3255
999236
999236
997833
997833
997833
3255
997833
3674
997833
3674
3674
3674
1881
1881
997833
1881
997833
1881
1881
999137
1881
999137
997833
997241
1881
1881
997241
997241
3674
997241
3674
3674
4452
997241
997209
4452
994541
994541
4452
4452
994541
994541
4452
5318
999131
5318
5318
999131
5318
994541
994541
994541
994541
5318
994497
5318
994497
994497
5318
5318
5318
5318
5421
5421
5479
5479
5479
994497
5479
994495
995456
5479
995456
995456
997749
5479
5479
5479
997749
997749
997749
997749
997749
995456
995456
5503
5503
2547
5503
994495
994495
994495
994495
3149
994495
994474
994474
994441
3149
3149
4503
995691
4503
4503
2258
994441
2258
2258
994441
2258
994438
2258
2258
994438
2258
4503
4600
995466
995466
4600
4600
4600
4600
995466
995466
995466
1544
994438
994438
994438
994438
1229
994438
994438
1229
994438
1544
1544
999616
999616
1544
999616
996088
996088
1601
996088
996088
996088
1601
1601
1601
997758
996088
2887
996088
2887
996088
996088
994438
2887
2887
2887
2887
995336
2887
994438
994438
994438
2887
3341
3341
994438
3341
3341
994438
3341
996948
3341
996948
3341
997277
3935
1721
997277
1721
997277
997277
3935
998745
3935
998745
998745
998745
3935
940
940
2251
998745
997277
2251
997277
1811
2251
2063
2063
997277
2063
2063
997277
997277
996948
996948
2063
996948
2063
2063
2251
996948
2251
996766
2251
2251
996766
2478
996766
2478
996766
2478
2478
2478
2478
996766
2478
996766
996766
996766
997707
997707
995498
998750
995498
995498
293
293
995020
996257
996257
996257
1114
996257
1114
1114
1114
1114
1114
1114
996319
995020
994925
1114
994438
994409
1114
1114
994409
994409
1114
1114
994409
994409
2478
2478
994409
2513
2513
2513
2513
998485
857
998485
857
998144
998144
526
996768
857
996768
2000
2000
996768
2000
996768
996768
996768
996768
996768
996768
2000
2513
996768
2513
2513
996768
995871
2513
995871
995871
995871
995871
995871
2513
2513
2729
995871
995871
2729
2729
2127
995871
997558
667
667
667
995996
995996
667
995871
995871
995615
667
667
999073
999073
999073
667
667
999073
999073
667
999073
999073
999073
999073
667
667
999073
999769
667
667
2049
999769
999073
999073
2049
2049
1782
1782
1782
1782
1782
2049
2049
2049
999073
998485
998485
998383
998383
998383
997800
319
997800
997679
319
319
997679
997679
319
997679
997679
2512
997679
997164
997164
997164
997164
2512
997164
2512
2729
997164
2729
2729
995822
2907
995615
995615
2907
2907
995371
995371
995371
995371
2907
997461
2907
997461
2994
997461
2994
997461
2994
997461
2994
997461
995371
995371
3076
995371
995371
1458
1458
999495
999495
998629
998629
1458
995371
995825
995825
3076
3076
995371
995371
995371
3076
3076
998427
995371
3076
1776
1776
3076
999359
960
960
999849
3067
999359
999359
999359
3067
3067
3067
995371
995371
3067
995371
1945
995371
995371
995371
39
39
39
999550
39
39
39
999550
39
999550
39
999550
878
1945
999210
995371
1945
997981
2630
995371
995371
3067
3076
3465
3465
3465
3465
3465
3465
3465
995371
2539
3465
3465
995371
3465
3465
785
785
785
785
785
995105
995105
785
785
785
3465
995105
3465
995105
995055
1761
995055
995055
1761
1761
995055
995055
995055
995055
995055
995055
673
673
995055
673
673
673
1761
995955
2521
2521
2521
995955
995955
995955
995955
995955
2521
995955
995955
999745
2521
999745
997027
2521
997027
2521
995955
2521
995955
2521
995055
2521
994685
994685
2521
2584
994685
996713
996713
996713
995522
2584
3465
995522
995522
995522
3465
995522
3465
995522
3465
995522
995522
995522
1753
1753
1753
1753
3465
996087
996087
996087
995522
3465
3465
999405
999405
995522
3465
3465
3465
999847
3465
999847
3465
3465
3465
3465
999847
999847
999847
3465
3465
999847
999847
999847
3465
3636
3636
3636
3636
3636
999847
3636
999847
999847
3636
999773
3636
1810
999773
28
28
3636
3636
3636
999773
3636
999773
999773
999773
3668
999773
3668
3754
999773
3754
999773
3808
3808
3808
999773
998823
2309
3808
998459
996829
996829
996829
996829
2458
2458
2458
2458
2458
2458
998975
2458
996829
995522
995522
2458
3808
995522
3808
995522
3808
3834
995522
3834
995522
3834
3834
3834
995522
3834
995522
3834
999273
999273
3834
999273
999273
3834
3834
3837
999273
3837
999273
999273
999273
999273
3837
996766
3837
3837
3837
999226
999226
3837
996766
996766
996766
3837
996766
995522
995522
3837
3837
3837
3837
995522
995522
995522
995522
1252
997976
1252
1252
997976
997976
1252
997976
997976
1252
1252
1252
997976
1252
995522
995463
1252
995463
995463
1252
995463
2852
2852
995373
995373
995373
2852
995373
995373
2852
995373
995373
2852
2852
995373
3887
995373
3887
995373
3887
3935
3935
995051
3935
995051
3935
3962
995051
3962
998652
998652
995051
995051
1734
3962
3962
994918
994685
994685
994610
994610
3671
3671
994610
994552
3671
3671
3671
994552
994540
995999
3671
3671
3671
3671
3962
995999
995999
995999
1064
1064
995999
994540
994540
994540
3394
3394
3394
3394
3394
995496
995496
995496
997487
997487
997487
3394
3394
3962
3962
997487
3962
997487
994540
4046
4046
994540
4046
4046
994540
4101
4101
999440
994540
994540
1899
994484
1899
1899
4101
994484
4101
4101
994484
4101
4101
996735
996735
994484
4388
4390
994484
994484
3454
994484
994393
3454
3454
3454
3454
3454
3454
3454
999371
320
320
320
994393
320
320
320
994393
320
994393
1646
994393
994393
1646
999598
2894
999598
999598
2894
2894
999598
997642
996163
3454
994393
994390
994390
3454
994390
3454
3176
999007
999007
3176
999007
3176
3176
999007
997417
3176
997417
997417
3176
997417
997417
3176
997417
997417
3176
997417
997417
3176
997887
997887
997887
997417
997417
3176
3454
3454
997417
997417
996644
1860
996644
1860
996644
996644
996644
1860
996644
996644
1860
996644
996330
1860
996330
996330
1860
996330
1860
996211
996211
996211
996211
1860
1860
1860
996211
1860
996211
1001
996211
996211
996211
1001
996211
1001
1001
1001
999034
999034
996211
996211
1001
1001
996211
995292
995292
517
995652
995652
995652
996394
1001
996394
1001
1001
1056
1056
1056
996512
996512
1056
1056
996512
996512
1056
996394
995652
1056
1056
995652
995292
994964
1056
994964
999345
999345
999345
999345
1056
999345
1056
999345
999345
999345
999345
998730
1056
998730
998730
994964
1056
1056
994935
1056
1401
1401
994935
998569
998569
998569
998569
998569
998569
1401
998569
996406
994935
1401
995088
995088
995088
995088
462
462
462
995088
995088
995088
995088
995088
462
1401
999020
1401
999020
1401
1401
1401
999020
999020
999020
999020
999020
1401
1401
999020
999020
1609
1609
1609
1609
999020
999020
998815
1609
1609
1609
998815
1609
1609
1609
998091
998091
998091
997569
161
161
997569
997569
997569
161
997569
161
997569
161
997569
997569
161
997569
997569
997569
997569
161
997569
161
161
1122
997569
1122
1122
997569
997569
997569
997569
1609
1609
997569
997569
1609
997193
1609
997193
997193
997193
997193
1778
1860
997193
997193
997193
997193
997193
997193
997193
997193
997193
996435
995512
1861
995427
995296
995088
995088
1861
995088
995088
995025
1861
994749
1861
1861
994749
994749
994749
799
799
997631
403
2242
997631
2242
997631
2367
2367
997631
2511
2511
2511
997631
2511
997631
997631
997631
997631
997631
997631
18
997631
997631
997631
997631
995989
18
796
995447
1548
1548
1548
995447
994749
994663
1548
994465
1548
1548
994390
994390
994373
2511
994373
994373
994373
2511
994373
2511
995641
2511
995641
2891
2891
995641
995641
2891
995641
994373
994373
999855
1964
1964
999855
2891
2891
999855
999855
2891
999855
2891
2914
999855
2914
2914
2959
999855
999855
2959
2959
999855
995167
2299
994373
994373
2299
2299
996496
996496
2299
2299
2299
2299
996496
996496
996496
2959
996496
2959
994343
3069
3069
994343
994343
3069
3069
3069
3069
3069
994342
2160
172
510
510
510
995812
995812
510
998041
998041
995933
510
995933
995933
510
995933
510
995933
510
995812
995812
510
510
997862
997862
1777
1777
1777
1777
997188
997188
997188
997188
871
997188
997188
997188
996950
996130
871
996130
996130
996130
996130
871
996130
871
871
471
996130
471
471
471
471
471
996130
996130
996130
471
2975
1546
2975
2975
3069
996387
3069
3069
3069
998021
3069
998021
998021
998021
998021
998021
3109
998021
998021
3139
998021
998021
3139
3139
996463
996463
996463
996463
996463
996463
2274
2274
998714
998714
2274
2274
2274
2274
996463
996463
996463
996463
2274
2274
996463
2274
2077
2077
996463
2077
996463
996463
2077
2077
996463
2077
2077
2077
996463
2077
997519
2077
2274
997519
997519
996463
996387
1285
996387
1285
996387
1285
996387
1285
996387
1285
996837
996387
1285
1994
996387
996387
1994
996387
1994
996387
996387
996387
1994
996387
996387
996387
996387
996387
996387
996387
1994
1994
1994
2274
996387
2274
998393
998393
2274
2274
998393
998393
501
998393
501
501
996606
501
996606
501
996606
501
501
996606
501
501
501
996606
501
996606
996387
1481
1481
999960
680
680
680
999960
999960
680
999960
680
997794
997794
680
680
997794
680
997794
965
965
965
997794
965
997794
997738
998295
965
965
998295
965
998295
965
1481
1481
999609
999609
997749
997742
997742
997742
1481
1481
1481
997742
1481
997742
1481
1481
997742
997742
1481
2274
997742
2288
997742
997742
997742
528
2288
2288
999135
2288
997738
2181
996676
103
996612
2181
996612
2181
2181
2181
996612
996612
996612
996612
996486
996387
996387
996387
2288
2626
998598
2626
998598
998598
998598
2626
998598
2626
2756
996387
2756
2756
2756
2850
996387
2850
3139
3139
3139
3139
3157
3259
996252
3259
3259
996252
996252
998845
998845
998845
3286
998845
996252
3286
3286
3286
751
751
751
3286
3296
996252
1171
996150
1171
1171
996130
996130
996130
1171
1171
1171
1171
1171
996130
1171
996130
3296
996130
3296
3296
3296
3296
56
56
996032
996032
996032
996032
996032
996013
997702
997702
997702
997702
997702
997702
997702
56
56
56
56
56
997702
730
730
730
997702
997702
730
997702
2563
997702
2563
2563
2563
997702
997702
996013
995937
995844
1153
2563
2805
3121
3121
3121
3296
3296
3296
3296
3296
999618
3296
999618
999618
999618
999618
999618
999618
3328
3328
997005
3328
997005
995844
3328
995844
1345
995844
1345
995844
995844
995844
995844
1345
995844
3328
2346
995844
995844
995844
2346
2346
998183
2346
995844
995844
2346
995844
996955
996955
2346
996955
2346
995844
2346
995844
2346
2346
2346
2346
2346
2346
1428
998721
998721
1428
1428
1428
1428
998721
1428
1428
998721
998721
1428
998721
1428
998721
998721
1428
1428
998721
1428
998721
998721
998903
1428
2346
2346
2346
2346
998903
2346
998903
998903
174
174
998903
174
898
998903
898
898
