0
0
319
0
10
471
14
1392
14
14
1967
1967
14
16
16
16
32
2367
2406
2645
2697
2693
43
43
43
43
3171
43
44
44
44
44
3733
3733
44
44
44
44
57
4230
4324
57
57
4837
57
57
4905
5147
59
62
62
62
71
5673
5834
5940
71
6287
6708
6838
6954
7039
7111
73
86
7391
7510
7557
86
86
86
86
86
86
8987
102
9193
102
9614
102
9654
102
102
10035
109
10807
109
11117
109
114
11353
11367
114
11425
11546
114
114
11781
114
114
12705
114
12735
12824
12826
120
123
13815
123
13856
13894
13950
13976
128
14012
14074
14112
14477
15004
15069
15226
129
129
129
15507
131
131
15742
15738
131
131
15963
131
16213
131
135
16668
16770
16770
135
136
17027
136
17104
17334
17344
17359
17728
17776
17869
136
18031
18282
136
18398
18454
136
19126
136
19306
19334
136
19590
136
136
136
20634
20889
21017
21071
21411
21526
136
21806
136
139
139
22419
22395
139
139
22682
139
139
23325
23325
146
23535
23600
23675
23890
146
146
24213
24213
24213
146
24386
146
24668
146
146
24974
24974
163
25273
25384
163
25532
25607
163
25906
174
174
177
26271
26272
26405
26566
26778
27077
177
177
27578
177
27821
177
177
28109
28202
177
188
188
188
28979
188
29588
29679
191
203
203
29793
203
248
30205
248
30338
254
30534
254
30615
259
259
259
266
31018
266
31746
266
271
32554
32752
271
271
288
34538
34680
34725
288
34894
34894
34934
288
35331
35331
35352
35352
35469
288
288
35689
288
288
36232
36444
288
288
36930
37046
37598
288
37884
37959
38045
38551
38594
38594
288
288
38983
39132
288
288
39581
293
294
41006
41068
294
294
42107
294
294
294
294
42336
42431
42637
294
42978
43008
294
296
43343
43607
43608
296
43820
296
44006
319
44201
319
44322
319
333
333
342
44852
342
45405
355
355
45883
46487
355
355
356
47067
356
47665
47792
356
47816
47893
356
48155
356
48350
48384
49050
49111
49098
49098
49182
49480
356
356
49873
49994
50391
50888
360
360
360
360
51109
360
51803
51803
360
360
51935
52162
52162
360
52273
52425
360
52779
53404
366
366
366
53906
53887
366
366
54019
366
54019
366
366
366
54748
54748
367
54851
54860
55256
367
55554
55650
55744
367
55821
367
367
367
367
56287
367
367
56788
56781
56781
57003
57270
370
370
57651
373
57725
373
373
373
57910
57923
373
58153
58180
373
376
58406
376
58793
58816
59197
379
379
59249
59258
379
59282
59282
59380
59507
385
393
59892
402
403
60186
403
60632
403
60734
403
60804
403
60804
403
409
409
409
409
61651
61678
62558
62648
62648
409
62889
63084
409
63170
409
63283
63933
409
63973
63973
409
63973
64219
64258
64258
409
409
64516
409
415
64984
415
65990
66327
415
66763
415
415
415
67042
67108
415
67204
67279
415
67659
68081
415
68661
68661
68720
68720
68739
416
69051
416
69333
416
69422
69877
69878
416
70277
70362
416
416
416
70848
416
71029
71040
71084
71084
416
416
71323
416
71827
416
416
416
418
418
72123
72255
418
427
73168
73311
73354
73354
73699
427
73895
73895
427
73962
74092
74245
74245
74275
74332
74469
74740
74784
74784
74890
75293
75919
76089
76118
76108
427
76655
427
427
427
431
431
431
434
77323
434
434
436
77793
444
444
78136
444
78393
78542
444
78761
445
445
445
450
450
79466
450
79824
450
450
457
457
80175
80241
457
80241
471
471
80285
80463
471
80490
80588
80588
80897
471
81638
81638
471
82077
82302
471
471
475
83028
83258
83262
83370
475
477
477
477
477
84969
84969
477
477
477
477
477
86480
86521
86556
477
479
479
86745
86745
86795
482
482
482
482
87482
482
87997
482
87997
88421
88494
482
482
88613
88613
88918
482
482
89261
89267
482
486
89460
89460
89711
90123
90296
90393
486
91027
91209
91374
91374
486
91796
486
92306
92361
486
486
486
93019
93101
93091
93483
486
93483
93906
93896
94135
94464
94497
94743
95182
486
95182
486
486
95422
95462
95519
95571
95890
486
493
96099
493
96296
493
493
96582
493
493
96757
493
493
97176
493
493
493
493
493
493
98253
98269
98264
98331
98644
493
98782
493
98791
98964
99314
99380
99379
99438
493
100008
100272
100504
100572
493
100720
100884
525
525
525
101278
533
538
101713
538
538
102504
538
538
102899
102967
549
562
562
562
103257
562
103267
562
562
562
562
104059
104094
562
562
563
585
609
609
614
105411
614
614
616
616
620
620
620
106539
106648
106720
620
106878
106944
107148
107245
620
621
107487
107684
108118
621
625
625
108281
108286
108341
108568
631
108590
631
631
631
109285
631
109583
631
109984
110020
110046
631
110340
631
631
631
631
110686
631
631
111173
631
111519
631
111614
637
111844
637
637
111971
637
637
112310
637
113128
637
637
637
113462
113577
113723
637
637
646
113834
646
646
113944
646
114212
114645
114645
646
114988
115156
646
646
646
646
116438
116438
116474
116915
116915
646
659
659
659
659
118605
118819
118867
659
119294
119294
659
659
659
119549
679
679
119826
679
688
120261
120287
120727
121073
121132
688
688
688
121629
121629
122222
688
122446
688
688
122588
122843
123131
123164
688
688
688
700
123632
700
123833
123833
123936
700
707
709
124196
124269
715
715
717
717
124971
125185
125185
125185
125368
125647
125710
125767
717
125871
717
717
126086
126086
717
126678
717
729
127100
729
729
729
127263
729
729
127310
127361
127576
127576
729
127604
729
127792
737
128117
737
128390
737
737
737
128705
737
737
737
737
129378
129528
129539
737
129988
744
130050
130040
744
744
744
130825
744
744
744
744
744
744
744
744
131676
744
131676
131771
744
744
759
759
132832
759
759
766
766
766
772
772
133611
792
133611
798
798
798
798
799
134148
134367
800
802
134661
134853
802
802
135303
135363
802
802
802
816
136388
136388
136388
816
136749
816
816
136972
136996
816
824
137194
137502
137490
137549
137542
824
137581
137618
824
824
824
137924
137954
824
138225
824
138388
824
138902
824
139003
139226
824
824
140020
140042
824
829
140178
829
140382
829
829
829
140628
140628
829
829
829
142009
829
142045
829
829
142129
829
142290
142365
829
829
142909
143094
829
829
143584
143591
143710
143760
832
143766
143766
143859
841
143965
144544
144778
144778
841
145895
841
146410
146426
146426
146566
841
841
146924
841
147169
147169
841
147231
147325
842
147527
147527
147539
147569
147615
842
842
147817
842
842
859
148187
148262
859
865
148444
148605
865
865
148780
865
149158
149158
149414
149414
865
865
865
149917
868
868
150171
868
868
151368
868
151796
868
152206
868
868
868
868
152659
868
896
896
153264
896
896
896
896
154144
907
908
154515
154539
915
154858
915
154853
154853
154852
915
920
154961
920
920
920
155591
920
155708
920
920
920
920
920
156677
923
156962
923
923
157800
157827
157850
923
158338
923
158480
923
923
923
923
923
923
159365
159608
924
159672
924
933
160501
933
933
944
161030
944
944
944
161534
161562
161593
161620
944
161759
944
944
944
162543
944
162595
162711
162725
944
162725
944
944
944
944
163262
973
973
163779
973
163940
164000
164311
164393
164432
164713
973
164753
973
994
994
164900
165013
994
995
995
1008
166411
1008
166686
166686
166773
1008
1008
1008
166905
1008
166951
166951
167144
167481
167481
1009
167535
167535
1009
1009
1009
1009
167848
1009
168694
1009
168750
168777
1009
169125
1009
169221
169278
169576
169689
1009
1009
1009
1009
171211
171355
1009
171546
1009
1009
1009
1009
172044
1009
1009
172093
172102
172118
1009
172130
1009
172350
1009
1009
172468
173099
173108
1009
1022
173625
173775
173775
174338
174327
174352
174442
1022
174570
174585
1022
1037
1037
1037
175380
175415
175445
1037
1037
1037
1037
175918
1037
1037
176185
176363
176553
1037
1045
177235
177551
1056
177863
178222
178222
178401
1056
178480
178599
179118
179208
1056
1056
1056
1056
1056
179711
179823
1056
1060
1060
180389
180484
1070
1070
180933
181072
1076
1076
181449
181516
1085
1085
182148
182428
182980
1085
183019
183295
183296
183436
1085
1093
1093
184520
184888
185346
185475
1093
1112
1124
1124
1124
1124
185938
1124
1124
186474
1124
1124
186731
186761
1124
187102
1124
187199
187232
1124
1124
187472
187472
187517
187641
188054
1124
1124
188618
188760
188840
1124
1124
1127
1127
189069
1129
189469
189504
1129
1129
190152
1129
190301
190301
190301
1129
1129
1129
1129
1129
190785
1129
1129
1129
191477
1130
191554
1130
191573
192148
192258
192401
1134
1134
192560
193039
193104
193231
1134
193231
193301
193675
193741
193843
194177
194352
194379
1134
194947
194947
195201
1134
1155
195235
1155
1155
1155
196115
196115
196192
1155
1155
1155
196683
1155
1163
197171
1163
197277
1163
197723
197800
197802
1176
1177
198139
1177
198379
198375
198702
1177
1184
1191
1198
1198
199690
199733
1198
199863
199976
1198
200080
200193
1198
200624
1198
200624
200681
200830
1198
1198
1198
201243
1198
1198
1198
201489
1200
201547
201718
1200
1209
1209
1209
202528
202528
202528
202715
202752
1210
1210
203186
203300
203598
203665
203711
1210
204021
1210
204671
204821
1210
1210
205242
205323
1210
1210
205477
1210
205709
1210
1210
1210
205792
206073
1210
1210
1210
206212
1210
206329
206389
1210
206389
1210
1210
206995
206995
206995
207067
207055
207614
1210
207691
207852
1210
1213
1213
208212
208249
1213
1213
208653
209025
209052
209059
209135
1213
1213
209576
1213
1213
209933
1213
210286
1213
210477
210631
1213
1213
210865
211189
1213
211201
211258
1213
211295
211621
211869
1213
212059
1213
212419
1213
212582
1230
212770
1230
1230
212783
213279
213312
1230
1230
213832
213864
213877
1230
214083
214160
214268
214400
214508
214510
214697
214744
214744
1230
215225
1248
215322
215322
215843
1248
216041
1248
216200
216200
1248
216512
216555
216596
217355
217726
217751
1248
1248
1262
218280
1262
218543
1262
218631
1262
218958
1262
219322
219317
1262
1263
1263
219539
1263
1263
219970
220074
220074
1263
1282
220253
220499
220544
220747
220763
220871
221001
221213
1282
221491
1282
221492
1282
1283
222027
222555
222606
1283
222633
1283
1283
223195
1283
1297
223352
223360
223559
1297
1297
223826
224020
1297
224214
1297
224412
1297
1297
1297
1297
1297
225203
225203
225546
225790
226080
1297
1299
226574
226670
1299
1299
1299
226888
1299
1299
1304
227080
228085
228083
228102
1304
228102
1304
228327
1304
1311
228391
228622
1311
1311
1311
228668
1311
1311
229428
1311
1311
229828
230182
230232
230232
1314
230273
230421
1314
230725
230744
230775
1314
231175
1314
1318
1318
231635
1326
1326
1326
231988
1326
232483
1326
232639
1326
232901
1326
233171
1326
233171
233380
233425
233444
1326
1337
1337
1337
1337
234902
235089
1338
1338
1338
1338
235550
1338
235653
235884
1338
1338
236067
236085
236770
236770
1342
1347
1347
1347
237410
1347
1347
237554
1347
237911
237972
1347
1347
1347
238186
1347
1349
238586
1349
1355
1362
1362
238781
1362
1362
239052
239083
1362
239524
1362
239608
1362
1362
1362
239842
1362
1362
239913
239950
1362
240131
1362
240515
1366
241106
1366
241177
1366
1366
241824
242190
242237
242304
242301
242354
242474
1366
242552
242552
1366
242552
242551
242688
1366
1366
243467
1376
243870
1376
243951
1376
244059
244606
1376
244838
244935
1377
1377
245116
1377
245151
1377
1377
1377
1377
245624
1377
245852
1379
245973
1379
1379
1379
246737
1379
246932
246932
246972
246972
247025
247204
1389
247520
247520
247670
247818
1389
247892
248152
1389
248183
1392
248499
1392
248781
248887
249079
249079
249165
249227
1398
1398
1398
1398
1398
1398
249898
250161
1403
250540
250634
250681
250681
250727
1407
250773
250937
251568
1408
1408
1414
1414
1414
251995
251995
1414
1414
1420
1428
1428
252752
252752
252854
1428
1428
1428
1428
1428
253627
253956
253989
1428
254319
1428
1428
254562
254872
1428
254947
1428
255383
1435
1435
255830
1435
1435
1435
256103
256462
1443
1443
1443
1443
257949
1443
1443
1443
1443
258758
1443
1443
1446
258946
258950
1446
258950
259011
259087
1446
259771
1446
1453
1456
260240
260287
1456
1456
260402
1471
260505
260487
1478
1478
1478
1478
1478
260727
260838
260888
261024
261252
1478
1478
1478
261660
1478
261791
261890
261944
1478
1478
262583
1479
1479
1479
263020
263016
1479
263484
263487
263904
1479
1479
264256
1479
1479
1479
265048
1490
265033
265101
265097
1490
265327
1495
1495
265589
266055
266055
266055
266172
1495
266172
1507
266480
1507
1507
266655
266655
266780
266824
1507
267107
1507
1507
1507
267556
1507
1507
267968
268287
268564
268586
1507
268718
268839
269108
269275
269373
1507
269707
269707
269861
1507
269901
1507
269957
1507
1507
1511
271064
271449
271486
271604
1511
271774
1511
272033
1511
1511
1511
1511
1511
1511
272991
1511
1511
1511
273624
1511
1511
1519
1519
274352
1519
274394
1519
274550
1519
274736
274738
1519
274899
1519
275077
275214
1519
275389
1519
275829
1519
276245
1519
276781
276781
276781
276849
276968
277124
1519
277518
277555
1520
277858
1525
277991
1532
278173
278244
278393
1532
1532
278899
278973
279024
279211
1532
279468
1546
279513
279526
279553
279671
1546
1546
1546
280519
280519
280519
280525
1546
1546
280593
1546
280671
1546
280943
281141
281218
281666
281884
1546
1546
1546
282147
282147
1546
282760
1546
1546
1546
1546
283675
283675
284109
1547
284115
284114
284182
1547
284368
1547
284368
1547
284399
284397
284396
1547
1547
284590
284660
284679
1550
1550
285064
1560
1560
1560
1560
286085
1560
286369
1560
286652
1560
286825
287041
1560
287254
1560
287323
1560
287741
1584
287997
288025
1584
1588
1588
1596
288730
1596
288730
289135
289327
1596
1596
1596
1596
1596
1596
290685
1596
290900
1602
1602
291143
1602
1602
1602
1602
291531
1602
1602
1602
291939
292026
292264
1623
1634
292653
1634
1639
1639
292961
293021
293021
293027
1639
293715
1639
1644
294014
294348
294348
294403
1644
294526
1644
1644
1644
294670
294780
1659
1674
1703
1703
1703
295796
295942
1703
295942
296217
1703
1703
296376
296476
296476
296535
1718
296755
1718
1718
297091
297166
297189
297186
297497
297855
297972
1718
298522
298589
1718
298766
298857
298996
299239
299477
1718
299610
1718
1718
1723
1723
1723
1723
300503
1723
300687
300766
300844
1723
301081
301111
301163
1723
301273
301400
1723
1723
1723
1723
302053
302116
302116
1724
302237
302271
1724
302553
1724
302622
1724
1724
302689
302817
1725
1730
1733
1733
303457
303728
1733
1733
304331
305187
305202
1733
1733
305342
1751
305593
305593
305669
305778
1755
1755
1755
306234
306281
1756
1756
1756
307027
1756
1756
1756
307754
307754
307754
1756
308463
308875
308925
1756
1756
309030
309307
309739
1756
1756
1756
310189
1756
1756
310601
310704
1756
311266
1756
1759
1759
312153
312283
312407
312407
312404
1769
312799
312884
1769
313572
1769
313753
313975
1778
1778
314128
1778
314370
1778
314815
1781
314873
1781
314981
314981
1781
1785
315016
1785
1785
1792
1792
1799
1799
315590
315707
1799
315759
1799
315759
316136
316307
316513
316584
316691
1799
1799
316984
1799
1799
1799
317067
317067
317353
1799
1804
1832
317879
1832
1832
1832
1835
318037
1835
1837
1837
318500
1837
1837
1837
319202
1842
319518
1842
319907
319907
1842
320118
320316
320862
321293
1842
321439
321515
321685
1851
321864
321910
1851
1851
322285
322285
1851
322280
1851
322409
322563
1851
322756
1851
1851
1858
1858
323966
324771
1858
325088
1858
1858
1858
1858
325371
325371
325650
325686
1858
326090
1858
326836
1858
327233
1858
1858
327721
328158
1863
328328
1863
328328
1863
1863
1863
1863
1878
1878
1878
329168
329213
1878
329257
1879
329394
1879
1879
329478
329555
329613
329782
1879
1885
330731
330706
330823
330823
1886
1886
1886
1886
331681
1905
1905
1905
1905
331922
1905
332235
1905
332412
332510
332505
1905
1905
332714
1905
332798
1917
1917
333286
333354
333437
1917
333597
333736
333905
333995
333995
333995
1917
1917
1917
334421
1917
334600
1917
1922
335386
1922
1922
335697
336292
1922
1922
1922
337291
1922
337598
1922
1927
337837
337881
1927
1927
338129
1927
1927
1927
338995
338994
1929
1929
339137
339498
1929
1944
1944
1944
1944
340751
340799
340799
1944
341048
341048
341097
341468
1946
1946
1946
341561
1946
1946
341790
341789
1946
1946
342072
342064
342134
342374
1946
342415
1946
1946
342639
1946
1954
1954
343244
1958
1958
1958
1958
1963
343579
1963
343951
1963
1963
344404
1963
344735
344752
1964
344864
345016
345053
345194
1964
1964
345502
1964
345648
1964
1964
1964
1964
1970
1977
1977
347117
1982
347149
1982
347386
347480
1992
347536
347536
1992
348219
1992
1993
1993
349344
349414
1993
1993
1993
1997
349555
2004
349584
350021
350237
2004
2012
350763
350949
2012
2012
351612
351624
351624
2012
351875
2012
351885
352207
2012
2012
2012
352756
352865
2012
352950
2012
2012
353416
353516
2012
353640
353811
2012
354017
2019
354098
354150
354393
354523
2019
354642
2019
354707
354773
2019
354862
2019
2019
2019
2019
2020
355086
355212
355277
355428
2020
355442
355455
355595
355617
2020
2024
355813
2035
2035
2035
356015
2035
2053
2053
2053
356429
2055
356429
2055
2055
357846
2055
358400
358535
2055
2063
2063
358991
2063
2080
359098
359396
2080
359502
2085
2085
2085
2097
360331
2097
2097
360695
2097
360697
2097
2097
361452
2097
2097
2097
2097
2097
2097
2097
362843
362914
2097
2099
363645
363705
363705
2099
364354
364354
2099
2099
2099
365074
2116
2116
365651
365936
366113
366113
2116
366156
2116
2116
366280
366289
2117
2117
366686
366686
2117
366762
366789
367022
2117
2117
2117
367519
367519
367519
2118
367584
2119
2119
368189
2119
2119
368306
2121
368310
368310
368310
2121
368454
368475
2121
368479
368746
2121
368803
368803
2121
2121
368908
368947
368947
2121
2121
369323
2136
2143
2143
2143
370088
370194
370239
2143
2143
2143
2143
2143
370659
2143
370987
371100
2143
371544
2154
371755
2156
2156
2156
372529
372677
2156
2157
2157
2168
373101
373101
2168
2168
2168
2175
374122
374691
2175
374882
2175
375017
375304
375428
375428
2175
375600
375881
375931
375931
2176
2176
2176
377183
377336
377336
2176
377566
2176
2176
2176
378022
2176
378054
2176
378462
378566
379186
2176
379613
2176
379707
2184
2184
380043
2184
2184
2184
2184
380754
2185
2189
381214
381214
2189
381548
2189
381722
381849
2189
2189
382298
2189
2189
2189
382353
382484
2189
382796
382939
2198
2206
383192
383510
383507
383612
384481
384534
2206
2206
384833
384833
384834
385063
385085
385172
385247
385247
385247
385908
385996
2216
2216
386683
2216
2216
387501
2216
387634
387785
387862
387862
2216
387952
2216
388119
2216
2242
388508
2242
388946
389029
389219
2242
389589
389747
390071
2242
2242
2242
391064
391105
2242
391220
2242
2242
391976
391975
2242
2242
392546
392546
392740
2242
393357
2242
393537
2242
2242
393871
2242
2242
2242
394382
2242
394474
2242
394511
394776
394817
394817
395171
2242
2245
395320
395570
395645
2245
395768
395859
395880
2245
396136
2245
2245
2245
2245
2245
2245
2245
397596
397848
397842
2245
398009
398226
2245
2245
398398
398493
2245
398684
2245
398963
2246
2246
399137
2246
399545
2246
2267
2267
399606
2267
399992
2267
400400
2274
400578
2274
2277
400753
400788
400851
2277
2277
401141
2277
2277
2277
401543
401812
401972
401972
2277
402193
402239
402273
2277
2277
402884
403057
403023
2277
403696
2284
403720
403780
2284
403787
403787
403912
2284
2284
2284
2284
2284
405029
405027
405034
2284
405591
405828
2291
2291
2291
406275
2291
406379
406649
406649
406930
2291
407098
407120
407340
407501
2291
2291
2291
2291
2291
2291
408240
2292
408609
2292
2292
409234
409272
2292
2295
2295
2295
2295
2295
410217
410322
410539
410580
410643
410766
411098
411136
411136
2295
411718
411772
2295
412017
412118
2295
412412
412701
2295
2319
2319
2319
2328
2329
2332
413684
414032
2332
414286
2332
2332
2332
2332
2332
415109
415400
2332
415788
416139
416284
416473
2336
2336
416732
2346
2346
416835
416835
2350
416992
417055
417123
417137
2357
2357
2357
418228
418478
2364
2364
2364
419040
419071
419264
2365
2365
419628
419628
2365
2367
2367
2367
2367
420581
420581
420779
420845
420845
2367
2367
2367
421041
421045
421045
421063
2367
2376
421598
421671
421783
2376
422096
2376
422375
2376
422895
2376
2376
423540
2376
423786
2377
423799
423816
424081
2380
2380
2380
2380
2380
424820
2380
2380
425128
425163
2380
2380
425534
425801
426065
2380
426065
2381
426131
2381
2381
426660
426822
2381
427278
2381
427671
427708
2381
2381
2381
428024
2381
428555
428744
2381
2381
429655
429660
2381
429802
2381
2381
2381
2381
430255
430494
430666
430716
430793
430948
430948
431218
2381
431223
2381
431391
431396
431548
431843
431840
432492
2381
432930
433311
433370
2381
2381
2381
433909
2381
2381
434550
434665
2381
434799
435105
435217
435272
2381
2381
435439
435574
435715
435715
2384
2384
435933
435988
436236
2384
436248
2397
2397
2397
437457
2399
2400
2400
437696
437694
2400
437789
437789
437854
437882
437882
437996
437996
2400
2406
2406
2406
438927
438935
439189
439390
439641
2406
439685
439938
2406
2406
440214
2406
2409
440472
2409
440685
2409
441055
