2
93
171
2
2
375
2
2
2
22
1032
22
22
1834
23
23
1966
2107
23
2213
23
23
25
2783
2828
2828
25
25
25
25
3756
25
3841
4094
4094
4319
29
29
29
5127
29
42
5504
5672
5729
6038
42
6210
6210
42
42
6345
6424
6745
42
7182
42
7245
42
7780
42
8331
42
9565
9570
42
9570
10007
10007
10007
10013
42
10058
10265
10330
10356
10499
10499
42
42
10577
10633
10668
11046
11046
11295
42
11419
11628
11929
42
12433
12430
12859
12867
12979
13126
13339
42
42
46
13633
13857
13880
46
46
14216
46
46
46
46
14752
14752
14812
14832
46
14939
15031
46
46
15518
15519
46
46
46
46
46
54
16404
16768
78
78
78
17321
17432
81
81
90
18559
18559
90
90
90
19458
90
90
91
19785
20239
91
20668
91
20671
91
20794
91
91
20794
21387
92
21385
21459
101
21522
21522
21748
21899
21899
101
22096
22137
101
22184
22308
22384
101
101
101
101
101
118
118
118
22916
22996
22996
118
23075
23085
23085
118
23997
118
118
24059
24198
118
124
24666
24666
24733
24797
124
124
24935
25009
124
124
25594
25694
25734
25878
26424
26474
26657
124
128
27420
27480
27531
128
128
27861
128
128
28186
28183
28354
28458
128
128
28615
28711
28711
128
128
128
128
29592
29592
128
30578
30987
31127
31290
128
31516
31555
31803
128
128
128
32084
128
32156
128
32684
140
140
33116
33566
33594
33637
33637
140
34077
140
140
140
34778
140
34942
140
35013
35324
35431
35419
144
35658
35867
144
144
36148
144
37009
144
144
144
149
149
149
38181
38273
149
160
160
38566
38568
168
39001
39700
39837
171
39987
177
40263
40341
177
177
177
177
177
177
41115
177
41190
180
180
41294
41319
180
41460
41512
180
41763
193
41931
193
193
193
43123
43416
43547
43794
193
193
193
44629
44691
200
45320
45357
200
45780
46041
46458
46644
46660
46745
200
200
46833
46862
46945
47009
47009
200
200
47355
47343
200
47430
47430
207
47748
207
47882
207
207
48492
207
208
210
49270
49421
49675
210
210
212
50325
217
50449
223
227
50976
50976
227
227
227
51391
227
227
227
228
228
228
235
236
239
239
239
53084
245
53312
245
53744
53744
53805
53871
245
250
250
250
250
54314
54476
54593
250
54723
251
54977
55152
55396
55630
262
262
56220
270
56757
270
56766
56813
270
270
56962
270
270
57395
57679
57873
270
58050
58054
58413
58477
270
58847
58922
284
59031
59132
59318
286
286
59527
286
59626
59629
286
59677
59677
286
286
286
60395
60401
289
289
294
61179
61375
61375
294
61421
294
61770
302
302
302
302
62652
62652
302
63364
304
304
63730
63729
329
63984
329
329
64649
64677
329
331
341
65646
65953
341
341
341
341
341
341
341
66984
67083
67166
67166
67169
67402
67567
341
67968
341
68519
341
68587
347
69041
69041
351
351
69293
351
69293
69293
69310
351
69678
69941
351
351
351
71236
351
71554
71682
361
368
370
72613
370
72916
375
377
73206
377
73219
73618
377
377
74212
377
74710
74710
377
377
74816
377
75205
377
75752
377
75901
377
377
76146
76314
76334
377
76869
77148
377
377
77663
377
377
377
377
377
377
78326
377
78386
78394
78429
377
377
377
79112
79306
79526
377
377
79899
383
383
392
80962
394
81302
394
81366
81487
81487
81487
81535
81532
81679
81979
394
82155
82407
394
82545
409
409
409
83213
83241
83620
409
409
84263
409
409
409
84593
409
409
85009
409
409
409
409
409
85344
410
85851
85878
410
410
410
85964
86036
410
86075
410
86167
86282
410
418
86453
418
87201
87249
87475
87475
421
421
88205
421
88474
423
88868
425
425
89690
90267
90267
90323
425
90630
425
90958
430
91006
435
435
91337
435
435
435
449
91543
91547
449
449
449
449
92157
92257
452
458
458
93877
458
94032
458
462
462
462
462
95323
462
462
462
462
462
95732
463
95741
96059
96059
96073
463
96399
96522
96640
96640
463
467
467
97620
97619
468
97791
97835
468
468
98011
98036
98168
468
468
98575
98657
495
98652
98860
98982
98982
99063
99465
99599
99776
495
495
497
497
497
520
520
520
100513
520
520
520
100905
520
520
520
101755
102503
520
524
533
103052
533
103117
103133
538
103157
103340
103338
538
103499
538
103818
544
544
544
544
546
546
104509
546
104752
546
546
546
546
105009
546
105009
105144
546
105544
105544
546
546
546
546
106602
546
546
107050
107362
569
107435
569
571
107853
571
571
571
108219
108452
108487
571
573
573
573
110005
573
110456
573
573
110945
575
111210
111210
575
111280
584
584
111671
584
584
111737
111820
112390
588
112943
113125
113198
113251
588
113583
588
590
113584
590
590
590
590
590
590
114536
114534
114673
114699
590
591
115253
115286
591
591
591
115971
591
591
591
116337
116352
591
591
117232
591
117232
591
117362
591
591
591
117473
591
610
117582
117878
610
118240
610
610
610
610
614
620
620
119402
620
620
119612
626
626
119833
626
120068
626
630
120512
120680
630
630
630
630
121335
121535
121897
630
122049
122369
630
630
122920
630
123078
123078
123162
123211
123382
630
123516
630
123796
630
630
124383
124684
124684
630
630
124937
125072
630
125148
125175
125410
640
640
640
640
126605
640
126830
126986
640
640
127629
127993
640
128149
640
128392
640
640
128697
128699
128839
640
128839
640
129029
129070
129070
129214
644
652
652
652
130174
656
130351
130417
130455
656
656
656
131270
656
658
658
658
658
131752
131857
658
658
658
132241
658
663
663
132672
132921
133030
133349
133426
133424
665
665
665
665
134219
665
134286
134491
665
668
135373
668
135373
668
671
136304
136304
671
136315
671
671
136697
671
136851
671
671
671
137431
137621
137706
137706
137706
137841
138365
671
138536
671
138708
671
671
671
138943
671
139095
139126
139396
671
671
139682
671
672
140259
672
672
140653
140660
672
672
672
141461
672
141487
681
694
141645
694
141822
141988
142255
694
694
694
143391
143470
694
143684
695
695
695
695
695
695
695
695
699
699
144737
699
699
145030
699
699
699
145424
145470
145486
145691
699
145997
146345
146666
146785
146807
699
699
699
146892
699
147368
147495
147559
147610
147610
699
699
699
703
716
716
716
148899
149009
149262
149262
716
716
149394
149615
149869
149869
149929
149951
149988
716
716
716
716
150543
716
716
720
150764
151166
720
720
720
720
151742
152098
152098
720
152233
721
721
721
721
153054
721
153721
721
721
153883
745
746
154015
746
752
752
753
154418
753
155478
155517
754
754
155810
754
754
758
156236
156240
156305
156305
758
156567
156640
156801
156801
156833
758
156953
758
157292
758
157433
157507
758
157543
157560
766
766
157703
766
766
766
767
158097
767
767
158543
158644
158675
158877
779
779
779
160025
779
160574
160612
779
779
779
160914
161729
779
779
161883
779
779
162296
162342
162555
779
162945
162975
163065
163293
163356
779
779
779
779
779
163989
164176
779
164416
779
779
164737
779
779
779
164858
779
779
165562
165562
165620
779
779
165910
166193
779
166431
166483
779
779
779
167020
780
167255
789
789
167501
789
167650
168071
168175
168450
168572
168572
168579
168713
168796
168829
168829
789
168924
169074
789
169305
169335
169335
789
169578
169756
169824
789
169960
791
170167
791
791
791
791
171225
171290
793
171536
793
171623
171722
171842
800
800
800
172381
172381
800
800
800
800
800
804
804
173794
173794
173855
804
804
174255
804
804
174507
174581
174626
806
806
806
806
174909
175134
806
175252
806
175676
806
806
175896
175916
806
177659
819
819
177659
819
177936
178076
819
178432
819
819
819
178460
819
819
819
178935
819
819
819
819
819
824
179464
824
179898
179966
179951
824
832
832
180138
832
832
180337
832
180397
832
180488
832
180488
180535
180677
850
850
853
181129
853
853
181292
181411
181698
182157
182249
853
853
853
853
182995
183027
853
183188
854
183285
183285
854
866
183546
866
873
183669
183707
183783
183893
183890
873
873
184221
873
873
184606
873
873
877
184880
877
877
185503
185731
186231
877
186480
877
187509
877
187628
187628
187639
877
877
877
187927
187951
187951
188024
188025
877
877
188371
877
877
877
189566
877
189540
877
190033
190112
190144
877
877
190155
190197
190273
190309
190499
190610
877
877
877
877
190929
190983
191021
877
877
884
884
191518
884
884
192365
192781
884
193135
884
902
909
911
911
911
911
194354
911
911
940
194693
195162
195569
940
940
940
940
940
196121
940
196363
940
940
940
954
954
956
196723
956
956
956
956
197108
966
966
966
966
966
966
198319
198376
198557
198905
981
199509
199539
199579
981
985
985
985
987
200260
200458
987
200911
200977
987
201138
987
201297
201469
991
201429
201624
201738
992
992
992
992
202367
992
202544
1000
1000
203089
1000
203228
1000
1000
1000
1000
204625
1000
1000
205814
1000
206284
206322
1000
1005
206405
1005
1005
1005
1005
206894
1005
207000
207222
207283
207458
207626
1005
207992
1005
1005
208475
208757
1005
209131
209292
1032
209634
1032
1032
210301
1032
210328
1032
210555
210563
210563
210733
1032
210746
210746
210747
210767
1032
1032
210959
211021
211346
211493
211664
1032
1032
1032
211854
1032
212524
212524
212727
212773
1032
212879
1032
212977
212977
213074
1032
213208
1035
1035
1036
214038
1036
214142
1036
1038
1038
1038
215168
215190
215190
1038
1038
215348
1052
215500
215606
215643
1052
1052
1052
1054
216642
216681
1054
1054
217175
1054
1054
217318
1054
1054
217503
1054
217762
1054
1057
1057
218277
1057
1062
1062
1062
218757
218912
1062
219243
1062
219424
1062
1062
1062
219542
1062
1062
1062
1062
1064
220075
220075
220372
1064
220372
220444
220498
220505
220694
220848
220876
220874
220958
1064
221042
221344
1064
221539
1064
221882
1064
222309
222902
1064
223330
223493
223492
223523
1064
223823
1064
1073
1073
224262
224327
224638
1073
224709
1073
224963
1073
1073
225391
1073
1073
225603
225650
1073
1073
1084
226197
1084
1085
226613
1091
1106
226663
1106
227165
227205
227205
1106
227230
1108
227489
1114
227961
228094
1114
1114
1114
228436
228610
1114
228905
1114
1114
1114
1114
229068
1114
1114
1114
229271
229297
1114
1114
229322
1114
229598
229688
1114
229752
229997
230183
230185
230267
1114
230500
230787
230787
230801
230806
230818
1114
1114
231077
231427
1114
1114
231942
231942
1114
1114
1117
1129
233075
1129
233697
1129
1129
234200
1129
234482
1129
234597
1129
234754
1129
234899
1129
1141
235567
236042
1141
1141
1141
1141
1141
1141
1141
237720
237797
237870
1141
238014
1141
1141
238291
238307
1150
238436
1150
238855
239178
239177
239326
239326
239447
239946
1150
1150
239954
1150
240651
1150
1150
240832
1150
1151
1151
1151
1151
1151
1160
1162
1169
242354
1169
242532
1169
1169
242870
1178
1178
1178
1178
1178
243857
1178
244003
1178
1178
1182
1193
1199
244670
244819
1199
245066
245066
245101
245167
1199
1199
245978
1201
1201
246177
1201
246542
1201
246827
246854
246856
1201
1201
1201
1201
247442
1201
1215
247927
248489
248759
248872
1215
1229
249403
249487
1229
249762
249792
1231
1231
1231
251612
251811
251812
1231
251979
252036
252034
252277
252278
252373
1231
252774
1231
1231
1231
1231
1231
1231
1235
1235
254018
254263
254263
1235
1235
1235
1235
254974
254974
1235
255116
255381
1235
255779
1235
255918
1235
1236
1236
256555
1236
257007
1236
1236
1250
257871
257871
1250
257956
1261
258028
258152
1265
1265
258596
258596
1265
258889
1265
1265
259044
1265
1265
259546
259676
259758
1265
259810
1270
1271
1271
1271
260573
1271
1271
1272
261110
261124
1272
261202
1272
261316
261394
261688
261742
1272
262332
1272
1274
1274
1274
262678
262876
1274
263130
1274
263184
1274
1275
263531
263608
263918
1275
264147
264327
1275
264357
1275
1275
264637
264719
1275
264962
1275
265206
265322
265713
1275
265702
1275
265903
266178
1279
1279
266595
1280
266731
1280
1280
267013
267140
267177
1280
267496
267792
267796
1280
1280
1280
267974
1294
268324
268347
268347
1294
1317
268643
268681
268674
1319
268798
268968
268968
1319
1319
1319
1319
1321
1321
269904
270021
270145
270703
1321
271162
1321
1321
271289
271356
271758
1323
271830
1323
272112
272596
1323
272815
272815
272902
1333
273260
273356
1333
273818
273818
1333
1333
274870
274922
275041
1337
1337
275165
1337
275586
1337
1337
1345
1345
276203
1345
1345
1345
276485
1345
276540
1345
276920
1345
1352
277315
1352
277556
1352
1355
278108
278108
1355
1355
1355
278383
1380
1380
1380
278746
278801
1387
278801
279111
1388
279127
1388
1388
279536
279843
280020
1388
280177
1391
280428
1391
1391
1391
1391
1391
1394
1394
1394
281439
281607
281607
281691
1394
281791
282159
282143
1394
1397
1397
1397
282650
1397
1397
1397
282847
1397
1403
1403
1403
1403
1408
1408
284110
1408
284301
1423
1423
285030
1431
1438
285250
1438
285553
1438
285600
1438
285717
1438
1438
1441
286325
286329
1441
286642
1451
286801
1451
287350
1461
1461
1461
287812
1461
1461
287947
1465
287986
288309
288390
288632
1465
288635
288648
1465
1465
289152
1465
1465
1465
289848
1465
289881
289880
290064
290206
290458
1465
1465
290654
1465
290689
1465
1465
291066
1465
291126
1465
1465
1465
291677
291675
1465
291794
1465
1465
1465
1474
1474
1474
292081
1474
292161
1474
1474
292505
1474
292612
1474
1474
1474
1477
293445
1477
1486
1491
293827
1491
294085
1491
294108
1491
1491
1491
294225
1491
1491
294609
1491
1491
1491
295045
295198
295224
1491
295224
295564
1491
295594
1491
1491
295689
1491
296509
1491
296990
296978
296978
1498
297437
1498
1498
297676
1498
297976
1509
298489
1509
298577
1509
1509
298720
1509
1516
298930
1516
1516
299214
299296
299620
299620
1516
1516
1516
1516
300039
300039
300065
1516
1516
300648
300851
1516
1516
1516
301057
301075
301137
1516
1516
1516
301416
1519
301611
301611
301718
302104
302104
1519
303000
1519
1521
1521
1521
304070
304419
1521
304771
304791
1521
1521
1528
1528
305655
306051
1528
1528
1529
1529
306606
1531
307190
307190
307399
307516
1531
307770
307815
1531
307987
308101
308161
1531
308170
1531
308580
308580
308580
1543
308767
1543
1543
309013
309070
309131
309230
309228
1543
309825
309952
1543
1543
310134
1543
310148
1543
1543
310415
1543
1543
310622
310751
310751
310816
1543
1543
311197
311251
311462
311473
311773
311775
1543
1543
312121
1543
312333
1561
312775
1561
1561
313086
313086
313111
1561
313357
313525
313565
313615
313750
314063
1561
314186
1561
314666
1561
1561
315078
315078
315300
315300
315333
315482
1561
315544
315580
315688
315793
1571
1571
316149
316650
1577
316715
1577
316785
1577
1577
1577
317298
1577
1577
1577
317928
1579
317982
318037
1580
1580
318277
318838
1580
1598
319190
319213
1598
1598
1598
1598
1598
1604
319911
319981
320017
1604
1604
320598
1604
320697
1611
1611
321085
321235
321235
1611
1623
321872
321929
1623
322022
322022
1623
322126
1623
1623
322851
323077
323099
323116
323213
323376
1623
323475
1623
323862
1628
1628
1633
1633
1634
1634
1634
1634
1634
325669
325735
1634
1634
326162
1634
1637
326267
1637
1637
326492
326515
1638
326777
1638
1638
327233
1638
1638
327690
1639
327873
327944
1639
328079
328143
328377
1642
328377
1642
1642
329215
1644
1644
329500
329552
1644
1644
1644
1646
330642
1646
1646
331007
1646
1646
331144
1646
1646
331345
331345
1646
1646
1651
1657
1657
331717
331849
1657
331970
1657
1657
1657
332846
1657
1657
1657
333047
333047
1657
1657
333369
1657
333632
333694
1657
333995
334667
334675
1662
1662
334848
1668
1671
1671
1671
1675
1675
1675
1675
1682
337160
337317
337657
1682
1682
1682
1682
1682
338618
1682
338756
338979
339018
1682
1682
1682
1682
339338
339418
339410
339422
1682
1682
339645
339959
1682
1690
340042
1690
340060
1690
1690
340263
1690
1690
1690
340684
340807
1702
341529
1704
1704
341937
342021
1704
342260
342326
342374
342482
1704
1704
343559
1704
1704
344060
1704
344504
344504
344504
1704
1704
1707
345339
345339
345339
345492
1707
1707
1718
346391
346505
1718
346634
1718
346825
346895
1746
347106
347168
347193
347193
347419
1746
1746
1746
348061
348066
348168
1746
348473
1746
1746
1746
1746
1746
349495
349587
349632
349826
1746
350088
1746
350383
350383
350554
350800
351000
1746
1746
1751
351386
351452
1751
351942
1758
1758
1758
352622
352638
352803
352854
1758
1758
1758
353067
353203
353258
1758
353500
1781
1781
1781
353612
353612
353820
1781
1786
1787
354349
1787
1787
355744
355744
356363
1787
356713
356786
357072
1789
1789
357407
1789
357683
1789
1789
1789
1789
1789
1805
1805
359999
1805
1805
360374
1807
360985
360976
361906
1807
1807
1807
362456
1807
1807
1807
1807
1813
1813
1813
364081
364086
364222
364725
1813
364843
1813
1820
1820
1831
1831
365292
1834
1834
1834
1834
366103
1834
366198
1839
1839
1839
366454
366742
366740
1854
367046
1857
1857
367487
367487
367487
1860
1860
367634
368167
1860
368401
368448
368460
368788
1860
1860
369002
369195
1860
369252
1860
1865
369417
1865
369473
1865
1865
1865
369975
1865
1865
370357
370352
1865
1865
1866
1866
1867
370740
370740
1867
1871
371011
371160
371252
371824
371835
1871
1878
371907
1878
372302
372355
1878
1878
373239
1878
1878
373473
1878
373641
1886
373641
1886
373728
373774
1886
1886
1893
1893
374612
1893
1893
1893
1893
1893
1893
1893
1901
1901
1901
375351
375351
1901
1901
375560
1914
1914
375740
376066
376294
1914
376393
1914
376443
376515
1914
376687
1914
376753
377011
1914
377651
1914
377762
1914
377915
1914
377971
1914
378291
378351
1935
378378
378378
1938
378805
1938
378956
1938
379115
1938
1938
379763
1938
1938
1938
1938
1953
1953
1953
380544
380596
380641
1953
380933
1953
1953
381254
381280
1953
1953
1957
1957
1962
1962
1962
1962
1962
383590
383666
383659
383654
1962
1962
384117
1962
1962
384385
1962
384650
384763
1966
384907
384976
1966
385413
385488
385769
386275
386315
386561
386561
386587
386711
386764
387179
1985
1987
1987
387958
388097
388099
388210
1987
388489
1987
388660
1987
389074
1987
389160
389830
390156
1987
390155
390278
390536
390536
390593
1987
1987
391448
391486
1987
1987
1987
1987
392017
1987
1987
392292
1987
392352
1987
392357
392346
1987
393394
393462
1987
1987
1987
1987
1987
394115
394326
1987
394713
394834
394886
1987
1989
1989
1989
1989
395080
1998
1998
395430
395950
1998
1998
1998
1998
1998
1998
396816
396916
396916
1998
1998
1998
1998
397273
1998
1998
397582
397603
1998
1998
398187
398187
398294
398379
1998
1998
398805
1998
399173
1998
399810
399973
399983
400165
400165
400231
400329
1998
1998
401046
2004
2004
401951
402289
2004
402336
402358
2004
402386
402599
2008
2008
2008
403760
403789
403952
404169
2013
2013
404727
2013
404981
2013
404982
2013
2013
2013
405388
405436
405499
2013
406435
406580
406635
2013
2013
406659
2013
2013
407218
407384
407718
2028
2041
408374
2041
2041
2041
408458
2041
2041
2052
408588
408638
408833
2052
2052
2053
409670
409764
2053
409766
2053
2053
410087
2053
410567
410825
2053
2053
2053
411224
411224
2053
2053
411353
2061
411448
2061
411823
2061
411992
2061
412162
412162
412234
2061
2067
2067
412953
2067
413304
2074
2074
413349
2074
2074
413748
413781
413936
413996
2074
2074
414300
2076
414565
2076
414565
2076
2080
415084
415084
2080
415471
2080
2080
416020
2080
2080
416316
2080
2080
2080
416880
2080
2080
2080
417576
2080
418297
2080
418586
2080
2080
2084
418913
2084
2092
2092
419135
2092
2092
419390
419409
419731
419759
419759
2092
2097
2097
419820
2102
419899
420100
2110
2110
420581
2110
2110
2110
2110
2110
2110
2110
421528
2110
421587
2110
2110
422244
422244
2121
422273
2128
422394
422394
2128
2134
422629
422766
423597
2134
2140
423839
423839
2140
423997
424054
424137
2140
2140
2140
2140
425236
425583
2158
425740
425886
425990
426103
426103
426103
2165
426651
2165
2165
2165
426878
426878
426971
427008
2170
2171
427326
427337
2171
427760
2171
427851
2171
428192
428355
2171
2171
428404
428447
428515
2171
2171
428638
2171
2171
2171
428982
429333
429762
429775
2171
429794
2171
2171
2171
430519
2183
2183
430795
431070
431244
2183
2183
431404
431404
2183
2193
2193
2195
2195
2195
432031
432031
432062
432109
432345
2207
432357
2207
2207
2209
2213
433167
2213
433472
433474
433594
2213
433756
2213
433883
434091
2215
434176
434452
434452
2220
2220
2221
2221
434936
2221
2221
435107
435162
2221
2221
435629
2246
435671
2246
435838
435961
436101
436139
436216
2246
437007
2246
2246
437116
437312
437433
2246
437539
437553
437750
437762
2246
2246
438256
438388
2249
2249
438974
2249
439634
2249
2262
2262
440598
440685
2262
2262
440833
440853
2262
2262
441063
2262
2262
2262
441650
2262
2262
441855
2266
2266
2270
442194
442340
2270
442554
2270
442807
442853
2270
442914
2270
443103
