910633
8
44
46
46
970862
46
990173
970862
46
46
957419
957419
957419
957419
57
958087
991840
991840
57
74
994228
74
994228
997521
80
997521
80
80
999585
999585
999585
994365
80
80
994228
80
994228
994228
85
85
85
85
994228
994228
85
993863
122
122
133
133
133
996872
133
996872
996872
133
996872
996872
133
133
996872
996872
994208
133
993863
171
993863
993863
997070
171
993863
279
279
279
993863
279
993863
298
993863
992005
298
992005
298
298
298
996563
992005
298
331
331
331
331
331
331
331
995775
331
331
331
995775
995775
331
331
995775
995775
345
345
345
998300
345
998300
345
345
345
345
998300
345
345
345
345
348
998300
998300
998300
998300
348
998300
348
998300
301
999664
301
999664
998300
998300
998300
301
998300
998300
998277
998277
348
998277
356
356
356
998277
356
356
998277
998277
356
998277
998277
998277
998277
201
201
998277
201
201
998277
998277
201
201
998277
998277
998277
998277
201
998102
356
356
356
998102
998102
356
998209
356
998209
385
385
998209
385
998102
385
388
997953
388
388
997953
407
452
997953
452
452
997953
997953
997953
452
452
997953
997953
461
997953
997953
997953
996941
996941
461
461
996941
461
461
461
461
461
461
996941
997120
997120
461
461
461
461
501
566
997120
997120
566
566
997120
996941
996941
21
995237
995237
995237
21
21
21
995237
21
996757
21
21
21
996757
996757
996757
995237
21
21
999790
21
21
999790
999790
21
999790
999790
21
995237
21
320
406
995237
566
995079
566
995079
994933
566
566
567
994933
994933
567
996577
994933
633
994722
994722
690
994722
994722
994722
690
994722
690
996704
996704
996704
996704
690
996704
994682
994682
994682
744
998980
773
998980
52
999244
999244
999244
999244
999244
998980
994682
994682
994682
775
994674
994674
775
994674
775
996191
775
996191
996191
775
996191
996191
775
996191
775
775
996191
996191
996191
775
995612
775
775
775
995612
775
775
775
806
812
812
812
995612
995612
995612
996938
818
867
996938
867
996938
996938
867
995800
867
867
995800
995800
995800
910
995800
995612
949
984
984
984
984
995612
996747
996747
996747
996747
164
164
995612
995612
164
164
164
164
164
995612
164
995377
164
995377
164
164
164
998476
998476
998476
998476
998476
998476
164
984
984
984
998476
984
984
984
1037
998476
995377
1057
1090
995377
1090
995377
995377
995377
1090
995377
1090
1090
994674
994610
1090
994072
994072
994072
1143
1143
994072
1143
1143
1233
1233
997048
1261
996671
1261
996671
1261
996671
994072
569
569
997744
997744
569
569
997744
997744
997744
997048
997048
569
569
1261
997048
1261
997048
997048
1261
1261
1261
999922
999922
1261
998827
998827
1261
998827
998827
1261
1261
998827
1261
998845
998827
1261
997703
997703
997703
997703
1261
1261
997703
997703
997703
1261
997703
997703
997703
1384
997703
1384
1384
997048
997048
997048
997048
999647
1426
1426
999647
999647
1426
1426
999647
1426
1482
1482
1482
1506
1506
999647
996265
1506
1509
999965
999965
996265
996265
1509
1509
998107
998107
1509
998107
1509
998107
1509
996265
996265
996265
994072
994072
994072
1509
1509
994070
994070
994070
1509
1509
1509
1517
998232
1517
998232
998232
998232
1517
994070
995095
1621
995095
1621
1621
994070
994070
1621
1621
1621
994070
1656
1656
994070
994070
1656
994070
1656
994070
993781
1656
1656
1656
997168
993781
993781
1666
1666
1684
1684
998104
998104
998104
1702
1702
998104
998104
998104
998104
1702
1702
1702
1702
1772
1835
999730
1835
999730
1835
999730
1835
1864
1880
1880
999730
999730
628
628
628
628
628
999297
628
628
999297
628
999297
1880
571
999297
571
571
571
1902
999297
999297
999297
999297
998104
708
708
998104
1902
1902
1902
1902
998104
1862
998104
1862
998104
1862
1862
1862
1862
1902
998104
997834
1902
1902
998401
998401
998401
388
388
388
388
997834
388
997834
388
388
997834
388
388
997834
997834
388
997834
997834
997834
795
997703
795
795
997703
795
795
997703
997703
997703
997703
997703
1707
1877
997703
997703
997703
997703
997703
997703
997703
1598
997703
997703
1598
997703
997703
997703
1598
997703
997703
997703
997703
1598
997703
997703
1598
1598
997676
997676
1598
1598
1598
997098
997098
1598
698
698
1851
1851
998972
998972
997098
997098
997098
997098
997098
1236
1236
1236
997098
997098
1330
1877
997098
375
999507
375
997098
375
997098
1251
1251
1251
1251
1251
997098
997098
1251
997098
1251
997098
997098
1877
1877
997966
1877
997966
1877
997966
1877
997966
1902
1951
997966
1951
1967
997098
997098
997098
1967
997098
1967
997098
997098
997098
998959
998959
1971
997098
997098
1971
1971
1971
1978
1978
997098
2044
2107
2107
997098
996075
996050
996050
995027
590
998865
590
590
998865
996306
2107
2124
2124
2124
2124
2124
996306
996306
996306
2124
995027
2124
996304
996304
2124
2124
2124
996304
999315
999315
999315
2162
2162
999315
999315
996304
562
562
562
996026
2162
997762
999941
2162
2189
999941
2213
2213
999941
999941
2213
2213
999941
999941
2213
997762
856
856
997762
856
996026
996026
2213
2213
2215
2216
2216
996026
996026
996026
2216
996026
2216
2216
2216
996026
2216
2216
2216
996026
2216
2250
996026
2250
2251
996026
996026
996026
996026
996026
2251
996026
998907
2251
2263
998981
998981
998907
1876
996026
2266
996026
2266
2266
2266
2266
2266
2266
998417
998417
999108
2266
999108
2286
2286
999108
2286
998508
998417
998417
2286
2286
2286
2289
999622
2289
999622
2321
2321
999622
999622
998417
998417
2321
2321
998417
998397
2353
998397
998397
996660
2364
2406
996660
997547
2406
2412
2427
997547
997547
997547
2427
997547
2427
997547
997547
997547
996660
996660
996660
2436
2463
2463
2463
2478
996660
996660
995117
2543
2543
995117
1962
999466
1962
1962
1962
1962
1962
1962
1962
1962
999466
1962
2571
999466
2571
999466
995117
2571
2571
2571
2571
2627
2644
995117
995117
995117
995117
995117
995058
995027
2644
2644
2644
998108
998108
998108
2646
1836
998108
1836
2671
994897
2676
2676
994897
2676
994897
994863
2676
994863
2676
999414
999414
1034
999414
999414
2676
999414
2181
999414
2181
2676
999414
2676
2676
999414
2676
999414
2676
2676
2695
998621
998621
2695
2695
2695
2695
2725
2725
2725
998711
2725
2725
2725
998711
998711
2725
998711
998711
998711
998711
2725
2725
2725
2725
2725
2729
2729
998621
998621
2729
2730
996513
2730
996513
996513
2730
2730
2730
2748
2753
999345
999345
2758
2758
999345
2758
997755
997755
997755
2758
2787
999252
999252
999252
999252
999252
627
627
627
2787
2787
997755
2794
997755
997755
2794
996513
996226
996226
996226
1436
1436
1436
1436
1436
996226
1436
1436
996226
1436
1436
996226
996226
1436
996226
996226
996226
1436
1436
1436
996226
1474
1474
1554
1554
2224
996226
996226
996226
996226
996226
2224
995953
2224
995953
2224
995953
995953
995953
2224
2794
995953
2794
2794
2794
995953
995953
1584
1584
995953
995953
1584
995953
999233
1584
999233
995953
1584
995953
2074
995765
995765
2794
995765
995765
2794
995765
2799
2799
2799
2799
999426
999426
999426
999426
2799
999426
2799
2799
2799
2799
999426
999426
2799
2799
999426
2799
999426
999426
2799
999426
2799
2799
999426
2807
999426
2842
999426
2842
2842
2842
2842
2842
2842
999426
2842
999426
999426
999426
999426
997641
2945
997641
997641
2966
2966
995765
2975
995765
995765
995765
2975
2207
280
997519
997519
995765
995765
280
280
280
996058
996058
996058
2138
998244
2138
998244
2138
2138
2138
2138
998244
2138
2138
998244
2138
998244
998244
2138
2138
998244
2138
3000
998244
3000
2267
998244
2267
2267
998244
998244
998244
998244
3000
995765
3019
3029
998237
3029
3029
998237
995552
995552
3029
3029
3029
3029
995552
995552
995552
3029
3029
3029
3029
998633
3029
3029
998323
3029
998323
50
50
998323
50
50
3029
3029
997760
997760
3029
1048
1048
997760
997760
1048
1048
997760
841
841
999335
999335
999335
3029
3029
3045
3045
999673
3045
999673
650
650
650
650
999673
650
650
999673
999335
999335
999335
999335
650
999335
650
995552
995552
3045
3045
995520
2975
2975
2975
2975
2975
2975
995520
2975
995520
2975
3055
995520
995520
3055
995520
3055
3078
3096
995520
995520
1036
3096
995374
3105
3121
3121
3121
995374
3121
3121
995374
995374
3121
995374
995374
3121
995374
3121
3121
3121
995117
3121
3125
995117
3125
3125
997527
3140
997527
3140
3140
3140
3140
997527
3140
3140
997527
3153
3153
3153
3153
997527
997527
3153
2202
2202
997527
997527
997527
2202
2202
2202
997527
2202
997527
2202
2202
995117
2202
995117
2202
3153
2744
994832
2744
994799
994799
994799
3153
3153
994790
994724
3153
994724
994724
999884
3161
999884
999884
2517
999884
999884
2517
2081
999884
2081
2081
995737
2067
2081
995737
2081
995737
995737
2081
995737
995737
2081
2081
2081
995737
2081
997631
997631
997631
997631
994724
2081
2081
994649
2081
2081
999333
999333
999333
2081
999333
2081
999333
2081
998113
2517
2517
998113
998113
2517
998113
998113
2517
2517
998113
2517
994649
2517
994630
2517
2517
995700
1289
995700
1289
1289
999277
999277
999277
995700
997464
995700
995700
262
262
995700
995700
995700
994630
262
262
262
994630
997037
994630
262
262
1289
994630
994630
994630
1289
1289
2517
2517
998544
998544
2517
998544
2517
2517
998544
2517
694
694
994630
994630
998525
994630
994630
694
694
143
143
694
694
998873
694
694
998873
998873
994630
994630
694
694
994560
694
694
2517
994560
994486
2744
2744
2744
994486
2744
2744
2744
2744
2744
999404
2744
999404
2744
3099
999404
999404
994486
3099
3099
3099
3169
995593
3169
995593
3169
3169
995593
995593
995593
995593
995593
3169
995593
995624
995624
995593
1541
1541
1541
1541
1541
1541
995593
1541
1541
999030
1541
1541
999030
1541
999886
999030
1541
1541
999030
1541
1541
1541
999030
1541
999756
999756
999756
996961
1541
1541
1541
996961
996961
2891
2891
996961
2891
996961
2891
996961
2891
996961
2891
2891
2891
996961
996961
996284
996284
2891
996284
996284
996284
2891
996284
2980
2980
2980
2980
2980
997849
2980
2005
2005
2005
3169
3169
999953
3169
999953
3169
3169
999953
997849
3169
3169
3169
997849
997849
997849
997346
997346
997346
3169
997346
3169
3176
3176
997346
997346
1166
996284
996284
1166
996284
996284
1166
1166
996156
1166
996156
1166
996156
995593
995429
995429
1166
995429
1166
995429
3176
3176
995429
995429
995429
995429
995429
995429
995144
995144
995144
995873
996739
995144
1919
995144
1919
1919
995144
995144
994860
994860
994849
54
994849
1919
1919
998249
218
998249
218
218
998249
218
218
998249
998249
998249
997493
997493
218
218
935
994849
994849
935
935
998063
1380
998063
994849
1431
1431
994849
1431
1431
1431
994849
1431
998718
998718
1431
998718
998718
1431
1431
1431
1431
1431
994915
994915
1431
994915
994849
1919
1919
2583
999779
999779
998698
998698
998698
994478
994478
994478
994478
2583
994476
2583
2583
2583
2583
2583
995760
994476
2656
994448
994448
998805
2656
994448
994448
994448
2656
994448
2656
2822
2822
2822
994375
1363
1363
1363
1363
997286
997286
997286
1363
994375
994375
1363
1363
994375
1363
1363
994243
1363
994243
994243
994167
997828
1363
997828
1363
994167
1363
998056
1363
998056
998056
998056
1363
998056
1363
1363
998056
1363
1363
998056
998056
998056
998056
998056
1363
1363
998056
1363
2534
998056
2534
2534
995102
2822
999713
2822
999713
2822
3101
999713
3101
1095
1095
3101
3121
999713
999713
3121
999713
999713
3176
996982
996142
3176
3176
3176
996142
996142
215
215
3198
3198
997777
3198
997777
997777
997777
997777
997777
3198
3198
999041
997777
997777
997777
997777
996142
996142
996142
996142
3198
3198
3214
996142
3214
3214
3214
3214
3214
998304
996142
996142
995563
3214
995563
995563
1185
995563
1858
1858
995102
3214
3214
995102
994484
2184
994310
994167
994167
2184
3214
3214
994167
3214
994167
3240
3244
3259
3259
994167
3259
3259
3259
3260
994167
994167
994167
2363
994152
994152
994152
994152
994062
994062
994062
1954
997863
2363
997863
1442
997863
997863
1442
1442
1442
2363
2363
997863
2363
2363
2363
997863
3260
3260
997863
997863
3260
997863
997863
997863
3260
3260
3268
997863
997863
997863
995974
995639
3268
3268
3268
3299
3299
995639
3299
995639
996502
996502
377
996502
994729
994062
377
994062
994048
994048
338
338
338
994045
377
993991
377
377
993909
996188
996188
377
506
521
997884
996188
996188
521
996188
996188
521
996188
996188
999564
999564
521
999564
999564
999564
521
999564
521
521
999564
521
521
999564
521
999564
521
999564
999564
999564
999564
521
521
999564
999564
1976
999564
1976
1976
1976
999564
997706
1976
997706
2135
997706
997594
2135
2135
997594
997594
2135
3298
3331
3342
997594
997594
997594
3342
997594
997127
3342
997127
3342
997127
2597
997127
2597
3342
3342
997127
3342
997127
997127
3342
997385
3342
997385
997385
998872
3342
998872
3342
998872
996373
996373
996373
3342
3364
3364
996373
351
996373
996373
351
996373
996373
1543
996373
3364
996188
996188
3364
998476
29
996188
29
29
996188
29
996188
3364
3364
996188
995703
995526
3364
3364
995526
995526
3406
3406
995526
995526
3406
3406
995526
3406
3406
995120
994412
994412
3406
994412
3406
995333
995333
995333
3406
3406
995820
995820
3406
995820
995820
995820
3406
995820
995820
3406
996489
996489
996489
995820
3406
3430
995820
3430
2972
3430
995820
995820
3430
995820
3430
995333
3430
998762
998762
3432
999574
3432
3432
999574
3432
999574
3432
3432
3432
3432
999574
793
999574
793
999574
793
999574
999574
1366
999574
999574
1366
3444
999574
999574
2320
2320
2320
999574
999574
2320
3351
3444
999574
999574
999574
998762
3444
997942
3444
997942
3444
3444
999367
997942
3444
997942
997942
997942
997464
997464
997372
997372
997372
997372
997372
3444
997372
996562
3447
3447
3447
996562
3447
3447
3452
996562
3452
3452
3452
996562
996562
3452
995333
3452
995333
995333
357
995333
357
995333
995333
994412
357
357
994329
995781
998364
998364
357
998364
998364
357
998988
357
357
357
357
998988
998988
357
357
889
889
999497
998988
998988
889
3019
998742
998742
998742
999695
999695
999695
999695
3050
3050
999695
3452
999695
3452
998742
998742
998742
998742
2984
2984
998742
2984
998742
998742
2984
2984
998742
3458
998742
998742
998742
3458
3458
998742
996865
3458
996865
3458
996865
996865
3465
3465
996865
3465
996865
3465
996865
3465
996865
996865
995781
1798
995781
995781
1798
995622
995622
1798
995622
1798
1798
1798
995622
995622
995622
994688
1798
994510
1798
994510
994510
1798
994510
1798
999699
999699
1798
1798
1798
1814
1814
1814
999699
999699
999699
1814
999699
999699
1814
1814
3465
3465
999699
3465
3472
3472
999699
1391
1391
1391
999699
1391
999699
999652
999652
1391
999652
1391
999652
2576
2576
2310
2576
2576
3483
3483
999652
999939
999939
999824
999824
999824
999652
3483
999652
999652
3483
3502
3502
999652
3502
997032
997032
2681
996644
3480
3480
998873
998873
998873
3195
998840
2212
2212
2212
2212
998840
998840
998560
2212
998560
2212
3195
3195
997713
997713
3195
998694
3195
998694
998694
3195
3195
998694
998694
3195
1516
998694
1516
1516
998694
998694
1516
2471
998102
2471
2471
2471
2471
998102
199
997713
199
997544
997544
997544
199
199
199
199
199
199
2471
998878
2471
2471
998878
2883
998042
998042
998042
998042
998042
998042
998042
998007
998007
2883
2883
997544
2883
2883
997242
2883
997242
898
898
2883
997242
3143
3143
997014
997014
997014
3143
3143
997014
3143
996732
3143
996732
3143
996644
996644
3143
3195
996644
996644
3195
998706
3195
998871
3480
791
998871
999118
791
791
999118
791
998706
996644
996644
791
996644
3480
3480
3480
3480
998657
3480
3502
998767
998657
996644
3502
3502
3502
3502
3509
3509
3509
996913
996913
996644
996644
2622
2622
999587
2622
999587
2622
2622
999587
999587
999587
10
2622
2622
2622
999587
1933
1933
999587
1933
999587
999587
996644
996644
996644
996644
1933
996313
996313
1933
1933
996215
1565
995987
995987
1565
995965
995527
1565
995527
995527
995527
995527
995527
995527
995527
995527
995527
995527
995527
1565
1565
1933
1933
2043
2043
2043
996183
2043
996183
2307
996183
2307
2307
2622
2622
2622
996183
2622
2622
996183
996183
2622
996183
2622
996573
2622
2622
996183
2622
2622
995527
995527
2622
995980
2624
2624
995527
2624
2624
995527
2624
995527
2624
995527
995488
2624
995488
995488
2624
2624
2624
999332
2624
995488
995470
995470
995470
995470
2624
995470
995470
2624
995470
995470
994522
2624
994378
2624
2624
2925
994378
994378
994378
3509
994357
994230
994154
3509
996700
3509
996700
3509
996700
3509
998471
998471
3509
998471
998471
999789
999789
999789
999789
679
998471
679
998471
679
998471
998471
679
679
679
998471
679
679
998471
679
679
3519
3519
3519
3547
3547
3547
3547
3547
3547
3547
2816
998471
998471
998471
2816
998471
2816
998471
3547
998471
998471
3547
3562
997397
997397
997397
3562
997397
997397
3562
3566
997397
3566
3566
997397
997397
3585
3585
997397
997397
3659
3661
2553
997457
997397
2553
999891
2553
999891
999891
2553
999891
999891
999891
2097
999891
999891
999891
999891
1995
999891
1995
1995
2368
2368
997397
996700
2444
2553
999137
3666
996700
996562
996562
3666
996562
3666
996562
996562
996562
996562
996562
3669
3669
996562
3669
3669
3669
3669
996550
996550
996550
3669
996550
3669
3669
996550
996550
3669
996550
3669
996550
996550
643
643
996550
643
996550
643
643
3669
3669
999372
999372
3669
999372
3669
999372
999372
999372
999372
3562
999372
999372
999372
999372
3699
999372
999372
3699
996550
3703
995967
3703
773
995967
773
773
995967
995967
995967
773
995967
995967
995967
773
773
995967
995967
773
995850
995850
995850
3703
995850
3703
3703
3703
3703
998909
998909
998909
3713
3713
998909
3714
998909
998909
998909
1795
1795
998629
998629
1795
1795
998629
998629
998629
1795
1795
1795
998629
1795
1795
998629
1795
1795
998629
3669
998328
998328
3669
998328
3669
3669
3727
998328
998328
3727
998328
998328
3727
998328
3727
3727
3727
3727
3727
998151
998151
2923
998151
998151
998151
998151
2923
998151
998151
3328
998151
997348
3328
997348
3328
997831
997831
997831
3328
997831
997831
997831
997831
997831
997831
997831
997831
997831
997831
997348
996651
2698
996651
2698
995976
2698
995976
998845
2698
998845
998845
2971
996190
2971
995850
995850
995773
2971
3272
3272
995728
996682
3272
3272
996682
3272
996682
995484
995484
3272
995484
995484
3272
3272
995484
999071
11
2319
999071
2319
999071
3328
3328
995484
995484
3328
3328
995484
3328
3727
3727
995484
3727
995484
995484
3727
995484
995484
995484
995285
1031
995285
995285
995285
1031
1031
995285
1031
1031
995285
1031
1031
1031
1031
995285
994887
1031
3727
994733
3728
3728
3728
994733
3728
3731
994465
3741
995692
3741
3559
3559
3559
995692
3559
995692
995692
3559
994465
3231
3231
3559
994465
994444
3559
994444
994444
994271
994271
994271
3559
994271
3559
994271
994271
994271
3559
3559
3559
994271
3559
997245
997245
994271
994271
3559
994271
996293
3559
994271
994271
3770
994487
994487
3811
996150
994487
3817
3817
3817
3817
994487
994487
994487
994271
3817
994271
3824
3824
3824
3824
996300
3824
3824
996300
996300
3824
3824
996300
3824
3827
3827
3827
3778
3778
997862
997862
3778
3778
3827
997862
3837
997862
996300
2244
996300
3036
996300
3036
994271
3837
999876
999876
999876
3846
999876
999876
999876
999761
998429
994271
994271
2480
994271
994271
994271
994271
619
619
619
994271
994271
619
994268
619
619
619
998785
1451
998785
1451
998785
998785
998785
1076
1076
1076
999778
998785
998785
998815
1076
996264
996264
1076
1076
996264
996264
1451
1451
1451
1451
996264
1451
996264
999588
999588
999588
997375
1575
1575
2577
2577
997375
997375
3491
1150
1150
1150
999434
1150
3491
999796
999796
3491
999434
999434
999434
999434
3491
3491
3491
3846
999434
3853
3853
999434
3853
999434
999434
998693
3853
3853
3853
997812
3853
997375
3853
997375
3889
997375
3889
997375
3889
997375
3889
997375
2047
2047
996264
2597
2597
3891
996264
996264
3891
996264
998676
3891
3891
998676
996219
3891
3891
996219
996030
3891
994268
3891
994123
994085
3891
3891
3891
994085
994085
993969
993969
993933
993933
993824
136
136
136
136
136
136
136
136
136
136
998539
136
993824
136
993824
993824
999543
999543
2157
2157
999543
1530
1530
1530
1530
1530
1530
1530
999543
999359
999359
999359
1530
996747
1530
1530
996747
1530
1530
1530
2157
999900
2157
999900
2157
2157
999900
999900
2157
999900
999900
2157
996997
996997
997389
920
997389
997389
998501
998501
920
998501
920
920
997389
997389
997389
920
997389
996997
996997
996747
996747
996747
920
999231
999231
920
996747
996747
920
920
2157
2345
2828
996747
996707
996707
2828
996707
2828
996707
2828
999577
999577
999577
3752
3752
999577
3752
999577
3752
3752
3899
3899
999577
999577
999577
3912
999577
999577
999577
3912
999577
999577
999577
999577
996707
1954
1954
999432
999432
1954
1954
999432
999432
1954
999432
999432
1954
1954
3912
3912
3927
999432
3939
3939
999432
999432
999432
999432
999240
999240
999240
3979
3979
999240
3979
3979
997822
3979
3979
4002
996707
996707
996707
2058
