27020
27020
999957
40316
999957
16254
999957
999957
999957
14995
14995
999957
999903
30506
999903
999903
999898
5588
999898
5406
5406
999898
5406
999880
999876
5544
999861
999861
999808
999808
999798
5544
999798
999798
5588
5588
5588
999798
999798
999798
999795
5588
5588
999795
5588
999795
5596
999795
999795
999795
999795
999795
999766
2602
999766
2328
2328
3769
3769
999745
999718
3769
999706
999706
3049
3049
999706
999706
999700
3049
4426
4426
4426
4426
999700
999693
4426
999689
4426
4426
999689
999689
999663
999663
4426
4426
999663
999663
1477
999663
1477
999663
4426
999663
999663
999590
4426
4426
4426
4426
999543
999505
4426
999498
4426
4426
999498
4426
999498
4426
999476
999412
4271
4271
999412
999412
4426
999412
999412
999412
3176
999408
3176
3176
3176
3176
999408
4426
999396
999396
4426
999443
5000
999443
999396
5092
999396
999396
999396
5092
5092
999396
5596
5596
5596
5596
999396
4469
999396
999396
232
999396
232
232
999382
450
999382
450
999382
999382
450
450
450
1523
1523
1523
999382
999382
999382
999317
999317
999317
999265
1963
1963
1963
999391
999391
999391
999265
1963
999265
999265
1963
2831
999265
999265
2831
999265
3361
999265
3361
999265
999265
3361
3361
999261
3361
4413
4413
999261
999261
999261
2929
2929
3638
3638
4102
4102
4102
4413
999261
4413
999261
4413
4413
999261
4413
4413
4413
4413
999261
4413
4469
999261
999235
4469
999213
4469
999213
4469
999198
5596
999198
5596
999198
5596
999174
4298
999174
999174
4298
999174
4298
999174
4298
4298
4298
4298
999174
999174
5596
999174
1492
1492
1492
1492
2113
2113
999174
2113
999153
999153
2113
999153
3958
999153
999153
999153
999153
3958
4374
4374
4374
4374
999153
4374
4374
999153
999153
1769
999140
999140
1769
999105
1769
1769
999105
1769
999105
5596
999105
999090
999090
999081
999081
999081
999081
999081
2463
999081
6053
999081
999038
1341
999038
999038
1341
999038
999038
6053
999038
4030
998995
4030
998995
4030
998995
998995
3650
998995
4030
4511
4511
998995
4511
6053
998995
998995
3724
3724
998995
998995
3724
998995
998995
998995
998969
3724
998969
3724
998969
3724
3724
3724
998969
998951
3724
2438
998928
998928
2438
2438
998838
3724
998838
998838
998838
4228
5372
998838
998795
998795
998756
5372
5372
5372
998729
998729
998729
998729
998729
998729
4761
5372
3541
998729
5372
5372
998729
5372
5372
998729
6053
998729
998729
5023
998703
998703
5023
998703
6053
6053
998703
998703
6053
6053
6053
6053
998703
6053
6164
998703
998703
998703
998703
6164
998700
6164
999953
999953
999953
6100
6100
6100
998700
6100
6100
998700
999526
6100
999526
6269
6269
999526
6269
999526
579
1850
1850
999526
1850
999040
998700
969
969
998700
1850
998700
998700
1850
998700
998700
1850
998700
1850
1850
1850
1850
1473
921
921
921
999394
998700
921
921
921
998682
921
921
998682
998682
998682
998619
998619
998619
921
921
998619
921
921
921
998619
921
921
921
1473
1530
998591
1850
998591
998591
1850
2531
2531
2962
2962
2962
998591
998591
3122
3122
998591
998555
5082
5082
998555
998555
5082
998555
5082
3509
998555
5082
5082
5082
5082
998526
4449
998526
4449
5082
5082
998499
5082
998499
5082
998499
998499
998499
998494
5082
5256
6111
998494
998494
998494
6256
6256
6256
999753
999753
6256
999753
6256
6256
999753
999753
999753
999085
998484
6256
998484
6256
6616
998484
998448
998448
6714
6749
6924
7150
7150
7150
7150
7150
998448
7150
998448
3590
3590
148
998448
998448
148
148
148
148
999475
999475
148
999475
999475
148
999475
148
148
999475
999475
999475
148
999475
999475
999475
148
999475
999475
999475
294
999475
999475
999475
294
294
999475
294
294
999475
999475
999475
294
294
999475
999475
294
294
998612
998612
294
294
294
998612
294
998498
998448
294
998448
998448
294
294
998448
294
998448
998448
1240
998448
1240
1595
998394
1632
1632
998394
1632
998394
2132
998394
2132
2132
998394
998358
2132
2132
2132
999468
2195
2195
2195
999468
999468
999468
2337
999468
2337
998358
998358
2337
998358
2337
998358
998358
998358
2337
998358
998358
998358
998358
2337
2337
2337
998773
998773
2337
998773
2337
2337
2337
999496
998358
2337
998358
998339
2337
2337
998339
2337
998339
998337
2762
998337
998337
998337
998337
2762
998337
2762
2762
2903
998337
2903
2903
999185
2903
287
999185
999185
287
999185
998302
801
3012
998293
3012
998293
998293
998293
998293
998293
466
1707
1707
998293
1707
3305
3305
998293
998293
3305
3305
998293
998293
998293
998293
998293
998293
998293
998293
3390
998293
998293
3308
998293
3308
998293
3308
998293
3308
3308
998217
3308
998217
3308
3308
998209
998209
998209
3308
998209
999589
3308
999589
999589
999589
999589
998209
998209
2060
999556
2380
999556
999556
2380
2380
998209
2380
998209
2380
998209
998209
2380
743
743
743
998209
998209
998205
998205
998191
998191
998191
998151
998151
998151
998151
743
998151
998151
998151
743
998151
743
743
998138
743
998138
743
743
998138
743
743
998138
998138
1707
998138
2380
2380
998134
2380
998134
998126
2380
3108
998126
998126
998126
286
998126
51
51
998126
51
998126
286
286
998124
286
3108
998124
3308
3308
3388
3388
998124
998124
3388
998124
3388
998085
998085
998085
998085
3388
3388
3388
998657
3388
998657
379
998657
998657
998657
998657
998085
998085
998040
379
379
998040
998040
379
379
379
379
379
2708
2708
998040
2708
998040
998040
2708
2708
3388
998040
998024
998024
3388
998024
998024
998024
999263
999263
999263
3388
998024
998024
998024
3388
998024
3388
3390
998024
3590
998005
3592
997978
997974
997974
3592
3592
3592
997966
997966
997966
997959
997959
997959
997959
997959
997959
2174
2174
997959
997959
997959
997879
997879
997859
2174
4108
4108
997859
4211
997859
997852
3018
3018
3018
3018
3018
997852
3018
997852
997852
3018
3018
999736
644
644
3018
3018
999736
3018
999736
3018
302
999771
302
3018
3018
999771
999771
533
999771
3018
999771
3018
3018
999771
3018
999771
999945
3018
3018
999945
3018
999771
999771
999771
999736
3018
999736
999736
3018
3018
3018
999736
999736
3018
999736
999562
1136
1136
999362
999362
999362
999362
1136
999362
999362
1136
1136
997943
997943
1136
997943
1136
997943
1136
997943
3018
3018
997943
3018
3018
3018
3018
997943
997943
3018
997943
3018
3018
998895
998895
999540
3018
999540
3018
4211
4267
4267
4267
999540
999540
999540
4267
4267
4267
3868
997852
4267
4446
998452
998452
4446
4476
4476
4476
997784
4476
4476
997744
997744
997744
4643
997744
4643
4643
997744
997744
997744
4643
997744
997740
2920
2920
4643
997740
4646
997735
4646
998835
998835
1646
1646
4646
1133
998835
998835
998835
1133
1133
1133
998835
1133
998835
1133
1133
4560
4560
998835
998835
4560
4560
4828
998864
4828
998864
998864
4899
997735
997735
997730
4899
4910
997730
997730
997730
997730
4910
4910
997730
997730
997730
997730
807
807
807
807
4448
998648
998648
4910
998648
998648
998648
997740
4910
997740
997740
4910
4774
997740
4774
997740
4774
4920
4920
998305
998305
998305
998305
997663
997663
2034
2034
997654
2034
2034
2034
997654
2034
997654
2034
2034
2034
2034
997654
2034
2034
997654
2034
2034
2611
997654
997654
997648
4926
4926
4926
997648
997648
3566
3566
997648
2547
997607
997607
997607
997607
997607
997607
3566
997607
3566
997607
895
895
3566
997607
997607
4926
997607
997607
555
997607
997607
555
997607
555
4926
5171
997607
997607
997607
997607
5171
997607
997547
997547
1003
1003
997547
997547
5171
5171
997547
997527
997526
997526
997526
997526
997526
5196
5196
5196
997526
997514
1638
997514
997514
997480
1638
1931
1931
997480
1931
1931
1931
997480
997454
997454
1931
1931
1931
1997
997454
997454
997442
693
997438
693
997438
997438
997438
997438
997438
474
474
474
474
474
998505
474
1997
1997
999376
1997
999376
999376
2180
999376
2180
2180
998505
5041
5041
5041
3655
5196
998505
5196
998505
998505
998488
5196
999545
5217
5267
5267
5267
5267
999545
5291
998488
5291
5291
5452
5485
998919
5485
5485
998488
5485
3814
997619
3814
3814
3814
3814
3814
3814
3814
3814
997619
997619
997619
997619
997619
997619
3814
4133
4133
4133
997619
4133
409
999596
999596
999596
999596
409
999596
999596
4133
997619
4133
997619
5485
997367
997361
997355
5485
5508
5537
5537
997351
997351
5537
5537
5599
5635
5635
997345
5635
5635
997345
1018
5635
5635
5635
5635
999134
5635
5635
5635
999134
999134
5635
5921
997345
5921
5921
997345
5921
5921
5921
997345
5921
5969
997338
997338
997338
5969
6033
6055
999915
998719
997338
997338
997338
6055
997279
997279
6055
997279
6055
997279
997279
997279
2292
997279
997279
6055
997279
1377
1377
1377
997278
997278
1377
1377
997278
997278
997278
997278
997278
997253
1977
1977
997253
3264
997253
3264
3264
6055
997253
6055
6055
998960
998960
6055
6055
6055
6055
5816
998960
5816
5816
998960
5816
1879
5816
6055
998960
513
513
513
998960
998960
513
998960
513
998960
998960
998960
677
677
677
677
677
998960
998960
998960
677
677
677
1747
1747
1747
998960
1747
997253
997253
2147
6055
997253
6055
997253
997253
6055
6055
6081
997253
997253
5358
6081
6081
997253
997253
997253
997253
997253
4941
997253
4941
6081
6081
997253
6081
997253
6081
997251
6081
997251
6081
6081
6081
997251
997251
997251
997251
997247
6081
6081
6081
6081
997247
6081
997235
997235
997235
997228
997228
6081
997228
6081
29
29
29
997211
997211
29
997211
29
997211
29
29
29
29
997205
997189
997189
997189
29
4005
415
997180
415
997180
415
415
999359
415
415
415
999359
999359
415
415
415
999359
999359
415
415
415
415
999359
415
999359
415
999359
415
999359
415
999359
415
999359
415
415
415
415
999359
415
999359
415
999359
415
999359
999359
999359
999359
415
999359
999359
415
736
997180
997180
736
736
736
736
997170
997170
736
997155
997155
2292
3052
3052
3052
3535
3535
3535
4413
997151
997151
4413
4494
997944
997944
997151
997109
4494
4494
4494
997109
999803
4494
999803
5388
999803
997109
5500
1578
997082
997082
1578
997082
1578
997082
2144
2144
1082
997082
997082
1082
1082
997082
1082
997082
1082
1082
997082
997082
997066
997066
997066
1082
1082
1082
1328
1328
997627
1328
2144
2144
997627
381
2144
2144
999581
999581
2144
999581
1189
999581
999581
999581
999581
2144
999581
998538
998538
1086
998538
997804
997804
997804
2247
2247
3286
997804
376
376
997627
3286
997627
997533
997533
997533
997533
3286
997786
3721
997786
997786
3721
997786
997533
997533
3721
5500
5500
997183
5500
997183
5500
997183
997183
5500
5667
5761
5761
5761
997183
5761
997183
997183
5761
5761
5761
5761
5761
997066
5761
997066
997066
5830
5830
997066
997066
5989
997066
997066
997066
997066
4222
997037
997037
4222
4222
997574
4222
4222
4222
997574
2842
2842
997574
2842
997574
4222
997574
4222
4222
4934
997574
5989
997574
997574
5989
5989
997574
6081
997574
997574
6081
6081
997574
997574
6247
6270
997574
6270
6270
997574
6308
997574
997574
6308
997574
6308
6308
6308
6308
6308
6308
6308
6308
6308
6308
997574
997574
998853
6308
998853
999161
999161
6308
6308
999161
6308
3059
999161
998853
998853
3828
1191
3828
6308
6308
6372
998853
997574
1049
1049
1049
997797
997797
997797
1000000
1049
997541
1049
997541
1049
999520
4643
4643
999520
999520
999520
4643
4643
999520
4643
4643
999520
999520
4643
999520
4643
998638
998638
998638
4643
4643
4643
4643
998638
998638
4643
4643
997037
997037
4643
998790
998790
998790
4643
2959
2959
2959
999507
999507
999507
145
2959
5412
999507
998790
998790
506
1008
998790
998790
1008
1008
1008
997037
1008
997037
997037
996994
996994
1008
1008
1008
996994
1008
6372
996994
996994
6407
6407
6407
996972
996972
1516
998191
996949
1516
1516
1516
996949
999607
1516
1516
11
11
999607
999607
999607
11
11
11
11
11
2977
999607
2977
4258
4258
999607
999607
4258
4258
999607
999607
999607
4258
4258
999607
4258
4258
999607
999607
999607
4258
999607
999607
4692
999607
4692
996944
996944
4692
996944
4692
996944
4692
4692
996944
996944
996944
4692
996944
4692
4692
4692
996944
996944
4692
4692
4692
996944
4692
4692
996944
996944
998785
996944
996944
2923
996944
2923
2923
996944
996931
996931
996931
2923
996931
5095
6169
6169
6169
996931
6407
6407
5522
6407
6447
996931
996921
2077
996913
2077
2077
996913
996913
2077
996860
2729
2729
2729
2729
996858
996858
1516
1516
2729
2729
996858
2729
6362
996858
996858
6362
996858
6362
6447
996858
996858
4626
996858
996858
996848
4626
4626
996848
996848
4626
998136
4626
999767
4626
4626
6493
6493
996848
996848
6503
6503
6503
6613
996848
997470
6613
997470
997470
6613
997470
6613
997470
997470
997470
997470
4078
4078
2200
2200
2200
999773
999773
999773
2200
2200
999773
2200
2200
999773
999773
2200
999773
999773
4078
6613
999773
6613
6613
6716
6719
6754
999773
999773
6787
6788
6788
6788
6788
6788
999773
999773
6788
6826
6826
999773
999773
6826
6826
999773
999773
6987
999773
6987
6987
6987
999773
999773
999773
6987
999773
999773
6987
7028
999773
7028
7028
7028
999773
999773
999773
999773
1404
999773
999159
1404
999436
999436
1404
999436
1404
1404
999436
999436
999436
999436
999436
999436
999436
999436
1404
1404
999159
999159
999159
1404
999159
1200
1200
1200
999159
1200
999159
999159
998743
1200
1404
1404
998743
1523
998743
998743
1523
998743
1523
998743
998743
998743
1523
998743
998743
3137
3137
998743
3137
997808
3137
3137
3137
3449
997808
997808
125
997808
125
997808
997808
125
997599
997599
997599
997599
997599
997599
125
125
125
125
125
125
3449
997599
997599
997518
3788
4097
997518
997518
4097
997518
997518
997470
997470
2917
2917
997470
2917
2917
997470
997470
3169
997470
3169
997470
3169
997470
997470
3169
997470
3169
997470
997470
3169
997470
997123
3169
2709
2709
2709
997123
2709
2709
2709
2709
996848
996848
2709
2709
2709
2709
996848
996848
3169
996843
996843
996843
3169
996843
3169
3169
3169
996843
1588
290
290
1588
997794
997794
997794
1588
1588
997794
997794
1588
997794
997794
997794
997794
997514
997514
1588
997514
3169
4097
4097
997514
997514
996843
996843
996841
2243
2243
996841
2243
996841
996841
2243
996841
996838
996815
1005
996815
1005
996815
2243
996815
2243
996815
996815
2243
996815
2243
996815
488
488
488
488
996815
996815
488
996815
996815
996815
1935
1935
996815
1935
1935
312
312
312
1935
1935
1935
996812
996958
996958
999746
999746
999746
1236
1236
999746
1236
999746
999746
998185
996812
996812
1236
996795
1236
1236
996795
996795
1935
1935
1935
1935
996795
996795
1935
996731
1935
2243
2243
996731
2243
2243
2243
996731
996731
996731
2243
2243
997897
998713
998713
1457
998713
996731
1457
996731
1457
1457
996731
1457
1457
1457
996731
1457
996718
1457
996718
996718
2243
2243
2243
2243
2243
2243
997305
2299
2577
2577
2577
997305
555
996718
555
998805
998805
2577
2577
2577
998805
2577
998805
2577
2577
996689
3476
3476
996677
2622
2622
3886
3886
3886
3886
3886
582
582
582
998340
3886
998340
998495
998495
4097
998495
998495
4097
998495
998495
4097
4097
998495
998495
998495
751
751
751
998495
998495
998495
751
751
998495
998495
998495
998495
751
1195
998495
1195
1195
1195
998495
998495
1195
1195
998495
1195
998495
998495
998495
998495
998495
998495
1195
1195
2332
3254
998495
3254
3254
3254
998495
3254
998495
998495
998495
3254
998495
3254
3272
3272
4097
4270
998495
4270
998472
998472
998472
998472
998472
4270
998472
998340
998340
4505
998340
4539
4748
4783
998340
4783
998301
4783
4783
998301
4783
4783
998301
4783
997893
4783
4783
996915
996915
996736
4814
998965
998965
4814
4814
5365
5428
998965
3876
3876
996736
5428
996736
991
996736
991
996736
996736
996736
5428
5429
996736
996736
5888
5888
5888
996736
996736
996736
996736
6137
996677
996677
996977
996677
2903
996677
2903
2903
996677
2903
996677
2903
2903
2903
2903
2903
2903
996677
2903
998684
996739
996677
995
995
996677
997386
997386
995
995
995
995
995
997386
995
995
995
997386
995
995
995
995
995
995
997386
996677
702
996672
702
702
702
702
996672
2903
996668
996668
2903
1903
996668
1903
1903
996668
996668
1903
996668
996668
996668
996668
996668
999611
999611
997265
997265
1903
2013
2013
2013
997911
997911
997265
997265
996660
2013
2013
996660
2013
996660
2030
996660
996660
2030
996850
996850
999895
2030
2030
2903
2903
999895
996850
2903
2903
2903
996850
996850
2903
996850
2903
2903
2903
2903
2903
2903
2903
996656
2903
996656
996656
2903
2903
2903
996656
2903
2903
996656
2771
996656
2771
996656
2771
2903
2903
996656
996656
997584
997584
997584
996656
2903
2903
996656
996638
2998
996638
997726
997726
2998
2998
2998
3127
997726
3647
996638
3647
3647
3647
4089
996631
996620
4089
996620
2456
2456
2456
996620
996620
2456
996620
2456
996620
2456
996620
996605
996605
2456
996605
549
996605
996605
549
996605
549
996605
549
549
996605
996605
996603
3302
996603
996603
996603
996603
996603
3302
996603
3302
3302
996603
3312
4089
997577
996603
996603
4089
4089
996603
3446
4089
996603
4089
4089
996603
996603
996603
4089
996603
4089
4089
4089
4089
997846
997846
997846
4089
997857
4089
4089
4089
997857
997846
996603
2293
2293
996603
996598
996598
2293
2293
996598
996598
2293
2293
997494
997494
4089
997494
997494
997494
4089
4089
4089
4089
73
73
73
73
73
996598
4089
4089
996598
561
4089
996598
996589
996589
2968
736
996589
996582
996582
996582
996582
736
996582
736
996582
996582
996582
996582
736
736
996582
2042
996582
2634
2968
1612
996582
1612
996582
1612
996582
996582
996582
2968
996582
996582
2968
2968
2968
2968
4089
996582
996582
996582
4089
996582
4089
4089
996582
996569
998228
998228
610
998228
996569
4089
996569
996569
996569
996569
996569
996569
3783
998703
3783
3783
998703
998703
998703
998703
996569
1210
996569
996569
996569
1132
996569
1132
997131
998141
1132
1132
998141
1210
779
2379
2379
2379
2379
3771
998141
998141
3783
3783
3783
998141
998141
3783
3783
3783
3783
998141
998141
3783
3783
3783
998141
3783
4089
4089
4089
998141
998141
4526
4526
4652
4652
4652
4652
997131
4652
997131
4652
997131
4652
4652
999926
4652
999926
4652
434
997131
997131
434
997131
434
434
999229
999229
999229
434
434
4652
999229
4787
4787
999229
999229
999229
4787
4787
4787
4787
4787
4969
4969
999229
4969
999229
4969
999229
5651
999229
5651
999229
2842
999229
2842
999229
999229
999229
999229
999229
2842
999229
999229
999229
2842
3230
999229
3230
998104
3230
997131
3230
3230
997131
5651
996569
996569
5651
5737
5737
996560
5355
996560
996560
5355
2547
2547
999339
4568
4568
5355
999339
5355
999339
4108
999339
4108
999339
999339
4108
4108
4108
999339
4108
999339
999339
4108
4108
5355
999339
5355
5355
999339
5355
5355
5737
997105
5737
997105
5737
5737
5737
5877
5877
5877
997105
5964
5985
997887
997887
4829
997887
997105
997105
4829
4829
4829
999248
4829
999115
4829
999115
3314
3314
3314
999115
3314
3314
999115
3314
3314
3314
3314
3314
3314
999115
996560
4829
996560
4829
996560
996560
996560
996559
996559
4829
996559
4859
996541
996520
996520
996520
996520
2642
5441
996520
5441
5441
996501
996480
996480
996480
996480
5441
5441
996480
5985
6137
6137
6137
6137
996473
996473
996473
996456
6137
6166
996456
6166
6166
996456
6226
6226
997816
997816
997816
996456
6226
996428
996428
6256
996425
996425
6256
6256
996425
996425
6256
6256
6256
6256
999910
6256
996425
996425
996425
6256
996425
996425
493
3595
996425
3595
3595
996425
3595
3595
996425
3595
996419
996419
3595
996419
996419
996419
996419
996419
996419
996419
996419
996419
3595
993
996419
993
993
993
993
3595
3595
3996
3996
998746
1981
996419
1981
1263
1263
999104
1263
999104
1263
1263
1263
999104
1263
999104
999104
1263
999104
1263
1263
1263
999104
1263
1263
999104
999104
1263
999104
999104
999104
1263
999104
1263
1263
999104
999104
1263
999104
996419
1263
996408
1263
1263
1263
997094
997094
997094
997094
997094
1263
997094
1263
1263
1263
1263
996408
996408
1263
1263
1981
2507
997324
2507
997324
997324
2507
2507
2507
2507
3996
997324
3996
997324
997324
3996
997324
997324
5879
996372
5879
998770
6361
998770
998770
998770
998770
6361
998770
998770
6361
998770
998770
997205
996372
2611
996354
996354
996354
998363
996354
996354
6204
996354
996339
996339
5940
5940
5940
996331
5940
996331
5940
5940
5940
996322
2276
996322
996322
996322
996322
996322
1833
996322
996309
996309
1833
1833
998365
996300
2276
2276
996300
996288
2276
996288
996288
996263
2276
2276
996263
996263
996246
996246
996232
996232
996232
996232
2276
2276
3690
3690
996232
996232
5865
5865
5865
996232
6011
6011
6011
996232
6011
996232
6407
996232
996232
996232
996211
6407
996211
996211
6407
997934
998268
6407
998268
6407
6407
6434
6434
6434
210
210
998268
998268
210
998268
431
431
431
431
1234
998268
1234
998268
1234
1946
997934
997934
996211
1682
996211
996211
1682
996211
996211
996211
996211
996190
996189
1682
996189
1682
996189
996189
996189
996189
996189
996189
1682
996189
996185
996185
1682
996185
996183
996183
1682
996122
1682
1946
996122
996122
1946
996122
996122
996122
221
996122
643
455
996080
455
455
455
455
455
455
643
996080
996080
996080
643
996080
996079
643
996079
996792
1946
1946
1946
1946
996792
1946
1946
996792
1946
1946
1946
1946
2454
996792
2454
2454
618
996792
996792
618
618
996079
996078
996078
996078
996073
618
618
996073
996073
618
996073
996073
996073
