9
36
9
36
9
36
36
9
9
36
9
36
9
9
36
9
9
9
9
36
36
36
36
9
36
9
36
9
9
36
36
36
36
36
9
9
36
36
36
36
33
9
33
9
33
9
33
66
9
66
9
66
65
65
65
9
65
65
65
65
9
9
9
65
9
65
12
63
12
63
62
62
12
62
62
13
62
13
13
13
13
13
13
62
13
13
13
121
13
121
121
13
13
13
121
13
13
121
121
13
13
100
13
100
13
100
100
13
13
100
13
100
130
129
13
129
129
127
13
13
13
13
127
13
13
13
127
123
13
13
123
121
13
121
121
121
13
13
13
162
162
13
13
15
15
15
15
15
15
15
28
162
162
162
28
162
162
28
162
28
28
225
225
28
28
28
309
309
28
28
28
309
309
28
28
309
28
28
309
309
309
297
28
28
28
28
28
28
297
29
29
29
297
29
297
29
29
52
297
297
61
61
297
297
61
297
297
293
279
279
61
61
61
279
279
61
279
279
61
61
271
271
271
62
62
62
271
271
271
271
62
62
62
363
62
363
363
362
62
62
62
362
62
62
62
62
413
413
62
62
62
411
411
411
411
411
62
62
62
62
431
62
411
62
411
411
62
62
83
83
403
466
466
466
86
86
86
466
466
86
466
466
466
86
467
86
467
467
467
462
460
460
460
460
460
460
86
86
460
460
86
86
460
86
460
460
460
86
86
97
460
97
460
97
97
499
97
499
498
498
97
498
498
97
498
498
97
498
97
97
498
498
498
97
97
97
498
97
100
495
100
502
100
502
100
100
100
100
100
502
502
100
100
495
519
100
519
100
519
519
519
519
519
519
519
519
519
100
519
100
519
100
100
511
100
507
100
531
100
531
531
525
525
525
100
525
550
100
100
100
578
578
578
100
100
578
578
578
578
100
100
578
100
100
100
100
578
121
578
121
571
571
571
571
571
571
571
121
134
617
134
647
139
647
647
647
647
139
139
139
140
647
140
140
149
149
149
149
686
686
686
686
686
686
149
686
149
152
152
728
728
728
152
728
152
728
152
728
746
746
152
152
746
746
746
152
746
746
152
746
152
746
152
746
152
152
152
745
152
745
152
152
152
745
745
152
745
152
152
745
152
152
157
745
157
157
745
157
745
157
157
745
745
157
745
796
161
161
161
796
796
796
162
796
796
162
162
162
162
770
162
770
162
162
162
797
797
797
162
162
162
797
162
797
797
797
176
176
176
797
176
797
176
797
176
797
176
176
797
797
797
178
178
178
178
178
182
182
182
797
797
182
797
797
182
182
797
195
797
797
797
195
195
825
195
195
825
825
195
195
195
825
195
195
825
195
195
225
225
825
225
225
825
825
825
826
225
826
847
225
225
847
847
225
225
826
225
225
225
822
822
822
822
225
822
225
225
231
822
848
231
231
231
231
848
239
239
255
271
848
848
848
271
848
271
271
271
271
271
848
848
848
848
848
271
271
848
848
271
271
271
848
848
315
848
848
315
848
848
881
315
905
315
905
315
905
315
905
315
905
315
976
976
976
976
976
319
960
960
319
319
960
319
322
1010
1010
1010
1010
1010
1010
1010
323
1010
1010
1010
1010
1010
323
1010
323
323
1010
323
330
1010
1010
330
330
330
345
345
345
345
345
1010
345
1010
345
345
345
345
345
345
1032
345
1032
345
1032
1032
345
345
1032
1032
1032
345
345
1031
345
348
1031
1031
348
348
1031
1031
1031
1031
348
348
1031
348
348
348
348
348
1111
1111
1111
348
348
1079
1079
348
348
348
1137
1137
348
359
1137
359
1137
359
1137
1137
1137
1137
359
1137
1137
359
359
359
359
359
1137
1137
1137
362
362
1137
1186
362
362
365
1198
365
365
1198
1198
365
365
1198
1232
365
365
365
365
1232
1232
1232
365
1232
1232
365
365
1232
365
1232
365
1232
1232
1232
1270
1270
1270
1270
1270
365
1270
365
1270
365
365
365
365
365
365
1336
1336
373
1336
373
373
1336
1336
1336
373
373
1336
1336
373
373
1336
1321
373
373
1341
373
1321
1321
373
1321
373
373
373
373
373
1315
1315
1274
1274
1274
373
373
1274
373
373
373
373
1274
1274
1274
373
1270
1269
1269
373
373
1269
1269
1269
1269
373
1269
373
373
1269
1268
373
1268
373
373
1268
1268
1268
1268
1268
1268
1268
1268
373
373
373
1268
1268
1268
1268
1268
1268
373
1257
373
376
387
1349
1349
387
1349
387
387
1349
1349
1349
387
387
1349
1349
1349
1349
1349
1349
387
1349
1349
1349
1418
1472
387
387
1472
387
1472
1472
1472
387
1472
387
388
1472
1472
1472
1472
1472
1472
388
1472
1472
1519
1519
1519
388
388
1496
1496
388
388
388
388
388
388
1496
1496
1496
388
1496
388
388
1496
1496
1496
1496
1492
1492
1492
388
388
1492
1492
388
388
1596
1596
1596
1596
1596
388
1596
1596
388
388
388
1596
388
1596
388
1596
388
1596
1596
1596
388
388
1596
1596
1596
1596
388
388
388
1587
388
388
1587
388
388
388
388
388
1587
388
388
1587
388
1587
1587
1587
1587
1587
1587
1587
1587
388
388
1613
1613
1613
403
403
1613
403
403
1622
1622
1622
403
1630
403
403
1630
1630
1630
1630
1630
403
403
1622
1622
403
403
1622
403
1622
434
434
1636
434
434
434
1671
1671
434
434
434
434
434
1694
1689
1689
1689
438
1689
438
438
1731
438
1731
438
438
1731
1731
438
438
1731
438
1731
438
438
1731
438
1784
1784
438
1784
1784
438
438
450
450
450
1784
1784
1795
450
1856
1856
450
1856
1856
450
1854
1854
1851
450
1851
1851
1851
1851
455
1851
1851
455
1850
455
455
455
455
455
455
455
455
1914
455
1913
455
455
455
1913
455
1898
1898
455
1898
455
1898
1898
1898
459
459
1945
459
1945
1945
459
1945
459
459
459
459
460
460
1946
1946
460
460
1946
460
460
460
1945
460
460
1945
460
460
460
1945
460
1945
460
1945
460
1945
1945
460
460
460
1945
1961
1961
1961
1954
1954
460
460
1949
460
1949
460
460
460
460
2025
2025
460
460
2025
2025
460
2025
2025
460
460
2025
460
2025
460
460
2023
460
2023
460
460
460
460
460
2023
2023
1994
460
460
460
1994
1994
460
1994
460
460
1994
1994
460
467
1994
1994
1994
1994
1994
2028
2028
2028
467
467
467
475
475
475
490
490
2031
2031
2031
2031
490
2031
2031
2031
2084
2084
490
494
494
494
494
495
2084
495
495
495
2084
495
2084
2084
495
2084
2084
2083
495
2083
2083
495
495
495
2083
2083
495
2110
2125
2125
2116
2116
495
2116
2116
495
503
503
2116
503
503
2111
503
503
503
2111
2111
2111
2110
503
503
2110
2110
2110
503
503
503
2134
2134
503
503
504
2134
504
504
2134
2134
2134
504
504
504
2177
2177
2177
2177
2177
2177
2177
2177
504
2177
2177
504
2170
2170
504
504
504
504
504
504
504
2170
504
2170
504
504
504
2161
2161
504
504
507
2161
2161
522
2161
522
522
522
2161
522
522
2161
2249
2249
2249
2249
522
2249
2249
522
522
522
522
2249
2249
522
2249
2249
522
2249
522
2249
2249
2242
522
522
522
2267
525
525
2267
2267
525
525
2260
525
525
2260
525
2260
2260
2260
525
525
525
2260
2260
2260
525
525
525
525
2260
525
2276
534
2276
534
534
534
2276
541
541
548
2276
548
548
2284
548
2284
2284
548
2284
548
548
548
2284
2284
2282
2282
2282
548
548
2282
2282
548
2282
548
548
2282
548
548
548
2282
2282
548
2282
548
548
548
2282
548
548
548
548
548
548
2282
2282
548
548
548
2311
549
549
2311
2311
549
549
549
2309
549
549
549
549
549
549
2309
2309
549
2309
2309
549
549
2309
549
549
549
2324
549
2324
2324
550
550
550
2324
550
2324
550
2343
2343
550
2343
2343
2343
2343
2339
2339
2339
2339
2339
550
2339
2339
550
550
550
550
2339
2339
2339
550
550
2339
2339
2339
550
550
550
564
564
564
564
564
2380
564
2380
590
590
2380
2380
590
2389
590
590
2389
590
590
590
590
2389
590
2389
590
2389
590
2389
590
2386
590
590
590
590
2386
590
590
590
590
2386
2386
590
590
2386
2386
590
2460
2460
2460
590
590
590
590
2500
590
2500
590
2500
2500
590
590
2500
2500
590
2500
2500
590
2500
2500
2498
2498
590
2507
590
590
2507
2507
590
2507
590
2507
2507
2498
2497
590
590
590
590
2497
2497
590
590
2497
590
2576
2576
2576
2569
2569
2569
590
2569
590
2569
590
2560
590
2560
590
590
2560
590
2560
2560
590
590
590
590
2560
590
590
590
590
590
590
590
2560
590
590
2560
590
2560
2560
2560
590
2560
2560
590
590
590
590
2560
590
2560
2551
590
2547
590
590
2547
590
2547
590
2642
590
590
590
590
2642
590
590
590
590
2642
590
2642
590
2642
2642
2632
2632
2632
2632
2632
590
2631
2631
590
2631
590
590
2631
590
595
595
2631
600
2631
600
2631
2623
2623
2623
2623
2623
600
600
600
600
600
600
600
2623
600
600
2685
600
2685
2685
600
600
2760
600
2760
600
2760
2760
600
600
600
600
2760
2760
2760
2781
600
2781
2781
600
2781
2781
600
2781
600
600
2844
2844
600
2844
2844
2844
600
2844
600
2844
2844
600
600
600
2844
2844
600
2844
2844
613
2844
613
2844
613
2844
2844
613
613
613
613
613
2880
2880
2880
613
2880
2880
613
2875
617
2875
617
2892
617
617
2892
2892
2885
2885
617
617
617
617
617
2885
617
2885
617
617
631
631
633
633
2885
2885
2885
2885
2885
633
2885
2885
2885
633
633
633
634
2885
634
2885
634
2885
2885
2885
2885
634
634
2966
2966
2966
2966
2966
2965
2965
2965
634
634
634
2965
2957
2957
2957
2957
2957
2944
2944
2944
634
2944
2944
2935
2935
2935
2935
2935
2935
2935
634
2935
634
634
2909
2909
642
2904
642
2904
2904
642
642
642
642
642
642
2904
2904
642
2904
2904
642
642
642
2885
647
2885
2885
2885
2885
647
2885
3029
647
647
647
647
3029
3029
647
647
647
3029
3029
652
3029
652
3029
3029
652
652
3029
3029
652
3029
652
3029
652
652
3029
3029
652
3029
3029
3029
3029
652
652
3029
3026
3024
652
652
652
652
3024
3024
3024
652
658
658
658
3024
658
3024
3024
3024
658
3016
658
658
658
658
3016
3016
3016
3016
3016
3016
658
3016
658
658
658
658
3016
658
668
3016
668
3016
668
3016
668
3016
3016
668
668
3016
3016
668
3056
668
668
3056
668
668
668
3056
668
3056
3056
3056
3056
668
3056
3056
3056
3086
3086
3086
668
3086
668
668
3080
3080
668
668
672
3080
672
672
672
672
3147
672
3147
3146
672
672
3146
3132
672
672
672
672
3152
672
672
3152
3192
672
3192
3192
672
672
677
3192
677
677
3190
677
677
3190
3185
677
677
3185
677
677
677
3185
677
3185
3177
3177
3177
3273
686
3273
686
3273
686
3273
686
3273
3261
3261
692
692
692
3261
3261
3261
692
692
3261
692
3261
3261
692
692
692
692
3261
692
692
694
3355
3355
3355
3355
694
699
699
699
3355
3355
699
3355
3335
699
699
699
699
3335
3335
3335
699
3389
3389
699
3429
699
3429
3429
699
3429
699
3429
3429
3429
3429
699
3425
3425
3425
3425
3425
699
699
3425
3425
3425
699
699
3425
699
699
699
3463
3463
3463
3463
3463
699
3463
699
3503
699
3503
3539
699
699
3539
3539
699
705
3539
3539
705
3578
705
705
3578
3592
705
3582
705
3629
3623
3623
705
3623
705
3623
3623
705
705
705
3612
705
3612
3612
705
705
3612
708
708
3612
3612
708
3663
3663
3663
708
3663
708
708
3663
708
3663
708
708
708
712
712
3663
712
3677
712
3682
3682
3682
712
712
712
3689
3689
3689
3689
712
3689
3689
712
712
3689
3689
3682
3682
712
712
712
712
712
712
3702
712
3702
712
713
3702
3702
3702
713
3702
713
3702
3702
713
3702
3702
713
3702
3702
721
3702
721
728
3702
3702
3699
3699
3689
3689
3682
3682
3682
3682
728
3682
3682
728
3682
3682
728
728
728
728
3712
728
3708
728
728
3708
3708
3708
728
3708
3708
3708
728
3708
3708
3708
3708
3708
3708
3708
728
728
728
3708
730
3708
730
730
730
3708
3708
730
3708
730
730
3708
730
734
734
734
3708
734
3707
734
3707
3707
3707
3707
3682
3682
3682
734
3682
734
3764
734
734
734
734
3760
3832
734
3832
3832
734
3832
3832
734
734
3832
734
3832
3830
3830
734
734
3835
734
3835
743
3835
743
743
743
3830
743
745
745
3909
3909
757
3909
757
3909
757
3909
766
766
766
3909
3909
3909
766
3909
766
766
3919
3909
766
766
3956
770
3956
770
3956
3956
770
4004
4004
770
770
3996
770
770
4075
4075
770
770
4075
770
770
770
4075
770
770
4075
4075
4075
4075
4075
770
4075
4075
4082
4082
4082
770
4082
770
770
770
4082
770
770
770
770
4082
770
4082
4082
4090
770
770
4090
4090
770
770
770
770
4090
770
770
4199
770
770
4199
4199
4199
770
770
770
770
4199
770
770
4214
4214
4220
4220
4230
4230
797
4230
4220
4214
4214
797
4214
4214
797
4314
4299
797
4299
4299
4299
797
797
4299
4299
797
4299
797
4299
4299
797
813
813
4299
813
4299
4299
4299
4351
813
813
813
813
813
4353
4353
813
4353
813
4353
813
813
4428
813
4428
813
813
4428
813
821
4428
821
821
848
4428
4428
848
4428
4428
848
4428
4428
4428
848
848
848
848
848
848
4428
848
848
848
848
848
848
4428
848
4428
4424
4424
4424
4424
4424
855
4424
4424
4424
4424
855
4424
4424
4424
4424
855
4424
855
855
4424
855
855
855
855
855
4424
855
4424
4397
4397
855
4397
855
855
4397
855
4397
4397
4397
4397
855
4394
855
855
4394
4394
855
4394
855
855
4394
855
4394
855
855
855
4394
4482
4482
4482
855
855
4495
855
4495
855
855
855
855
4495
4495
855
4495
855
855
4495
4495
855
4527
4527
4527
855
4527
855
855
4527
855
855
855
4527
4527
855
4527
855
4527
4527
855
855
4527
4527
4527
855
4527
4527
881
4527
881
4527
881
4527
4527
881
881
882
882
4527
882
4579
4579
4579
4579
4579
882
882
4579
882
4579
882
882
4579
4579
4579
882
882
882
882
882
882
4579
4579
4579
882
4579
882
4585
882
882
4585
4585
882
882
4579
882
882
4579
4579
4615
882
882
882
4615
882
4615
882
4650
882
882
882
882
4650
4650
882
4650
882
882
4650
882
882
882
4650
882
882
882
4650
4650
4650
4650
4650
882
4650
4650
4650
4650
4650
882
889
889
4650
889
889
889
4650
889
4650
4650
4650
889
889
4650
892
4650
4650
893
893
893
893
893
4650
893
893
893
4650
893
4650
893
893
900
4677
4677
4677
4677
900
4677
4677
4677
903
4677
903
903
4677
903
905
4677
4677
905
905
4711
4706
905
4706
905
4706
4706
905
4706
4706
905
4772
905
905
905
4772
916
4772
4772
916
4772
4772
4761
4761
4761
916
4761
916
916
4761
4761
4761
916
916
4761
4761
4761
4759
4759
916
4759
4759
4759
4759
4759
916
4759
916
916
916
4759
916
916
916
4772
916
916
4772
916
916
4772
916
916
916
916
916
4772
4772
916
916
916
916
916
916
4772
916
934
4772
4772
4772
4772
934
934
4772
4845
934
4845
934
4845
4845
934
4845
4899
934
4899
934
934
4899
934
4899
934
4924
934
4924
940
4924
4924
4924
940
940
4924
940
940
940
940
4968
4964
940
977
977
977
977
977
4952
4952
4952
4952
4952
4951
977
977
977
4951
977
989
989
989
989
4951
989
4951
4951
4951
989
989
989
4951
989
989
4951
989
996
996
4988
996
4988
998
4988
4988
4988
4988
4988
1000
4988
1000
4983
4983
1004
4983
1004
4983
1004
1004
4976
4976
4976
4976
1004
1004
5016
1004
5016
1004
1004
1004
5018
5018
1004
1004
1004
5018
1004
1004
5018
1004
1004
1004
5018
1004
1004
5018
1004
5075
5103
1004
5103
1004
5170
1004
1004
1004
5151
5151
1004
5151
5151
1004
5151
1004
5151
1004
5186
5186
1004
5186
1004
5186
5186
5186
1004
5186
1009
1009
5186
5186
1009
5186
5186
5186
5236
5236
5299
5299
1009
1009
1009
5299
5299
5299
5299
1009
1009
1009
1009
1009
1009
5299
1009
5299
1010
5299
5299
1010
1010
5351
1010
1020
1020
5351
5351
5351
1020
5351
5351
5351
1020
1031
1031
5365
5365
5365
5365
5366
1031
1031
1031
1031
1031
1031
5441
5441
5441
1031
5441
5441
5436
1045
5436
1045
5436
1045
1045
1045
1045
5471
1045
5471
5471
5471
5471
5471
1048
5471
5481
1048
5481
1048
1048
5481
5519
5521
5521
5519
5519
1048
5519
5511
1048
5511
5511
1048
5511
5511
5503
1048
1048
5503
5500
5500
5500
5500
1048
5500
5500
1048
5500
5500
1048
1048
5500
1048
5494
5494
5494
1048
5494
1048
1048
1048
1048
5494
5494
1048
1048
5494
1048
1048
1048
5494
1048
1048
5552
5552
1048
1048
1048
1048
1049
1049
1049
5552
5552
1049
5552
5552
5552
1049
1049
5552
1049
1049
5552
1049
1049
1049
5552
1049
5552
5552
1049
5552
1049
5552
1049
5561
5553
5553
1049
5552
1049
5552
5552
1049
1049
1049
5563
1049
1049
1049
1049
5563
5563
1066
1066
5563
5563
1066
5645
1066
5644
5644
1079
1114
1114
5644
1114
5644
5644
1120
5644
5644
1120
5644
1120
1120
5633
1120
5633
1120
1120
5633
5630
5628
5628
1120
1120
5628
1120
1120
5628
5628
1120
1120
1120
5727
5727
1130
1130
5727
1130
5727
1130
5727
5727
1130
1130
1130
1130
1130
1130
5718
5718
5718
1130
1130
1130
5718
1130
5718
5718
5718
1130
5730
1130
5729
1130
1130
5729
1130
1130
5735
1130
1130
1130
1130
1130
5735
5735
1130
1130
5735
1130
1130
5735
1134
5734
1134
1139
5734
1139
1147
1147
5734
5734
5734
5731
1147
1147
5731
5731
5731
1147
1147
5731
1147
5731
5729
1147
1147
5729
1147
1147
1147
5752
5752
1147
5776
5769
5769
1147
1151
5769
5769
1151
1151
5769
5769
5769
5769
1151
5769
5769
1151
1151
5769
5769
1151
1151
5769
1151
1151
5769
1151
5769
5769
5769
1151
1175
1175
1175
5769
1175
1175
5769
5769
1175
1175
5785
1178
1178
5785
5785
1178
5785
5785
1178
1178
1178
1178
5785
5785
1178
5785
5781
5781
1178
5781
1178
1178
5781
1178
5781
5777
1178
5777
5777
1181
5777
1181
1181
1181
5777
5769
5769
1181
5769
1181
1186
1186
1186
5816
1186
5846
1186
1186
1186
1198
1198
5846
5846
1198
5846
5842
5842
1198
5842
5842
1198
5842
1198
5896
1198
5896
5896
1198
5896
1198
5896
5896
1198
1198
1198
5896
5896
5896
5896
5896
5896
1199
5896
1208
5928
1208
5928
5928
1208
5928
5926
5926
1208
1216
1216
5926
1220
5926
1223
5926
5926
1223
5926
1223
5926
1223
1223
5926
1223
5926
5926
1223
1223
5930
1223
1223
1223
5976
5976
1223
5976
1223
1223
5976
5976
5976
1224
1224
5976
5976
1224
1224
1224
5976
1224
1224
5976
5976
5976
5976
5976
1224
5976
1224
5967
1224
5967
1224
5967
1224
5967
5967
5967
1224
1224
1224
5967
1224
5967
1224
5967
1225
1225
1225
1225
1225
5967
1225
1225
1225
1228
5967
5999
5999
6086
1228
1228
1228
1228
6086
1228
6086
1228
6105
1228
6097
6097
6097
6097
1228
6096
6096
1233
1233
6096
6096
6096
1233
6096
1235
6096
6096
6152
1235
1235
6152
6152
6152
1235
6152
1235
6152
1235
1235
1235
1236
1236
1236
1236
6152
6152
1236
6152
6152
1236
6152
1236
1236
1236
6151
6151
6151
1236
1236
1236
1236
1236
1236
6275
1236
6275
6275
1236
1236
6275
1236
1236
6275
6274
6274
1236
1236
6274
6274
6274
1236
1236
1236
6274
1236
6274
6274
6274
1236
6316
1236
6316
6316
1236
6316
6316
6316
6322
6322
6322
6322
1236
6322
1236
6388
6388
6388
6388
1236
6388
1236
6388
1236
1236
1236
1236
1244
6388
6388
1244
6388
1244
1244
6390
1244
6390
1244
6390
6390
1244
1244
6390
6390
1244
1244
6390
6390
6390
1244
6379
1244
1244
6379
6379
1244
1244
1244
1244
6379
6379
6379
1244
1244
6379
6379
1244
6398
1244
6379
6379
6379
1244
6379
6379
1244
6379
1244
6425
1244
1244
1244
6413
6413
6413
1244
1244
6435
1244
1244
1244
1244
6435
1246
6495
1246
1246
6495
1246
6495
6495
6495
6495
1246
1246
6495
1246
1246
1246
6495
1246
1246
1246
1257
6495
1257
1257
1257
6495
6495
6495
6495
6495
6495
1257
1257
1257
6495
1257
1343
6495
6495
6495
1343
6500
1343
6495
6495
1343
6495
1343
1344
6495
1344
6495
1344
1344
1344
1344
1344
1345
1345
1345
1349
1349
1349
1349
1349
1349
1369
6495
6495
1369
1369
1369
1369
6495
1369
1369
1369
6495
6495
1369
6495
6495
1369
6495
1369
6495
1373
1373
6485
1373
1373
6485
1373
6485
6485
1373
6485
6485
1373
6485
6454
6454
1373
6454
1373
1373
1373
6454
1373
6454
6454
6454
1373
6454
6454
1373
6454
6454
1373
1373
6500
1373
1373
6500
1373
6500
6500
1373
6500
1373
1373
1373
6553
6553
1373
6587
6587
6587
1373
6587
6587
1373
6587
6587
6584
6634
6634
1373
6634
1373
6634
1373
1373
6634
6634
6634
6634
1376
6634
6634
6634
6634
6634
1376
6634
6634
1376
1376
6634
6634
6624
6624
1376
6624
6624
6624
1376
6624
1376
1376
6624
6624
6624
1376
6669
6669
6677
6677
1381
1381
1381
6677
1381
6676
6676
6676
1381
1381
6670
6669
1381
6669
6669
6669
1381
1381
1381
6669
1381
1381
1381
1381
6669
6669
6669
1381
6669
1396
6669
1396
1396
6669
1396
1396
6669
6669
6723
1396
6738
6738
6764
1396
6764
6764
6764
6764
6764
6764
1396
1396
1396
1396
6748
6748
1396
1396
1396
1396
6748
6748
1396
1396
1396
1396
1397
1397
6748
1397
1397
1397
6748
1397
6748
1397
6748
1397
1397
1397
1397
6793
6793
1397
1397
6793
6793
1413
6793
1413
1413
6793
6793
1413
1413
6788
1413
6788
6788
1413
6788
1413
1413
1413
1416
6788
1416
1416
1416
1416
6796
1416
1416
1416
1416
1416
1416
6796
6796
1416
6796
6796
1416
6796
6796
1416
1416
1416
6796
6796
6796
6796
1416
6796
6796
1416
1416
6796
1416
6796
6796
1416
1416
1416
6796
1416
1416
6796
6796
6796
1423
1423
1423
6796
6796
6796
6796
6796
6796
6796
6796
6796
6796
1423
6796
6796
6796
6796
1423
1423
6796
1423
6796
6796
1423
6796
1423
6796
6796
6796
6796
6796
1423
1423
6788
1423
1423
1423
1423
1423
1423
1424
1424
1424
1424
6821
1424
6821
6821
6821
1424
6821
6821
6865
6865
1424
6865
6859
1424
1424
6859
6859
6859
6859
1424
6859
6859
1452
6859
6859
6859
1452
1452
6850
6850
1452
1452
1452
1452
1452
1453
1453
6850
6850
6850
1453
6874
6874
6874
1453
1453
1453
1453
1453
1453
6874
6874
6870
1453
6870
6878
6878
1453
1453
1453
1472
1472
1472
6878
6878
1472
1472
1472
1472
1472
1472
6912
6912
6912
6912
6912
1472
6912
6912
1472
1472
1472
1472
1472
1472
1472
6912
1472
6912
1472
1472
6912
6912
6912
1472
6912
6912
6912
6912
1472
1472
1472
1472
1472
1472
6912
1472
6912
1472
6985
1472
1472
6985
1472
1472
6985
1472
1472
1472
7077
1488
1488
1488
7077
7077
7077
7077
1488
1488
1488
7077
7077
7076
7072
7048
7048
1488
1488
1488
7048
7048
7048
7048
1488
1488
1488
1488
7095
1488
7095
1488
7091
7091
1488
1488
1488
7091
7091
7091
1488
1488
7089
1488
7089
1488
7089
1488
1488
7089
7089
7089
7096
7096
7096
1488
7096
7096
7096
7089
1488
7089
1488
7088
7088
1488
7114
1488
1488
7114
7114
1488
1488
1488
7114
7114
7114
7114
1488
7088
7140
7140
7140
7140
7140
7137
7137
7137
1488
7132
1488
1488
1488
7132
1488
7132
1492
1492
7132
7088
1492
7088
1492
7088
1492
1492
1492
7088
1492
7088
7088
1492
1492
1492
7088
7088
1492
1492
1492
7088
1492
1492
1492
7183
1492
1492
7183
7183
7183
1492
1492
7183
7183
7183
7182
1492
1492
7182
1492
1492
7182
7182
1492
7182
7182
1492
7182
7182
7182
7182
1492
1492
1492
7182
7182
7182
1492
7182
1492
7182
1492
1492
7184
7184
1492
1492
7184
7184
7184
1492
7184
7184
7182
1492
7182
7178
1492
7178
1492
7178
7178
1492
1492
7178
7178
7178
1492
7238
1492
7238
7238
1535
1535
1535
7238
1535
7238
7238
7238
7238
1535
7238
7238
1535
7238
1535
1535
1535
7238
7238
7238
7238
7238
7238
7238
7238
7238
7272
1535
7263
1535
1535
1535
1535
1535
7263
1535
1535
7263
7263
1535
1535
7263
1535
7263
7263
7263
7263
1535
7263
7263
7262
7262
1535
7262
7262
1535
7262
7262
1535
7284
1535
7284
1535
1535
1535
7284
7284
1535
7262
1535
1535
1535
1535
1546
1546
7262
1549
1549
1549
7262
1549
1549
1549
7262
1549
1549
7262
7262
1549
7262
1549
1549
1549
1549
1549
1549
1549
7262
1549
7262
1555
1555
1555
1555
1555
7383
7383
1555
1555
1567
1567
7448
7448
7448
7448
7448
7448
7444
7444
7434
7434
1567
1567
7434
1567
1567
7434
7434
7434
1567
1567
7434
1570
1570
7481
1570
1570
1570
1573
1573
7481
1573
1573
7481
7481
1574
7481
7481
7481
1574
7481
1574
7481
1574
7481
1574
7481
1574
1574
7481
7481
7481
7481
1574
1574
7461
7461
1574
1574
1574
7461
7461
7461
7461
7461
1574
1574
7461
1574
7461
7461
7461
7461
1574
7493
7493
7488
1574
7488
1576
7488
1576
7488
1576
7488
7535
1576
1576
1576
1576
7535
1576
7535
1576
7535
7535
7535
7535
1576
7535
1576
1576
1576
1576
1576
7535
7535
7526
7526
7526
1576
1576
1576
1576
1576
1576
7535
1576
7526
7526
1576
7526
1576
1576
1576
7554
1576
1576
1576
1576
1576
1576
7575
7575
7575
1576
1576
1578
7575
1578
7575
7579
7579
7579
1578
1578
7579
1578
7572
1578
1578
7572
1583
7572
1583
1583
1583
1583
1587
1587
1606
1606
1606
1606
1611
7594
7594
7594
1611
1611
7594
7594
1611
1611
1611
1611
7594
1611
1611
7594
7594
1611
7594
1611
7594
7594
7594
1611
7594
7594
7594
1611
7594
7594
7594
1611
1611
1611
7599
1611
7599
1611
1613
7611
1613
1622
1622
1622
1622
7650
7650
7650
1622
1622
7650
1630
1630
1630
7649
1630
1633
7649
7649
7649
1633
1646
1646
1646
7649
7726
7726
1646
1646
7726
7726
1646
1646
7726
7726
1646
7726
1646
1647
1647
7726
7705
7705
1647
1647
7705
7705
1647
1647
1651
7705
7705
7705
7705
1651
1651
7705
1651
7705
1651
1651
7705
7705
7705
1651
1659
7798
1659
1659
1659
1659
1659
7798
1659
1671
7798
1671
7798
1671
7798
1671
1671
7798
7798
1671
1686
1686
7798
7798
7798
1686
1686
7798
7798
7798
7798
1686
1686
7798
7798
1686
7798
1686
1686
1686
7798
7798
1686
1686
1686
1686
7866
1686
1686
7866
1686
1686
7866
7866
1686
1686
7866
1686
7868
1686
1686
1686
1686
7868
7884
1686
7884
1686
1686
7884
7957
1686
1686
7957
7977
1686
1686
7975
1689
7975
1689
1689
7963
1689
1689
7963
1698
7963
1698
7957
1698
1698
1698
1698
1698
8016
1700
1700
8009
1700
8009
1700
1700
8007
8007
7995
7995
7995
1700
1700
7995
7990
1702
1702
8033
8033
8033
8033
8033
1702
1702
8033
8033
1702
8033
1702
8033
8030
1702
1702
8030
1702
1702
8039
8039
8039
8039
8039
1702
8039
1702
1702
8039
1702
1702
1702
8102
1702
1702
8102
8102
8102
8102
8102
1702
1702
8102
8102
8102
1702
1702
1714
1714
8102
8102
1714
8102
8102
8102
8102
1714
8102
8102
1714
8102
1714
8102
1714
1714
1714
1714
1714
8102
1714
1714
1714
1714
1714
8162
1714
8171
1714
8170
8170
8170
1714
1714
8170
1714
1714
8192
8192
1714
8192
1714
1714
1714
8192
1721
8192
1721
8192
8192
1721
8192
1721
1721
8250
8244
1721
1721
1721
8244
8319
1721
8319
8308
1721
1721
8308
1721
8308
1721
8304
1721
8304
8304
1721
8389
1721
1721
8426
8426
8426
1721
8426
1721
8426
1721
8426
8428
8428
8428
1731
8428
1738
8428
8426
1738
8426
1738
8426
8426
8426
8426
8426
8426
1747
1747
1747
8422
1747
8492
8492
1747
1747
8492
1748
8492
8492
1748
1748
1748
8492
8490
8490
1748
1748
1748
1748
8576
1748
1762
8576
1762
1762
1762
8576
8561
1762
8561
8553
1762
1762
8542
8539
1762
1762
8539
1762
1762
1763
8539
1763
1763
8539
1763
1763
1763
1763
8539
1763
8623
1763
1763
8623
8623
8620
8675
8665
8665
8665
1763
1763
8665
8665
1763
8665
8665
8665
1763
1778
8626
8626
8626
1778
8620
1778
8620
1778
1778
8620
1778
8620
8615
8615
8615
8615
8615
8615
8615
8615
1778
1778
8691
8691
1778
8691
8756
8756
8756
8756
1778
1778
8756
1778
1778
1778
1778
1778
1778
8757
1778
1778
1778
1778
8757
1778
1778
1778
8757
1778
8757
8757
8757
8757
8757
8757
1778
8757
8757
8757
8757
1778
1778
1778
1778
8757
1778
8757
1778
8757
1778
8757
8756
1784
1784
1784
1784
8756
1784
1784
1784
8756
1784
8756
8747
1784
1784
8747
1784
1784
1784
1784
8791
1784
8791
8791
1795
8791
1795
8791
8791
1795
8791
8849
8923
1795
1795
8923
8923
8923
1795
8919
8919
8919
8919
1795
8919
1795
1795
8919
8919
1795
8919
1795
1795
1795
8919
8919
8919
1795
1795
1795
1795
8919
1795
8895
8895
1795
1795
8895
8895
1795
8895
1795
1795
1795
8895
1795
1795
8895
1795
1795
1795
1795
8895
1795
8895
8895
8889
1795
8889
8889
8889
1800
1802
1802
8889
8889
1802
8889
8889
8889
8889
1802
8889
1802
8889
1802
8887
1802
1802
8984
8984
8984
1802
8984
1802
8984
8984
1802
8984
1802
1802
1802
8984
8984
1802
8984
1802
8984
8984
1808
9036
1808
9036
1808
1808
9036
1808
9036
9036
1808
9035
9035
1808
9025
9025
1808
1808
1808
1808
1808
1808
1811
1811
1813
9055
9055
9055
9055
1813
9055
1813
9051
9051
1813
1813
9051
1813
1813
1813
9051
9051
9051
9086
1813
9086
1813
1813
9086
9086
1813
9086
9086
1813
1813
9086
9086
9086
1813
1813
1813
1813
9086
9076
1813
1813
1815
1815
9076
1815
1815
1818
9076
1818
1818
9076
9064
1818
1818
1818
9064
9116
9116
1818
9116
9116
1818
9116
1818
9116
1818
1818
1818
1850
1850
9147
9147
9147
1850
1850
1850
1850
9177
1850
9177
1850
9177
9177
1850
1850
1850
9177
1850
9177
9159
9159
1850
9159
1850
1850
1868
1877
9159
1877
9159
9159
1877
9159
1877
1877
9148
1877
9148
1877
1877
9148
1877
9147
9147
1877
9147
9147
1877
9147
9209
9209
9209
1877
1877
9209
1877
1877
1877
1877
9209
1877
1877
9209
9209
9209
9209
9209
9209
1877
9209
9209
1877
9209
9209
1877
1877
9209
9209
9201
1877
9201
9198
9198
1877
9198
1877
9198
1877
9198
9198
1893
1893
1893
9198
9198
1893
1893
9198
1893
9198
9198
9198
9198
9198
9198
1896
1896
1896
1896
1896
9198
1896
9198
9197
9197
9194
1896
1896
9194
1896
1896
9194
1896
1896
9194
1896
1896
1896
9194
1896
9237
1896
9237
1896
1898
9237
9237
9237
9236
1898
1898
1898
9261
1898
1898
9261
1898
9261
1898
9261
1898
9261
9261
1898
1898
9261
1898
9308
1898
1898
1898
9387
1898
9381
9381
1898
1898
1898
1898
1898
9408
1898
1923
1923
9408
1932
9408
1932
1932
9408
1932
9412
9412
1932
9413
1932
1932
1932
1932
1932
9412
9412
9412
1932
1932
1932
9412
9412
1932
9412
1936
1936
9412
1936
9412
9408
1936
9408
9408
1936
1936
1936
9408
9448
1936
9448
1936
9448
9448
9444
9444
9444
9444
9444
1936
1936
1936
1936
1936
1936
1936
9444
1939
1939
1939
1939
9437
1939
1939
9437
9437
9437
9437
9437
9437
1939
1939
1939
9437
9437
9436
1939
9436
1939
1939
9436
1940
9436
9436
9436
9456
1940
9456
9456
1943
1943
9456
9456
1943
1943
9456
9456
9456
9456
1943
9456
9505
1943
9505
1943
1943
9505
1943
1943
9505
9504
9504
1943
9504
1943
9504
1943
9504
9504
1943
1943
1943
9504
1943
1943
1943
9504
1945
1945
9504
9504
1948
9504
1948
9504
9539
9539
9539
1948
1948
9539
1949
1972
9539
1972
1972
1972
1972
1972
9539
9539
1972
9539
9539
9539
9539
1972
1972
1972
9537
1972
9537
1972
1979
9595
1979
1979
9632
1979
9632
1979
1979
9632
1979
9619
1979
1979
9619
9619
9619
9619
9618
1979
9667
9667
9667
1979
1979
9668
9668
9668
9668
9668
1979
9668
1979
1979
1979
1979
1979
9668
9668
9668
9667
1979
9667
1979
9667
1979
1979
1979
1979
1979
9667
1979
1979
1979
9667
9663
1979
1979
9663
9663
1979
1979
9663
1979
1979
1979
1994
9750
1994
9750
1994
1994
9750
9750
1994
9750
9750
9750
1994
9750
1994
9772
1994
9772
1994
1994
9772
1994
9772
9772
1994
9772
9772
1994
1994
9772
1994
9772
1994
2031
2031
2031
2031
9838
9838
9838
9838
9838
9838
2031
2031
9838
9838
2031
9830
2031
2031
2033
2033
9830
2034
9830
9830
9830
9830
2034
9830
9830
2034
2034
9830
9830
9830
9830
9830
9830
9819
9819
2034
9819
2034
9819
9819
2034
2034
2034
2034
2034
9861
9861
9861
2056
2056
9861
9861
2056
2056
9861
9861
2056
9861
2056
2056
2056
9945
2056
2056
2056
9945
9945
9945
2056
9945
9945
9945
2056
2056
2056
9945
9945
2056
2056
9962
2056
2056
2056
2056
9962
2056
2056
2056
2056
9961
2056
9959
2056
9959
9959
2056
9959
10034
10034
10034
2056
2065
10034
2065
10028
10028
2080
2080
10028
2083
2083
10028
2083
10028
2083
10028
10022
10022
10022
10022
2083
2083
10037
2083
10037
2083
2083
2083
2083
2083
10037
2083
2083
2083
10037
10037
2094
2094
10037
2094
10037
10037
2094
2094
10037
10022
2094
10022
2096
2096
10067
2096
2096
2099
2099
2099
2099
10067
2099
10067
10067
10067
10067
2099
10067
10067
2099
10096
2108
2108
2108
10155
2108
10155
10155
10155
2108
2108
2108
10155
2108
10155
2108
10155
2108
10155
2108
2108
10148
2108
2108
10220
10220
10220
2108
2108
10235
10235
10235
2108
10235
2108
10235
2108
2108
2108
2108
10235
10235
10235
10235
2108
10235
2108
2108
10235
10235
10235
2108
2108
10235
10237
2108
2108
10237
2108
10298
10298
2108
2108
2108
10298
10298
2110
10298
10298
10298
2110
2110
2110
10298
10298
10298
10298
10298
2110
2110
10298
2110
10298
10298
2110
10298
10298
2110
10298
2110
10298
10298
2110
2110
10299
10298
2110
2110
10294
2110
10294
10294
10306
10306
10306
2110
2110
10306
10306
2110
2110
10306
10294
10294
2110
10294
10294
10294
2110
2110
2110
10292
2110
10292
10292
2110
2110
10292
10292
2110
10292
10292
2134
10371
2134
10371
10371
2134
10371
2134
2134
2134
2134
2134
10407
10407
10407
10407
10407
2134
2134
10407
10407
2134
2134
2134
10407
2134
10407
2134
2134
10407
10407
10407
2134
10403
2134
2134
10483
10483
2134
2134
2134
10483
10483
2135
10483
2135
10483
10483
2135
10483
2135
10480
2135
2135
2135
10480
10480
2135
10480
2135
2135
2135
2135
10480
10480
10480
2135
2135
2135
10480
10500
2135
10499
10499
2135
2135
10499
10499
2135
2135
2135
10499
2148
10499
2148
2148
10499
2148
10490
2153
10490
10490
2153
10480
10480
10480
2153
2153
10480
2154
2154
2154
2154
2156
10480
10480
10479
10479
2156
2161
10479
2161
2161
10520
2161
2161
2161
2161
2179
2179
2179
10520
10520
2179
2179
10520
10520
10520
10520
2179
10520
10520
2179
10520
10520
2179
2179
2179
2179
10520
2179
10520
2179
2179
10520
10520
2179
2179
10519
10519
2179
2179
2179
10519
10519
10519
10519
2179
2179
10513
2179
10513
2179
2191
2191
10513
2191
2191
10513
10513
10513
10513
10513
10513
2191
2191
10555
2191
10555
2191
2191
2191
2191
2191
10555
10555
2191
2191
10585
2191
2191
2191
10585
2191
2191
10585
10585
10585
2191
10598
10598
10598
10598
2191
10598
10598
2191
2191
10598
2191
2191
10598
2191
10625
10625
2191
2191
2191
10625
2203
2203
2203
10625
2203
2203
10625
10625
10657
2203
2210
10657
2210
2218
10657
2218
10705
2218
10705
2218
2229
10720
2229
2229
2229
10720
2229
2229
2229
2240
10720
10720
10720
10720
10720
2240
2240
10720
10720
2242
10720
2242
10720
10720
2242
10720
2242
2242
2242
10713
10713
2242
10713
2242
10710
2242
10710
2242
2242
10758
10758
10758
10758
2242
10758
2242
10747
2250
2250
2250
10747
10779
2251
10779
10779
2251
10779
2251
10779
10779
2251
10779
10779
2251
2251
2251
10779
10779
2251
2251
2252
10779
2252
10779
2252
2252
2252
2252
2253
2253
2253
10779
10779
10779
2253
2253
2253
2253
10779
10779
10779
2260
10779
10779
10779
10779
2260
2260
2260
2260
2260
10779
2260
2260
2260
2260
10858
10857
10857
10852
2260
10852
10852
10852
10852
10852
10852
2260
10852
2260
10852
2260
2260
10914
2260
10914
10914
10909
10909
10909
10900
2260
2260
2260
2260
10928
2260
10949
10949
2260
10949
2260
10949
2260
10949
2260
2260
10949
2260
10949
10949
10949
10949
2260
10949
2260
10949
2260
10949
10949
2260
10949
2260
2260
10949
10949
2260
2260
10949
2260
10949
2260
2260
2260
2260
10949
10949
10949
2260
2260
10949
2260
2260
2260
10949
2260
2260
2260
10949
10949
10949
10949
10949
2268
10949
2268
10950
10949
2268
10949
10949
2268
10949
11016
11018
2268
2268
2268
2276
11018
2276
11018
11018
11018
11018
2276
2276
11018
2276
11018
2276
2276
11018
2276
11018
11018
11018
11018
11018
11018
2276
11018
2276
2276
2276
2276
2276
11018
11073
11073
11073
2276
2276
2276
11073
11073
2276
11085
11085
2276
2276
11085
2276
2276
2276
11085
11085
11085
2276
2276
2276
2278
2278
2278
11085
2278
2278
11085
11085
2278
11085
11085
2278
11085
11085
2282
11085
2282
2293
11085
2293
2293
2293
11085
2293
11085
2293
11085
2293
2293
11085
11085
2293
11085
11085
11143
2297
11143
11143
11143
11188
11188
11188
11188
11188
11179
2297
11179
11179
11179
11179
11179
11179
11179
11179
11179
11179
11179
2297
2297
11179
11179
2297
11179
11179
2297
2297
11179
11179
11162
11162
2297
2297
2297
11162
11162
2297
11162
11162
2297
11162
11162
11162
11162
2297
11152
11152
11152
2297
11152
11152
11152
2297
11152
11152
2297
11152
11152
11152
2297
11190
11190
2297
11190
2297
11190
2297
2297
11190
11152
11152
2297
11215
11215
2297
11215
11215
11215
2297
11219
11219
11219
11219
11221
11221
2297
11258
2297
2297
2297
11258
11252
2298
11252
2298
11252
11252
2298
2306
2306
2306
11252
11252
2306
11252
11252
11252
11252
2306
11252
2306
2306
2306
11252
11252
2306
2306
11300
2306
2306
11300
11300
2306
2306
2306
2306
11279
11279
11279
2306
2306
11305
2306
2306
2308
2308
11305
11305
2308
2308
2308
11305
11279
11279
11273
2308
2308
2308
11321
2308
11321
11321
2308
11321
2308
2308
2308
2308
11391
11391
2308
2308
2308
11391
2308
11391
2308
11391
11388
11388
11388
11388
2308
11387
2308
11387
2308
2308
11387
2308
2308
2308
11376
2308
11399
11399
2308
11404
2308
11404
2308
2308
2308
11399
11399
2308
11376
2308
2309
11376
11412
11412
2309
2309
11412
2309
2309
11412
2324
2324
11412
2324
11412
11376
2324
11376
11376
2324
2324
11376
2324
2324
11473
2324
11473
2324
2324
2324
11473
11473
11473
11473
2324
2324
2324
11473
2324
2324
11524
11524
11524
2324
11513
2324
11513
11513
11513
2324
2324
11513
2324
2324
11509
2324
2324
11509
11509
11509
2324
2327
11509
11509
2327
11509
2327
11509
11509
11509
11509
11509
11509
2327
11509
11494
11494
2327
11494
11494
2327
2327
11494
11494
2327
11494
11494
2327
2327
2327
11563
11563
11563
2327
2331
2331
2339
2339
2339
11563
11563
11563
2339
2339
11563
11563
2339
2339
2349
11563
11563
11559
2349
11559
2349
11559
11559
2358
11559
11559
2358
2358
11554
11554
2358
2358
2358
2359
2359
2359
2359
11554
2359
2359
11554
11554
11554
11554
11554
2359
2374
11554
2374
11554
2374
11545
2374
2374
2374
11545
11545
2377
11545
11545
11545
11545
11540
2377
11540
2377
2377
2377
11540
2377
2377
11540
11540
11540
11494
2377
2377
2377
11494
2377
11580
11580
2377
2377
11580
2377
2380
11580
11580
11580
2380
11580
2380
11626
2380
11626
2380
2380
2380
11626
11626
11626
2380
11626
11626
2380
2380
11626
2382
2382
2386
11626
11626
2386
11626
2386
11626
11626
11626
11626
2386
11626
11626
11626
11626
2386
11626
2386
11626
2386
11626
2386
11626
2386
2386
2386
11626
11626
11626
2386
11618
11618
11618
2386
11682
2386
11682
2386
2386
2390
11682
2390
2405
2405
2405
11682
2407
11676
11676
11676
11676
2407
2407
2407
11660
11660
2408
2416
2416
2420
11660
2420
11705
11731
11725
2420
11725
2420
2420
2420
2420
11717
11717
11710
11710
2420
2420
2420
11710
2420
2420
11710
11710
2420
2420
2420
2420
2420
2420
11791
11791
11791
2420
2420
11786
11786
2420
11793
2420
2420
11793
11793
2420
11793
11793
2420
2420
11793
2420
2420
2420
2420
11796
2420
11796
11796
2420
11796
2420
2420
11796
11796
2420
2420
2442
11796
11796
2442
11796
11796
2442
2442
2442
11796
2442
2442
11796
11796
2442
11796
11796
11796
2442
2442
2442
2442
11796
2453
11796
2453
2453
2453
2453
11849
2453
2453
11849
2453
11849
11849
11849
11849
2453
2453
2453
11849
2453
2453
11869
2453
11869
11869
2453
2453
11869
11869
11869
2453
11869
11869
2453
2453
11869
11854
11854
11854
2453
11854
11854
2460
11910
2460
2460
11910
2460
2460
11915
11961
11961
11961
2460
2460
11961
2460
2460
11961
2460
11947
2460
11947
2460
11943
2460
11943
2460
11943
11943
11969
2460
2460
11969
2460
2460
2460
11969
11969
2480
2480
11969
2480
2480
2480
2480
2480
11969
11969
2480
11969
2480
2480
11943
11943
2480
2480
11943
2480
2480
11943
2481
2481
11943
11943
2481
11943
11943
11943
2481
11943
2481
2481
2481
11943
2481
2481
2481
11991
2481
11991
2481
11991
11991
11991
11991
11991
11991
11983
2481
11983
2481
11983
2481
2481
12013
2481
2481
12013
12013
2488
12013
12013
2488
12013
12052
12052
2488
12052
12036
2488
12036
12036
2488
12036
2488
2488
12022
2488
2488
12022
12022
12022
12022
2488
12022
2497
12022
12022
12022
12019
12019
2497
2497
12019
2497
2497
12019
2497
2497
2497
12019
2497
12015
12090
12090
12090
2497
2497
12090
2512
2512
2512
12090
2512
2512
12090
12090
12090
2518
2518
12090
12090
12090
2518
2518
2518
12090
2518
12090
2518
12086
2518
12086
2518
12086
12078
12078
12153
12153
2518
12144
2518
2518
12144
2518
2518
2539
12132
12132
2539
2547
2547
2547
2547
12130
2547
2547
2547
12130
2547
2547
12130
12130
12130
2547
12123
2547
12123
2547
12171
12171
2547
12171
2547
12160
12160
12160
12160
12160
2547
2547
12160
12160
12160
2547
12207
12207
12207
12207
2547
2547
2591
12206
12206
2591
12206
12206
12206
2591
2591
12201
12201
12201
2591
12201
12201
12201
2594
2594
12201
2594
2594
2594
2606
12196
12196
12187
12187
2623
2643
2643
12187
12187
12187
12187
2643
12187
2643
12187
2643
12160
12275
2643
12318
2643
2643
12318
12318
12318
12318
2643
2643
12318
12318
12313
2643
2643
2643
2643
2643
12345
2643
12345
2643
2643
2643
2643
2643
12343
12343
12343
12343
2643
2643
12343
12343
12343
12343
12343
12343
12343
12343
12343
2659
2659
2659
12343
2659
12343
12343
2659
2659
2659
2659
2659
2659
12343
2659
2659
12339
12361
12359
2659
2659
2659
12359
12359
12359
12359
12359
2659
12359
12359
12359
2685
12359
2685
2701
2701
12359
12359
12359
2706
2706
12350
2706
2706
2706
12350
2706
2706
12349
12349
2706
12349
12349
12349
2706
2711
2715
2715
12349
12349
12349
12349
12349
2715
12349
12349
2715
2715
2715
12349
2715
2715
12408
12408
2715
2715
2727
12408
12408
2727
12408
12408
12408
2727
2727
12408
2727
2727
2727
2727
12408
12408
12414
12414
2727
12414
2727
2727
2727
2727
12414
12414
12414
2727
2727
2727
2727
12414
12414
2727
2742
2742
12414
12414
2742
12408
12408
12428
2742
12428
2755
2759
2759
2759
12428
12428
2759
12428
12428
2759
2759
12428
2759
12428
12428
2760
12428
12480
2762
12480
2762
2762
2762
2762
12480
2762
2762
2762
2763
2764
2764
2764
12480
12480
2764
2764
12480
12480
2767
2767
2767
2767
12480
2767
12486
12486
2767
12524
12524
2781
2781
12524
2781
2781
2781
2781
12524
2781
2781
12524
2787
2787
2787
2787
12524
2787
2787
12510
12510
2787
12510
2798
2798
2798
12529
2798
2798
2798
2798
12529
2798
12529
12529
12529
2798
12529
12529
12529
2798
12529
2807
12528
2807
2807
12528
12528
12528
12528
2807
12528
12528
12528
12528
12528
2807
12528
2807
2807
12592
2807
2807
2807
2807
12592
12592
12592
12592
12592
12592
12592
2807
12592
12592
12592
12592
2807
2807
12592
2807
12592
2809
12592
2809
12578
2809
2809
12578
12578
2809
12578
2809
2809
2809
12578
12578
12578
2809
12606
2809
2809
12606
12606
12606
12606
2809
12606
2809
2809
2809
12606
12606
12606
2809
12606
12606
12606
2809
12606
2809
12602
2809
2809
2809
2809
2809
12602
12602
12602
12651
12651
12651
12651
2809
12651
12651
2809
12676
12716
2809
2809
12716
12716
2809
12716
12716
2809
12709
12709
12709
12709
12709
2809
2809
12709
2809
2809
12709
2819
2819
2819
2819
12709
2819
12707
12707
2819
2819
2819
2819
12707
12707
12707
12707
12707
2819
2819
12707
2819
2819
2819
2819
12707
2819
2819
12707
12707
12707
12707
12707
12707
2819
2819
12698
12698
12698
2819
2819
2819
12698
12698
12690
12690
12690
12690
12690
2819
2819
12690
2849
12690
2849
12690
2849
2849
12690
2849
2849
12690
2849
12690
2849
12721
2849
12721
2849
12721
12721
2849
2849
2849
12721
2849
12721
2849
2849
2849
2849
2849
2849
12737
12737
12737
2849
12737
2849
2849
2855
2855
2855
12805
2856
2856
12801
2856
12801
12875
12875
12875
12875
2856
12875
12875
12875
2856
12875
12875
12875
12864
2856
12864
12864
2856
2861
2861
12864
2861
2861
12864
2861
2861
2861
2861
12864
2861
12864
2875
12864
12864
2875
2875
12864
2884
2884
12864
2885
2885
2885
2885
2885
12885
2885
12885
12885
2885
2885
2885
2885
2885
12885
12885
2885
12885
12885
2885
12944
12944
12944
2885
2885
2885
2885
12944
2885
12944
12944
12944
12944
2885
12936
12936
2885
12936
12936
2885
2885
12936
2885
2885
12936
12920
2885
2885
2885
2885
12920
2885
2885
12920
2885
2885
2885
2885
2885
12920
12966
12966
2885
12966
12961
12961
13032
13032
2885
13032
13032
2885
13032
13032
2885
2982
13032
13032
2982
2982
2985
13032
2985
13029
13010
13010
2985
2985
2985
13010
12998
2985
12998
2985
12998
2985
12998
2988
12998
3004
12998
3004
12998
3004
12998
3004
3004
12998
12998
12998
12998
3004
3004
3004
12990
3004
12990
3004
3004
3004
12990
13037
3004
13037
13037
13082
3004
3004
3004
13082
13085
3004
13085
13085
3016
13082
13082
3016
3016
13082
13082
3030
3030
3030
13120
13120
13120
13120
13120
13120
3030
13097
3030
13097
3030
3030
13097
3046
3046
3046
3046
3046
3046
13153
13153
3046
3046
13153
3046
3046
3046
13153
3046
3046
3046
13153
3046
13153
13171
3046
3046
13226
3046
3046
3046
13226
13226
13226
13226
13226
13226
13226
13226
13226
3046
3046
3046
13226
13226
3046
13226
3046
3046
3046
3046
3046
13226
3046
13226
13226
3046
13226
13259
13259
13259
3046
3046
13259
13259
13306
3046
3046
3046
3046
13306
13281
13281
3046
3046
13281
13281
13281
3046
13277
13277
3046
13277
3046
3046
13277
13277
3046
13277
13277
13277
13277
13277
3046
3046
13277
13277
3046
13277
3046
3046
13277
3046
13277
13277
13277
3046
3046
3046
3046
13277
3046
13314
13314
3046
3048
3048
13314
13314
13307
13277
3048
3048
13277
13277
3050
13277
13277
13277
13277
13277
13277
3050
3050
13277
13277
3050
13277
13277
13270
3050
13270
3050
3050
3050
13270
3050
3050
13261
13261
13261
13261
13261
13261
3050
3056
13261
3056
13259
3056
13259
13259
13259
13259
13259
13259
3057
13259
13259
3057
3057
3057
13397
13397
13397
3057
3057
13434
3057
3057
3057
3057
3070
13504
13504
13504
3072
3072
3072
13504
13504
13504
13504
3072
13504
13504
13504
3072
13504
13504
13539
3072
3072
13539
13539
3072
13539
3072
13539
13539
13539
13539
3072
13539
3072
3072
13539
3072
13539
13539
13539
3072
13539
13539
3072
13539
13539
13539
13539
3072
13572
3080
13572
13574
3080
3080
3080
13574
13574
3080
3094
13574
13574
13574
3094
3094
3094
13574
13572
3094
3094
13572
13572
3094
3094
3094
13572
3094
3094
13584
13584
13584
13584
13584
3094
13584
13584
3094
3094
3094
3094
3094
3094
3094
13584
13584
3094
13598
13598
3094
13598
13598
3094
3094
13598
3094
3098
3098
3098
13598
13598
3098
13598
13598
13598
13596
3098
13596
3098
13596
3098
13596
13596
3100
3100
3100
3100
13596
13596
3100
13596
13596
13596
13596
3100
13596
13596
13596
13596
13596
13596
3100
3100
13596
3100
3100
3100
13589
13589
13589
13589
13589
3100
3100
13620
13620
3100
3110
3110
3110
13620
3110
3110
13620
3110
3110
13614
13614
3110
13614
13614
3110
3110
13614
3110
3110
3110
13623
13623
13623
13623
3110
13614
13614
3110
13614
3110
3110
13614
13614
13614
13602
3110
13602
13602
3110
13602
3110
3110
3110
13602
13602
3110
3110
13602
3110
3110
13589
3110
13589
3110
13586
13586
13584
3110
13584
3110
3130
3130
13675
13675
3130
13675
13675
13675
13675
13675
13675
13675
13675
13665
13665
3130
13665
13665
3130
13680
13680
13680
3130
3130
3130
13719
3130
3130
13719
3130
3130
3130
3132
13716
3132
13716
3132
13716
13716
3132
13766
3132
13766
3132
3132
13820
3132
3132
13820
3132
13820
3132
3132
13820
13820
3132
13853
13853
3132
3152
3154
3154
3154
13853
13853
3154
3156
13853
13855
13861
13861
13866
3156
13866
3156
13863
13863
3156
3156
13863
13862
3156
3156
13862
3156
3156
13898
13898
13898
13898
3156
3156
13898
3156
3156
3156
3156
13898
3156
3156
13898
3156
13893
3156
3156
3156
13917
3156
13917
13917
13917
3156
13917
3156
3156
13917
3169
3169
3169
13917
13917
13917
3169
13917
13917
3169
3169
13914
3175
13914
3177
13914
3177
13914
3177
13914
3177
13914
13914
13914
3177
13914
3177
3177
13956
3177
3221
3221
3221
13989
3221
3221
3221
3221
3221
3221
13989
13989
3221
3221
3221
3221
3221
3221
14060
14058
14058
3221
14058
14050
3253
14050
3253
14050
14050
3253
14050
14050
3253
14050
14050
3253
14049
3253
3253
14065
3258
14065
3258
14093
3258
14093
3258
3258
3258
3258
3258
14093
3258
3258
14093
3261
14093
3261
3261
3261
3261
3261
14093
14093
3261
3261
3261
14093
3261
3261
3261
3261
3261
14096
3261
14096
3261
14096
3261
14096
3261
3261
3275
14096
14096
3275
3275
14096
14093
3275
14093
3275
14093
14093
3284
3284
14093
3284
3284
3284
3291
3291
14093
3291
3291
14093
3291
14093
14093
3291
14093
14085
3291
3291
14085
14130
3291
14130
14130
14130
14130
14130
3291
3291
14130
14130
14130
14130
3291
3291
14130
14130
14130
3321
3321
14130
3321
14140
14140
14140
3321
3321
14140
3333
3333
14198
14198
3333
3333
3333
3333
14198
3335
3335
3335
3335
14198
3335
14198
14198
14198
3335
14198
14198
14198
14187
3335
3335
3335
3366
3366
3366
3366
14187
14187
14187
3366
3366
14187
14187
3366
3366
3366
3366
14187
3366
3366
3366
3366
14187
14187
3366
14187
14250
14250
14250
3366
3366
14250
14250
3366
3366
3373
3373
14250
3374
3376
3376
3376
14250
14250
14216
14216
14216
3376
3376
3376
3376
3376
3376
14216
14216
14216
3376
14216
3376
14216
14216
3376
14262
3377
14262
3377
14262
14262
14262
14262
3377
14262
3377
3377
14262
14216
3377
3377
14216
14216
3377
3377
3377
3378
3378
14216
14216
14216
14216
3378
14216
14216
3378
3378
14216
3378
3378
14216
14212
14212
3378
3378
14212
14212
14187
14185
3378
3378
3378
14178
14178
3378
14178
3378
3378
14178
14177
14177
14177
14177
14177
14177
14177
14177
3378
3378
3378
14177
14177
3382
3382
3382
3382
3382
14170
14151
14151
14151
14151
14151
3389
3389
3389
14151
14151
3389
3389
14151
3389
14151
3389
3389
14151
14151
3389
14151
14151
14151
3389
3389
14151
14276
14276
14276
14270
14270
3389
14264
3399
3399
14264
14264
14264
3399
14151
3399
3399
3399
3399
3399
3399
14151
3399
14151
14151
14151
14151
14151
14151
3399
14151
3399
14151
3399
14151
3399
14151
14151
14149
14149
3399
14149
3399
3408
14140
3408
3408
3408
14140
3408
14140
3408
3408
3408
3408
14140
3408
14140
3408
3408
14140
3408
3408
3408
14140
14140
14278
3408
3408
3408
14278
14140
14140
14140
14140
14140
3408
3408
3408
14140
14140
14140
3408
14140
14140
3408
14140
3408
3408
14140
3408
14140
3408
14140
3408
3408
3408
3408
14140
14140
3408
3408
3408
3408
3409
14140
3409
14140
3409
14140
14313
3409
3409
14313
3411
3411
14313
3411
3411
14313
14313
3411
3411
3411
14313
3411
14313
3411
3411
3412
14313
14313
14313
3412
3412
14313
3412
14343
3412
14365
3412
3412
3412
14365
3412
14361
14361
3412
3412
14361
14361
14361
3412
3412
14419
14419
14458
3412
14509
14509
3412
3412
3412
3412
3421
3421
14509
3425
14509
14509
14518
14518
3425
3425
14509
14509
14509
14509
14562
14562
14562
14562
3425
14562
3425
14562
14587
14587
3430
3430
14587
14587
14587
14587
14587
3430
14587
3430
14587
14587
3430
3430
3430
3430
3430
14649
14649
14649
3430
14649
3430
3430
14700
3430
3430
3430
14700
3430
14700
14694
14692
3430
14692
14692
3430
3430
3430
3430
3430
14692
14690
14690
3430
14724
14724
14709
3432
14709
14709
3432
14709
14709
14738
14739
14739
14739
14739
14739
3432
3432
14739
3432
3432
3432
14739
3432
14739
14739
14739
14739
14739
14739
3432
3432
14738
14738
14799
14799
14799
3432
3437
3437
3437
14871
14871
3437
3437
14871
3437
14871
3437
3437
14916
14916
3437
3437
14916
14916
14916
3437
14916
3437
3437
3437
14916
3437
14916
3437
14916
14916
14916
3437
14916
14916
3437
14916
3437
14916
14916
3437
14916
3439
3439
3439
3451
14916
14957
14957
14957
3451
3451
3451
3451
3451
14957
3451
14932
3451
3451
14997
3451
3451
14997
3451
14997
14997
14997
14997
3463
3463
3463
3463
3463
3463
14997
14997
3463
15047
3463
15047
3463
15047
15047
15047
3463
3463
3463
3463
15047
3463
3463
15101
15101
15101
15101
15101
3463
15101
3463
15101
15133
15128
15128
3463
15128
3463
3463
3463
15128
3463
15128
3463
3463
15128
3463
15128
15128
15128
3463
3463
3463
15127
3463
3463
3463
3463
3463
3463
15127
3468
15127
15122
15122
3468
15122
15122
3468
3475
15122
15122
3475
15122
15122
3481
15122
3481
15112
15112
3481
15112
3481
3481
15112
3481
15112
3481
3481
3481
15112
15112
15112
15112
3481
3481
15112
3481
3481
15112
15109
15109
15106
3481
15106
3481
3481
15106
3481
15106
15106
15106
3481
3481
15106
15106
3481
3481
3481
3481
15106
3481
15106
15106
15106
3481
15106
15106
15106
15106
3481
15154
3481
3481
15154
15154
3481
3481
3481
3481
3481
15154
15148
15148
15148
3481
3481
3481
3481
15148
3481
3481
3481
3481
15148
3481
15148
3481
15148
15148
3481
3482
15148
15148
15148
15148
3482
3482
15145
3482
15145
3482
3482
15145
15145
3482
15139
3482
15139
15139
15106
3482
3482
15106
15106
3482
15106
3482
15106
3482
15106
3482
3482
3482
3482
3482
15176
15195
3482
15261
15261
15261
15261
15261
3482
15261
3482
3482
15261
3482
15261
3491
3491
3491
15261
15261
15261
15261
15245
3491
15245
15245
3491
3493
15279
15279
3493
15279
15279
3493
3493
3493
15279
15279
3493
15355
15355
15355
3493
15355
15367
15367
15367
3497
15367
15367
3497
3497
15367
15367
15367
15367
3499
15367
15367
15367
15367
15370
15370
3499
3499
15367
3499
15367
3499
15418
3499
15418
15418
3499
3499
15418
15418
3499
3503
15415
3503
15415
15485
15485
3506
15571
3506
3506
3506
15571
15571
3506
3506
15571
3506
3506
15571
3506
3506
3506
15571
3510
3510
15581
3510
3510
15581
15581
15571
3510
3510
15620
15619
3510
3510
15619
15619
15619
3510
15616
15616
3529
3529
3529
3529
15616
3529
3529
3529
15616
15604
3529
3529
3529
3529
3529
3529
15604
15604
3529
3529
3529
15604
3529
3529
3529
15599
15599
3529
15599
3529
15599
3529
15593
3529
15593
15593
15593
15593
15593
15593
3531
3531
3531
3531
15593
3532
15593
15593
3532
15680
3532
3532
3532
15680
15680
15680
15679
3532
15679
3532
15679
15679
15679
15679
15679
3532
15679
15679
3532
15679
3532
15679
3532
15679
3532
3532
3532
3532
3532
15679
15679
15679
3532
15693
15693
3532
3532
15693
15693
15693
15693
3539
3557
15733
3562
15733
3562
15733
15733
3562
15733
3562
15733
15733
3562
3562
3562
3562
3562
15775
3562
15775
3562
3562
3562
3565
3565
3565
3565
15785
3565
15785
15785
15785
15803
3566
3566
15803
15803
3566
3566
15803
15824
3566
3566
15824
3566
3566
3566
3578
15824
15824
15824
15824
3578
3578
15824
15824
3580
3580
15824
15880
15892
15892
3580
3580
3580
3580
3580
3580
15892
15892
3580
3580
3582
3582
3582
3582
3582
3582
15892
3582
3582
3582
3582
15930
15930
3582
15911
15911
3582
3582
3582
3582
15911
15911
3582
15911
3612
3629
3629
15911
15911
15911
15911
15907
16001
3630
3630
16001
3630
16001
3630
16001
3630
3630
3630
16001
3630
3630
16001
16001
16001
16001
16001
16001
16001
16001
15985
3630
15985
3630
15985
3630
15985
3634
16016
3634
16034
3634
3634
16034
16034
16034
16034
3634
16168
3634
16168
16168
16168
3634
3635
16168
16168
3635
3635
3635
16168
3635
3635
16175
16175
16175
3635
3635
16175
16168
16168
16168
16168
3635
16168
3647
16168
16166
3647
3647
3647
3647
3647
3647
3647
16157
16157
3660
3660
3660
16157
16157
3660
3660
16157
16157
16199
3662
3662
3662
3662
3662
3662
16200
3662
16200
16200
3662
3662
16200
3662
3662
16200
16200
16200
16200
3662
3663
3663
16200
16200
3663
3663
16245
3663
3663
3663
16251
3664
16251
3664
3664
3676
16251
16250
16263
16262
16262
16262
16262
16262
3676
3676
3676
3676
3676
16262
16262
16262
3676
16262
3676
3676
3676
16262
16262
16262
3676
16262
16262
16262
16262
3676
16259
16259
3676
3676
3676
16314
16314
16314
16314
16314
3676
3677
16314
3677
16314
3677
16314
16314
16314
3677
16314
3677
16314
16314
3678
16314
16314
3678
3678
16314
3678
3678
16314
16314
3678
16314
16314
16314
3682
3729
3729
16314
16314
3729
3729
16319
16316
16355
16343
16343
16343
3729
3729
16343
16343
3729
16336
16336
16336
16336
16336
16336
3729
16401
3730
16401
3730
3730
16388
16388
3730
16388
3730
16388
3730
16388
16388
16388
3730
16388
3730
16388
16388
16388
3730
16388
3730
3730
16388
16384
16384
16384
16384
3730
3730
16384
3730
16384
16455
16449
3730
16449
16449
3730
16449
3730
3730
16432
16432
16432
3730
16455
16455
3730
16455
16455
16455
3730
3730
16455
3730
3730
16455
3730
3730
16432
3730
3733
3733
16432
16432
16432
16432
16432
16432
3733
3735
3735
16426
16426
3735
3735
16426
3736
3736
3736
16472
3736
3736
3736
3736
16472
3736
16472
16472
16472
16472
16472
3736
16472
16472
3736
3736
16472
16475
3736
3736
16475
3736
3736
16475
16475
16472
3736
3736
3736
3736
3736
3751
16472
3751
3751
16472
3751
16472
16472
3751
16477
16477
3751
16477
3760
3760
16477
3760
3760
16484
16484
16484
16484
16484
16512
16507
16505
3765
3765
3765
3765
3766
16515
3777
3777
16515
3777
3777
16532
3777
16532
16532
16532
16532
3777
3777
3777
3777
3777
3777
16568
16568
3777
3777
3777
16597
16597
16597
3777
3777
16597
3777
3777
16597
16597
3777
16648
16648
3777
16648
16648
3777
3777
16648
3777
16648
16637
3777
3777
16634
16634
16634
16634
3777
16634
16634
16634
16634
3777
16634
16634
3777
16634
16634
16634
16634
3777
3777
3777
3777
3777
16634
16634
16634
16634
3777
16634
16634
3777
3777
3777
16629
16629
3777
3777
3777
3777
16629
3777
16629
16629
16629
16629
16609
16609
16609
16609
16609
16609
3777
3781
3781
16609
3781
16609
16597
16597
16597
3786
16597
16597
16597
3786
3786
16597
16597
3786
3786
16597
3786
16597
3786
16597
3786
16725
16725
3786
3786
3786
3786
3786
3786
3786
16725
3786
16725
3786
16725
16725
16725
3811
16713
16713
16713
3830
3830
3830
16713
16713
3830
16713
16713
3830
16713
16713
3830
16713
3830
16701
16701
16701
16701
3830
3830
3830
3830
16741
16741
3830
3830
16741
16741
16741
16741
16741
16733
16728
3835
3847
3847
16728
16728
16728
16701
3847
16701
3847
16701
16701
16701
16701
3847
3847
16699
3847
3847
3847
3847
16699
3847
3847
16691
3856
16752
16752
16750
3856
16750
3856
3856
3856
16750
3856
3856
16750
3856
16750
16750
3856
16745
3856
16745
16745
3856
3856
16745
16745
3856
3856
3909
3909
3909
3909
3909
3909
3909
16769
16769
3909
16769
3909
16761
3909
3909
16796
16796
3909
3909
16796
3909
3909
3909
16796
16796
3909
16796
16796
16794
3909
3909
3909
16794
16794
16794
16794
16794
16794
3909
16794
16794
3909
16794
3919
3919
16794
16794
3929
3929
16794
16794
3929
16794
16794
3929
16794
3929
3929
3931
16773
16773
3931
3931
3931
3931
3931
16773
16773
16773
16773
16773
3931
3931
3938
16773
16773
3938
3938
16773
3938
16773
3938
16848
16842
16837
3938
3938
3938
16884
16884
3956
16883
3956
16883
3956
3956
16883
16883
16883
3956
16883
16883
16883
16883
3956
3956
16883
3956
3956
16883
3956
3958
3958
3958
3958
16883
16877
16877
16877
16877
16872
16872
3958
3958
3959
16937
3959
3959
3974
16961
3974
3974
3974
16961
16961
16961
3974
16961
3974
3974
16961
16961
16961
3974
3974
16961
3974
3974
3974
16961
16957
16957
16957
16957
3974
16957
16957
16957
3974
3974
3974
16957
16957
3974
16963
16963
3974
16963
3974
16963
16963
3974
16963
16963
3974
16957
3974
3974
16957
3974
16957
16957
17005
17005
17005
17005
17005
16994
16992
16992
16992
16992
16992
16992
16992
16992
3974
16992
16992
3974
16992
16992
16992
16992
3974
3974
16992
16990
16990
3974
17062
17062
3974
3974
17062
17062
17062
3974
17062
3978
3978
3978
17062
17062
3978
17062
3978
3978
17062
3978
3978
17099
4005
17099
4005
4005
17098
17098
17098
17098
4016
4016
17098
4016
17098
4016
17098
17098
4016
17098
17098
4016
17092
17092
17092
4016
17104
4016
4016
4016
17104
17104
17104
4020
17104
17104
17104
17104
17198
4020
4020
17198
4020
4020
17198
17198
4025
17198
17198
4025
17198
4025
4025
4025
17198
17198
17198
4025
4025
4025
4025
17198
4025
17198
4025
4025
17198
17198
17198
17198
4025
17198
17198
4025
17198
4025
17213
4025
4025
17213
4025
4025
17213
17213
4025
4053
4053
17213
4053
4053
17213
4053
4075
4082
17213
17213
4082
4082
17213
4082
17213
4082
4082
4082
4082
17207
4082
17207
17207
4082
17207
17207
17207
4082
4082
4082
4082
4082
4087
17207
4087
4090
17207
17207
17207
4090
4090
4090
17207
4090
4092
17207
17207
4092
4094
17207
4094
4094
17207
4094
17207
17207
17207
4094
4094
17207
4094
17207
17207
17207
17207
17198
4094
4094
4094
17198
17219
17219
4094
4094
4094
4094
17219
4094
17219
4094
4094
4094
17247
4111
4111
4111
17247
17239
17239
17239
17239
17239
17238
17238
17238
17276
17276
17276
4111
4111
17276
4111
4111
17276
17276
4111
4111
4111
17276
17276
4111
17276
4111
4111
17276
4111
17276
4111
4111
4111
17276
17276
17276
4111
17276
17276
4111
4111
17276
17276
17276
17276
17276
17276
4117
17276
17317
4117
17317
17317
4117
17317
4117
17317
17317
4117
17317
4117
17315
4117
17315
4117
17315
17315
4117
17315
17315
4117
4117
17315
17315
4117
4117
17315
4117
17315
4117
4117
4117
17315
4135
4135
4135
17315
4135
17345
4135
4135
17344
17344
4135
17341
4135
17341
4135
17341
4135
17341
4135
17340
17340
4135
4135
4135
4145
17340
17340
17340
17340
4145
17340
4145
4145
4145
4145
17390
4145
17390
17389
4145
17389
17389
17389
17389
17389
4145
17389
17384
4145
4145
17384
17442
4145
17442
17384
4145
17459
17502
17502
4146
4146
17557
4169
4169
4169
17557
4169
17555
17555
4169
17555
4169
17555
17555
17555
4169
4169
4178
17548
17548
4178
17548
17548
4178
17548
17548
4178
4178
4178
4178
17548
4178
4178
4178
4178
17559
17548
17548
4178
4178
17548
17548
17548
17548
4178
4178
17548
4178
17548
17548
17548
17548
17548
4178
17548
4178
17548
4178
4178
17548
4178
4178
4178
17665
4178
4178
4178
17665
17665
17669
4178
4178
4178
17669
17669
17669
4178
4178
17669
17669
4178
4178
17669
17698
4178
4178
17698
4178
17698
4183
17698
17698
4183
17698
4183
17698
17698
17698
4183
4183
4183
17728
4185
17728
17728
17728
4185
4185
17728
17728
4185
17728
17728
17728
17728
17728
4185
17765
17765
17765
4194
17765
4194
4194
4194
4194
17765
17765
17765
17765
4194
17765
4194
4194
17765
4199
17765
17757
4199
4199
4199
17757
17757
17757
4199
4199
4199
4199
17757
4199
17838
4199
17838
4199
4199
4199
4199
17838
4199
17838
17838
4199
4199
4276
17838
4276
4276
17877
17877
17877
4276
17877
4276
4276
17877
4276
17877
17877
17877
17877
17877
4276
17877
17877
4276
4276
17875
4276
17875
4276
4276
17875
4276
4276
4276
17914
4276
17914
4276
4282
4282
4282
17914
17904
17904
17904
17904
4282
17895
17895
17895
17895
4282
4282
17895
17895
17895
17895
17895
17895
4282
17894
17894
17894
4282
4282
4282
4282
17894
17894
17894
17936
17936
17936
17936
4282
4282
17936
17936
4282
17936
4287
4287
4299
4299
18064
4299
4299
4299
18126
4299
4299
4299
18126
4334
4334
18126
18126
4334
18126
4334
4334
4334
4334
4334
4334
18126
4334
4334
18126
4334
4334
4334
18126
4334
18126
18126
4334
4334
4334
4334
18129
18129
18129
4334
18187
4336
4336
18187
4337
18187
4337
4337
4337
18187
18187
18187
4351
4351
18187
18187
4351
4351
18187
18187
4351
4351
18229
4351
18293
4351
4351
4351
18293
4351
18293
18293
4351
4351
4351
18293
4353
4353
4353
18328
4353
18328
18328
18328
4353
18328
4353
4353
18328
4353
18328
18325
4353
4353
18319
4353
4353
18319
18319
18319
4353
4353
4353
4353
18319
4353
4353
18319
18319
4353
18319
18319
18319
4369
4369
4369
4369
18319
4369
18319
18319
18319
18319
4369
18319
18395
4369
18395
18395
18395
4369
4369
4369
4369
4369
18363
18356
18356
4369
18356
4369
4369
18356
18356
4369
18356
4369
18350
18350
18350
18350
4369
4369
18435
4369
18435
4369
18435
18488
18488
18471
18471
4369
18471
18471
18471
4369
18471
18471
18471
4369
4369
4369
4369
18471
4369
18471
4369
4369
4369
4369
18471
18471
18471
18471
4369
4373
18471
18471
18471
18471
18471
18471
4373
4373
18471
4374
18471
18471
18471
4374
18471
18471
18471
4374
4374
18502
4374
4374
18502
18502
18502
18502
4374
4374
4374
4374
18502
4374
4374
4374
18502
4374
4374
4374
18502
18502
4374
18502
4374
4394
4394
18502
4394
4394
4394
4394
4394
18502
18501
4394
4394
18501
18513
18513
18513
18513
18513
18513
4394
4394
4394
18511
18511
4394
4428
4428
18553
18553
4428
18553
4428
18553
4428
4437
18553
4443
18553
18553
4443
18553
4443
18598
4443
18598
4443
4443
18598
4443
18597
18597
4443
18597
18597
18597
4456
4456
18597
4456
18597
4456
18597
4456
18592
18592
18592
18592
18592
18592
18652
18652
4456
18652
18652
4462
4462
4462
18652
18652
4462
4462
18655
18655
4462
18655
4462
18655
4462
4462
18686
4462
4462
4462
4462
4462
4462
18685
4462
18685
18681
18681
4462
18681
18681
18674
4462
18671
4462
18671
18671
4462
4463
4463
18671
18671
4463
18671
18671
18671
4463
18671
18671
18671
18671
4463
4463
4466
4466
4466
18671
4466
4466
18671
18671
4466
18710
4466
18710
18710
4466
18710
4466
4466
4466
18731
18731
4471
18731
18731
18757
4471
4471
4471
18757
18757
18756
18756
18756
4471
18782
4495
4495
4495
4495
4495
18782
4495
18782
4495
4495
18782
18776
18776
4495
18776
18776
4495
4495
18776
4495
4495
4495
4495
4495
18776
4505
18784
18784
18784
4505
4505
4505
18784
4505
4505
18784
18784
4505
18784
4505
18784
4505
18784
18784
4505
18784
18784
18784
4505
18784
4505
4505
4505
4505
4505
18784
4505
4505
18784
4505
18784
4505
18784
18784
4505
18784
4505
18784
4505
18784
18776
18814
18814
18814
18814
4505
18814
4505
4505
18814
18814
18814
18814
4505
4505
18814
18814
18814
4505
18868
4505
18868
18868
18868
4505
18868
18868
4505
4507
18868
18868
18868
4507
18868
18845
18845
4507
4507
18899
18899
18899
18899
4507
18899
4507
4507
4507
18899
4527
18899
4527
4534
18899
18899
4540
18899
18890
4540
4540
4540
4540
18890
4540
4540
18890
18890
18890
18886
4540
4540
4540
18886
18886
18886
18886
18886
4540
18886
18886
18886
4540
4540
4540
18886
4540
4540
4540
4543
18886
18886
18886
18886
18886
4543
18886
4543
18886
4543
4543
4543
4543
18886
4543
18886
18941
4543
18941
4543
4543
18941
4543
4543
4543
18941
18941
4543
4543
4543
18941
4543
18941
18941
18941
4546
4546
18941
18941
18941
18941
18941
18941
18941
4546
18941
18941
18941
18941
4546
4546
18941
4546
18941
4546
18941
18937
4546
4546
4562
4562
4562
18915
4562
4562
18915
18915
4562
4562
18915
4562
4562
4562
4562
4562
18915
4562
18915
18915
4562
4562
19014
19014
4565
19014
19014
19015
19015
19015
19015
4565
4565
4565
4565
19015
4565
19015
19015
4565
19041
4565
19041
4565
4565
19041
19041
4565
4565
19041
4565
19041
4565
4565
19091
4571
4571
19091
4571
4571
4571
19091
19091
4571
19091
4571
4571
4571
19091
4571
4571
19091
4571
4571
19139
4571
4571
19139
19139
4571
19139
19139
19136
19129
19129
19129
4571
19118
4571
4571
4571
4571
19118
19118
4571
4571
19118
19113
19113
4571
4571
19113
19113
19113
19113
4571
19113
19112
19112
4571
4571
19112
19112
19112
4571
4571
4571
19104
19104
4571
19104
19104
19104
4571
19104
4571
4571
19096
4571
19096
19096
19096
19096
19096
4574
19096
4574
19096
19096
19096
19096
19096
19096
19096
4574
4574
4574
4574
19096
19096
19096
4574
4574
19096
19141
4574
19141
4579
19141
4579
19150
4579
4579
4579
4579
19150
4579
4579
19150
19150
4579
19150
4579
19150
4579
19150
19150
4579
4579
4579
19150
4579
19150
19150
19150
19148
4579
4579
4579
4579
4579
4579
4579
4579
19148
19145
19145
19145
4579
4579
19145
4579
19172
19172
4579
19172
4593
19172
19172
19153
4593
4593
19153
19153
19153
19153
19153
4593
4593
4593
19151
19151
4593
19151
19151
19151
4593
19145
4593
19145
4593
4593
4593
19096
19096
19096
19096
4593
19096
4593
4593
19193
4593
4593
4593
19193
4605
19193
19193
19193
19193
19183
19183
4605
4605
19183
19183
4605
4605
19183
4605
4605
4615
4615
19200
19200
19200
19200
19200
4615
19200
19200
4617
4617
19200
19200
4622
4622
4622
4622
4622
4622
4623
19200
4623
4623
19200
19200
19197
4623
4623
19197
19237
4623
4623
19237
19237
19237
19237
4623
19237
19237
19237
19237
4623
4630
19237
19237
4630
4630
19237
19237
19237
4630
4631
19237
4631
19237
4631
19237
19237
19237
19237
19237
19266
4631
19266
4631
4631
19266
19266
19266
4631
4631
19266
4631
19266
4631
19264
4631
19264
4631
19249
4631
19249
4634
19249
4634
19249
19249
4634
4634
4634
4634
4634
19273
4634
19273
4634
19273
4634
4634
19273
4634
19273
19249
19315
4634
19310
19310
4634
19310
4634
4634
4634
19316
4634
19316
4634
19316
4634
19316
4634
19316
19316
19316
4634
19325
19325
19316
4634
19316
4635
19316
19310
4635
4635
19310
19310
4635
4635
19310
19310
19310
4642
4642
19310
19310
4642
4642
4642
19310
19310
19310
4642
19310
4642
4642
19310
19310
4659
4659
4659
19310
4659
19306
19306
4659
19306
4659
4664
19306
4664
19306
4664
19279
4664
4664
4664
19279
4664
19279
4664
4665
19278
4665
4665
19278
19392
4665
4677
4681
4681
19392
19392
4681
4681
4681
4681
19392
4681
4681
19392
4681
4681
19392
19392
4681
19392
19392
4681
4681
4681
19392
4681
19471
4681
4681
4689
19543
19543
4689
4689
19597
4689
4689
19597
19597
19709
19709
19749
19749
19749
19749
19749
19749
4689
4689
19749
4689
4704
4704
4704
19749
19749
19749
4704
19749
4704
4704
19749
4704
19749
19749
4704
19776
19776
19776
4704
19776
19776
19776
19776
19829
4704
19829
4704
19829
4704
19829
4704
19828
4704
19828
19828
19828
4704
19828
4704
19839
19839
19839
19839
4704
4704
4704
19839
19866
19866
19866
19866
19866
19866
4704
19866
19866
4704
4704
19866
19866
4704
4704
19866
4704
19866
4704
19866
4704
19866
19866
19866
4704
19866
19866
4704
4704
4706
4706
4706
19866
4706
19866
4706
4706
4706
19866
4706
19866
19866
19866
4706
4706
19866
19934
4706
19914
19914
4706
19914
4706
19914
4706
4706
4706
4706
4706
19914
19968
19968
19968
4706
4706
4706
4717
4717
19968
19978
19978
19978
4717
19978
19978
4717
19978
4717
20050
4717
4717
20050
20050
4717
4717
4717
4726
4726
4726
4726
20050
4726
20050
20050
4726
20066
20066
4726
20066
4726
4726
20066
20066
20066
20066
4726
4726
20066
20066
20066
20085
4726
4726
4726
4726
4726
20085
4726
20085
20072
4726
20072
4726
20072
20072
20072
4726
4726
4726
4726
4726
4726
20154
20154
4726
20154
20142
20142
4726
4726
20142
4735
20142
4735
4735
4735
4735
4735
4735
20142
4735
4735
20142
20139
4735
20139
4735
20139
20126
4735
20126
4735
20126
4735
20126
20126
20125
20125
20125
20125
20125
20125
20104
20104
4735
4735
4735
20096
20096
4735
4735
20231
4735
20231
20231
20231
4740
20231
4740
20246
4740
4741
4741
20242
4741
4741
20287
20287
20287
20287
20287
20287
4741
20284
20276
20276
20276
4741
4741
20276
20276
4741
4741
4741
20301
20301
20301
4741
4741
20301
20301
20301
4741
4741
20301
20301
4741
20301
4741
4741
4741
20301
20301
4741
20301
20301
4748
4748
20301
4748
20343
4748
20343
20343
20343
4751
20343
4751
20343
4751
4751
20343
20343
4751
20343
20341
20341
20341
4751
4751
20341
20341
4751
20308
20308
4751
4751
4751
20308
20308
20308
20308
4759
4772
4772
4772
4772
4772
20410
4772
4772
20410
20410
20410
4772
20410
4772
4772
4772
20410
20410
20410
4772
20410
4772
4772
20410
20410
4772
20410
4772
4772
20410
4806
20410
20410
4806
4806
4806
20410
20410
4806
4806
4810
20419
4810
4810
20419
4810
20419
4822
4822
20416
20414
20414
4822
4822
20414
20414
4822
4822
20414
20414
4822
4822
20414
4822
4823
4823
4823
4823
20414
4823
20414
4823
20414
20410
20410
20410
20410
20410
20410
20406
4823
20406
4823
20406
20406
4823
20387
20387
4823
20387
20387
20387
20387
4823
20387
20387
4823
4823
20387
4823
20387
20448
20448
4823
4823
20448
20448
20448
20448
20447
20447
4823
4823
4823
4823
20447
4823
4823
4825
20447
20423
20423
20423
4825
20423
4825
4825
20454
20454
20454
20454
4825
20454
20454
20463
4825
4825
20463
20463
4825
20463
20620
4825
4825
4825
4825
20672
4831
4831
20672
20672
20672
4831
20725
4831
4831
20725
4831
4831
20725
4831
4831
4831
4831
4831
4831
20725
20725
20725
4831
20725
20725
4831
4831
20725
4831
4831
4831
4831
20725
4836
4836
4836
4845
4845
20725
4845
20725
20725
20725
20725
4845
4845
20725
4845
20725
20725
20725
4845
20725
4845
20725
20725
4845
4845
4845
4845
20725
20725
4845
20725
20725
4845
20725
20725
4851
20725
4851
20725
4851
4851
4851
20725
20725
20725
4851
20725
4851
4851
20725
20725
20725
4851
4851
20724
20724
20742
4851
20742
20742
20737
20737
4851
20737
20737
4851
4851
20737
4851
20737
4851
4851
4851
20784
4851
4851
4851
4851
20784
4851
4851
4851
4853
20778
20778
20778
20778
20778
4853
4853
4853
4853
4853
20778
4853
20766
4859
4883
4883
20766
4883
20766
20766
20766
4883
4883
4883
20766
4893
20766
20766
20766
20766
4893
20766
4893
4893
4893
4893
4893
20766
20766
20766
20766
4893
4893
4893
20766
4893
20766
4894
4894
20784
4894
4894
20784
20784
20784
20766
4894
20839
4894
20839
4894
4894
20839
4894
4894
20858
20858
20858
20858
4894
20853
4898
20853
4898
4898
4898
4898
20853
4898
20853
20847
20847
4898
20847
20847
20847
20847
20847
20847
4898
20847
20846
4898
4898
20846
20846
4898
4898
20907
4898
4898
4898
20907
20907
20907
4898
4898
4898
4898
20907
4898
20941
20941
4898
4899
4909
4909
4909
20941
4909
20941
20941
20941
20941
4914
20941
4918
20941
4918
20941
4918
4918
20941
4918
20985
4918
20985
20985
4918
4918
20958
20958
20958
4918
20958
20958
4918
4924
20958
4924
4924
4924
4924
4924
4924
20958
4924
4924
20958
4924
20990
4924
20990
20990
4924
4924
20990
20990
20990
20990
20990
20990
20990
4924
20990
20990
4924
20990
4924
20990
4924
4924
4924
20990
20990
20990
20990
20990
4924
4924
4924
4924
4924
21048
21048
4924
4942
21048
4942
21048
21048
21048
4942
21048
4942
21048
21048
21048
21048
21048
21048
4942
4942
21048
21048
21048
21048
4942
4942
21044
21044
4942
4942
4942
21044
21044
4942
4942
4942
21133
4942
4942
4942
21133
4942
4942
21135
4942
21135
4942
21135
4947
4947
4947
4947
4947
21227
21227
4947
21227
21227
21227
21227
21227
4947
21227
21227
4947
4947
21295
21290
21290
21290
4947
21290
4947
21290
4947
4947
4947
4947
21290
4947
21290
21290
21290
21290
21290
4947
4947
4947
21290
4947
21290
4947
4947
4947
4947
4947
21290
21290
21306
4947
4947
4947
4947
4947
21306
4947
21306
4947
21306
4951
21344
21344
4951
4951
21344
21344
4951
4951
21344
4951
4951
21344
4951
21344
4951
21339
21339
21339
4951
21339
4951
21339
4951
21339
21362
21362
4951
21362
4951
21362
4951
4951
4951
21362
4951
4951
21362
4951
4951
4951
4969
21362
4969
21354
4969
21386
4969
4969
4969
4970
21397
4970
4970
4970
21397
21397
21397
21397
21397
21452
4970
4970
21452
4970
21452
21452
21452
4970
21469
21469
4970
21469
4973
21469
21452
21452
21452
4973
21452
4973
4973
4973
21452
21452
21452
21452
4976
4976
5003
21452
5008
5008
21513
5008
5008
21513
21513
21513
5010
5010
21513
5010
21513
5010
21513
5014
5014
21513
5014
21513
21513
21513
21513
5014
5014
21513
5014
21513
5014
21513
5014
5014
21513
21513
21513
21513
21513
5014
5014
5014
5014
5014
5014
21513
21506
5014
5014
5014
21506
21506
21539
5014
21539
5014
5014
21526
21526
21526
5014
5016
5016
5016
21526
5016
5016
5016
21526
5016
5016
5018
21526
5018
21526
21526
5018
5018
21520
5018
5028
5028
21520
21520
21506
5028
5028
5028
5028
21506
5028
5028
21498
5028
21498
21498
5028
5028
21498
21498
21498
21498
5028
21498
5033
21487
21487
21487
5033
21487
21487
21483
21483
21483
21483
5033
21483
5042
5042
5042
5042
5042
5042
5042
5042
5042
5042
21552
5042
21552
5042
5042
21552
21552
5042
5042
5042
5042
5042
21544
21544
5042
21544
5042
5042
21544
21544
21544
5042
5042
5042
5042
21544
21544
21544
5042
5042
21544
21544
5042
5042
5042
5042
21567
21567
5042
5042
21567
5042
21567
5047
21567
5047
5047
21567
21567
5047
5047
5059
21592
5059
21592
5060
21592
5060
5060
21592
5060
5060
5060
21603
5060
5060
21603
21603
21603
5060
21603
5060
5060
21641
21641
5060
5060
5060
5060
5060
21641
5060
21641
5060
5060
5060
5060
5060
5060
21641
21641
5060
21641
21637
5062
5062
21637
21637
5073
21637
5073
21637
5073
21637
5073
5073
21637
21637
5073
5073
21637
21625
5073
5073
21625
5073
5073
5073
5075
5078
21623
21623
21699
5078
5078
21727
21727
21727
5078
5078
21727
5081
5081
5081
5081
5081
21751
5081
5081
21751
21751
5081
21748
5081
21734
21734
5081
5081
5081
21734
21734
21734
5081
5081
21734
5081
21734
21734
21734
5081
21796
21795
5083
21795
21818
21818
5083
21818
21818
5083
21815
21815
21815
5083
21815
21815
5090
21815
5090
21815
21813
5090
21813
21813
5090
5090
5090
5095
21813
5099
5099
21865
5099
21865
5099
21852
21852
21848
5099
5099
5099
5099
5099
21848
21848
21848
5099
21848
5102
21848
21848
5102
21848
5102
21848
5102
21848
21848
5102
5102
21848
5102
21848
5102
21848
21848
21848
21848
5102
5103
21848
5103
5103
21848
5103
5103
5103
5103
21848
5103
21848
5103
21848
21848
5103
21891
5103
5103
5103
21891
5103
5103
5103
21891
5103
21891
21869
5103
5103
21894
21894
5103
5103
21894
5103
5103
5103
21986
21986
21986
21986
5103
5103
5103
5103
21986
22033
5128
5128
5128
5132
22033
22026
5132
22026
5132
22025
22025
5132
5132
5132
22096
22096
22096
5132
22096
5132
5132
22096
22096
22096
5132
5132
22138
22138
5132
5132
22138
22138
5132
5132
22138
5136
22138
5136
5136
5136
22138
22138
22138
22138
22100
5136
22100
22100
5136
5136
22100
5136
22141
22141
5136
5136
22141
5136
5139
5139
5139
5139
5139
22141
5139
22141
5141
5141
22141
22141
5146
22141
22141
22141
5146
5146
5146
22149
22149
22149
5146
5146
22149
5146
22149
5146
22149
22149
22149
5146
5146
22149
5146
22149
22149
5151
5181
5181
5181
22149
22149
22149
5186
22183
22183
5186
5186
22183
5186
22183
5218
22183
22183
22183
22183
5218
5218
22183
5218
5218
22183
5218
5218
22183
22183
22183
22183
5236
22183
5236
22183
5236
5236
22183
5243
22183
5243
5243
22183
5243
22183
5243
22183
5243
5243
22161
22161
22161
22161
5243
5243
5243
22161
5243
5243
5243
5243
22161
22161
5243
22161
22161
5249
5249
5264
22161
22161
5264
5264
22161
22160
22160
22154
5264
5264
5264
22154
22154
22154
22154
5264
22154
5264
22154
22154
5264
22154
5264
5264
22154
5264
22154
5264
22154
22150
5267
5267
5267
22149
5267
5267
5267
22219
5267
5280
22219
5283
22219
22219
5285
22219
22219
5285
22219
22219
5294
5294
22219
5294
5294
5294
22219
5299
5299
22219
22219
22219
22219
5299
5299
5299
5299
5299
5299
22275
5299
5299
22267
5299
5299
22267
5299
22267
5299
22267
22262
22262
22262
22262
22262
5299
22262
22262
22262
5299
5299
22336
22336
22336
5299
5302
22336
5302
22336
22336
22327
22327
22327
22314
5302
5302
5302
22314
5302
5302
5302
22345
22345
5302
5302
5302
22345
22345
22345
22345
5305
22345
22345
5305
22345
5305
22344
22344
22344
22344
22344
22337
22337
22337
5305
22419
22419
5305
5305
22449
22449
22449
5305
22449
5305
22437
22437
22437
5305
5305
22437
5305
5305
22437
5305
5305
5305
5305
22437
5305
22437
5305
5305
5305
22455
22455
22455
22455
5305
5305
22489
5305
22489
5305
5305
5305
5305
22538
22532
5308
5308
5308
5308
22568
5308
5308
22568
22568
22568
22568
5308
5308
22568
5308
22608
22604
22604
5311
5327
22604
22604
5327
22604
22594
22594
22637
22637
22637
5327
22637
5327
5327
22637
22637
22637
22637
22637
22637
5327
5327
22637
22637
22637
22652
22652
5327
22652
22652
22657
5327
5327
22656
22656
22656
22656
22656
22656
5327
22656
22656
5327
5327
5327
22656
22656
22656
5327
5327
5327
22655
22655
22655
5327
5327
22655
5327
5327
5327
5327
5327
5327
22749
22742
22722
5327
5327
5327
22722
22722
22722
5327
22752
5327
5327
22752
5327
22752
22752
5327
5327
5327
22752
22752
22752
22752
5327
22752
5327
5327
5327
22752
5327
5327
5327
5327
5327
22752
5327
5327
5327
22752
22752
5327
5327
5327
5327
5327
5327
22722
22722
5327
5327
22718
5327
22718
22718
5327
22718
5327
22718
5327
22791
5327
5335
5335
5336
5336
5336
22791
22791
5336
5336
22791
22791
22791
5336
5336
5336
22791
5336
5336
22791
5336
22791
22791
5336
22791
5336
22791
22791
22837
22837
5336
22837
22837
22837
5336
22837
22837
22837
5336
22837
5336
22837
22837
5336
5351
5351
22837
22837
22837
22837
22837
5351
5351
22837
22837
22837
22837
22837
22837
22835
5354
5354
22835
5354
22835
22923
5354
22923
22923
22923
22923
5354
22976
22976
22976
23005
23005
5354
5354
23009
5354
5354
5354
23038
23038
23037
23037
23037
23037
23037
23037
5354
5354
23037
23037
5354
23061
5354
23061
5354
23061
5354
23061
23061
23061
23061
23061
23061
5354
23061
5354
5354
5354
23061
23061
23061
23114
23114
5354
5354
5354
23160
23160
23160
23160
5354
5354
23160
5354
5354
23197
5354
23197
5354
23216
5354
5354
5354
5354
23199
5354
5354
5354
23199
23199
23199
5362
23199
23198
5362
5362
23198
23198
23198
23198
23198
23198
5362
23198
5362
5362
5362
23198
23198
23198
5362
23243
5362
5362
23243
23243
23278
5362
5362
23278
23278
5362
5362
5362
23278
23278
5362
23278
5362
5362
23278
5362
23278
23278
23278
23278
5362
5362
23278
5365
5365
23281
23281
5365
23281
23281
23281
5365
5366
5366
5366
5366
5367
23300
23300
5367
5367
23300
5367
23292
5367
5367
23292
5367
23292
5367
5367
5367
5367
23292
5367
23287
5367
23287
23287
23287
5367
5367
5368
23537
5368
5368
5368
23537
5368
23537
23537
23537
23540
5368
5368
5368
5368
23540
5368
23540
23540
23540
23540
23536
23536
5371
5371
5371
5380
5380
23591
23591
23591
23591
5380
23591
5380
23591
23591
5380
23646
5380
5380
23646
23646
5380
23646
23646
5390
5390
5390
5390
23646
23646
23646
5390
5390
23646
5390
5390
23646
23646
23646
5390
23646
5390
5390
5390
5390
23646
23646
5390
23674
23674
5390
5390
5390
5390
23674
5390
23674
5390
23674
23674
5390
5390
23674
5390
23674
23664
23732
23732
23732
5390
23732
5390
23732
23732
5390
5390
5390
5390
5390
5390
5390
5390
5390
5397
23791
23789
23789
5397
23865
23865
5397
23865
5397
23865
5400
5400
23865
5400
5400
23865
23865
5400
23865
23865
5400
5413
23871
23868
23868
5413
23868
5423
5423
5423
23868
23868
5443
23868
23868
23867
23867
5443
23867
5443
23867
5443
5443
23865
23865
5443
5444
23865
23865
23865
5444
5444
5444
23865
23865
23865
23865
5471
23904
23904
5471
5471
23904
23904
5471
23904
23904
5474
23904
23904
5474
23904
23904
5474
23904
23904
5475
5475
5475
23904
23904
23904
5475
5475
23904
23904
5475
5475
5475
5475
5475
23904
23904
5481
5481
23904
5481
5481
5481
5487
23945
23945
23942
23942
23940
5493
23934
5493
23934
5493
5493
5493
5493
5493
5493
23982
5494
23982
5494
23982
5494
5494
5494
5494
23976
5494
5494
5494
23976
5494
23976
5524
5524
5524
5526
5526
5526
24001
24049
24049
5526
5526
5529
24049
24049
24049
24049
5529
24049
5531
24056
24056
5531
24056
24055
5531
5531
24055
5531
24055
24055
5531
24055
24055
5531
24053
24049
24049
24049
5531
24031
5531
24031
5531
5531
24031
5531
5531
5531
24031
24031
5531
5531
5531
24067
5533
24067
24087
24087
5533
5533
5533
5533
24087
5533
24087
5533
5533
24087
5533
5540
5540
5540
24087
24087
5540
5540
24087
5540
24087
24087
5540
24087
24087
24067
24067
5552
5552
24117
5552
5552
24143
5552
5552
24143
5552
5552
24143
5552
24143
5552
24143
24143
24143
5563
5563
24143
24143
5563
24143
5563
24143
24143
24143
24143
24143
5563
5563
24143
24143
24143
5563
5563
5563
5563
24143
5563
24143
5563
5563
5563
5584
24143
24143
5593
5593
24143
24143
5601
24143
5601
5601
24143
24143
5601
5601
5601
24143
24143
5605
5605
24143
24143
24143
5605
5605
5605
5605
5605
24190
24255
5605
24255
5605
24255
24255
5605
24255
24255
5605
5605
24255
24255
24255
24255
24255
5605
5605
5605
24255
24255
24255
5605
5605
24314
24314
24314
24309
24309
5605
5605
5605
24309
5605
5605
24309
5605
5605
24309
24309
24305
24305
24305
5605
24305
24305
5605
24305
24305
5605
5605
24430
24430
5605
5605
24430
5605
5605
24430
5605
24430
5605
24430
5605
5605
5605
5605
5605
24430
24415
5605
5605
5605
5605
5608
24449
24449
24449
24449
24449
5608
5608
5608
24522
5608
24594
24594
5608
24645
5611
5611
24647
5611
5611
24647
5611
5625
24647
5625
24647
24647
5625
24647
24647
24647
24647
24647
5625
24647
24647
5625
5625
24645
5628
24620
24620
5628
5628
5628
24719
5628
24719
24719
24747
5628
24747
24747
5628
5628
24747
5628
5628
24747
5628
24738
5628
5628
5628
24738
5628
5628
5628
5628
24772
5628
24772
24750
5628
24750
24750
24750
24750
24750
5628
24750
24750
24750
5628
24750
5628
24749
5628
5674
24749
24749
5674
24749
5674
24749
5674
24749
24749
5674
24749
24738
24738
24738
24855
24855
24855
5674
24855
24855
24855
24855
24855
5674
5674
24855
24855
24889
5674
5674
24950
24950
24950
5684
24950
24950
24950
5684
24950
5684
5684
5684
24950
5684
24950
24950
5696
5696
24955
5696
5696
5696
5696
5696
24955
24955
24955
24955
5698
24955
24955
5698
5704
5704
24955
5704
24955
24955
5704
24955
5704
5705
24955
5705
5705
5705
25009
25009
5705
5705
5705
25009
5705
5705
25067
25103
25103
25103
5705
25103
25103
25103
5705
25103
25103
5705
5705
25103
25169
5705
5705
5705
25169
25169
25169
25169
5705
5705
25169
25169
25169
25169
5705
25169
5705
5705
25169
25174
5705
25174
5705
5705
25174
5705
25215
5705
5705
5706
25215
25214
25214
5706
5706
25239
5706
5706
25239
25242
25242
25242
25242
25242
25242
5706
25242
25242
25242
5712
5712
25242
25242
5712
25242
5712
25242
25243
5712
25243
25243
5712
5712
25239
5727
5729
5729
25239
5729
25239
25239
5729
25239
5729
25239
5729
5729
5729
5729
5729
5729
25239
25239
25239
25239
25239
5729
25288
5729
5729
25288
5729
5729
5729
25288
5729
25288
5729
5746
25288
25276
25276
5746
25276
5746
25276
25276
5750
25276
25276
5750
5750
5750
5750
25276
25275
5750
25275
25275
25275
25275
5750
25275
25275
25275
5750
5750
5750
25275
5750
25271
5750
5750
25359
25359
5750
5750
25359
5750
25359
25359
5750
25359
25359
25369
25369
5750
5754
25359
25359
5754
5754
25359
25359
5754
25359
25375
5754
5754
25375
25375
5754
5754
5754
5763
5763
25375
25407
25399
25399
25399
25399
5763
25399
25399
25399
5763
5763
25399
25399
25399
25399
25399
25399
25399
5763
25399
25399
5763
5763
25399
5763
25399
25399
5763
5763
25399
5769
25399
5791
5791
5791
25399
5791
25399
5799
25399
5799
25399
25399
25399
25399
5800
5800
5800
25396
5800
5800
5800
5800
5800
5800
25396
25396
25469
25469
25465
5801
5801
5801
25465
5801
25465
5801
5801
25465
25465
5801
25465
5801
5801
5801
5801
5801
25471
5801
5801
5801
5801
25471
5801
5801
25471
5801
5801
5801
5801
5801
25471
5801
25491
25491
25491
25491
25491
5801
25491
5801
25491
25491
5801
25491
5801
5801
25498
5801
5801
25498
25555
5801
25555
5801
5801
25555
25555
25555
5801
5801
25599
25599
5801
5801
25599
5801
25599
5801
25599
5801
25599
5801
5801
25599
25599
25599
5801
25599
5801
5801
5801
5801
5801
25599
5801
5801
5801
5801
5812
25599
25599
5812
25599
5812
25599
25599
25599
5812
5812
25599
25599
5812
5812
25599
5812
5816
25599
25599
5816
5816
25599
25599
25599
25599
5817
5817
5817
5817
25599
5817
5817
25599
25599
25599
25599
5817
5817
5817
25599
5817
25599
25599
25599
25599
5817
25599
5817
25599
25599
25599
5820
5820
5820
5820
5820
25599
25599
25599
25599
25599
5820
25599
25601
5820
5820
25601
25601
25601
25601
5820
25601
5820
5820
25601
5821
5821
5821
25601
25601
25599
5821
25599
5821
5821
5821
5821
5821
5821
25599
25599
25599
25599
5821
5821
5821
5821
5821
25599
25599
5821
5821
25599
25584
5821
25584
5821
25584
5835
25628
5837
25628
5837
25628
5837
25628
5842
25628
5842
25652
25652
5842
25652
25652
25652
25652
25652
5842
25652
5842
5842
5842
25721
5842
5842
5842
5842
25715
25715
25715
25715
25715
5842
25715
25715
25731
5842
25731
25731
25731
5842
5842
25731
25731
5842
5842
25731
5854
25731
5854
5854
25724
25724
25722
25722
5854
25722
5855
5855
25715
5855
5855
25715
5867
25715
25715
25715
25715
25715
5867
25715
25715
5867
25715
25715
25715
5867
25715
5867
25715
5867
5867
25715
25715
5867
25715
25715
25715
25715
25714
5867
5867
5876
25778
25775
25775
25770
5876
25770
5876
25770
25791
25791
25791
5876
5882
5882
25819
25819
5882
5882
25819
25819
5882
25819
25819
5882
5882
25819
5882
25819
25819
5882
25831
5882
5882
5882
5882
5882
5882
5882
25862
25862
5893
25862
25862
5893
25940
5893
5893
25940
25940
5893
25940
25940
5893
5893
5896
5896
5896
25940
25940
5896
5896
5896
25940
25940
5896
5896
5896
25940
25940
25936
25936
5896
26014
26014
5896
5896
5896
26014
5896
26014
25996
5896
25996
25996
5896
25996
25996
5896
5896
25996
25996
5896
25996
5896
5896
25996
5896
25996
5896
5896
5896
5896
5896
25996
25996
25996
25996
5896
25996
5896
25996
25996
5900
25996
25990
25990
25990
5900
5900
25990
5900
5900
5900
5900
25990
25990
25990
5900
25990
5900
25990
25990
25990
5900
5900
5900
5900
5903
5903
26045
5903
26045
5903
26045
5903
26045
5903
5903
5903
5903
26045
5903
26045
26045
26045
26045
26045
26045
5903
5903
26101
5903
5903
5903
5903
5903
5903
26096
5903
26096
26096
5913
26096
26096
5913
26096
5930
26096
26096
5930
26108
26108
5930
5930
26108
26108
5930
26108
26108
5930
5930
5936
5936
26108
5936
26108
26108
26218
26218
26218
26218
26218
26218
5936
26216
26167
5936
5936
5936
26167
26229
5936
5936
5936
5936
5936
26229
26229
5957
26266
5957
26266
5957
5957
5957
5957
26266
5963
26266
26266
26266
26266
26266
5963
26296
5963
26345
5963
5963
5963
26401
26401
26401
5963
26400
26400
26400
26406
26406
5963
5963
26406
5963
26406
5963
26406
5963
26406
5967
26406
26406
5967
5980
5980
26417
26417
5985
5985
5985
5985
26417
26417
5985
5985
26417
5985
26417
26417
26417
5985
26417
5985
26417
5985
5985
26417
5985
26417
26417
5985
5985
5985
5985
26417
26417
5985
26417
26417
5985
26417
26438
26438
26438
5985
5985
5985
26438
5985
5985
5985
5985
26438
26438
26434
5985
26434
26434
5985
26434
26424
26424
5989
26424
5989
5989
26424
5989
26499
5989
26499
5989
26499
5989
5989
5989
26499
5989
5989
5989
26499
26499
5989
26499
5989
5989
5989
5989
5989
26558
5989
5992
26558
5992
26558
5992
5992
5992
26577
26577
5992
5992
26577
5992
26577
5992
26584
5992
26584
26584
5992
5992
5992
5992
26584
5992
5999
5999
5999
5999
26584
26584
26577
26577
5999
26577
26575
6003
26575
26575
6003
6003
26575
26575
6003
6003
6003
26575
6009
26575
6009
6009
6009
6009
26575
6009
26575
6009
6009
26575
6017
6017
6017
26575
26575
6017
26575
26575
26575
26575
26575
6017
6017
26575
6017
26566
26566
26566
6017
26566
6017
6017
26566
26566
26566
26566
6017
6017
26566
6017
6017
6017
6017
26566
26566
6017
6017
26566
26566
26566
6022
26566
6022
26566
6022
26564
6022
6022
26564
6022
26564
6022
26558
26558
6022
26656
26656
6022
6023
6023
26656
6023
6023
6023
6023
26656
26691
6027
6027
6027
6027
6027
6027
26691
6027
26691
26691
6027
26691
6027
6027
6027
26723
26718
6027
26718
6027
6027
6027
26718
26718
26718
26718
6027
6027
6027
6027
26710
26710
26710
26710
26710
26748
6036
6036
6042
6047
6047
6047
6047
6047
6047
6047
26767
26767
26767
26767
6047
26767
6047
26798
6047
6052
26798
6052
26798
6052
26798
6052
26798
6054
6054
6054
26798
6054
6054
6054
26831
6054
26831
6054
26831
26831
6064
6064
26831
26851
26851
26851
6064
26851
26851
26851
26851
6064
6064
6064
6064
6064
6064
26851
6064
6064
26851
6064
26851
6064
6064
6064
26851
26851
6064
6064
6064
26851
6064
26851
26851
6064
6064
26851
6064
6064
6064
26851
6064
6064
26851
26851
26851
26851
26851
6064
26870
26924
6064
26924
6064
26924
6064
26924
6064
6064
6064
6064
26924
6064
6064
6064
26924
6064
26920
26920
6064
6064
26920
6064
26920
6064
26920
26920
26920
6077
26920
26920
6077
6077
26920
26920
6077
6077
6077
26938
6077
6077
6077
6077
6077
26938
26938
26938
26938
6077
26958
26958
6077
6077
6077
26958
26958
6096
26958
6096
26945
6096
27065
6096
6096
27072
27072
27065
6096
27065
6096
27065
27065
6096
27065
6096
6096
6096
27064
6096
6096
27058
27058
6107
27033
27033
27033
6107
27033
6107
6107
27033
6107
27033
27033
6107
6107
27033
27081
27081
6107
6107
6112
27128
6112
6112
6112
6112
6112
27168
6112
6112
6112
6112
27168
27157
27157
27157
27157
27157
6112
27147
27147
6112
6112
6112
6112
27147
6112
27147
27147
27147
6112
27147
27147
6112
27147
6112
27147
27147
6112
27147
6112
27147
27147
27147
27147
6112
6112
27147
6112
27147
27147
27147
27184
27184
6112
6112
6112
6112
6112
6120
27183
27183
27183
27227
6120
6120
6120
27227
6126
6126
6142
27227
6142
27225
27225
6142
27225
6142
27225
6142
27225
27225
27225
6161
27225
27225
27225
27225
6161
27239
6161
27239
27239
27225
6161
6180
6180
6180
27225
6180
6180
27243
6180
6180
27243
6180
27243
6180
27243
27243
6196
27243
