0
0
0
79
5
79
5
91
91
91
91
91
5
187
187
5
5
5
187
187
15
187
184
15
182
15
182
15
182
235
196
15
37
196
288
37
288
37
37
37
288
37
37
288
288
37
288
40
40
307
307
307
307
307
40
307
61
302
64
302
64
302
302
302
69
302
69
69
302
69
69
69
302
302
302
302
79
79
302
302
302
79
79
302
79
302
79
302
302
302
302
79
302
79
79
302
79
79
302
79
302
302
302
79
307
307
79
362
79
362
79
79
79
362
79
79
362
362
79
79
79
362
79
79
79
84
84
416
416
416
416
84
416
84
416
84
89
89
89
416
89
89
416
416
89
89
89
416
89
91
416
416
416
91
91
91
416
416
416
416
91
416
416
416
91
101
101
428
428
101
101
101
101
428
428
428
101
101
101
101
101
101
101
101
428
428
101
428
101
101
101
476
101
476
101
476
486
101
101
486
101
486
101
486
101
486
486
101
482
482
482
482
482
101
101
101
523
515
115
115
541
115
115
541
115
538
538
133
538
133
582
584
133
133
584
133
584
584
584
133
610
610
133
610
133
610
133
610
610
133
133
159
159
610
159
610
671
671
671
159
671
671
669
669
159
669
182
669
669
182
669
669
182
182
669
182
669
182
182
669
669
182
669
182
669
669
712
182
712
712
182
712
182
182
182
182
711
182
711
711
182
708
708
708
708
708
708
708
182
708
182
708
708
708
708
708
708
734
182
182
734
182
182
182
182
182
182
182
182
196
196
196
734
734
734
734
196
760
196
759
196
196
196
759
759
759
759
759
196
196
196
239
804
249
804
249
249
249
249
813
813
813
249
813
813
813
249
813
813
249
813
249
813
249
249
815
249
249
249
815
815
815
815
249
815
813
813
249
813
249
813
249
249
813
813
813
249
813
249
266
813
813
266
266
813
266
813
266
873
266
266
873
266
873
868
868
866
866
266
866
266
866
266
866
266
866
266
266
866
866
866
866
866
862
862
266
266
266
273
273
862
862
273
888
273
888
888
888
884
282
884
884
884
884
282
282
884
884
910
282
905
905
282
905
905
905
905
282
905
902
282
282
282
902
902
282
283
283
283
283
968
968
283
283
283
968
283
968
968
968
968
283
973
968
968
285
1026
287
287
1026
287
287
1026
1026
287
287
1084
287
287
287
1084
1084
1084
1084
287
287
287
1084
287
1084
1084
1084
287
1066
1066
288
1065
1065
288
288
288
1059
1059
1059
1059
1059
288
1059
288
1059
288
288
288
1059
288
288
1055
288
288
294
1055
294
294
294
1127
294
1127
294
294
294
294
1127
294
294
294
1127
294
1127
1127
1124
1124
1124
294
294
294
294
294
294
1140
294
1203
294
294
302
307
307
1203
307
307
307
1203
1203
1203
1233
1233
1233
1233
307
1233
1233
307
307
307
307
1233
1233
307
1228
307
325
1228
328
1228
328
1236
328
332
1236
1236
1236
332
332
1236
332
332
332
332
332
332
332
1236
1236
332
1301
1301
332
1301
1301
1301
332
332
332
332
1301
332
1301
332
1301
332
332
1301
332
332
1282
1282
334
334
1282
334
334
334
1282
334
335
335
1279
346
1279
346
1367
1367
1344
346
1386
1386
350
350
1386
350
350
1385
1385
350
1385
1385
1385
1385
1385
1385
350
1385
1392
350
350
350
1392
1392
1392
350
350
1474
1467
1467
1467
1467
350
1467
350
350
1467
1467
1467
350
1467
1467
1461
350
350
1461
350
1461
1461
350
1461
1461
350
350
350
350
353
1461
353
353
355
1461
1461
1449
1449
355
1449
355
356
356
1446
1446
362
1446
1446
1446
1446
362
362
362
1506
362
362
1506
1506
362
362
362
1506
362
362
1505
1505
362
362
1505
1505
1505
362
1505
362
1505
1505
362
366
366
1505
1510
368
368
1510
368
368
1559
1559
1559
1559
372
1559
1559
372
372
1559
372
372
372
372
1559
372
1559
372
1603
1603
1603
372
1619
372
1619
1619
372
372
1619
372
372
1619
1619
372
372
372
1619
372
1619
372
372
1612
372
372
1621
372
372
372
372
1621
1621
372
372
372
1621
1621
372
1621
1621
1621
1621
372
1612
372
372
1612
1612
372
372
1680
1680
372
372
1730
1730
379
1730
1730
379
1730
1730
379
1730
1714
379
379
379
379
379
1710
379
379
1710
398
403
1710
403
403
403
1710
403
406
406
406
406
1710
1710
406
406
406
406
406
415
415
1710
1710
1710
415
1710
415
415
416
1710
416
1710
416
416
416
416
1710
416
1737
1737
1737
1737
1737
416
416
416
416
1736
416
425
425
1736
425
1736
425
1736
425
425
1736
1736
425
425
425
425
1736
1736
1736
1736
425
1736
425
1736
1736
1736
1736
1735
1735
425
425
425
425
1735
1735
1733
1733
1710
425
425
425
1710
425
1710
425
1710
1710
425
425
425
1710
425
1710
425
425
1760
1760
425
1752
1752
425
425
425
1752
1752
425
425
1746
1746
1746
425
426
1746
426
426
1746
426
426
1746
1746
426
1783
428
428
1783
428
428
428
428
1783
428
1783
1780
428
1780
1780
428
428
1780
1780
428
428
1780
1780
1780
428
1780
1780
1780
428
1813
428
443
443
443
1813
1813
1813
443
1813
1813
1813
1813
1813
1813
443
443
1813
1823
1823
1823
1813
1813
1813
1813
1813
1824
1824
445
1824
445
445
1824
445
1824
1813
447
447
447
1813
1812
1812
447
1812
447
1812
447
447
1812
447
1812
447
1812
1812
1812
447
447
1812
1812
447
447
1812
1812
1812
447
447
1812
1812
1812
1812
447
447
1812
1812
465
465
1812
465
465
468
1806
1806
1806
1806
468
468
1889
1885
468
1885
1885
468
1885
468
1941
471
1941
471
1941
471
476
1941
476
478
478
478
1941
478
478
478
478
478
1941
478
1941
478
1941
1941
478
478
1940
478
1940
478
478
478
1940
1935
1935
1927
1927
1927
1927
478
1976
478
478
1976
478
482
1976
482
1976
482
1976
1976
482
482
1971
1971
1971
482
1971
1971
1971
482
1983
1983
482
1983
1983
482
1983
1983
1983
482
1983
482
1983
487
487
487
487
487
487
487
487
1983
487
487
487
487
487
487
1983
1983
1983
487
1983
1983
487
2028
487
2017
2041
2036
2036
487
2036
2036
487
487
487
2036
487
487
2069
2069
2069
487
487
494
494
494
494
2069
494
494
2069
494
2069
2069
2069
494
2069
2051
2047
2047
494
2047
2047
2107
2107
2107
494
494
494
494
494
494
494
494
2107
494
2107
494
494
494
2107
494
2107
2107
494
509
509
2166
2166
509
2166
2166
2166
2166
2166
509
2166
2166
509
2166
2166
2166
2166
2166
509
509
2166
2166
2166
509
2166
2166
2166
2166
2166
509
2166
2166
509
2166
509
2145
2140
2140
2140
515
2140
2169
515
2169
2140
515
2140
537
537
2140
537
537
537
2140
2140
2140
2140
2140
2140
2140
537
2239
537
2239
537
2239
537
537
537
2239
538
538
538
538
538
2239
538
544
2239
2239
2239
2255
544
2255
544
544
544
2255
2255
544
2255
2255
2255
2255
544
544
544
2255
2255
2255
2255
544
556
2255
556
556
556
556
2255
2255
2255
2239
2239
2239
2239
556
556
557
2239
2239
557
557
2239
2239
2239
2239
2239
557
557
2239
557
557
2239
2238
2238
561
2238
2238
2238
561
561
561
561
561
561
2238
2238
561
2238
2238
2292
562
2347
562
2347
562
562
562
2347
2337
2337
562
562
2337
562
562
2337
562
2337
2337
575
2337
2337
582
2337
582
2337
582
583
583
583
583
2337
2337
583
2409
2406
2406
583
583
584
584
584
584
584
2466
584
2466
2466
584
2466
584
2466
584
2466
2538
2538
591
591
2538
591
2538
2538
591
591
591
2637
591
2637
592
592
592
2637
2652
2652
592
592
2652
592
2652
2637
2617
592
2617
2617
592
592
2617
2617
592
2617
592
592
2617
2617
2617
592
592
2617
592
2617
592
592
592
592
592
592
592
2683
592
2683
592
2683
2683
593
593
2679
593
593
602
2679
2679
602
602
602
2702
602
602
2726
2725
2725
602
2725
602
2725
602
2725
602
2725
602
602
602
2725
602
2719
602
2719
602
2719
2719
602
2719
2719
2719
602
2719
602
602
2719
2719
2719
602
602
602
2719
2719
2719
2719
602
2719
2719
606
606
2719
2719
606
2719
2719
606
2719
606
607
2913
607
610
610
626
2913
626
2913
2913
626
2949
2949
2949
2949
626
2947
626
626
638
638
638
2947
638
2947
638
2947
2990
2990
638
2989
638
2989
638
638
2989
3018
3018
638
638
638
3018
638
638
3018
642
3018
3018
3018
642
642
642
642
3018
3074
3074
642
3148
3148
3148
642
3148
642
3148
642
3137
3137
642
3137
642
3151
642
3151
642
3151
642
642
3223
642
3223
642
642
3223
669
669
3223
683
3216
3216
683
683
683
3216
683
3216
683
683
3216
683
683
3291
3291
683
683
683
683
3291
683
3291
3291
3291
683
3291
3291
683
3304
3304
683
3304
683
3304
3303
683
683
690
690
3367
3367
690
690
3367
690
690
3367
690
3367
3367
3367
3367
3367
690
693
3367
3367
693
693
3367
693
3367
3367
693
3367
693
3367
693
693
697
697
3367
697
3367
697
3367
3365
3365
697
3356
697
3356
3356
3356
3356
697
3383
708
708
3440
3427
3427
708
708
708
3427
708
3427
3427
3427
3427
3427
708
3427
3427
3425
708
3425
3425
708
3425
3425
3425
708
3492
708
708
719
724
3492
724
3492
724
3492
734
734
3492
734
3492
734
734
3492
3492
3492
3492
734
734
3505
3505
734
3505
751
3505
3505
3505
3505
751
751
3505
3505
3505
751
751
3505
751
3505
751
751
751
3505
3505
3505
3500
3500
751
3500
751
751
3500
751
751
751
751
3603
3603
3603
3603
3603
3612
3612
756
3612
3612
3612
756
757
757
757
757
757
3717
757
3677
757
3799
3799
3817
3817
3817
757
757
757
757
3817
3817
757
759
3817
759
3817
759
3840
759
768
768
768
3840
768
768
3869
3869
768
768
768
3869
768
768
768
3906
3906
768
3906
3906
768
3906
3906
3906
3906
768
768
3906
3906
3906
3906
3906
3906
3906
3906
3906
3906
768
768
3950
3950
3948
768
768
768
768
768
3950
768
768
3948
768
3948
768
768
771
771
771
3927
771
3927
3927
3926
3926
771
3926
771
3926
3926
771
771
3926
3926
3926
3926
3926
771
771
3926
771
3926
3926
3926
3926
3926
4016
4016
4016
771
771
4016
4016
771
4016
4016
4016
4016
4016
4016
4016
4016
4016
771
4015
4015
4015
4015
771
4015
771
773
773
4014
773
773
773
4014
4014
4014
4014
773
4014
4014
4012
4000
773
773
4000
773
773
4000
773
776
776
4000
4000
790
790
790
4113
4113
4113
4105
790
4105
790
4105
4102
4102
4094
790
4094
790
790
4094
790
790
790
803
4094
803
803
803
803
4155
4155
4155
4155
4155
4153
4153
803
4153
803
804
4153
4153
4153
804
4153
4153
804
804
804
4229
4229
4229
804
4229
4229
4229
804
804
804
804
804
4229
804
804
4229
804
4221
804
804
4214
4208
804
804
804
4208
4208
804
4208
4208
4208
4230
807
4230
807
4230
4230
807
4230
4230
807
4230
808
4230
808
4230
4230
808
4230
813
813
4230
4230
4240
4239
813
4316
4316
4316
813
4316
813
4316
4316
830
830
830
830
4316
4316
830
4316
830
830
4316
4316
4316
4316
830
836
4316
836
4377
4377
4377
836
836
4377
836
4377
4377
4377
4423
836
4423
836
836
855
4423
855
4436
855
4436
855
855
4436
855
4436
4436
855
4436
4436
4436
4436
855
4436
855
4436
4436
855
4436
4436
855
861
4436
4436
861
861
861
4436
861
4436
4436
4436
4436
861
4436
861
4436
4436
4436
4431
4431
4431
4431
4431
861
861
4431
861
4427
4427
4423
861
861
861
4423
861
861
861
861
4422
4422
861
4439
4490
4490
861
4490
861
4490
4490
4490
861
861
4490
861
861
4490
4490
861
861
4490
861
861
861
4546
4546
4546
4546
4546
862
862
862
862
4586
862
862
862
4622
4622
4622
4622
862
4615
4615
4630
4630
4630
862
4630
862
862
4630
862
876
877
877
4630
877
4632
4632
877
4632
877
877
4632
4632
4632
4632
877
877
877
877
4632
4632
4632
4632
4632
877
877
4632
884
884
884
4632
4632
884
884
4632
4656
4656
4656
884
884
4710
884
4710
4712
4712
4712
4712
884
4712
4712
884
884
884
4712
884
4810
884
884
884
884
4810
4810
4810
884
4810
895
895
895
4810
895
895
4810
4810
4810
4810
4810
4810
4810
4804
4796
4796
4796
4796
895
4794
4794
4794
4794
4775
895
4775
4775
895
895
895
4775
4769
895
895
895
895
4769
895
895
895
895
4857
895
4855
895
895
4855
895
895
895
4855
4855
4855
895
895
895
895
895
4855
4855
4850
895
895
4883
4883
4883
4883
895
895
4883
895
895
895
4883
895
895
4880
4880
4880
895
895
4880
4880
895
895
4880
4880
4880
4880
895
4892
4892
895
895
895
4892
895
895
895
895
4892
895
4892
895
895
895
4892
4892
895
4892
4891
4885
896
4885
4885
4885
4885
4885
896
896
896
4885
4885
896
4885
4885
4885
4885
4885
4932
4932
896
4932
4932
896
4932
4932
4932
896
896
896
896
896
896
4932
896
4993
896
4993
896
896
4993
896
4993
896
4993
896
4993
896
4993
896
902
902
4993
4993
902
5016
5012
5006
5006
5006
902
902
902
5024
5024
5024
5024
5024
5024
902
5024
902
5024
902
5024
902
5024
5024
902
902
902
902
902
5024
902
902
902
5024
902
5024
5024
5024
902
5024
5024
5024
902
902
5024
914
914
5063
5063
5063
914
914
914
914
914
914
5058
914
5058
5058
914
5101
914
5101
5101
5101
5154
5154
914
914
5154
914
5150
5150
914
5150
914
5150
914
5150
914
5150
5150
914
5150
914
914
5150
5150
914
914
5149
5149
914
914
5149
5149
5149
914
914
914
5149
914
5149
5149
5149
914
914
914
914
5196
914
5196
914
914
5196
914
5196
914
914
914
5196
5204
914
914
5204
914
5196
5196
5196
5190
914
914
5190
5190
914
914
914
914
5190
5190
914
5190
5190
914
914
914
5190
5190
914
5190
914
5190
5190
919
919
919
919
919
919
919
5190
5190
919
919
919
5190
5190
919
5190
5190
925
925
925
925
5190
925
5190
925
5190
5190
5190
925
925
5181
934
934
5181
5180
5180
934
934
5180
934
934
5180
5180
5180
5180
5180
5180
934
5179
934
934
5179
934
934
934
943
5179
5179
943
5179
943
5179
5179
5179
5179
943
5177
943
5177
943
5172
943
5172
5172
5172
5167
5167
943
943
5167
943
943
943
5167
943
5227
5226
943
5226
5226
944
944
5226
944
5226
944
5226
5226
5226
944
944
5226
5226
5226
5226
944
5226
5226
944
944
5267
944
5267
5267
944
5267
5267
5249
944
944
944
944
944
5322
944
944
944
5322
944
5322
5322
5322
944
944
5322
944
5322
5322
944
5322
944
5354
5354
944
944
5356
5356
954
954
5356
5356
5356
954
5356
954
5356
954
5356
954
5356
954
954
5356
5356
5356
954
5356
5356
961
961
5344
961
961
974
974
5344
5344
5340
974
974
5340
5340
974
5340
5340
5340
974
5337
985
5337
5337
985
5337
985
985
5337
995
5334
995
995
995
1012
1012
1012
5334
1012
1012
1012
1012
1012
5334
5334
5334
5334
1012
1012
5334
5334
5334
1012
1012
5334
1019
5332
5332
5332
1019
1019
1019
5332
5332
1019
1019
5332
1019
5332
1019
1026
5332
1026
5329
5329
5329
1026
5329
1026
5329
5329
1026
5329
5329
1026
1026
1026
5329
1026
1026
1026
1035
5329
1035
1035
5329
5329
5329
5329
1035
5389
5389
5462
5462
5462
5458
5452
5452
5445
5445
5445
5445
1035
5445
1041
5445
5445
1041
1041
5445
1041
5425
5425
5425
1041
5425
1041
1041
5425
5425
1041
1041
1041
1041
1041
5425
1041
5425
1041
5425
1055
1055
1055
1055
1055
5425
1055
5422
5513
5513
5513
1055
5513
5513
5513
5513
5513
1055
1055
5513
5513
1055
5509
5509
5509
5509
5495
1055
5495
1055
1055
1055
5550
1055
5550
1055
5550
5550
5550
5550
1055
1055
5557
1055
1055
5557
5557
5557
1055
1055
5557
1055
5557
1055
1055
5557
1055
1055
1055
1055
1055
1055
5557
5557
1055
1055
1055
1055
1055
5552
5552
5552
5552
5552
1055
5552
5552
1055
5552
1055
1055
1055
1055
1055
5552
1055
5552
1055
1055
5602
1055
1055
5602
1055
5675
1055
1055
1085
1085
5675
1085
5675
5675
5675
5675
5675
5660
1085
1085
5660
5660
5660
1085
5660
5660
1085
5660
5660
1085
1085
5702
5702
1085
5700
5700
1085
5700
1085
5725
1092
5725
5725
5725
1092
1104
5725
5725
1104
1104
5725
5725
5725
5725
5725
5725
1104
5725
5725
5725
5725
1104
5774
1104
5774
5774
5774
1104
1104
5774
1104
1104
1104
5774
1104
1104
5821
5821
1105
5821
5821
1105
5821
1105
1105
5821
5821
5814
1105
1105
5892
1106
1106
1106
1106
5892
5907
1106
5907
5907
1106
1106
5907
5907
5907
5907
5907
5907
5905
5905
5905
1119
1119
1119
5936
5936
1119
1119
1119
5936
5936
1124
5936
5936
5936
5972
5972
5972
5972
1144
5972
5972
1144
1144
5972
1144
1144
5972
5972
5972
5972
5972
1156
1156
1156
5969
5969
1156
1159
1159
1159
5969
5969
5969
5969
5969
1159
5969
1159
1159
5969
5969
1159
5969
1159
5969
5969
1159
5969
1159
5969
1159
5969
5969
1159
5969
1159
1159
1159
1159
5969
1159
5969
1159
1159
1159
1159
1159
5969
5969
1159
1159
1159
1159
5972
1159
1164
5972
1164
5972
5972
1164
1164
1164
5972
5972
5972
1164
1164
1164
1164
5972
5972
5972
6004
1164
6004
1164
1164
1164
6004
1164
6004
1164
6004
1164
6058
6058
1169
6058
6058
1169
1169
1169
1169
1179
6058
1179
6058
6058
1179
6058
6041
1179
6041
6041
1198
1198
6041
6041
6041
1202
1202
1203
6041
6074
1203
6041
1203
6093
6093
6093
1203
6093
1203
6093
1222
6093
6093
1222
6104
6104
1222
1224
1224
1224
6104
1224
6104
6104
1224
6104
6103
6103
1224
1224
6103
6103
1224
6103
1224
1224
1224
6155
1224
1224
1224
6170
6170
6170
1224
6170
1224
1224
6170
6170
6170
6170
1224
6170
6170
1224
1224
1224
1224
6170
6155
1224
1224
1224
1224
1224
1224
1224
6155
1224
6195
1224
6205
6205
6195
6195
6195
6220
1224
6220
1224
6220
1224
1224
1224
6220
1224
1224
6220
6220
1224
1224
1224
1224
1224
1224
1224
6220
1224
6220
1224
6220
1224
1224
1224
1224
1224
1224
1224
1227
1227
1227
6220
1227
6220
1227
6220
1227
6220
6220
1227
6220
1227
1227
1227
6220
6220
6220
1227
1227
6212
6212
1228
1228
6212
1228
1228
1228
6212
6212
1228
1228
6212
1236
6210
1236
1236
6195
6195
6195
6195
6195
1236
6195
6246
6245
1240
1240
1240
6245
6245
6245
6245
1240
1240
1240
6245
1240
6253
6253
6253
1240
1240
1257
6243
1257
1257
6243
1257
1257
6243
6243
6281
1257
1257
1257
1257
1257
1257
6281
6281
1257
6281
1257
1257
1257
6329
1259
1259
1268
1268
1268
1279
1279
6329
6313
1279
1279
6295
6295
1279
1326
6295
6295
6295
1326
6295
1326
6295
1326
6295
6295
1343
1343
1343
6295
6295
6295
1343
6295
6295
1343
6295
6295
1343
6295
6295
1343
6362
6362
1343
6362
6362
1344
6362
1344
6362
1344
1344
6362
1344
6362
1344
6362
6355
6355
6355
1344
1344
1344
6355
1344
6355
6355
1344
6355
6355
1344
1344
6355
1344
6355
6355
6355
1344
6355
1368
1368
6355
1368
6355
1368
1368
1368
6401
6401
1368
1368
1368
1368
1368
6401
6401
6401
1368
6401
6401
6401
1368
6401
1368
1368
1368
1368
6401
6399
1368
1368
6399
6394
1368
1368
1368
6394
1368
6414
1368
1368
1368
1368
1368
6414
6414
6414
1368
6414
6414
1368
6414
1368
1368
6414
6414
1368
1368
6414
1368
1368
1368
6414
6437
6437
1368
1368
1368
1368
1368
6437
1368
1368
6427
1368
6427
6427
1368
1368
6427
6427
6427
1368
6427
1368
1368
6427
1378
6427
6427
6427
1383
6427
1383
6427
6427
6427
1385
1385
6427
6427
1385
1385
1385
1385
6427
6427
1385
1385
6427
1385
6427
1385
1385
6423
6423
1385
1392
1392
1392
6423
1392
1392
1392
6466
1397
1397
6466
6466
1397
1397
1400
1400
6466
1400
6466
1400
6466
1400
6462
1400
1400
1406
6462
1433
1433
1433
6462
1433
6462
6462
6462
6462
6462
6462
6462
1439
6501
1439
6501
1439
1439
6501
6496
1439
1439
6491
1439
1439
6491
6491
6555
1439
1446
1446
1446
1446
1446
1480
6555
1480
1480
1480
1480
1480
1482
6615
1482
1482
6603
6642
1482
6642
6642
6642
1482
1482
1487
1487
6642
1487
1504
6642
6642
1504
6642
1504
1504
1505
6642
6642
6642
1505
1505
1505
1505
6642
6639
1505
1505
1505
6639
6639
6639
6639
1505
1513
1513
6639
6639
1513
1513
1513
1513
1513
6639
6639
1513
1521
1521
6639
1521
6639
1521
1521
6639
6639
1521
6623
6623
6623
6623
1521
1521
1521
6623
6623
6623
1521
1521
1521
6623
1521
1521
1521
1521
1521
6657
6657
6657
6657
6657
6657
6657
1521
1521
6657
1521
6657
6648
1528
1528
1528
1532
6648
1532
1532
6648
1532
6676
1532
1532
6745
1532
6745
6745
6745
6745
6745
6745
1532
6745
1532
6745
1532
6745
1532
6745
6745
6745
6745
6745
1532
6745
6745
6745
1532
1532
6745
6745
1532
1532
1534
6791
1534
1534
1534
1534
1534
6786
1534
6786
1534
6786
1534
1534
6786
1534
6786
1534
1534
1534
6786
6786
6786
6786
6919
1534
1534
6919
6919
6952
6952
1534
1534
1534
6952
6952
1534
1534
6952
6952
1534
6946
1534
6946
6946
6940
6959
6958
6958
1534
1534
1534
6958
1534
6957
6957
6957
6957
6957
6957
1534
1534
1547
1547
1547
7127
7127
1547
1547
1547
7127
7124
1547
1547
1547
7124
1547
7124
1547
1547
1547
1547
1547
7124
7124
7124
7124
7124
7124
1547
1547
7183
1547
1547
7183
1547
1550
1550
7183
1550
1550
7183
1550
7183
7183
7183
1555
1555
1555
1555
7183
7183
1555
7214
1555
1559
1559
7197
7197
1559
1559
1559
1559
7197
7197
1559
7197
1559
7196
1566
7183
7178
7178
7178
1566
7178
7178
7177
7170
1566
1566
7170
7164
7164
1566
1566
7164
1566
1566
7164
7164
1570
7164
7164
7164
7164
1570
7164
7164
7164
7158
1570
7152
7152
7152
7152
1570
7152
7152
1570
7152
1570
1572
7152
1572
1583
1583
1583
7152
7152
7152
1583
1583
1583
7152
1583
1583
7220
7220
1583
1583
1589
1589
7270
7270
7270
1589
7270
7270
1589
1589
7270
1602
7270
7270
1602
1602
7322
1602
7355
7355
7355
7355
7360
1602
1602
1602
7360
7360
1602
7360
7355
1602
7355
7355
1602
1602
7355
7355
1602
1602
7355
1602
7355
1602
1602
1602
1602
7407
1602
1602
1602
1602
7407
7407
7407
7397
1602
7397
1602
1602
1602
1602
1602
7429
1602
1609
1609
7478
7478
7478
7478
7478
7478
1609
1609
1609
7478
1609
1609
7478
7478
1609
7478
1609
7476
1609
7476
1609
1609
1609
7476
7476
7476
7476
7476
1609
7476
7476
7476
1609
7476
7476
7476
1609
1609
1609
7476
1609
1609
7476
7478
1609
7478
7476
7476
7476
7476
7476
7476
1609
1609
7476
7476
1609
1609
7476
1611
7476
1611
7476
7476
1611
1611
7476
7513
1611
7513
1611
1612
1612
7552
7552
7552
7552
7552
1612
1612
1612
1612
1612
1612
7552
7552
7552
1612
1612
1639
7568
7568
7568
7568
7568
7573
7573
1639
7573
7573
1639
1639
7573
7568
7568
7568
1639
7568
1639
7568
7568
1639
7568
7568
1639
7568
1639
1639
7568
1639
1647
1647
1647
7568
7568
7568
7568
7564
1647
7564
1663
7564
1673
1673
1673
7564
7564
1673
1673
7564
1673
1673
1673
1673
1675
7564
1675
1675
7564
7558
1677
7555
7555
1677
7555
1677
7555
7555
1677
1680
1680
1680
7555
1680
1680
1680
1680
1680
7555
1680
7555
1680
1680
7555
1680
1680
1685
1686
1686
1686
7555
7555
7555
1686
7555
1686
1686
1686
1686
1691
7705
1691
7705
1691
7705
1691
7705
1691
1691
7720
7720
7720
7720
1691
7720
1691
7720
1691
1691
1691
7705
7705
1691
1691
7759
1691
1691
1691
1691
1691
7759
7759
1691
7759
7791
1691
7853
7853
7853
1691
1691
7853
1691
1696
7853
1696
1696
1696
7853
1696
7853
1707
7853
1707
7853
7830
7830
7830
1707
1707
7830
1707
1710
7830
7830
1710
7854
1710
7854
7854
1710
7854
7854
1710
1710
1710
7854
1710
1744
1744
7854
7854
7854
1744
1744
1744
7854
7854
1744
1746
7854
7854
1746
1761
1761
7854
1761
1761
7854
7830
1761
1761
7825
7825
7825
7825
1761
7815
7815
7815
7814
1761
7814
1769
7814
7856
7856
7814
1769
7814
7814
7814
1769
1769
1769
7814
1769
1769
1769
1769
7889
1769
1769
7889
7889
7889
1769
1769
1770
1770
1770
1770
1770
1770
7889
7889
1770
1770
7905
7905
1770
1770
1770
7967
1770
7967
7967
1770
1776
1776
7967
7967
7967
7998
8011
1776
1776
8011
8011
1776
1776
8010
1776
8008
1776
1776
8008
1776
1776
8008
8008
1776
8007
1776
1776
1776
1776
1776
1776
1776
8007
1776
8007
7998
7998
7998
7998
7998
1776
7998
1776
1776
1776
7998
1776
1776
1776
8028
1776
8028
1776
8028
8028
1776
1776
1776
1776
1776
8028
1776
1776
8028
1776
8028
1776
8028
1776
8028
1776
1776
8050
1776
8050
1777
8050
8050
1777
8050
8050
8048
1777
1777
1777
1777
8048
8048
1780
8048
1780
8048
1780
1791
8048
8048
1791
8104
1791
1792
8104
8099
8099
1792
8099
1792
1793
8099
8099
1793
8114
8114
1793
1793
1793
8112
1803
8112
1803
8112
8112
8112
8112
1806
8131
1806
8129
8129
1806
1806
8129
1806
1806
8129
8129
1806
8129
1806
1806
8129
8129
8129
8129
8129
1806
8129
8129
8129
8129
1806
1806
1806
8129
1806
1806
1806
8129
1806
1806
8129
8129
8129
8129
1806
1824
8129
8129
8129
8129
1824
8129
8129
1824
8129
1824
8129
8127
1824
8142
8142
8171
1824
8171
8171
8171
1825
1825
8171
1829
8171
8171
1829
1829
1829
1829
8194
8194
8194
1829
1829
8194
1829
8194
1829
1829
1829
1829
8222
1829
8222
1829
8222
1829
8222
8222
1829
1829
8222
1829
1829
8222
8222
8222
1829
1829
1829
8222
1829
1829
8222
1834
1834
8222
1834
8222
8222
1834
1834
1834
8222
8222
8222
8216
1834
1834
8216
1852
1852
8231
8231
1852
8231
1852
8231
8216
1852
8247
1852
8247
1852
8247
8242
8310
1852
8310
1852
8310
8310
8310
1852
8310
8310
1852
1852
1852
8310
1852
8310
1852
8310
8310
1852
8310
1852
1852
1852
8303
1852
8316
1852
1852
8316
8316
8316
8316
8316
8316
1885
8316
1885
1885
1885
8359
8359
1885
1885
8359
8359
8359
8359
8359
1885
1885
8358
8358
8358
1885
8358
8358
1885
1885
8358
1893
8392
1893
1893
8392
1893
1893
8392
8407
8407
8407
8407
1893
8407
1893
8401
1893
1893
1893
1893
1893
8401
8401
1893
1893
8401
8393
8393
1893
1917
1917
8424
8424
1917
1917
8424
1917
8443
8443
1917
8488
1917
1917
8488
8488
1917
1917
1917
8488
1927
1927
1927
8488
8488
1927
8488
8488
1927
8488
8488
1927
1927
1927
1927
8476
1927
8476
8476
8476
1927
1927
8476
8474
1927
1927
1927
1927
1927
8474
1927
1927
8474
8474
8474
1927
8474
1927
1927
8474
8497
8497
8497
1927
8474
8474
8474
8474
8474
8474
1927
8474
8474
1927
8474
1927
1927
8521
1927
1927
8521
8521
8521
8521
8521
1927
1927
8521
1927
1927
1927
8521
1927
8512
8512
1927
1927
8512
1927
1961
8512
1971
8512
8512
1971
1971
1983
8512
1983
1983
1983
1983
1983
8512
8508
8551
8551
1983
1983
1983
8551
8551
1983
1983
8632
8632
1983
8632
1983
1983
8645
8645
1983
8645
8645
1983
1983
1983
1983
1983
1983
1983
8645
8645
8658
1983
8658
8658
1983
1983
8658
8658
1983
8658
1983
8658
8658
8658
8658
1983
8658
1983
8658
8658
1983
8658
1984
8658
8658
1984
8658
8720
8720
1984
1989
8752
8752
8752
8752
8751
8751
1989
1989
1989
8751
1989
8751
8751
1989
1989
8751
1989
1989
1989
1989
8751
1989
1989
8751
8751
8751
1989
8751
8764
1989
1989
1989
1989
1989
1989
8764
1989
1989
1989
1989
1989
8764
8764
1989
1989
1989
1989
8792
1989
8785
1989
8785
1989
1989
2003
8785
8785
8785
8785
2003
2003
2003
8830
8828
8828
2003
8828
8828
8828
2003
8828
2003
8828
8828
8828
8907
8907
8907
8895
2003
2003
8895
2003
2003
2003
8895
8895
8895
2003
2003
2003
8895
2003
8895
8865
2003
2003
2003
8865
2003
8865
2004
2004
2011
8865
8865
8865
8865
2011
8865
2011
2011
8865
2011
2011
2011
8865
2011
8865
2011
8980
8980
8980
9020
9065
2011
2011
2011
9065
9065
9065
2015
9065
9065
2032
9065
2036
9065
2036
2036
2036
9065
2036
9065
2036
9065
9070
9075
9075
9075
2036
2047
2047
2047
9075
9070
2047
9070
9070
9141
9141
2047
2047
9141
9141
9141
2047
9137
9137
9137
9137
9137
9137
9137
9137
2047
9137
2047
9137
9137
2047
9137
2047
2047
2047
2047
9137
2047
9137
2047
9163
2047
9163
9163
9163
9163
2070
9163
2070
2070
9163
2070
2070
9201
9201
9201
2070
9201
2070
2070
2070
2070
9201
9201
2070
9201
9201
2070
9201
2070
2070
2070
9268
2070
2070
2070
2070
2070
2070
2070
9325
9325
2070
2070
9325
2070
2070
9330
2072
2072
2072
9330
2072
9397
9397
2072
2072
9397
9397
9397
9397
2072
2072
9394
9394
2072
9417
2072
2072
2072
2072
2072
9458
9458
2072
2072
9458
2072
2072
2072
9458
9445
2072
9445
9445
9445
9440
2072
9440
2072
9440
2072
9440
2074
2074
2074
9440
9440
9440
2074
9440
9440
2074
9440
9435
9431
2074
9431
2074
9431
9431
9431
9431
2074
9431
9431
9431
9431
9430
9430
9430
9430
2074
9506
9506
9506
9506
2074
2074
2074
2074
9595
2074
2083
9595
9584
2083
9584
9584
2083
9584
2083
2083
2083
2083
9584
9584
9584
9584
2083
9584
2083
2083
2086
2086
9584
9584
9584
2086
9584
9584
2086
9584
2086
2086
9584
9584
9584
2086
2086
2086
9584
9582
9582
9582
2086
2105
9579
2107
2107
9686
9686
2107
2107
2107
9686
9686
2107
2107
9686
2107
9686
2107
9673
9673
2107
9673
2107
2107
9673
2107
9673
2107
2107
9673
9673
9673
2107
9710
9710
2107
9710
9710
2107
9704
9704
2107
2107
9704
2107
9704
9704
2107
9704
2107
2109
2109
2109
9704
2109
2109
2109
9704
9704
9704
9704
9704
9704
9704
2109
9704
9704
2109
9750
9750
2109
9750
9750
9750
2109
2109
9734
9734
2109
9734
2109
2109
9812
9812
9803
2109
9802
9890
2109
2109
9890
9890
2109
9890
2109
9890
2109
2109
9890
2109
2109
9877
9877
2109
2109
2109
2109
9866
2113
2113
9866
2119
9866
9866
9866
2119
9866
2119
9866
9837
9837
2119
2119
9837
9837
9837
9837
9837
2119
2119
9837
2119
2119
2119
2119
2119
2119
9924
2138
9924
2138
2138
2138
9924
2138
9924
9924
2138
9924
9924
2138
2138
2138
2140
2140
9979
2180
9979
9979
2180
2180
9979
9979
2185
9979
9979
9979
9979
9979
9979
9979
9979
2185
9979
2185
9979
9979
9979
2185
9979
9979
2185
2185
2185
2185
2185
2185
2185
9979
9979
9979
9979
2185
9979
9979
2185
9979
2185
2185
2185
9979
9979
2185
9979
2185
9966
9966
2185
2185
2185
2185
2185
9966
9966
9966
9966
2185
2185
2185
2185
9966
2185
9962
10019
2185
10019
10015
2185
10015
2185
10015
10015
2185
2185
2185
2185
10015
2185
2185
10015
2185
2185
10015
2185
10015
2185
2185
10015
2185
10015
10015
2185
10015
2185
2185
10015
10015
10015
10015
2185
10019
2185
10063
10063
2185
10063
10063
10063
2185
2185
2185
10063
10063
2185
2194
10124
10124
10124
2194
10124
10196
2194
2194
2194
10196
2194
2194
2194
10196
2194
10196
10212
2194
10212
2194
2194
2194
2194
10208
10208
2200
10208
2200
2200
2200
2200
10208
10208
2200
2200
10196
2200
2200
2200
10196
10196
10196
2200
10254
2200
2200
2200
10254
10254
2200
2200
2200
2200
2200
2200
2200
2200
2200
10254
10254
10254
2200
10254
10254
10254
10254
10254
10254
2200
10254
2204
2204
10254
10254
2207
2207
2207
2207
10267
10267
2207
10267
10267
10265
10265
10265
2207
2207
2207
2207
10265
2207
10265
2207
10265
10265
2222
10265
10265
2222
2222
2222
10298
2223
10291
2223
2238
10291
10289
2238
2238
10289
2238
2238
2238
2238
2238
2238
2238
2238
2238
2238
2238
10289
10289
10320
10320
2238
2238
2238
2238
10320
10320
2238
10320
2238
10320
2238
10330
2238
10330
2256
10330
10330
10330
2256
2256
2256
2256
2256
10330
2273
10330
2273
10364
2292
10364
2292
10360
2292
2292
2293
2293
2293
2293
2302
10376
10376
10368
10381
10368
10368
2302
2302
2302
10368
2302
2333
10434
10434
10426
2333
10500
2333
2333
2333
10500
2333
10500
10500
2333
2333
10500
2333
10500
2333
2333
2333
2333
10500
2333
10500
10500
10500
10500
2333
10500
10500
10500
2333
10500
10500
10500
10500
2333
2333
10500
10500
10513
10513
10513
2333
2333
10513
2333
2333
2333
2333
10554
10554
2333
2333
2333
2333
10554
10554
2333
2333
10554
2333
10554
10554
2333
2333
2333
10623
2333
2333
2333
2337
10623
2337
10623
2337
10623
2337
10623
2337
2337
2337
2337
2337
10639
2337
10639
2337
10639
2337
2337
2337
2348
10676
10676
10676
2348
10676
10676
10676
10676
2348
10676
2348
10676
2348
10676
2348
10676
10673
2348
2356
2356
2356
2356
2356
2356
10693
10693
10693
2356
2363
2363
2363
10693
2363
2363
10693
10693
2363
2380
10693
10693
10693
10693
10693
2380
2380
2380
2380
10693
10693
2380
10693
10693
2380
2380
10723
2388
2388
10723
2388
2388
10723
2388
10719
10719
10715
2398
2398
2398
10715
2398
10715
10715
10715
2398
10715
2398
10715
10710
2398
2398
10710
10710
2398
2398
10710
2404
2404
10710
2404
10710
10710
10710
10710
10710
2404
10710
10706
10706
2404
2404
2404
2404
2404
2404
10706
2404
10706
2404
10706
10706
10703
2404
10703
2406
2406
2406
2406
2406
2406
10703
10703
2406
2414
2414
2414
2414
10703
2414
10703
10703
2414
2414
10696
10696
2414
2414
2414
10696
2414
2414
10696
10696
2414
2414
10696
10696
2414
10696
2414
10696
2430
10696
2430
10696
2430
2430
2430
10696
10696
10693
2430
10686
10686
10686
10686
10686
2430
10686
10686
10686
2430
10686
2430
2430
10686
10686
2430
10686
2430
10686
2430
10686
10686
2430
2430
2432
2432
10686
10686
2432
2432
10686
2432
10686
2432
2432
2432
2432
2432
10729
2432
2432
2432
10729
10729
2432
2432
10729
10729
10729
10729
10729
10729
2456
2456
10729
2456
2456
10729
2456
2466
10729
10729
2473
2473
10773
2477
10773
2477
2490
10773
2490
10773
2490
10773
10773
10773
10773
10773
2490
2498
2498
2498
10773
10773
10773
10773
10773
10796
10796
10796
10796
2506
10796
10796
2506
2506
10796
2506
10796
10796
10841
2506
10841
2506
2506
10841
2506
10841
2506
10841
2506
2512
10841
2512
2512
2512
10841
2512
10841
2512
10841
2512
10838
10838
10838
10838
10838
10838
10838
10838
10838
2512
2512
2512
2512
10838
2512
10838
2513
10838
2513
2513
10838
2513
2513
2538
2538
10838
2551
2551
10842
2551
2551
10838
10838
10838
2551
10838
10838
2551
2551
10838
10838
10838
2551
2551
10838
2551
10838
2551
10838
10838
10838
10838
2551
2551
10838
2552
10838
10838
10838
2555
2555
10838
2555
2555
10838
2555
10838
10838
10838
2555
2555
2555
2555
10838
2555
2562
2562
10869
2562
2562
10881
10881
10881
10881
10881
2562
2562
10881
10881
2562
2562
10881
2562
10881
2562
10880
10880
2562
2591
2595
10880
2595
10880
2595
10880
2595
10890
10890
2595
2595
2595
10890
10888
2595
2595
2595
10910
10910
2614
10910
10910
10909
10909
10909
2614
10909
2614
10909
2617
2617
10909
10909
2617
10909
10909
10909
10909
10960
2617
2617
2617
2617
11055
2617
11055
11055
11054
11054
2655
2655
11054
2655
11081
2655
2655
11081
11081
2655
11081
2655
2655
11090
2655
11090
2655
2655
11090
11088
2655
11088
2655
2655
2655
2655
11126
2655
2655
11126
11126
2655
11126
11126
2655
2655
11126
2655
2655
11126
11125
2655
11124
2655
2655
11184
2655
2655
2657
2657
11184
11184
11184
2657
11184
2657
11184
11184
2657
2657
11184
2657
2657
11184
2657
11184
2657
2657
11184
11184
11184
2657
2657
2657
2657
2657
11184
11171
11171
11171
2657
11256
2657
11279
11279
11279
11279
2657
11279
2657
11354
2657
11354
11354
11354
11376
2657
2657
2657
11420
11420
2657
11420
11420
2657
11420
11420
11420
2657
2657
2659
2659
2659
2659
2659
11420
2659
2659
2659
11420
11420
11420
11420
11420
11420
2659
11420
11420
2659
2659
11419
11419
11419
2659
2659
11419
11419
11419
11419
2659
11419
11419
11419
11419
11419
2659
2659
11419
2659
2659
2659
2659
2659
11419
11419
11419
2659
2659
11419
2659
11419
2659
11419
11419
2659
11419
2659
11433
2659
11433
11433
2659
11433
2659
2659
2659
11467
2660
2660
11465
11465
2660
2660
2666
2666
2666
11465
11465
11453
11453
2666
2666
2668
11453
11444
2668
11444
11444
2668
11468
11468
2668
11468
11468
11468
2668
2668
2668
11468
11468
2668
11468
11468
11468
11468
2673
11468
11468
11468
2679
11516
11516
11516
11512
11512
11512
2679
2679
2679
2679
2679
11544
11544
2679
2679
2679
2679
2679
2679
2679
2679
2679
2679
2679
2679
11544
11544
2679
11544
2679
2679
11544
11544
11544
2679
2679
2679
2679
11544
11544
2679
11544
2679
2679
2679
11544
11544
11544
2679
2679
11544
11548
2679
11544
11544
11544
11544
2679
11544
11544
2679
2679
11544
11544
2679
2679
2679
2679
11534
11534
11534
2679
2679
2679
11534
11526
11526
2679
2679
2679
2684
11526
11526
2684
11526
11523
2684
11523
2684
11523
2684
11523
2684
11609
11609
11609
11609
2689
2693
2693
11609
2693
2693
2693
11609
2693
11609
11609
11609
2693
11585
11585
2693
2693
2693
2693
11585
2693
2693
2693
11585
2693
2693
11585
2693
11585
11585
11585
2693
11585
2693
11585
11585
2693
2695
11585
2695
2695
2695
11585
2695
11585
2695
2695
2695
11585
2695
2695
2695
2695
2695
11617
11617
11617
11617
2695
2695
11617
2695
11617
2695
11617
11617
11617
11617
2695
11617
2702
2712
2712
2712
11644
11644
11644
11644
2712
11644
2712
2712
2712
11644
2712
11644
2712
11644
2712
11644
11644
11644
2712
2719
11703
2719
11700
11700
2719
11700
2719
2719
11700
2719
2719
2719
11700
2738
11699
11699
2738
11699
2738
11699
2738
11699
2738
11699
2738
11699
2738
2738
2738
11699
2738
2738
2738
2738
2738
11766
11766
11766
11766
2738
2738
11800
11800
2745
2745
2745
11800
2745
11800
11800
2745
2745
2745
11800
11800
2751
2751
11800
11800
11819
2751
11819
2766
2766
2766
11819
11819
2766
2766
2766
11844
11844
11844
2766
11844
2766
2766
2766
11844
2766
11901
2766
11880
11880
11880
11880
2766
11878
11878
11878
2771
2771
11937
2771
2771
11937
2773
11915
11915
2773
2773
2773
2773
2773
2773
11915
2773
11915
2773
2773
2773
2773
11913
2773
2773
11913
2773
2773
11913
11913
2773
2773
2773
11913
2773
11938
11938
11938
2773
11938
11938
2773
11938
2773
11938
2773
11938
11938
11938
11938
11938
11938
2773
2773
2773
2773
2773
11938
11938
2773
11938
2773
11938
2773
11938
2773
2773
2773
2773
11938
2779
11938
2779
2779
11938
2779
2779
11938
2779
11913
11913
2779
11911
11911
2779
2792
11951
2792
2792
2798
11951
11951
2817
2817
11951
11951
11951
2817
11951
11951
11951
11951
2817
11951
2827
11951
2827
11951
2827
11949
2827
11949
2827
11949
2827
2827
2827
11949
2827
2827
2843
11984
2847
2847
11984
2847
11984
11984
11984
11984
2847
2847
11984
11984
2847
2847
2847
11996
2847
11996
11996
2847
2847
11996
11996
11984
2847
2847
11984
11984
11984
2847
11984
11984
11984
2847
11984
2847
11984
11984
2847
2847
2861
12029
12029
12029
12029
2861
12029
12029
12029
12029
12029
12029
2861
2861
12029
2861
2861
2861
2861
12029
12022
12022
2879
12022
12022
2879
2879
2879
12022
2879
2879
12019
2879
12014
12014
12014
12014
12014
12014
12049
12049
2879
12049
2879
2913
12049
12049
12049
2913
12049
12049
12050
12049
12049
12049
12042
2913
12042
2913
12042
2913
2913
12042
2929
12042
12042
12042
2929
12042
2929
2929
2929
12042
12042
12042
12042
2929
12042
2929
2929
2929
2929
12042
12042
12042
12042
12042
2929
12042
2929
12042
2929
12042
12042
12042
2929
2929
12042
2929
12042
2929
2929
12042
2931
2931
12042
12042
2931
12042
12042
2931
12042
2931
12042
12042
12065
12065
2931
12054
12054
2931
12054
12054
12054
12054
2931
2931
2931
2932
12054
12054
2932
12054
12054
2932
12054
2932
2932
2932
12054
12054
2932
12054
12054
12054
12054
2935
2935
2947
2967
2967
2967
12082
12082
12117
12117
12117
12117
2967
2967
2967
12117
2967
12117
12117
12117
12133
2967
12133
12133
12133
12117
2967
2967
12116
2967
12116
12116
2967
12116
2967
12198
2967
12198
2967
2967
2967
2971
12198
2971
2971
2971
12198
2971
12198
2971
2971
12180
2983
2983
2983
2989
2989
12180
2989
2989
12180
2989
12180
2989
12180
12207
2989
12207
12207
12207
12207
12207
2989
2989
2989
2989
2989
2989
2989
12207
2991
12207
12207
2991
2991
12207
12207
12201
2991
12201
2991
12201
12201
12201
2991
2993
12201
12201
2993
12201
2993
2993
2993
2993
12201
3008
3008
12201
12201
12201
12201
3008
12201
3008
3008
3008
12200
12200
12200
12200
12200
12200
12200
12200
12200
3008
3009
12221
3011
12219
12219
12219
3011
12219
12219
12219
12219
3018
3018
12219
3018
12208
3018
12208
12208
12200
12180
12244
3018
12244
3018
3018
3019
3019
12244
12244
3019
3019
3019
3019
3019
3019
12244
3019
12244
3019
12244
12295
12295
3019
12295
3019
3019
12295
3019
3019
3019
12295
3019
12295
3019
12295
3019
12295
3019
3019
3036
3036
12295
12244
3036
12244
3036
12244
12244
3036
12244
3036
3036
12244
3036
12244
12244
12244
3046
12244
12238
3046
3046
3046
3046
12238
12238
3046
3048
3048
12315
12315
12315
3048
12315
12315
12315
3048
3050
12315
12315
3050
12315
3059
3059
3059
3059
12315
12315
12315
3059
3059
12340
3059
3059
12340
3059
3059
12340
12340
3059
12340
12340
12340
12340
3074
3074
12340
12340
12340
3074
12340
12340
3074
12340
3074
3074
12340
3085
12340
12340
3085
12340
3085
12348
12348
3085
12348
3085
12348
3085
3085
12348
3085
12348
3085
12348
3085
3085
3085
12348
3085
12348
12348
12348
3085
3085
3085
12348
12348
12348
3085
12348
12348
12340
12340
12315
3085
12303
12303
3085
3085
12303
3085
12295
3085
12295
12238
3085
3085
12238
12238
3086
3086
12238
3086
12238
3086
3086
12238
12238
3086
3086
12237
12413
3086
3086
3086
3090
12413
3090
3090
3094
12413
3094
12413
3094
3094
12413
12413
3094
12413
3094
12413
3094
12467
12467
3094
12467
3094
12467
12467
3094
3094
12467
3094
12467
3094
3094
12467
3094
12467
12467
3094
3094
3094
12467
12467
12467
3094
3097
3097
12467
12467
12467
12467
3098
3098
3098
12467
12467
12448
12448
12448
3098
3098
12448
3098
12448
12448
12448
12448
3098
3098
3098
3098
3098
12448
3100
3100
12448
3103
3103
12448
12448
12448
12448
12448
3103
3103
12448
12438
3103
12438
3103
12438
3103
12438
12438
12438
3103
12438
12438
3103
3103
3103
12438
12438
12438
3103
12438
3103
12435
12435
12435
3103
3103
3109
3109
12492
3122
12492
3122
12492
3122
3122
12492
12489
3122
3122
3122
3122
3134
12567
3134
3134
3134
3134
3134
12567
3134
12567
3134
3134
3134
3134
12568
12572
3134
12572
12572
12572
12572
3134
12572
3134
3134
3134
3134
12572
3134
3134
12582
12582
3137
3137
3137
12596
12596
3151
12596
12593
12593
12593
3151
3151
3151
12593
12593
3151
3151
12593
3151
12593
3151
3151
3151
12593
12593
3151
3151
12593
3151
12593
3151
3151
12593
12582
12582
12582
3151
12582
3151
3151
3151
12582
3151
12582
3151
3151
12582
12582
3173
3173
3173
3173
3173
3183
3183
12582
12582
3183
12641
3183
3183
12641
3200
3200
3200
12661
3200
3200
3200
3200
12661
12661
12661
12649
12642
12642
3200
12642
12642
3200
12642
12642
12642
12642
3200
3200
12642
3202
3202
3202
12642
12642
12641
3202
3203
3203
3203
3203
3211
12641
3216
3216
12641
3216
12641
3216
3216
12675
3226
12675
12675
12675
12669
12669
3226
12694
12694
3226
3235
12688
12688
3244
3244
12688
3244
12688
12688
12688
3244
12688
3244
12688
3244
12688
3244
12688
3244
3244
3244
12688
12688
12688
12688
3244
12688
3244
3244
12688
12688
12688
12688
12688
3244
12688
3244
12718
3244
3244
12718
12718
12718
3244
12727
12718
3244
3247
12718
12718
3247
12718
3247
3254
3254
3254
3254
12718
12718
3266
3266
3266
3266
3266
3266
12718
12749
3266
3266
3266
3266
12779
3266
3266
3266
3266
12779
12779
3266
12770
12770
12770
12770
3266
12770
12824
12817
12817
12817
12817
12809
3266
12809
12846
12846
3266
12846
12846
12846
3267
3267
3267
3267
12846
3267
12846
3267
3280
3280
3280
3280
12913
3280
3280
3280
12913
3280
3280
3280
3280
12913
3280
3280
12913
3280
12913
3280
12913
12913
12913
12913
12913
3280
3280
3280
12913
12913
12913
12919
12919
12919
3280
12913
12913
3280
3300
3304
3304
12904
3304
12904
12904
12904
12904
3304
12904
3304
3304
12904
3306
12904
3306
3313
3313
3313
12931
12931
12931
3317
12931
3317
3317
12931
12931
12922
3317
12984
12984
3317
3317
3317
12984
3317
12984
12984
12984
3317
3317
12984
12984
3317
3319
12978
3319
12978
3319
3319
12978
3319
12978
12978
12978
12978
12978
13001
13001
13001
13001
13001
13001
3319
13001
13001
13001
13001
13001
13001
3319
13001
13001
3319
3319
13001
3319
3319
3319
13001
3319
3319
13001
13001
3319
3319
13001
13001
13001
3319
13001
13001
13001
3319
3319
13001
13001
13001
3319
3319
3319
13001
13001
3319
13001
13001
3319
3319
3319
13001
13001
3319
3319
13041
13041
13041
13041
13041
3319
3319
13041
13041
3319
3319
3319
3319
13041
13041
13033
3319
13033
13033
13033
3319
13033
3324
13033
3324
13087
3324
3324
13114
3324
3324
3324
13114
3326
3326
3326
13114
3326
3326
3326
13114
13114
13114
3326
3326
3327
13114
3327
13114
13114
13114
13114
13167
3327
13167
13166
3327
13161
3327
13161
3327
3327
3327
3327
13161
13161
13161
3327
13161
13161
3327
13160
3327
3327
3327
3327
3327
13173
3327
3327
13173
3327
13173
13173
13173
3327
3327
13173
3327
13170
3327
3331
13169
13169
3331
3331
3331
3331
3331
13169
13169
3331
3331
13169
13160
13160
3331
3331
13160
13160
13160
3331
3331
3331
13160
3331
3331
13160
13160
13160
3331
3331
13158
13158
3331
3331
13158
13158
13158
13158
3331
3331
3331
13158
3331
13136
13136
3331
13136
13136
3331
3334
3345
3345
3345
3345
3345
3345
13136
13136
3345
3345
13136
3345
13136
3345
3345
3345
3345
13136
3345
13136
3345
3345
3345
3345
3345
3345
13230
3345
13219
3346
13219
3346
13251
3346
3346
13251
3346
13246
13246
13246
3346
3346
3346
13288
13288
3346
3346
13288
13288
13288
13288
3346
3346
13288
3346
13288
3346
3346
13288
13288
3346
3346
3346
3346
3346
3346
13288
13312
13312
3346
3346
13312
3346
13312
3346
13312
3347
13312
3347
13312
3347
13312
13312
3347
3347
13312
13312
13312
13311
3347
13316
3347
13316
3347
3347
3347
3347
3347
13316
3347
3347
3347
3347
13316
13316
3347
3347
13316
3347
13316
13316
13331
13331
13331
3347
3347
13331
13331
13331
3347
3347
3347
3347
13331
3347
13331
3347
3347
13331
3347
13331
13331
13331
13331
13331
3351
3351
3351
13331
3351
3351
13331
3351
13331
13331
13331
13331
3351
3351
13331
13331
13331
3351
3351
13316
3351
3351
3351
13316
3351
13316
13289
3351
3353
13289
3353
3353
13289
3353
13289
13289
3353
13289
13289
3353
13289
13289
3353
3353
13289
13289
13289
13289
13288
3353
13288
3353
3353
3353
3353
3353
3353
13288
3355
13288
3355
3355
3355
13288
13288
3355
13288
3355
13288
3355
3355
13288
13288
3355
13288
3355
13288
13288
3355
13288
13288
13288
3355
3355
13288
3355
13288
13288
3355
13288
3355
3355
3356
3356
13284
3356
3356
3356
13284
13284
3370
3370
13284
13284
13284
13284
13284
13284
13284
3370
3370
13284
3370
13284
13284
3382
13358
3382
3382
3383
13358
13354
3383
3383
13353
3390
3390
13353
13353
3390
3390
13353
3390
3390
3390
3390
13353
13353
13353
3390
13392
13392
13392
3401
13392
3401
3403
3403
3403
13392
13392
3403
3407
3407
3407
3407
3407
3407
3407
3407
13392
3407
13465
3407
13465
13465
3407
13465
13465
13465
3407
13538
3407
13538
3407
3407
13538
13538
13538
3407
3407
3407
13538
13538
3407
3407
3407
13538
3407
3407
3407
3407
3407
13538
3407
3407
13538
13538
13538
3407
13538
13538
3407
3407
13538
13538
13538
3407
13538
13538
3407
13538
13538
13538
13538
13574
13574
13574
3407
13574
3414
13574
13574
13574
13574
3414
3414
3414
3414
3417
13574
13574
3417
13574
13574
13574
13574
3417
3417
3417
3417
13670
13670
3417
3417
3417
13670
13670
13670
13670
13670
3417
13670
13670
3417
13670
13670
3417
3417
3417
13672
3417
3417
3424
13672
13672
13672
13703
3424
13703
3424
3424
13703
13703
13703
3424
13703
13703
3424
3424
13702
3424
3424
13702
13702
13702
13702
3424
3424
13702
13702
3424
3424
13702
13702
13702
13702
13738
3425
3425
3425
3425
13770
3425
3425
13770
13770
3425
13770
3425
3451
13770
13769
13802
3451
13802
3451
3451
13802
13802
13802
3451
3451
13802
13795
13795
13793
3451
3451
3451
3451
13793
13793
3451
13863
13863
3451
3451
13863
13863
3451
13863
13863
3451
13863
13856
13856
13856
3451
3451
3451
3451
3451
13910
13908
13910
13910
13908
3455
3455
13908
13908
3455
3465
3465
3465
3465
13908
3465
3465
13950
13938
3465
13925
3465
13925
13921
3465
13921
13921
3465
13921
13995
13976
3465
3465
13976
3465
13976
3465
13976
3465
3465
13976
3465
13976
3475
13999
3475
3475
13999
3486
14044
14044
14044
14044
3486
14044
3486
14044
3486
14044
3486
3486
14028
14028
3486
3486
3486
14028
14028
3489
14076
3489
3489
14076
3489
14076
3489
14076
14076
3492
3492
14147
3492
14147
3492
3492
3492
14147
14147
3492
3492
14147
3492
3493
3493
14193
3499
14193
3499
3499
14193
3499
3499
3499
3499
3499
14193
3499
14193
3499
3499
3499
14193
14193
14193
3499
3499
3499
14193
14193
3499
3499
14278
3499
3499
14300
14300
14300
14300
3499
14328
3499
14328
3499
3499
3499
3499
14360
14360
3499
14360
3499
14360
3499
14360
3499
3500
3500
3500
14360
14360
14360
3500
14395
14395
3500
14395
3500
3500
3500
3500
3500
14394
14394
14394
14378
3500
14378
3500
3500
3500
14378
14378
3500
14378
3500
14378
3500
14378
14378
14378
3500
3500
14378
14378
3500
3500
3500
3500
14443
3500
3500
3500
14443
14443
14443
14443
3500
3500
14443
14488
3523
14488
3523
3540
14488
14488
14488
3540
14488
3540
3540
3546
3546
14488
3554
3554
3554
14488
3554
14488
14488
14488
14488
14488
14488
3554
14488
14488
14488
3554
3554
14488
3554
14488
3554
3563
3563
14488
14488
14488
14488
3563
3563
14488
3563
3563
3563
14553
3563
14566
14566
14566
3563
3563
14566
14566
3563
14566
14569
14566
14562
3569
3569
3569
3569
14562
14562
3578
3578
3579
14562
14562
14562
14562
3579
14562
3579
14562
3579
3579
3579
3579
14557
3579
3603
14557
3603
14553
14551
14548
14548
14548
3603
3603
14548
3603
14548
14539
14524
14524
3603
3603
14524
3603
3603
14519
14519
3603
3603
3603
14519
14519
14519
3603
3603
14685
14685
3603
14685
14685
3603
3627
14670
3627
14670
14670
14657
3642
14657
3642
3642
14711
3642
14711
3642
3642
14711
14711
3642
14711
3642
3642
14732
3642
3642
3642
14731
14731
14731
14731
14731
14731
14731
3642
14731
14731
3642
14731
14731
14791
14791
3642
14793
3642
14793
3642
14793
14794
3642
3642
14793
14793
14793
3642
14793
3642
14793
3646
14846
3646
3646
3646
3646
3646
14846
3646
3647
3647
14846
14831
3647
3647
3647
14831
14831
3647
3647
3647
3647
3647
14831
3660
3674
14831
14823
14823
3674
3674
14822
3674
3674
3674
3674
14822
3674
3674
14822
3674
3674
3674
3677
14822
3677
3677
14822
14822
14822
14822
3677
14822
14822
3677
14822
14822
3677
14822
3677
3677
14822
3677
14822
3677
14822
3734
3741
3741
3741
14822
3741
14822
3741
3741
3744
14822
14822
3744
3744
14822
3744
3744
3744
3744
14822
14822
14822
3744
14822
3744
3744
3744
14822
3744
3744
14822
14822
14822
3744
14822
3744
14820
3744
14860
3744
14860
3744
3744
3744
3744
14820
3744
3751
14820
14820
3751
3751
3751
3751
14820
3751
14820
14820
14820
14820
14820
3751
3751
3751
3751
3751
14818
3751
3752
14818
14818
3752
14818
3752
14818
3752
3752
3752
3752
14818
3752
14818
3752
3752
14818
3752
3752
14818
3752
3752
14818
3752
3752
14818
3752
14818
3752
14818
14818
3752
14818
3756
3756
3756
14805
3756
3756
3756
14867
14867
14867
14805
3756
14805
14805
14805
3756
14805
14805
3756
14805
3757
3757
3757
3757
14805
14805
14805
14805
14805
3757
3757
3757
14805
14805
14805
3757
14805
14805
3757
3757
3757
3799
14805
14805
3799
3799
3799
3799
3799
14805
3799
3799
3799
3801
3801
14937
14937
14937
3801
3801
3801
3801
3801
14937
14937
3801
3801
14937
14937
3801
3801
14937
14937
3801
14929
14929
14929
3801
14927
3801
14927
3801
14942
3801
3801
14974
14974
3801
3801
14980
14980
14980
14980
3801
3801
14980
14980
14980
14980
14980
14980
3803
14980
3803
3803
3803
3803
14980
3803
14980
14980
3803
3803
14980
14980
3803
3803
3810
14980
14980
14980
14980
14980
14980
3810
3810
14980
3810
3810
14980
3810
14980
14980
14980
14980
3810
14980
3810
14980
3810
3810
14980
14980
14979
14979
14979
3810
14979
14979
3810
15005
3814
15005
3815
3815
3815
3815
3815
15005
15005
3815
3815
15005
15005
15005
15005
3817
3817
15092
15092
15092
3817
15092
15122
15122
3817
3817
3817
15122
3817
15122
15120
3817
15118
15118
15118
3817
3817
3817
3820
15118
15118
15118
15118
3820
3820
3820
15118
3820
15118
3820
3820
3820
3820
15118
15118
3821
15118
3821
3821
3821
3821
15118
3821
15118
3821
3823
3823
3823
3823
15118
15118
3823
15118
3823
3823
15118
15118
15118
15118
15118
15118
15118
15118
15118
15118
15118
15118
3823
15118
15118
3825
3825
15118
3825
3833
3833
3833
3833
3833
15118
3833
15118
15165
15165
15165
15165
3833
3833
3833
3833
15162
15151
15151
3833
3833
15151
3833
3833
3833
15151
3833
15151
3833
3840
15151
3840
3840
15189
3840
3840
15189
3840
3840
15189
3840
3840
15189
3840
15189
3840
15189
3840
3840
3840
15189
3840
3840
15189
3840
3848
15189
3849
3849
3849
15193
3849
15193
3849
3849
15193
15193
15193
15193
3849
15193
15193
15193
3849
15192
3849
3849
3849
3849
15202
3853
3853
15202
15192
15192
15192
3853
15192
15192
15192
3853
3853
3853
15192
3853
3853
15191
15191
15191
15221
3853
15213
15213
3856
3856
3856
3856
3856
3856
15213
15213
3856
15222
3856
3856
3856
15294
15294
3856
3856
3856
15294
15294
15294
3856
15296
3856
15344
15344
3856
15344
15344
15344
15344
3856
3856
3856
15344
3856
3863
15344
3863
15344
3863
3863
15344
15344
15344
3863
3863
3863
15344
15344
3863
15344
3863
3863
3863
15344
3863
3863
15366
15357
3863
15385
3863
15385
3863
3869
3869
3869
15385
15385
3869
15385
3869
15385
15385
15385
3869
15385
3869
3870
15392
15392
15388
15388
15388
15388
3870
15388
3870
3870
3870
15388
15388
15388
3876
15388
15388
15388
15388
3876
3876
15388
3876
3876
3876
3891
15423
3891
15423
15423
15423
3891
15423
15443
15443
3891
3891
15443
3891
15443
15448
15448
15448
15448
3891
3891
3891
3891
15512
3891
15512
15512
15500
3891
3891
3894
15565
15565
15565
3894
15565
15565
15565
3894
15565
15565
3894
3894
3900
3900
15565
15565
3900
3900
3900
15565
15565
15565
15565
15565
3900
15565
15565
3900
15565
3900
3900
3900
3900
3900
15577
15577
15577
3900
15577
15577
3905
3905
3905
3905
15599
15599
3905
3906
15599
15599
3906
3906
3906
3906
15599
15599
15599
3906
15599
15599
3910
3910
15599
3910
15599
15599
3910
3910
3910
3910
3910
3913
3913
3913
15599
15594
3913
3913
3913
3916
15594
15594
15594
15594
15594
15594
15594
3916
15586
3916
3916
15576
3916
15576
15576
3916
3916
3916
15576
15576
15576
3916
3916
15576
3916
3916
3916
3916
3916
3916
3916
3916
3916
15576
3916
15576
3916
3916
15606
3916
15606
15606
15606
15606
15606
3916
3916
3916
3916
15606
3916
3916
3916
3916
15606
15606
3916
15606
3916
3916
15606
15606
15606
3916
15692
3916
3916
15692
15692
15692
15692
15692
3916
15692
3916
15692
3916
15692
3916
15692
15692
15692
15692
15692
15692
15692
15703
3916
3916
15703
15703
3916
3916
15703
15703
15703
15703
3916
15707
15707
3918
15707
3918
3918
3918
3918
3918
15707
3918
3918
3918
3918
3918
15707
15707
3918
3918
15703
3918
3918
15723
3918
3918
3918
3918
3918
3918
15723
3918
15723
15723
15723
15723
15736
3918
3918
15754
15754
15754
3921
15754
15754
3921
15760
3921
3921
3921
15760
3921
15786
15786
3926
15786
15786
3926
15786
15793
3926
15793
3926
15793
3926
3926
15793
3926
15793
15793
3926
15793
15793
15786
15772
15772
3926
15772
3926
3926
3926
3926
3926
3926
15772
3926
3926
3926
3926
3926
15772
15827
3926
3926
15827
3926
3926
15827
15827
3926
15827
15827
15827
3926
3926
3926
15838
3926
15838
15827
3926
3926
3926
3959
15875
3959
15875
3959
3959
3959
15875
3959
3960
15875
3960
15875
3960
3960
3960
3960
15875
3960
15875
3965
15875
3965
15874
15874
3968
3968
15914
15914
3968
3968
3968
3968
3968
3968
15914
15914
15914
15914
3968
3968
15914
3968
15914
15914
15914
15914
15914
3968
3968
15933
3968
15933
15933
3968
3968
15933
15929
3968
3968
3968
15929
15929
15929
15929
15929
15929
15929
15929
15929
3968
3968
3968
3968
15929
3968
15929
15929
3968
15929
3968
15929
15929
3968
15921
3968
15921
3968
15921
15921
15921
3968
15921
3968
15921
3968
3968
3968
3968
3968
3972
3972
15921
3972
3972
15953
3972
15953
3972
3972
15953
15953
3972
15953
15953
15953
15953
15952
3972
15948
3972
3972
3972
15948
15948
3972
3972
3972
15948
3972
3972
3972
15956
15956
15956
15956
3972
15956
16032
3972
16032
3972
3972
16032
3972
3972
3972
3972
3976
16032
3976
16032
16032
16032
3976
16032
3976
16032
16032
16032
16032
16032
3976
16032
3976
3976
3976
3976
16031
16031
16031
3976
16031
16031
16031
3976
16031
16031
3976
3976
16023
3976
16023
3976
16023
3976
3976
3994
3994
16023
16023
3999
3999
3999
3999
16023
3999
16023
3999
3999
16023
3999
16023
16023
16008
16008
3999
16008
16008
3999
3999
3999
3999
3999
3999
16008
3999
16008
16008
3999
3999
3999
3999
4000
16213
16213
16213
16267
16267
16267
16267
16267
16267
16267
4000
16267
4000
16267
4025
4025
4025
16264
16264
16264
16264
4025
16264
16264
4025
16264
16264
4025
16264
4025
4025
4025
16255
16255
4025
4025
16255
4025
4025
16255
4025
16255
4032
16255
4032
4035
4035
4035
4035
16247
16247
16247
4035
16247
16247
4035
16247
16247
4035
16298
4035
4035
16298
16298
16298
16298
4035
4035
16342
16340
4035
16340
16340
16340
16340
4035
4035
4035
16340
4038
4038
4038
4038
4038
4038
4038
16340
4038
4038
4038
4038
16340
4038
16337
16337
16337
16337
16337
4038
16337
4038
16337
16337
16337
4038
16337
16337
4038
4038
4038
16337
16337
16337
16337
4038
16328
4038
4038
16328
4038
4038
16328
4038
16328
4038
16328
4038
16328
16328
4038
16306
16306
4038
16299
4049
4049
4049
4049
16299
4049
16298
16361
16361
16361
16351
4049
4049
4049
16349
16349
16298
4049
4049
4049
4049
4049
4049
16298
4049
16298
16298
4054
4054
4054
4054
4054
4054
4054
16391
16391
16391
16391
4054
16391
16391
16391
16391
4054
16391
4054
16391
4054
16391
4054
4054
16398
4054
16398
16398
4054
4054
16397
16397
16397
16397
16397
4054
4054
16455
4057
16499
16499
16499
4057
4057
4057
16556
4057
16556
16556
16556
16556
16556
4067
16556
16556
16556
16556
16556
4067
16511
4070
4070
16511
16511
4070
4070
4070
4070
16511
4070
4070
16508
4077
16508
4077
4077
4077
4077
16508
16508
16508
4077
16596
16596
4077
16596
16596
4077
4077
4077
16596
4077
4077
16596
16596
4077
4080
4080
16596
16656
4080
4080
4080
4080
16656
16656
4080
16656
4080
4080
16656
16656
16656
16656
4080
4080
4080
4080
4080
16656
4080
4080
16656
4080
16656
4080
4080
16656
4080
4080
4080
4080
16708
4080
16697
4080
16694
4080
4080
16694
4080
4080
4080
4080
16694
4080
16694
4080
4088
4088
16742
4088
4088
4088
16742
16742
4090
4090
4090
4093
16742
16742
16735
4093
16735
16735
4093
16735
16735
4093
4093
16726
16726
16726
16726
4093
4093
4093
4093
16792
16792
4093
4093
16803
16803
4093
4093
4093
16803
16803
16803
4093
16803
4093
4093
16863
4093
4093
16863
16859
16859
4094
16859
16859
16859
16859
16859
4094
16858
4094
16858
16858
4094
16858
4094
16858
4094
16858
4094
16858
16858
4115
16866
16866
16866
4115
4115
16925
4115
16916
4115
16916
4115
16916
4115
4115
16909
16909
4115
4115
16909
16909
4118
4118
16905
4118
16905
4118
16894
16894
16894
4118
4118
16887
16879
16874
16874
16874
4118
4118
4118
4118
4118
4118
4118
16926
16926
4118
4118
4118
4118
16874
16977
16977
4118
4118
16995
4118
16995
4118
4118
4118
16995
16995
16993
16993
4118
4118
16993
16993
4118
16993
16993
4118
16993
16993
4118
17055
17055
4118
17041
4118
17125
4118
4130
4130
17125
4147
4147
17110
17110
17110
17110
4153
17100
4153
17162
17162
17162
4158
17162
4158
4158
17162
17162
4158
17162
17162
17159
4158
4158
17159
4158
4158
4158
4158
17159
17159
4158
4158
4158
4158
17159
17159
4158
4162
4162
17159
4162
17159
4162
4162
17159
4162
17159
4162
17159
4172
17159
17159
17159
17159
17159
17159
4172
4188
4188
4188
4188
17317
17317
17317
4188
17380
4201
4201
17380
17380
17380
4201
17380
4201
17380
17380
4201
17380
4201
4201
4201
4201
17380
17380
17380
17380
17380
17380
17380
4201
17380
4201
4201
17380
4201
17380
17380
4201
17380
4201
17380
4201
4201
4201
17380
4201
4201
4201
4201
4201
17380
4201
4201
4201
4208
4208
4208
17382
4208
4208
17382
4230
4230
17382
17382
4230
17382
4230
4230
17382
4230
4230
4237
4237
17382
17381
17381
4237
4237
17381
4237
17381
4238
4238
17381
17381
4238
17381
4238
4238
4238
4238
17381
17381
4238
4238
17381
4238
17381
4238
17381
17381
4239
4239
4239
4239
17381
4239
17380
17400
4239
4239
17400
4239
4239
4260
4260
17400
17400
17400
4260
17400
17400
17400
17397
4260
17397
4267
17397
17397
4267
17397
17397
17397
4267
4267
17397
17397
17391
4267
17391
17390
17387
17387
4267
4267
4267
4267
4275
4278
17380
4278
4278
4278
17380
4278
4278
17380
4278
17380
4278
4278
17380
17380
17380
17380
4278
4278
4278
17380
17380
4278
4278
4278
4278
4289
4289
17380
17428
4289
4289
17428
17428
17428
17428
17428
4289
4289
4289
17428
17428
4289
17428
17428
17428
17428
17428
17428
17428
17428
4296
17428
4296
4296
4299
4299
17488
17488
17533
4299
4299
4299
17533
4299
4299
4299
17533
17533
17533
17526
4299
4299
4299
4304
17521
4304
17521
17521
4304
4304
4304
4304
4304
4304
4304
4304
4304
17576
4304
17576
4304
4320
17576
4320
17576
17576
4320
17576
4320
4331
4339
17623
4352
4352
4352
17623
17623
17623
4352
4352
17623
4352
17623
17623
17623
17623
17615
17615
17615
17615
17615
4352
17615
4352
4352
4352
17615
4352
17615
4372
17615
17615
17615
4372
4372
4372
17592
4372
4372
17592
4372
17592
17592
4372
4372
4372
17592
17592
4374
17591
17591
17591
17591
4374
4374
4374
4377
4377
4377
17591
4377
17591
17591
17591
4377
17591
4377
17623
4377
4377
4377
4377
17623
4383
17623
17623
17623
4383
17591
4383
17591
17591
4383
4383
17591
4383
17587
4383
4383
17627
4383
4383
4383
4410
17627
4410
17625
17624
4410
17624
4410
17624
4410
4410
17587
17628
4410
17628
17628
17628
17628
17681
17681
4410
17681
17681
4410
17703
17702
17702
17702
4410
4410
17702
4410
17702
4410
17702
17694
4410
17691
17691
4410
4410
17714
17714
4410
17714
17714
17714
17714
17714
17714
4410
17714
17714
4410
4410
4410
17729
4410
17729
4410
17727
4410
17768
17768
4410
17768
17768
17768
17768
17768
4410
17768
17768
17768
17768
4410
17768
17768
17768
17768
4410
17768
17768
17768
4410
17768
17744
17741
4410
4410
4410
17733
17733
4410
4419
4419
4419
4419
17789
17789
17789
17789
4419
4419
17789
4419
4422
17789
4422
4422
4422
17787
17787
17787
4422
17787
17787
4422
17787
4422
17790
17790
17790
4422
17787
4439
4439
4439
4439
4439
4439
4439
17778
17778
4439
17778
4439
4439
4439
4439
17778
4439
17778
4440
4440
17778
4440
17773
17772
4440
4440
17772
17772
4440
4440
4440
4440
17733
17733
4440
4441
17733
4441
17733
17733
17733
4441
4441
4441
17733
4441
4441
4441
17733
17733
17732
17732
4441
17800
4441
17804
4441
17804
4441
4452
4452
4452
17841
17841
4452
4455
4455
17841
4455
17841
17841
17841
17841
4469
4475
17841
4475
4475
17889
4475
4475
17889
17887
17887
17887
17887
4475
17887
4475
4475
4475
4475
17943
4475
4475
17943
17929
17929
4475
4475
17948
17948
17948
4475
17951
17951
17951
4475
17951
4475
17969
17969
4475
17968
4475
17968
4475
17968
17968
17968
4475
4475
17968
17968
4475
17968
17968
17968
17958
17958
17951
4475
4475
4486
4486
4486
17983
4486
4486
17981
17977
4486
4486
17977
4486
4486
4486
4486
4486
4486
17987
17987
4486
4486
17987
17987
17987
4486
4486
18082
18082
4486
4486
4486
4486
18082
18082
4486
18082
4486
18082
4486
18082
18082
18082
18082
18082
4486
18082
4486
18082
18082
4486
18082
4486
18082
4486
4486
4486
4486
18094
4486
18088
4486
18088
18088
18088
4489
4489
18088
4489
4489
18088
4489
18088
4489
18088
18088
18088
4489
18088
4489
18088
18088
18088
4489
4489
4489
18088
18088
4490
18088
4490
4505
18088
4505
18088
18088
18088
18088
4505
4505
18098
4519
18098
18098
18161
4519
4519
4519
18161
4519
4519
4519
4519
18161
4521
4521
18161
18161
18161
18154
4521
18154
18154
18154
4521
4521
4521
18200
18200
4521
18200
4521
18200
4521
4521
18200
18200
18220
18220
18231
18241
4521
18241
4521
18241
4521
18241
18241
18241
4521
18241
4521
18238
18238
18238
18233
18233
4521
18233
4521
4521
18233
4521
18233
18233
4524
18233
4524
4524
18233
18233
4524
4524
18233
4525
18233
4525
18233
4525
18231
4525
4525
4525
4525
18375
4525
4541
4541
4541
18375
18375
18375
18375
4541
4541
4541
4541
18375
18375
4541
4541
18375
4541
4541
18428
18428
4541
4541
18428
4541
4541
18452
4546
18452
18452
4553
4553
4553
4553
18452
4553
18452
4553
18448
18448
18448
4553
18448
18448
4553
18448
4553
18448
18448
18448
4553
4553
18448
18448
18448
4553
18448
18518
4553
4553
4553
4555
4555
18518
18518
18518
18518
18518
4555
4555
18518
18518
4555
4565
4565
18518
18518
18518
4565
18533
4565
4565
18596
18596
18596
18596
18596
18596
18596
4565
4565
18596
4565
18596
18596
18596
18596
4565
4565
18596
4565
4568
4568
18596
18593
18593
4568
18593
18593
18629
4572
4572
18629
18629
18629
18629
4572
18626
4572
4572
18626
18626
18626
4572
4572
4575
18626
4575
18626
4575
4575
4575
18667
4575
4575
4575
4575
18731
18731
18731
18731
4575
4575
18731
4585
4585
18731
4585
4585
18731
4585
4585
4585
18731
18731
4585
4585
4585
18759
4585
18759
4585
4585
4585
4585
18759
4585
18759
4585
18759
18759
18759
18759
18759
18758
18758
18758
4585
4585
18758
18756
4585
4585
18756
18756
4585
4585
4585
18756
18756
4585
18755
4585
4585
4585
18755
18755
4585
4585
18755
4585
18755
4585
18750
4585
4585
4585
4585
18750
18750
18750
18750
4585
4585
4585
18750
4585
18750
18750
4585
18750
4593
4593
18800
4593
18800
4593
4593
18800
4593
18864
18864
4596
4600
4600
18876
4600
18876
18876
4600
4600
4600
18924
4600
4600
18924
4600
18924
4600
4600
18924
4600
4600
18945
18945
18945
18945
4600
18945
18979
18979
4600
4600
4600
4600
18977
4600
4600
18977
18977
4600
4600
18977
18977
18977
4600
18994
18994
18994
4600
18994
18994
18988
18988
4600
4600
18988
4600
19023
4600
19023
19023
4600
4604
19019
19004
19004
4604
19030
19030
4604
4604
4604
4604
4604
4604
19030
4604
19030
19030
19030
19030
19030
4604
4604
4615
19004
4615
4615
4615
4615
4615
4615
4615
4615
4615
18981
18981
18981
4624
4628
4628
18981
18981
4628
18977
4628
4628
4628
4628
4628
19043
19043
19043
19043
4628
4628
19061
4628
19074
19074
4630
19074
4630
19074
4632
19074
19074
4632
19074
4632
4632
4632
4656
4656
4656
4656
4656
19074
19074
4656
19074
4656
19079
4656
19079
4656
4656
4657
19079
4657
19079
4657
4657
19073
4657
19071
4657
19071
19071
4657
4657
4657
19071
4657
4657
4657
19071
19071
4657
19071
19071
4657
4657
4664
4664
19071
4664
4664
19071
19071
4664
19071
4664
4672
4672
19071
19071
4672
19071
19071
19071
4672
4672
4672
4672
4672
4672
19071
4672
4672
4672
4682
4682
19071
19071
4682
19071
4682
4682
19071
4682
19067
19067
19067
4682
4682
4682
19066
19066
19066
19066
19066
19066
19066
19066
4682
4682
4682
4682
19066
19066
4682
4682
4682
4682
19066
4682
19066
4684
4698
19086
19086
19086
19101
19101
19151
4698
4698
19151
19151
4708
19151
19151
4710
4710
19151
19151
4710
4710
4710
4710
4710
4710
19166
19182
4710
19182
4710
19216
4710
19216
4710
19216
4712
19216
4712
4712
4712
4712
19216
4712
4712
19209
19209
19209
4712
19209
19209
19209
4712
19257
19257
19257
19257
19257
4712
19257
19257
4712
19257
4712
4712
19257
19257
4712
4712
4712
4712
19257
19257
4712
4712
4712
4712
19257
4712
19257
4714
4714
4714
19257
19257
19257
19257
4714
19262
19262
19257
4714
19257
19257
4714
19257
19257
19257
19257
4714
4714
19244
4714
4714
19244
19244
19244
4714
19244
4714
19325
4714
19316
19316
19316
19316
19316
19310
4714
4714
19310
4714
19310
19310
19310
4714
19310
4714
19310
19310
19310
19310
4732
4732
19310
4732
19310
4732
4732
19310
19310
4732
4732
19310
19310
4732
4732
19310
19310
4732
4732
4736
4736
4736
4736
19327
4736
19327
19307
4736
19369
19368
19368
19368
19368
4738
19368
19400
4738
19400
19400
19400
19400
19400
4738
4738
4738
4738
4746
19400
4746
19400
19400
19400
19395
19381
4746
19381
4746
4746
4746
19381
4746
4746
19381
19381
19381
19381
4746
19381
19371
4746
19371
4746
4746
4746
19371
19371
4746
19371
19371
4746
4746
19371
4746
4746
19371
19371
19370
19370
4746
4757
19370
19370
19370
4757
19370
4757
19370
4757
19370
4757
19370
19370
19370
4757
19370
19370
4757
4757
19370
19370
4757
19370
19370
19370
4762
4762
19408
19408
19408
4762
19408
19408
4762
4762
19408
4762
4762
19408
4762
4762
4762
4763
4763
19416
4763
4763
4768
4768
19416
19416
19408
4768
4768
4768
19408
4769
4769
4769
19408
4769
4769
19408
19450
19450
4769
4769
19443
4769
4769
4769
4769
19443
4769
4769
4769
19443
4769
19478
4769
4769
4769
19478
19478
4815
19478
19478
19478
4815
19478
19478
4815
4815
4815
19478
19478
4815
4815
4815
4815
4815
4815
4815
19509
19509
4815
19509
19509
4815
19509
19509
4817
4817
4817
19509
19509
4817
19517
19517
4817
19517
19517
4825
4825
19548
19548
19548
19548
4825
4825
4825
4825
4825
4825
19548
19548
19548
4825
19605
4825
4825
19605
4825
4825
19605
19605
19605
4825
4825
4825
4825
19605
19605
19605
19605
4825
4825
19605
19597
19597
19597
19646
19626
4825
19626
4825
4825
19626
19626
4825
19626
4825
4825
4825
19626
4825
19665
19665
4825
4825
4840
19665
19665
4840
19665
19665
19665
19665
4840
19665
4840
19665
19662
19662
4841
19662
19662
4841
19662
4841
4841
19662
19662
19662
19662
19662
4841
4841
19662
19662
4841
19662
19662
4841
19662
4841
4841
19662
4843
19662
4850
19662
19717
19713
4850
4850
19713
19713
19713
4850
4850
4850
4850
19713
19713
19713
4850
4850
4850
19703
4850
4850
4850
4850
4865
19703
4865
4865
4865
4865
4865
19703
4865
19694
4865
4865
4865
4865
19694
19694
19694
4865
4865
19694
19694
4876
19694
19689
4876
4876
4876
19689
19689
4876
4876
4876
4876
4878
19689
4878
4878
4878
19689
19689
19689
19689
4878
19681
4880
4880
19681
4880
19738
4880
4880
19737
4880
19737
4880
19737
19737
19737
19737
19737
4885
19737
4885
19736
19723
19774
19774
4885
4885
4885
19796
19796
19796
4885
4885
19796
4885
19796
4885
4885
19796
4885
4885
4885
19796
4885
4885
4885
4885
4885
4885
19796
4885
4895
19834
4895
19834
4901
4901
4901
19829
19829
4901
19827
4901
19860
4901
4901
19860
4901
4901
19879
19879
19879
4901
4901
19879
4901
19879
4901
4901
4901
19879
19879
4901
19879
4901
19879
4901
19879
4901
19879
4901
19879
4905
19879
19879
4905
4905
4905
19879
4905
4905
19901
19901
19901
4905
19901
4905
4908
19965
19965
4908
19959
4908
4908
19959
19959
4908
4911
19959
19959
4911
4911
19959
19959
4911
4911
19959
19959
4911
19959
19959
19959
19959
19959
19959
19959
4911
19957
4911
4911
4911
19957
4911
19957
4911
19957
19957
19957
4911
19957
19957
4911
4911
4911
4914
4914
19957
4914
4914
19957
19957
4914
4914
19957
4914
4914
19957
4914
4914
4914
19979
19979
4914
19997
19997
4914
19997
19993
19993
19993
19993
4914
19993
4914
4914
4914
4921
4927
4927
19998
19998
19993
4927
4927
4927
4927
19993
19993
4932
4932
4932
20059
20059
4932
20059
4932
4932
4939
20054
4939
4939
4939
4939
20052
4939
4939
20062
20062
4939
4939
20062
4939
4939
4939
4939
4939
4939
20062
4939
4939
4939
4939
20052
4939
4939
4939
4939
4939
20052
20052
4939
20052
4939
4939
20098
20098
4939
4939
4939
4939
4939
20098
4942
20098
4942
4942
4942
20145
20145
20145
4942
4942
20146
4942
4942
20184
20184
4945
4945
20184
4945
20184
20183
20183
20183
20183
20183
20183
20183
20183
4945
4945
20183
20183
4945
20150
20150
20150
4945
4945
20146
20146
4945
20146
4945
20146
4959
4959
4959
20146
4959
4959
4959
20146
4959
4959
20146
20146
4959
4965
20146
4965
4965
20146
20146
20146
4965
4965
4965
4965
20146
20146
4965
20146
4965
20146
4968
20146
4968
20146
20146
20146
4968
4968
20146
20146
20146
4968
4968
4968
4968
20146
4968
4968
20146
20146
20145
4968
20145
4968
20145
20145
4968
4968
20145
4968
4975
4992
20192
20192
20192
20192
4992
4992
4992
4994
4994
4998
20217
5006
5006
5006
5006
5006
5006
5006
20217
20217
20217
20217
20217
20226
5006
5006
20226
20224
20224
20224
5006
20224
20224
20222
20222
20222
5006
5006
20222
5006
20253
5006
20253
5006
20253
5006
5024
20259
5024
5057
5057
5057
5057
5057
5057
5057
5057
20299
5057
5057
5057
5057
20299
5057
20286
5057
20286
5057
20286
20286
20286
20286
5057
20332
5057
5057
20360
5057
5057
20398
5057
20387
20380
5057
5068
5068
5085
5085
5085
5085
20408
20408
5085
5085
20408
20408
20408
5085
5085
20406
5085
20406
5085
5085
20409
20409
5085
5085
5085
20409
5085
5101
5101
5121
5121
5121
20409
5121
20409
20409
20409
20406
20406
20406
5121
20406
20406
20406
5121
5121
5135
5135
20406
5135
20406
5135
5135
5135
20406
5135
5135
5135
5135
5135
20406
20406
20406
20409
5135
5135
20409
20401
20401
5135
5135
5135
5138
20480
5138
20481
20520
5140
5140
20600
20593
20593
20590
20590
5140
20590
20590
20590
5140
5140
20590
5140
20590
20590
5140
5140
5140
20590
20590
20590
5140
5140
20590
20590
5140
5140
5140
20590
5140
5140
20590
20590
20590
5140
20590
20590
20590
20590
5140
5140
5140
20590
5140
20590
5140
20590
20581
20577
5140
5140
20577
5140
20577
5140
5140
5140
5140
5140
5142
20577
5142
20577
5142
20568
5142
20568
5142
5142
20631
20631
20631
20631
5142
20631
20631
5142
20631
20631
20631
5142
20631
20631
20631
20625
20623
20623
5149
5149
5149
5159
5221
5221
20623
5221
5221
5221
20623
5221
20623
5221
5221
5226
5231
5231
20623
5231
5231
5231
5231
20623
20623
5231
5231
20623
20623
5231
5231
5231
5231
5231
5231
5231
20645
5231
5231
5231
5231
20699
5231
20699
5231
20699
5235
5235
5238
20699
5249
5249
5249
20699
20699
20699
20699
5249
5249
5249
20699
20699
20707
5249
20707
5249
5249
20707
5249
5249
5249
5249
20784
20817
5249
5297
5297
5297
20817
20844
20838
20838
20838
20838
20838
20829
5297
20829
5297
20829
20829
20829
5297
20829
20825
20825
5297
20824
20824
5297
5297
20824
5297
20824
20824
20824
20824
5297
20824
20824
20824
20824
20824
20824
20824
5302
20824
20824
5302
20877
5302
5302
20877
5302
5316
5316
5316
20877
5316
20877
5316
20877
5316
5322
20877
20877
5322
20868
20868
5326
20913
5326
20963
5329
20963
5329
5329
20963
20963
20963
5329
20971
5329
5329
20970
20970
5363
21037
5363
21037
5363
21084
5363
5363
21084
5363
5363
5363
5363
21084
21084
21084
21084
21084
21084
21084
21084
5363
5363
21084
5363
21101
5363
21101
5364
5364
21119
5364
21119
5364
5364
5364
5364
5364
5364
5364
5364
21131
21131
21131
21131
5364
5364
5364
5383
21143
5383
5383
5389
21143
5389
21143
21131
21131
5389
5389
21168
21168
5389
21168
21159
5389
21159
5389
5389
21159
5389
5389
5389
5389
5389
5389
21197
21197
5389
21197
5414
5414
5414
21197
5414
5414
21222
21222
5414
21222
5414
21222
21222
5414
21222
21222
5414
21222
21222
21222
21222
5414
21222
21248
5414
5414
21248
21237
5414
21254
21254
5414
5414
5414
21237
21237
21237
5414
21237
21237
21237
21237
5414
5414
5414
5414
21264
21264
21264
5414
21325
5414
5414
5414
5414
5414
21325
21316
5414
5414
21316
21316
5414
5414
5414
21316
5414
21316
5414
21427
21427
21427
21427
21427
21427
21427
21427
5414
5414
5414
5414
21426
21405
21405
21405
21380
5422
5422
5422
21380
5422
5422
21380
5422
5422
5422
5422
5422
5422
21380
5422
5422
5422
5422
5422
21458
21458
5422
5422
21458
21458
21458
21458
21458
21458
21458
5422
5422
5422
5422
5422
21458
21458
5422
21458
5422
5422
5422
5422
21458
5422
5422
21458
21458
21458
5422
21458
5422
5422
21458
5422
5422
21458
5422
21449
5422
5422
5472
5472
5472
21445
21445
21445
21445
21445
5472
5472
5472
21445
21445
21445
5472
5472
5472
5472
21445
21445
21445
21445
21445
5472
5472
5472
21445
5472
5472
5472
21445
5472
5472
5472
5472
21445
5472
21445
21445
5472
21445
21445
21445
21445
5472
21445
5472
21445
5472
21445
5472
21445
21445
5472
21445
5472
21445
21494
21494
5472
5472
21494
21494
21494
5472
21494
21494
21494
5472
21494
5472
5472
21494
21494
5484
21494
5484
21510
21510
5484
5484
5484
5484
21569
5484
5484
5484
21569
21569
21569
5484
21569
21569
21569
5484
5484
5484
21591
5495
5495
21591
21591
5495
5495
5495
5495
21591
5495
5495
5495
5495
21591
21591
21591
21588
21588
21588
5495
21588
5495
5495
21581
5495
5520
21605
5520
5520
5520
21605
5520
21605
5520
21605
5520
5520
5520
5520
21615
21615
5520
5520
21609
21609
21609
21609
5520
5520
5520
21609
21609
21609
21609
5520
5520
5520
5520
5520
21668
5520
5520
5520
5520
5520
21696
21696
21687
21687
5520
5520
5520
5520
21687
5520
21687
5520
5527
21687
5527
5527
21675
21675
21675
21675
5527
5527
21725
5527
5527
21725
5527
5527
5527
5527
21754
5527
5527
5533
21754
21754
21754
5533
21754
21797
21797
21797
21797
5539
5539
21797
5539
21797
5539
5539
5539
5539
21799
5539
21799
5550
21799
21799
21799
21799
5550
5550
21799
21799
5550
21799
21799
21799
5550
21799
5550
21799
21799
5550
5550
5550
21799
21799
21799
5550
5550
5551
5551
21799
21799
5551
21799
5551
21799
5551
21797
21797
5551
5551
5551
5551
21797
5551
21797
21797
21797
21797
21797
5551
21797
21797
21797
5551
21797
5551
5551
21797
21797
5551
5551
5551
5551
21797
21797
21797
21850
5551
5551
21850
5551
21850
5551
21850
5551
21850
21843
21839
5551
21839
21839
5551
5551
21839
21839
21839
21839
5551
5551
5552
5552
5552
21839
5552
21839
5552
5552
5552
5568
21839
5568
5568
5574
5574
21839
5574
21839
5574
5574
5574
5574
5574
5574
5574
21839
5574
5574
5574
5574
21839
5574
21839
21839
5574
21839
21839
5574
5574
21839
5574
5574
5574
21839
5602
5602
21839
5602
21839
21839
21839
5602
5602
21886
5602
21901
21901
5602
21901
21901
5602
5602
21901
5602
5602
5602
21901
5611
21901
21899
5611
21899
5611
5611
21899
21899
5611
21899
21899
5611
5611
21895
5611
5611
21895
5612
21895
21895
5612
21966
21966
21966
5612
21966
5612
21966
21966
21966
21966
21966
21966
5612
21999
5612
21999
5612
21999
5612
21999
21999
5612
22018
22018
5612
22018
22018
5612
5612
5612
5612
22018
5612
22018
22018
22011
22011
22011
5612
5612
22011
5612
5612
5612
5626
22043
22043
5626
22041
22041
5631
22035
5631
22035
5631
22035
22035
22079
22117
5631
5631
5632
5632
5632
5632
22143
5632
22143
5632
5632
5632
5632
5632
22143
22143
5632
22143
22143
5632
22143
5632
5632
5632
5632
5632
5632
5632
22137
5646
22128
22128
5646
5646
5646
22128
5646
22178
22174
22174
22174
5646
22174
22174
5646
22174
22174
22174
5646
5646
5658
5658
22174
5658
5658
5658
22174
5658
22174
22174
22174
22174
22172
5658
5660
5660
22172
5660
5660
5660
22172
5660
22172
5660
5660
5660
5660
22206
22206
22206
5660
5660
5660
5660
5660
22206
22206
5660
5660
22206
22206
22206
22206
22205
5660
22243
5660
5660
22243
22243
5660
5660
22243
22243
5660
22237
22237
5660
5660
5660
5660
22237
22236
5660
22235
22235
22299
22299
5660
5660
22281
5660
22281
22281
22281
22281
22281
22281
22281
22281
5660
5660
5660
22281
5660
22281
22281
22403
5660
5660
5660
22403
5660
5660
5660
22424
5660
22424
5660
22424
22418
5660
22413
5660
5692
5692
5692
22413
5693
22413
5693
5693
5693
22481
5693
22481
5693
22481
5693
22477
22477
22477
5693
22477
22477
22477
22477
5693
5693
5693
5693
22477
5693
22477
5693
5693
5693
5693
22477
5693
5693
22477
22477
5693
5693
5693
5693
22477
22477
22477
22477
5694
5694
5694
22477
22477
22477
5694
5694
5694
22477
5694
22477
5694
5694
22477
22477
22477
22477
22477
22477
22477
5694
22477
22477
5694
5694
22477
5694
5694
5694
22477
5694
22477
22477
5694
22477
5694
22477
5694
5694
5694
22477
5694
5694
22477
5694
22477
5694
5694
5694
5694
5694
22537
5694
22537
5694
22537
5694
5694
5694
22530
22530
5694
5694
22555
5694
5694
22555
22555
5694
22547
5694
22547
22547
22547
22547
5694
22547
22547
22547
22547
5694
22547
5694
22547
22547
22547
5694
22547
22547
22547
5695
5695
5695
22547
5695
22547
5696
22547
5696
5696
22547
5696
22547
5703
22560
22560
22560
5703
22560
5703
5703
5703
5703
22589
5703
5703
22589
22659
5703
5703
5703
22647
5707
5709
22647
22647
22646
22646
5709
22646
22640
22640
22640
22640
5711
22640
5718
22640
5718
22640
22640
5718
5718
22712
22712
22712
5718
22712
5718
5718
22712
5718
22712
22712
22741
22741
5718
22741
22768
22768
5718
22798
5718
22798
22798
22798
22798
22798
5718
22798
5718
5720
5720
22798
5720
22798
5720
22798
22798
22798
22798
22798
5720
22798
5720
5720
22798
5725
5725
22798
5737
5737
22797
5737
5737
22797
5737
5737
22797
22797
22797
22797
22797
5737
22797
22797
22797
5737
22797
22797
5737
5737
22797
5737
22813
22813
5740
22813
5745
22813
22812
5745
5745
5745
22812
22812
22812
5745
5745
22812
22812
22812
22812
5745
22812
22867
22867
22867
5745
5745
22896
22896
22896
22896
5745
5745
5745
5745
22894
5745
5758
5758
5758
22894
5758
22894
5758
5758
5758
22894
5774
22894
22894
22894
5774
5774
5774
22894
22894
22894
5774
5774
5774
5774
22930
5774
22930
5774
5774
22960
22960
22960
22960
22960
5774
5774
22960
22960
5774
5774
5774
22960
5774
22960
22960
22960
5774
5774
5774
5774
22977
5774
5774
22977
5774
5774
22977
22977
5774
22977
5774
22977
22977
22977
22960
22960
22960
5774
5774
5774
22948
22948
5774
22948
22948
5774
22948
5774
22948
22948
22948
5774
22948
5774
22948
22948
22948
5774
22935
5774
5774
22935
22935
5774
22934
5774
22934
5774
5774
5774
5774
5774
22934
5774
5774
5777
5777
22934
5780
22934
22930
22930
5784
22930
5784
5784
5784
5784
5784
5791
5796
5796
5796
22930
5796
22930
5796
22930
5796
22930
22930
5796
22930
22930
22930
22930
5796
22930
22923
22923
22923
5796
5796
22923
5796
22923
5796
23013
5796
23048
23048
23033
5796
23033
5796
5796
23033
5796
23033
5796
23028
23028
5796
5796
23028
23028
23028
23028
23028
5796
23028
5796
5796
5814
23028
23028
23028
23028
5814
23028
23016
23016
5814
5814
23016
23016
23016
23016
5814
5814
23016
5814
23016
5814
5814
5814
23013
5814
5814
5814
23013
23013
23013
5814
5814
5814
5814
23013
5814
5814
5814
23013
23013
5814
5814
23013
23013
5814
23001
5814
5814
23001
5814
5814
23001
23001
5814
23001
5814
23001
5814
23001
23001
23001
23001
23000
5814
23000
5814
23000
23000
5814
5824
5824
23000
5836
5836
23000
5836
5836
23000
5836
23000
5836
23000
5837
5837
23000
5837
23000
23000
22988
5837
22982
22982
22982
5840
22982
22982
5840
5840
22982
22982
22982
5840
22982
5840
5840
5840
5853
5853
5853
5853
5853
5853
5853
5853
23106
5853
23106
23106
23095
23087
5853
23087
23085
5863
5863
5863
5863
23085
23085
5863
5863
5863
5863
5863
23066
5863
23066
5863
5863
5863
5863
23059
23169
5863
23169
5863
23169
5863
5877
5877
5877
5877
23216
23216
23216
23216
5877
23216
5877
23216
5889
23216
5889
23202
23202
5889
5889
23190
5889
5889
5889
23190
23190
5889
5889
5889
5889
23190
5889
5889
23255
23255
23255
5889
5889
5889
5892
5892
5892
5892
5892
5892
5892
5892
23255
5892
5892
23255
23255
23255
5892
5892
23255
23250
23260
23260
23260
5892
23260
23260
23260
23260
5892
23260
5892
23260
5892
5892
23250
5892
23250
23250
23250
23250
23250
23250
5892
23250
5893
23250
23250
5893
5893
23250
23250
23250
5893
5893
23250
23245
5893
23245
23245
5893
5893
5893
23341
23341
5893
23341
23341
5893
23341
23341
23352
23352
23352
23352
5893
23352
5893
5893
5893
5893
5893
23380
5893
23380
5893
5893
5893
23448
23448
5893
23448
23448
23448
5893
23448
23448
23448
23448
5893
23448
5893
5901
23448
23448
5901
5901
23448
5901
5901
5905
23448
5913
5913
5913
23448
23448
23448
5913
5913
23448
23448
23448
5913
5913
5913
5913
23448
5913
5913
5913
5913
5913
23485
23485
5913
5913
5913
5913
23520
23505
5913
23505
23505
5913
5913
23532
5913
23532
23532
5913
5913
23532
5913
5913
5914
23532
23532
5914
5914
23617
5914
23617
23614
23614
23614
23597
23597
23597
23597
5914
23597
23597
23597
5914
5926
5926
23597
23597
5926
5926
23597
23597
5926
23597
5926
23675
23675
5926
23675
5929
5936
23675
23675
23675
5936
23675
23666
23688
5936
23688
23688
23688
5936
5936
5936
23688
23688
5936
5936
23688
5936
5936
23688
23688
5936
5936
23688
5936
23688
23688
5936
5936
5936
23688
5936
23688
5936
23699
5936
5936
23699
5936
5936
5936
23699
5936
5936
5936
23702
5936
23702
23702
5936
5936
5936
5936
5936
5936
5936
23702
23702
23702
5936
23702
23702
5936
23717
5936
5936
5936
5936
23717
5936
5940
23717
23717
23717
5940
5940
5950
23717
5950
23717
5950
5950
23728
23728
23728
23728
23728
5950
5950
5950
23726
5950
5950
23726
5950
23726
5950
5950
23726
5950
23726
5950
23726
23726
23726
5953
23726
23726
5953
23726
5953
23726
5953
23726
5953
23726
23726
23726
23726
5953
23726
23726
23726
23726
5953
23726
23746
5953
5953
23746
23746
23746
5953
5953
23746
5953
23746
5953
5953
23746
23746
5953
23746
5953
23746
5953
23746
23746
5953
5953
23746
5953
23746
5953
23746
5953
23746
5953
23746
23746
5953
23748
5953
23748
5953
23748
23748
5953
5953
23748
5953
5958
23748
23746
5958
5958
23744
5958
5958
5958
23744
23744
5958
23744
23744
23744
5958
23744
5958
23778
5958
5958
23758
5958
23758
5958
5958
5958
5958
5958
5958
5958
23753
5969
23753
5972
23753
5972
5972
5972
5972
5972
5972
23784
23784
5972
23784
5972
23784
5972
5972
5972
5972
5977
5977
23784
23784
5985
5985
23784
23784
23784
23753
5985
5985
5985
5985
23753
23753
5985
5985
23744
5985
23744
23744
23744
5985
23744
23744
23744
23744
23744
5985
5985
23744
23744
23744
23744
23744
5985
5985
5985
23744
23744
5985
23744
5998
23744
5998
5998
23744
23744
5998
23744
23744
23744
23744
5998
23744
23744
23741
5998
23735
23735
23735
23735
5998
5998
23735
5998
5998
23735
5998
23735
23729
5998
5998
5998
23821
5998
23821
23821
23821
5998
5998
23821
23821
23821
5998
23821
5998
5998
23818
23818
5998
23818
5998
5998
5998
23818
23818
23818
5998
5998
5998
5998
23870
23867
5998
23867
23867
5998
23867
5998
5998
5998
5998
5998
23867
5998
23861
5998
23861
5998
23861
23861
23861
6001
23861
23861
23861
6002
23828
23828
6002
6002
6002
6002
23826
23906
6002
6002
6002
6002
23929
6002
6002
23929
6002
6002
23929
6002
6004
6010
6010
23971
23971
6010
23971
6010
23971
6010
24020
24020
24003
23987
23987
23987
23987
23987
23987
23987
6010
6010
24052
24052
24052
6010
6010
6010
24054
24054
6010
24054
24054
6010
6010
6010
6010
6010
6010
6010
24052
6011
24052
6011
6011
24107
24107
24107
24107
24107
24107
24107
24107
6011
24107
6011
6011
6011
24105
24105
6011
6011
24114
6011
6011
6011
6011
24114
6016
6016
24114
24114
6016
24105
24105
6017
6025
6025
6025
24105
6025
6025
24119
6025
24119
24119
24119
24092
24092
24092
6025
6025
6025
24092
24092
6025
24092
24092
24087
6025
24087
6025
24087
24087
6030
6030
24087
24087
24087
24087
24087
6041
24087
6041
24087
24177
6041
24177
24177
24188
6041
24188
6041
24177
24172
6041
6041
6041
24215
24215
6041
24215
24215
24215
6041
24215
6041
24209
24209
6041
24209
24247
24236
6041
6041
24236
6041
6041
24236
6041
6041
6041
24236
6041
6041
24236
24236
6041
6041
24236
24236
6041
24228
24228
24228
24228
6041
24228
24228
24228
6041
6041
6041
6041
24259
6041
24259
24272
24272
24259
6041
6041
6041
24259
24259
24259
24259
6041
6041
6041
24259
24228
24228
24338
24338
24338
24338
24338
6041
6041
24369
24361
6041
6082
24361
24361
6082
24361
24361
6092
24361
24357
24357
24357
6092
24357
6092
24357
24357
6092
24407
24407
24407
6092
24407
6092
24407
24407
24407
24407
24407
6092
24407
24407
6092
6092
6092
24411
24411
6092
6092
24435
6092
24435
6092
24435
6092
6092
24435
6092
24435
6092
24435
6092
24435
24435
6092
6093
24435
6093
24435
6093
6093
24442
24442
24442
6099
6099
24435
6099
24458
24458
6099
6099
6099
6099
24516
6099
24516
24516
6099
6099
6099
6099
6099
6099
6099
24510
6099
6099
24510
6099
24509
24509
24509
24509
24509
6099
24509
6099
24509
24509
6099
6099
24556
24556
6099
24569
6099
24569
24569
24563
6103
6103
24563
6103
6103
24563
6103
6103
24563
24563
24563
24563
24563
6103
24558
24558
6103
24570
24671
24671
24671
24648
24648
24648
6103
24648
24648
24648
6103
24648
24648
24648
6103
6103
24648
24642
24642
24642
6103
6103
6103
6103
6103
6103
6103
6103
24642
6103
24642
6103
24642
24642
24642
24642
6103
24642
24642
24744
6103
24744
6103
6103
24744
6103
6103
24744
24729
24729
6103
24729
24729
24729
24729
6103
6103
6103
24729
24729
6103
24729
6103
24729
6103
24714
24714
24714
24714
6103
24714
24714
24714
24714
6112
6112
24788
24788
6112
6128
6128
24788
6128
24782
6128
6130
6143
24782
6143
24782
24782
6143
6143
24782
24780
6143
6143
6143
6143
6143
24773
6143
24773
6143
24773
6143
24773
6155
24773
6155
6155
24773
24773
6155
6155
6155
24773
6155
24773
24773
24773
24773
24773
24764
6155
6179
6179
6179
24764
24764
24764
24764
6179
6179
6179
24833
6179
24833
6179
6179
24833
6179
6179
24833
6179
6179
24833
6179
24833
6179
24833
6179
6179
24883
24883
24883
6179
6189
24883
24883
24883
6189
6189
6189
6189
6189
6189
24957
24957
24957
24957
6189
6189
24957
24957
24957
24957
6189
6189
24989
6193
24986
6193
6193
24986
6195
24986
24986
6195
6195
24986
6195
6195
6195
6195
24986
24986
6195
6195
6195
6195
6195
6195
6195
6195
6195
6195
24986
6195
24986
24986
24986
24986
24986
24986
6195
24986
24986
24986
24986
24986
6238
24986
6238
24986
25034
6238
25034
6238
25034
25034
25034
6238
25034
6238
6238
25034
6238
6238
25034
25034
25034
6239
6239
25034
25034
25024
6239
25087
6239
25087
6239
6239
6239
6239
6239
6239
25087
6239
6243
6243
6243
6243
25087
25087
25087
6243
6243
6243
25095
6243
25095
6243
25095
25095
6243
25075
6243
6243
6243
25102
25102
6243
25102
25102
6243
25102
6243
6243
6243
6243
25102
25102
6269
25180
6269
6269
6269
6269
6269
6280
25181
25181
25181
6280
25181
6280
25181
6280
25181
25181
6280
6280
6280
6280
25181
25181
6280
25181
25181
6280
6281
6281
25181
6281
6281
25181
25181
25181
25180
25180
25180
25180
6281
6281
25180
6292
6292
6292
25180
6294
6295
6295
25180
6295
25177
25177
25177
6295
6295
25177
6295
25169
25169
6295
6295
25207
25207
25207
25207
25204
6295
6295
6295
6295
6295
6295
6295
25204
6295
6295
6295
6331
6331
6331
6331
6331
6331
25287
25287
25287
6331
25287
6334
6334
6334
25287
25287
6334
25299
25299
25299
25299
6334
6334
6334
6334
6334
25299
25299
25299
25299
25299
6334
25299
6334
6334
6334
6334
6334
6334
6334
6334
25338
25338
6334
6334
6334
6334
25338
6334
25338
6334
6334
25338
6334
6334
6334
25338
25338
25338
25338
25338
6334
6334
25330
6334
6340
25330
6340
25330
6340
6340
6340
6340
6340
25330
6340
6340
6340
6340
25330
25330
25330
25373
6340
25373
6340
25373
25373
6340
6340
25361
6340
6340
25361
6340
25361
25361
25361
25361
6340
6340
25361
25361
25361
6340
6340
6340
6340
6340
6350
6351
6351
6351
25361
6351
6351
25417
6351
25417
6351
25417
6351
25417
25417
6351
6351
6351
25413
25405
6351
6351
25405
6351
6355
25405
25405
6355
25405
6364
25405
25405
25405
6364
25405
25405
6364
25405
6364
25405
6364
6364
25405
6364
6364
6364
25405
6364
6364
25405
25405
25405
6364
6364
25405
6364
6381
6381
6381
25405
25405
25405
25405
6382
25405
25443
6382
6382
6382
6382
25443
25443
6382
6382
6382
6382
25443
25443
25443
25443
6382
25443
25443
6385
6385
25495
25495
6388
25491
6388
25491
25491
6393
6393
25496
6393
6393
25496
6393
6393
25496
6393
6393
6394
25540
6394
6394
25540
25540
6394
25540
25540
6394
25540
6394
6394
6394
6410
25540
6410
25540
25540
25540
6410
6410
25529
6410
25529
25529
25529
6410
6410
6410
6410
6410
6410
6410
6410
6410
25599
6410
6410
6410
6410
6410
25599
6410
6410
6410
25626
25626
25626
25626
25624
6410
25624
6410
6410
6410
6410
6410
6410
6410
25624
6410
6410
25624
25624
25624
25624
25624
6410
6410
25624
25624
25624
6414
6414
6414
25624
25624
25624
6414
6414
6414
6414
25675
6414
25675
25675
25670
25670
25670
6414
25670
25691
6414
25691
25691
6414
6414
6414
6414
25691
25670
25670
25670
25670
6414
25670
25670
6414
6414
6414
25668
25668
25655
25655
25655
6414
25655
25651
25651
25651
6414
25650
25650
6414
25650
25650
25650
25650
6414
6414
25650
25650
6414
25650
6414
6414
25766
25766
25766
6414
25766
25766
25766
6414
25766
6414
6414
25766
6414
6414
25766
6414
25766
6414
6414
25766
25766
25766
6414
25766
6414
25766
6414
6414
25766
25766
25766
6415
6415
6415
25766
25766
6415
6417
6417
6417
25766
25766
6417
6417
6417
25766
6417
6417
6417
6417
25937
6417
6417
6417
6417
6417
6417
6417
25937
6419
6419
25928
25928
6419
6419
6419
25928
25928
6419
6419
25928
25922
6423
25947
25947
6423
25947
6423
25947
25947
25922
6423
25922
25922
25916
25916
25916
25916
25973
6423
25973
6423
25973
6423
25969
25969
25976
6423
25976
6423
6423
25994
25994
6423
6423
6423
6423
25994
25992
25992
25992
25992
6423
25992
6439
6439
6439
25992
25992
6439
25992
25992
25992
25992
6462
6462
25992
6462
6472
6472
26002
6474
26002
6474
25997
6474
6474
25997
25997
25997
25997
6474
6474
6474
6474
6474
25997
6474
6474
6474
25997
6474
25996
6474
25992
6474
6474
25992
25992
25992
6474
25992
6474
6474
6474
6477
6477
26020
26020
6477
6477
26020
26020
26020
26020
26020
26020
26018
26018
6477
26018
26018
6477
26018
6477
26029
26029
6477
26029
26018
26018
6477
6477
6477
26042
26042
26040
26040
26040
26040
26040
26040
26040
6477
26040
6477
6477
26040
6477
6481
6481
26040
6491
6491
26040
26040
26040
26040
6491
